------------------------------------------------------------------------------------------------------------------------------------------------------------
      name:  <unnamed>
       log:  \log\04_SEM_Kontroll_MLSB_unst
> andardized.log
  log type:  text
 opened on:  15 May 2022, 18:19:54

. 
. 
. //######## SEM final MLSB unstandardisiert ########
. 
. #delimit ;
delimiter now ;
. sem
> ${gesamtModellPfade}
> ${kontrollVariablenPfade}
> , 
> latent (sexsatlat distract couple) 
> nocnsreport nocapslatent 
> method(ml)
> vce(sbentler)  
> cov(
> ${kontrollVariablenKovarianzen}
> )
> ;
(48 observations with missing values excluded)

Endogenous variables

Observed:     sexquan sexactBalance sexorgasm01 sexfan02
Measurement:  sexsat01 sexsat02 sexsat03 couplebond01 couplebond02 coupleint01 sexnet01 sexnet02
Latent:       sexsatlat distract

Exogenous variables

Observed:     sexpornB01 sexmastB01 sexcomm01 age education stress01 healthphys01 bigfiveO coupleduration
Latent:       couple

Fitting target model:

Iteration 0:   log pseudolikelihood = -56963.734  (not concave)
Iteration 1:   log pseudolikelihood = -54984.321  (not concave)
Iteration 2:   log pseudolikelihood =  -51355.17  (not concave)
Iteration 3:   log pseudolikelihood = -50322.885  (not concave)
Iteration 4:   log pseudolikelihood = -49679.479  (not concave)
Iteration 5:   log pseudolikelihood = -49549.929  
Iteration 6:   log pseudolikelihood = -49490.206  (not concave)
Iteration 7:   log pseudolikelihood =  -49475.53  
Iteration 8:   log pseudolikelihood = -49446.956  (not concave)
Iteration 9:   log pseudolikelihood = -49440.567  
Iteration 10:  log pseudolikelihood = -49439.295  
Iteration 11:  log pseudolikelihood = -49439.275  
Iteration 12:  log pseudolikelihood = -49439.275  

Structural equation model                       Number of obs     =      1,246
Estimation method  = ml
Log pseudolikelihood= -49439.275

-------------------------------------------------------------------------------------------------
                                |           Satorra-Bentler
                                |      Coef.   Std. Err.      z    P>|z|     [95% Conf. Interval]
--------------------------------+----------------------------------------------------------------
Structural                      |
  sexquan <-                    |
                  sexactBalance |   .1195351   .0173023     6.91   0.000     .0856233     .153447
                       sexfan02 |   .0528664   .0162331     3.26   0.001       .02105    .0846827
                            age |  -.0006527   .0043425    -0.15   0.881    -.0091639    .0078585
                      education |   -.056966   .0243711    -2.34   0.019    -.1047324   -.0091996
                       stress01 |  -.0381546   .0151255    -2.52   0.012    -.0677999   -.0085092
                   healthphys01 |   .0304427   .0136578     2.23   0.026     .0036738    .0572115
                       bigfiveO |   .0300594   .0240579     1.25   0.211    -.0170933    .0772121
                 coupleduration |  -.0521311   .0076083    -6.85   0.000    -.0670431   -.0372191
                         couple |   .1159506   .0269109     4.31   0.000     .0632062    .1686949
                          _cons |   3.122073   .2380391    13.12   0.000     2.655524    3.588621
  ------------------------------+----------------------------------------------------------------
  sexactBalance <-              |
                       sexfan02 |   .1669845   .0293103     5.70   0.000     .1095373    .2244317
                       distract |  -.1601549    .043263    -3.70   0.000    -.2449489    -.075361
                     sexpornB01 |   .1370376   .0260821     5.25   0.000     .0859177    .1881575
                      sexcomm01 |   .0336556    .020941     1.61   0.108    -.0073881    .0746992
                            age |   .0090055   .0089962     1.00   0.317    -.0086266    .0266377
                      education |    -.00224   .0465119    -0.05   0.962    -.0934015    .0889216
                       stress01 |  -.0247789   .0277325    -0.89   0.372    -.0791336    .0295757
                   healthphys01 |   .0211262   .0238914     0.88   0.377    -.0257002    .0679525
                       bigfiveO |   .2416958   .0438418     5.51   0.000     .1557674    .3276242
                 coupleduration |  -.0238398   .0102858    -2.32   0.020    -.0439996   -.0036801
                          _cons |   .5072054   .4499575     1.13   0.260    -.3746952    1.389106
  ------------------------------+----------------------------------------------------------------
  sexorgasm01 <-                |
                  sexactBalance |   .2021805   .0336611     6.01   0.000      .136206    .2681549
                       distract |  -.3103111   .0522899    -5.93   0.000    -.4127974   -.2078247
                            age |   .0010698   .0088856     0.12   0.904    -.0163456    .0184852
                      education |   .0605584   .0536808     1.13   0.259     -.044654    .1657708
                       stress01 |   .0482881   .0331853     1.46   0.146    -.0167539    .1133301
                   healthphys01 |  -.0102971   .0292348    -0.35   0.725    -.0675962     .047002
                       bigfiveO |   .0454393   .0533307     0.85   0.394     -.059087    .1499655
                 coupleduration |   .0430291    .011662     3.69   0.000     .0201721    .0658862
                          _cons |   2.088665   .4968667     4.20   0.000     1.114824    3.062505
  ------------------------------+----------------------------------------------------------------
  sexfan02 <-                   |
                     sexpornB01 |   .1942562   .0256842     7.56   0.000     .1439161    .2445963
                     sexmastB01 |   .1748506   .0243551     7.18   0.000     .1271155    .2225858
                            age |   .0032947   .0073353     0.45   0.653    -.0110822    .0176716
                      education |  -.0974111   .0414726    -2.35   0.019    -.1786959   -.0161264
                       stress01 |     .07516   .0244541     3.07   0.002     .0272308    .1230892
                   healthphys01 |    .009078   .0222492     0.41   0.683    -.0345297    .0526857
                       bigfiveO |   .2256224   .0382863     5.89   0.000     .1505825    .3006622
                 coupleduration |  -.0090514   .0102079    -0.89   0.375    -.0290585    .0109557
                          _cons |   1.202209   .3710151     3.24   0.001     .4750333    1.929386
  ------------------------------+----------------------------------------------------------------
  sexsatlat <-                  |
                        sexquan |   .6350146   .0382543    16.60   0.000     .5600375    .7099917
                  sexactBalance |   .1081339   .0215019     5.03   0.000     .0659911    .1502768
                    sexorgasm01 |   .1658023   .0168658     9.83   0.000     .1327458    .1988587
                       distract |  -.1333259   .0329137    -4.05   0.000    -.1978354   -.0688163
                      sexcomm01 |   .0486799   .0143678     3.39   0.001     .0205195    .0768403
                            age |  -.0065755   .0051004    -1.29   0.197    -.0165721     .003421
                      education |  -.0069398   .0300897    -0.23   0.818    -.0659145     .052035
                       stress01 |  -.0323409   .0178062    -1.82   0.069    -.0672405    .0025587
                   healthphys01 |   .0152215    .016005     0.95   0.342    -.0161477    .0465908
                       bigfiveO |  -.0043817   .0300715    -0.15   0.884    -.0633207    .0545573
                 coupleduration |  -.0176775   .0075344    -2.35   0.019    -.0324447   -.0029103
                         couple |   .3363727    .035586     9.45   0.000     .2666254      .40612
  ------------------------------+----------------------------------------------------------------
  distract <-                   |
                     sexpornB01 |   .0713708   .0272054     2.62   0.009     .0180492    .1246924
                      sexcomm01 |  -.1189307   .0254048    -4.68   0.000    -.1687233   -.0691381
                            age |  -.0292425    .008427    -3.47   0.001     -.045759   -.0127259
                      education |  -.2018899   .0515529    -3.92   0.000    -.3029318    -.100848
                       stress01 |    .114881   .0320745     3.58   0.000     .0520161     .177746
                   healthphys01 |  -.1016238   .0284536    -3.57   0.000    -.1573918   -.0458559
                       bigfiveO |   -.148101   .0486109    -3.05   0.002    -.2433765   -.0528254
                 coupleduration |   .0119938   .0126802     0.95   0.344    -.0128589    .0368465
                         couple |  -.1433589   .0521332    -2.75   0.006    -.2455381   -.0411796
--------------------------------+----------------------------------------------------------------
Measurement                     |
  sexsat01 <-                   |
                      sexsatlat |          1  (constrained)
                          _cons |   1.611127   .3085288     5.22   0.000     1.006422    2.215832
  ------------------------------+----------------------------------------------------------------
  sexsat02 <-                   |
                      sexsatlat |   1.087822   .0282137    38.56   0.000     1.032524     1.14312
                          _cons |   1.292401    .326982     3.95   0.000     .6515276    1.933273
  ------------------------------+----------------------------------------------------------------
  sexsat03 <-                   |
                      sexsatlat |   .9762783   .0314541    31.04   0.000     .9146294    1.037927
                          _cons |   .7538548   .2966244     2.54   0.011     .1724817    1.335228
  ------------------------------+----------------------------------------------------------------
  couplebond01 <-               |
                         couple |          1  (constrained)
                          _cons |   6.222311   .0340961   182.49   0.000     6.155484    6.289139
  ------------------------------+----------------------------------------------------------------
  couplebond02 <-               |
                         couple |   1.073934   .0477366    22.50   0.000     .9803721    1.167496
                          _cons |   6.029695   .0426206   141.47   0.000      5.94616     6.11323
  ------------------------------+----------------------------------------------------------------
  coupleint01 <-                |
                         couple |   1.082497   .0416215    26.01   0.000     1.000921    1.164074
                          _cons |   6.043339   .0372948   162.04   0.000     5.970242    6.116435
  ------------------------------+----------------------------------------------------------------
  sexnet01 <-                   |
                       distract |          1  (constrained)
                          _cons |   6.226291   .4940135    12.60   0.000     5.258043     7.19454
  ------------------------------+----------------------------------------------------------------
  sexnet02 <-                   |
                       distract |   .7606319   .0698841    10.88   0.000     .6236616    .8976022
                          _cons |    5.95217   .3868545    15.39   0.000     5.193949    6.710391
--------------------------------+----------------------------------------------------------------
                mean(sexpornB01)|   3.116372   .0539798    57.73   0.000     3.010574    3.222171
                mean(sexmastB01)|   4.451043    .058078    76.64   0.000     4.337213    4.564874
                 mean(sexcomm01)|   4.901284   .0607383    80.70   0.000     4.782239    5.020329
                       mean(age)|   27.83146   .2066762   134.66   0.000     27.42638    28.23654
                 mean(education)|   4.314607   .0297034   145.26   0.000     4.256389    4.372824
                  mean(stress01)|   5.038523   .0516113    97.62   0.000     4.937367    5.139679
              mean(healthphys01)|   5.246388    .058016    90.43   0.000     5.132679    5.360098
                  mean(bigfiveO)|    5.68138   .0318941   178.13   0.000     5.618869    5.743892
            mean(coupleduration)|   4.426231   .1436575    30.81   0.000     4.144667    4.707794
--------------------------------+----------------------------------------------------------------
                 var(e.sexsat01)|   .8731658   .0571438                      .7680516    .9926658
                 var(e.sexsat02)|   .4084854   .0457056                      .3280464    .5086486
                 var(e.sexsat03)|   1.239106   .0693193                      1.110426    1.382698
             var(e.couplebond01)|   .3518513   .0366991                      .2867981    .4316602
             var(e.couplebond02)|   .9980618   .0772748                      .8575377    1.161613
              var(e.coupleint01)|   .4479428    .058207                      .3472281    .5778701
                 var(e.sexnet01)|    2.08142   .2291499                      1.677445    2.582683
                 var(e.sexnet02)|   2.173541    .153535                       1.89252    2.496291
                  var(e.sexquan)|   .7989055   .0308039                      .7407559    .8616199
            var(e.sexactBalance)|   2.439548    .107588                      2.237536    2.659799
              var(e.sexorgasm01)|   3.618246   .1197338                      3.391021    3.860698
                 var(e.sexfan02)|   2.214703   .0753045                       2.07192    2.367327
                var(e.sexsatlat)|   .8289957   .0538847                      .7298343    .9416301
                 var(e.distract)|   1.921709    .216075                      1.541628    2.395499
                 var(sexpornB01)|   3.627709   .1100036                      3.418388    3.849848
                 var(sexmastB01)|   4.199449   .1075711                      3.993819    4.415667
                  var(sexcomm01)|   4.592984   .1259308                      4.352679    4.846556
                        var(age)|   53.18026   3.416798                      46.88796    60.31699
                  var(education)|   1.098454   .0394824                      1.023733    1.178629
                   var(stress01)|   3.316333   .1125006                      3.103006    3.544326
               var(healthphys01)|   4.190497    .134597                      3.934824    4.462783
                   var(bigfiveO)|   1.266459   .0616716                      1.151174    1.393289
             var(coupleduration)|   25.69366   2.628467                      21.02557    31.39815
                     var(couple)|   1.095516   .0890028                      .9342535    1.284614
--------------------------------+----------------------------------------------------------------
      cov(sexpornB01,sexmastB01)|   1.852808   .1061518    17.45   0.000     1.644754    2.060862
       cov(sexpornB01,sexcomm01)|   .0596419    .116175     0.51   0.608     -.168057    .2873407
             cov(sexpornB01,age)|   .6953758   .3883656     1.79   0.073    -.0658069    1.456558
       cov(sexpornB01,education)|  -.1858892   .0568374    -3.27   0.001    -.2972884     -.07449
        cov(sexpornB01,stress01)|    .190541   .0994846     1.92   0.055    -.0044453    .3855273
    cov(sexpornB01,healthphys01)|  -.2044353    .110127    -1.86   0.063    -.4202803    .0114098
        cov(sexpornB01,bigfiveO)|   .2104333   .0619748     3.40   0.001      .088965    .3319016
  cov(sexpornB01,coupleduration)|   .3552273   .2634368     1.35   0.178    -.1610993    .8715538
          cov(sexpornB01,couple)|  -.1030704   .0606094    -1.70   0.089    -.2218626    .0157217
       cov(sexmastB01,sexcomm01)|  -.2187172    .124784    -1.75   0.080    -.4632893    .0258548
             cov(sexmastB01,age)|   1.499775   .4086618     3.67   0.000     .6988121    2.300737
       cov(sexmastB01,education)|   .0523202   .0581294     0.90   0.368    -.0616113    .1662517
        cov(sexmastB01,stress01)|   .2241974    .108405     2.07   0.039     .0117274    .4366673
    cov(sexmastB01,healthphys01)|  -.0501367   .1172588    -0.43   0.669    -.2799597    .1796864
        cov(sexmastB01,bigfiveO)|   .3644175   .0683768     5.33   0.000     .2304015    .4984335
  cov(sexmastB01,coupleduration)|    .097813   .2680936     0.36   0.715    -.4276408    .6232669
          cov(sexmastB01,couple)|   -.090661   .0640055    -1.42   0.157    -.2161094    .0347875
              cov(sexcomm01,age)|  -.7028333   .4348333    -1.62   0.106    -1.555091    .1494243
        cov(sexcomm01,education)|   -.118221   .0636938    -1.86   0.063    -.2430586    .0066166
         cov(sexcomm01,stress01)|  -.2835166   .1104409    -2.57   0.010    -.4999768   -.0670564
     cov(sexcomm01,healthphys01)|   .1206306    .127013     0.95   0.342    -.1283103    .3695716
         cov(sexcomm01,bigfiveO)|   .1960753   .0699595     2.80   0.005     .0589571    .3331935
   cov(sexcomm01,coupleduration)|  -.7139435   .3030441    -2.36   0.018    -1.307899   -.1199879
           cov(sexcomm01,couple)|   .1605264   .0664048     2.42   0.016     .0303753    .2906775
              cov(age,education)|   .7801504   .2462626     3.17   0.002     .2974845    1.262816
               cov(age,stress01)|  -.4341173   .4066085    -1.07   0.286    -1.231055    .3628207
           cov(age,healthphys01)|  -.9504482   .4038771    -2.35   0.019    -1.742033   -.1588635
               cov(age,bigfiveO)|  -.0199921   .2386127    -0.08   0.933    -.4876643    .4476802
         cov(age,coupleduration)|   20.77743   2.524022     8.23   0.000     15.83044    25.72442
                 cov(age,couple)|  -.4916684   .2265866    -2.17   0.030      -.93577   -.0475668
         cov(education,stress01)|  -.0313813   .0544159    -0.58   0.564    -.1380345    .0752719
     cov(education,healthphys01)|   .1897398    .061555     3.08   0.002     .0690942    .3103854
         cov(education,bigfiveO)|    -.01533   .0345078    -0.44   0.657     -.082964    .0523041
   cov(education,coupleduration)|   .0818627   .1842305     0.44   0.657    -.2792224    .4429478
           cov(education,couple)|   .1086446   .0348916     3.11   0.002     .0402583    .1770309
      cov(stress01,healthphys01)|  -1.201305   .0988882   -12.15   0.000    -1.395123   -1.007488
          cov(stress01,bigfiveO)|   .0756772   .0593547     1.27   0.202    -.0406559    .1920102
    cov(stress01,coupleduration)|  -.5615643    .252832    -2.22   0.026    -1.057106   -.0660226
            cov(stress01,couple)|  -.2821154    .056589    -4.99   0.000    -.3930278   -.1712031
      cov(healthphys01,bigfiveO)|  -.0306451    .067159    -0.46   0.648    -.1622744    .1009842
cov(healthphys01,coupleduration)|  -.2631242   .2966676    -0.89   0.375     -.844582    .3183336
        cov(healthphys01,couple)|   .2698967    .073819     3.66   0.000      .125214    .4145793
    cov(bigfiveO,coupleduration)|  -.4422778   .1785833    -2.48   0.013    -.7922947   -.0922609
            cov(bigfiveO,couple)|   .1172835     .03874     3.03   0.002     .0413545    .1932125
      cov(coupleduration,couple)|   -.023519    .154365    -0.15   0.879    -.3260689    .2790309
-------------------------------------------------------------------------------------------------
LR test of model vs. saturated: chi2(101) =    276.85, Prob > chi2 = 0.0000
Satorra-Bentler scaled test:    chi2(101) =    257.93, Prob > chi2 = 0.0000

.                                                                                                                                                           
>                               #delimit cr
delimiter now cr
. 
. //-----Testen der Modellgüte-----
. estat gof, stats(all)

----------------------------------------------------------------------------
Fit statistic        |      Value   Description
---------------------+------------------------------------------------------
Likelihood ratio     |
        chi2_ms(101) |    276.852   model vs. saturated
            p > chi2 |      0.000
        chi2_bs(174) |   6467.513   baseline vs. saturated
            p > chi2 |      0.000
                     |
  Satorra-Bentler    |
      chi2sb_ms(101) |    257.928   
            p > chi2 |      0.000
      chi2sb_bs(174) |   6009.661   
            p > chi2 |      0.000
---------------------+------------------------------------------------------
Population error     |
               RMSEA |      0.037   Root mean squared error of approximation
 90% CI, lower bound |      0.032
         upper bound |      0.043
              pclose |      1.000   Probability RMSEA <= 0.05
                     |
  Satorra-Bentler    |
            RMSEA_SB |      0.035   Root mean squared error of approximation
---------------------+------------------------------------------------------
Information criteria |
                 AIC |  99180.551   Akaike's information criterion
                 BIC |  99954.832   Bayesian information criterion
---------------------+------------------------------------------------------
Baseline comparison  |
                 CFI |      0.972   Comparative fit index
                 TLI |      0.952   Tucker-Lewis index
                     |
  Satorra-Bentler    |
              CFI_SB |      0.973   Comparative fit index
              TLI_SB |      0.954   Tucker-Lewis index
---------------------+------------------------------------------------------
Size of residuals    |
                SRMR |      0.029   Standardized root mean squared residual
                  CD |      0.934   Coefficient of determination
----------------------------------------------------------------------------

. estat residuals, standardized

Residuals of observed variables

  Mean residuals

                 |  sexsat01   sexsat02   sexsat03  coupleb~1  coupleb~2  couplei~1   sexnet01   sexnet02    sexquan  sexactB~e  sexorg~01   sexfan02 
    -------------+------------------------------------------------------------------------------------------------------------------------------------
             raw |     0.000      0.000      0.000      0.000      0.000      0.000     -0.000     -0.000      0.000      0.000      0.000     -0.000 
    standardized |         .          .          .          .          .          .          .          .          .          .          .          . 
    --------------------------------------------------------------------------------------------------------------------------------------------------

                 | sexpo~B01  sexma~B01  sexcomm01        age  education   stress01  healthp~1   bigfiveO  couple~on 
    -------------+---------------------------------------------------------------------------------------------------
             raw |    -0.000     -0.000      0.000     -0.000      0.000     -0.000      0.000      0.000      0.000 
    standardized |         .          .          .          .          .          .          .          .          . 
    -----------------------------------------------------------------------------------------------------------------

  Covariance residuals

                 |  sexsat01   sexsat02   sexsat03  coupleb~1  coupleb~2  couplei~1   sexnet01   sexnet02    sexquan  sexactB~e  sexorg~01   sexfan02 
    -------------+------------------------------------------------------------------------------------------------------------------------------------
        sexsat01 |     0.108                                                                                                                          
        sexsat02 |     0.094      0.128                                                                                                               
        sexsat03 |     0.180      0.117      0.103                                                                                                    
    couplebond01 |     0.141      0.108      0.049      0.000                                                                                         
    couplebond02 |     0.113      0.039      0.015      0.002      0.000                                                                              
     coupleint01 |     0.170      0.084      0.032     -0.001     -0.000      0.000                                                                   
        sexnet01 |    -0.009     -0.043     -0.028      0.061      0.063      0.010      0.000                                                        
        sexnet02 |    -0.007      0.006     -0.080      0.083      0.023      0.014      0.027      0.000                                             
         sexquan |     0.047      0.085     -0.029      0.041      0.001      0.029     -0.111     -0.049      0.006                                  
    sexactBala~e |     0.109      0.113     -0.002      0.241      0.268      0.268     -0.001      0.053      0.025      0.000                       
     sexorgasm01 |     0.045      0.224      0.256      0.217      0.291      0.305      0.080     -0.021      0.150     -0.000     -0.000            
        sexfan02 |    -0.045     -0.007     -0.006     -0.007     -0.078      0.066     -0.066      0.119      0.001      0.001     -0.012     -0.000 
      sexpornB01 |    -0.211     -0.274     -0.283      0.040     -0.029     -0.006     -0.040     -0.046     -0.068     -0.000     -0.139     -0.000 
      sexmastB01 |    -0.194     -0.224     -0.316      0.087     -0.117     -0.025     -0.054      0.054     -0.097      0.079     -0.208     -0.000 
       sexcomm01 |     0.131      0.073      0.014     -0.017     -0.022      0.025      0.006      0.024      0.080      0.011      0.132      0.068 
             age |    -0.481     -0.060      0.902     -0.027      0.516     -0.198      0.404     -0.555     -0.000     -0.000     -0.000     -0.000 
       education |    -0.003      0.025     -0.080     -0.001     -0.012      0.007     -0.033      0.045     -0.000     -0.000     -0.000     -0.000 
        stress01 |    -0.061      0.018      0.026      0.037     -0.053     -0.020      0.033     -0.046     -0.000     -0.000     -0.000     -0.000 
    healthphys01 |     0.119     -0.012     -0.131     -0.032     -0.036      0.053     -0.064      0.087     -0.000     -0.000     -0.000     -0.000 
        bigfiveO |     0.042      0.013     -0.105      0.000     -0.067      0.029      0.003     -0.004     -0.000     -0.000     -0.000     -0.000 
    coupledur~on |    -0.113     -0.037      0.289     -0.117      0.690     -0.170      0.441     -0.605     -0.000     -0.000     -0.000     -0.000 
    --------------------------------------------------------------------------------------------------------------------------------------------------

                 | sexpo~B01  sexma~B01  sexcomm01        age  education   stress01  healthp~1   bigfiveO  couple~on 
    -------------+---------------------------------------------------------------------------------------------------
      sexpornB01 |     0.000                                                                                         
      sexmastB01 |    -0.000     -0.000                                                                              
       sexcomm01 |    -0.000     -0.000     -0.000                                                                   
             age |    -0.000     -0.000     -0.000     -0.000                                                        
       education |    -0.000     -0.000     -0.000     -0.000     -0.000                                             
        stress01 |     0.000      0.000     -0.000      0.000     -0.000      0.000                                  
    healthphys01 |    -0.000     -0.000     -0.000     -0.000      0.000     -0.000      0.000                       
        bigfiveO |    -0.000     -0.000     -0.000     -0.000     -0.000     -0.000     -0.000     -0.000            
    coupledur~on |    -0.000     -0.000     -0.000     -0.000     -0.000     -0.000     -0.000     -0.000     -0.000 
    -----------------------------------------------------------------------------------------------------------------

  Standardized covariance residuals

                 |  sexsat01   sexsat02   sexsat03  coupleb~1  coupleb~2  couplei~1   sexnet01   sexnet02    sexquan  sexactB~e  sexorg~01   sexfan02 
    -------------+------------------------------------------------------------------------------------------------------------------------------------
        sexsat01 |     4.115                                                                                                                          
        sexsat02 |         .      4.800                                                                                                               
        sexsat03 |     4.780      2.461      1.182                                                                                                    
    couplebond01 |     5.540      5.724      1.344          .                                                                                         
    couplebond02 |     2.478      0.963      0.276          .          .                                                                              
     coupleint01 |     5.329      3.054      0.736          .          .          .                                                                   
        sexnet01 |    -0.158     -0.988     -0.409      1.516      1.015      0.223      0.000                                                        
        sexnet02 |    -0.123      0.125     -1.168      1.820      0.364      0.282      0.515      0.000                                             
         sexquan |     2.872      6.489     -0.990      2.924      0.039      1.813     -2.128     -1.028      0.269                                  
    sexactBala~e |     5.731          .     -0.055      4.618      3.999      4.701     -0.021      0.936          .      0.054                       
     sexorgasm01 |     0.783      5.111      3.922      3.442      3.611      4.412      1.537     -0.325      3.005     -0.011     -0.001            
        sexfan02 |    -0.696     -0.113     -0.090     -0.133     -1.206      1.199     -0.747      1.460          .      0.065     -0.136     -0.000 
      sexpornB01 |    -2.926     -4.165     -3.609      1.719     -0.603     -0.207     -0.940     -0.751     -1.563          .     -1.442     -0.000 
      sexmastB01 |    -2.305     -2.823     -3.503      3.088     -2.182     -0.758     -0.523      0.551     -1.987      1.025     -1.881     -0.000 
       sexcomm01 |     2.166      1.517      0.201     -0.539     -0.380      0.708      0.124      0.360      1.497      1.101      1.215      0.755 
             age |    -3.468          .      4.530     -0.262      2.624     -1.655      2.352     -2.384     -0.000          .     -0.000          . 
       education |    -0.170          .     -3.106     -0.148     -0.487      0.686     -1.588      1.381          .          .     -0.000          . 
        stress01 |    -1.842          .      0.557      1.377     -1.113     -0.678      1.035     -0.902          .          .          .          . 
    healthphys01 |     3.618          .     -2.546          .     -1.015          .     -1.578      1.425          .          .          .     -0.000 
        bigfiveO |         .          .     -8.564          .     -2.780     24.493      0.155     -0.107          .          .          .     -0.000 
    coupledur~on |    -1.199          .      2.118     -1.511      4.976     -1.919      3.447     -3.547          .     -0.000     -0.000          . 
    --------------------------------------------------------------------------------------------------------------------------------------------------

                 | sexpo~B01  sexma~B01  sexcomm01        age  education   stress01  healthp~1   bigfiveO  couple~on 
    -------------+---------------------------------------------------------------------------------------------------
      sexpornB01 |     0.000                                                                                         
      sexmastB01 |    -0.000     -0.000                                                                              
       sexcomm01 |         .          .     -0.000                                                                   
             age |    -0.000     -0.000     -0.000          .                                                        
       education |         .     -0.000     -0.000          .     -0.000                                             
        stress01 |         .          .     -0.000          .          .      0.000                                  
    healthphys01 |    -0.000     -0.000          .     -0.000          .     -0.000      0.000                       
        bigfiveO |         .          .          .          .          .          .          .          .            
    coupledur~on |    -0.000     -0.000     -0.000          .          .     -0.000          .          .          . 
    -----------------------------------------------------------------------------------------------------------------

. estat residuals

Residuals of observed variables

  Mean residuals

                 |  sexsat01   sexsat02   sexsat03  coupleb~1  coupleb~2  couplei~1   sexnet01   sexnet02    sexquan  sexactB~e  sexorg~01   sexfan02 
    -------------+------------------------------------------------------------------------------------------------------------------------------------
             raw |     0.000      0.000      0.000      0.000      0.000      0.000     -0.000     -0.000      0.000      0.000      0.000     -0.000 
    --------------------------------------------------------------------------------------------------------------------------------------------------

                 | sexpo~B01  sexma~B01  sexcomm01        age  education   stress01  healthp~1   bigfiveO  couple~on 
    -------------+---------------------------------------------------------------------------------------------------
             raw |    -0.000     -0.000      0.000     -0.000      0.000     -0.000      0.000      0.000      0.000 
    -----------------------------------------------------------------------------------------------------------------

  Covariance residuals

                 |  sexsat01   sexsat02   sexsat03  coupleb~1  coupleb~2  couplei~1   sexnet01   sexnet02    sexquan  sexactB~e  sexorg~01   sexfan02 
    -------------+------------------------------------------------------------------------------------------------------------------------------------
        sexsat01 |     0.108                                                                                                                          
        sexsat02 |     0.094      0.128                                                                                                               
        sexsat03 |     0.180      0.117      0.103                                                                                                    
    couplebond01 |     0.141      0.108      0.049      0.000                                                                                         
    couplebond02 |     0.113      0.039      0.015      0.002      0.000                                                                              
     coupleint01 |     0.170      0.084      0.032     -0.001     -0.000      0.000                                                                   
        sexnet01 |    -0.009     -0.043     -0.028      0.061      0.063      0.010      0.000                                                        
        sexnet02 |    -0.007      0.006     -0.080      0.083      0.023      0.014      0.027      0.000                                             
         sexquan |     0.047      0.085     -0.029      0.041      0.001      0.029     -0.111     -0.049      0.006                                  
    sexactBala~e |     0.109      0.113     -0.002      0.241      0.268      0.268     -0.001      0.053      0.025      0.000                       
     sexorgasm01 |     0.045      0.224      0.256      0.217      0.291      0.305      0.080     -0.021      0.150     -0.000     -0.000            
        sexfan02 |    -0.045     -0.007     -0.006     -0.007     -0.078      0.066     -0.066      0.119      0.001      0.001     -0.012     -0.000 
      sexpornB01 |    -0.211     -0.274     -0.283      0.040     -0.029     -0.006     -0.040     -0.046     -0.068     -0.000     -0.139     -0.000 
      sexmastB01 |    -0.194     -0.224     -0.316      0.087     -0.117     -0.025     -0.054      0.054     -0.097      0.079     -0.208     -0.000 
       sexcomm01 |     0.131      0.073      0.014     -0.017     -0.022      0.025      0.006      0.024      0.080      0.011      0.132      0.068 
             age |    -0.481     -0.060      0.902     -0.027      0.516     -0.198      0.404     -0.555     -0.000     -0.000     -0.000     -0.000 
       education |    -0.003      0.025     -0.080     -0.001     -0.012      0.007     -0.033      0.045     -0.000     -0.000     -0.000     -0.000 
        stress01 |    -0.061      0.018      0.026      0.037     -0.053     -0.020      0.033     -0.046     -0.000     -0.000     -0.000     -0.000 
    healthphys01 |     0.119     -0.012     -0.131     -0.032     -0.036      0.053     -0.064      0.087     -0.000     -0.000     -0.000     -0.000 
        bigfiveO |     0.042      0.013     -0.105      0.000     -0.067      0.029      0.003     -0.004     -0.000     -0.000     -0.000     -0.000 
    coupledur~on |    -0.113     -0.037      0.289     -0.117      0.690     -0.170      0.441     -0.605     -0.000     -0.000     -0.000     -0.000 
    --------------------------------------------------------------------------------------------------------------------------------------------------

                 | sexpo~B01  sexma~B01  sexcomm01        age  education   stress01  healthp~1   bigfiveO  couple~on 
    -------------+---------------------------------------------------------------------------------------------------
      sexpornB01 |     0.000                                                                                         
      sexmastB01 |    -0.000     -0.000                                                                              
       sexcomm01 |    -0.000     -0.000     -0.000                                                                   
             age |    -0.000     -0.000     -0.000     -0.000                                                        
       education |    -0.000     -0.000     -0.000     -0.000     -0.000                                             
        stress01 |     0.000      0.000     -0.000      0.000     -0.000      0.000                                  
    healthphys01 |    -0.000     -0.000     -0.000     -0.000      0.000     -0.000      0.000                       
        bigfiveO |    -0.000     -0.000     -0.000     -0.000     -0.000     -0.000     -0.000     -0.000            
    coupledur~on |    -0.000     -0.000     -0.000     -0.000     -0.000     -0.000     -0.000     -0.000     -0.000 
    -----------------------------------------------------------------------------------------------------------------

. 
. log close
      name:  <unnamed>
       log:  \log\04_SEM_Kontroll_MLSB_unst
> andardized.log
  log type:  text
 closed on:  15 May 2022, 18:19:58
------------------------------------------------------------------------------------------------------------------------------------------------------------
