-------------------------------------------------------------------------------------------------------------------------------------------------------------------------------------------------------------
      name:  <unnamed>
       log:  \log\04_SEM_full_ADF_unstandardized.log
  log type:  text
 opened on:  25 May 2022, 10:09:49

. 
. 
. //######## SEM final ADF unstandardisiert ########
. 
. #delimit ;
delimiter now ;
. sem
> ${gesamtModellPfade}
> , 
> latent (sexsatlat distract couple) 
> nocnsreport nocapslatent 
> method(adf)  
> cov(
> ${gesamtModellKovarianzen}
> )
> ;
(39 observations with missing values excluded)

Endogenous variables

Observed:     sexquan sexactBalance sexorgasm01 sexfan02
Measurement:  sexsat01 sexsat02 sexsat03 couplebond01 couplebond02 coupleint01 sexnet01 sexnet02
Latent:       sexsatlat distract

Exogenous variables

Observed:     sexpornB01 sexmastB01 sexcomm01
Latent:       couple

Fitting baseline model:

Iteration 0:   discrepancy =  10.928739  
Iteration 1:   discrepancy =   1.231131  
Iteration 2:   discrepancy =   1.231131  

Fitting target model:

Iteration 0:   discrepancy =   22.29727  (not concave)
Iteration 1:   discrepancy =  5.5584104  (not concave)
Iteration 2:   discrepancy =  2.3665616  (not concave)
Iteration 3:   discrepancy =  .51129855  (not concave)
Iteration 4:   discrepancy =  .28773389  (not concave)
Iteration 5:   discrepancy =  .16001044  
Iteration 6:   discrepancy =  .13511478  
Iteration 7:   discrepancy =  .12784551  
Iteration 8:   discrepancy =  .12783935  
Iteration 9:   discrepancy =  .12783935  

Structural equation model                       Number of obs     =      1,255
Estimation method  = adf
Discrepancy        =  .12783935

-------------------------------------------------------------------------------------------
                          |      Coef.   Std. Err.      z    P>|z|     [95% Conf. Interval]
--------------------------+----------------------------------------------------------------
Structural                |
  sexquan <-              |
            sexactBalance |   .1373919   .0178841     7.68   0.000     .1023398     .172444
                 sexfan02 |   .0520991   .0169401     3.08   0.002     .0188971     .085301
                   couple |   .1207383   .0275861     4.38   0.000     .0666705    .1748061
                    _cons |   2.728499   .0841786    32.41   0.000     2.563512    2.893486
  ------------------------+----------------------------------------------------------------
  sexactBalance <-        |
                 sexfan02 |   .2245081   .0289369     7.76   0.000     .1677929    .2812233
                 distract |  -.2337138   .0419795    -5.57   0.000    -.3159921   -.1514354
               sexpornB01 |   .1442388   .0259906     5.55   0.000     .0932982    .1951794
                sexcomm01 |   .0578792    .021003     2.76   0.006      .016714    .0990444
                    _cons |   2.045336   .1623621    12.60   0.000     1.727112     2.36356
  ------------------------+----------------------------------------------------------------
  sexorgasm01 <-          |
            sexactBalance |    .190167   .0331844     5.73   0.000     .1251268    .2552073
                 distract |  -.3433109   .0511484    -6.71   0.000      -.44356   -.2430618
                    _cons |   3.836618   .1427735    26.87   0.000     3.556787    4.116449
  ------------------------+----------------------------------------------------------------
  sexfan02 <-             |
               sexpornB01 |   .2174715   .0248369     8.76   0.000      .168792     .266151
               sexmastB01 |   .1934894   .0241818     8.00   0.000     .1460939     .240885
                    _cons |   2.393377   .1067632    22.42   0.000     2.184125    2.602629
  ------------------------+----------------------------------------------------------------
  sexsatlat <-            |
                  sexquan |    .683498   .0372727    18.34   0.000     .6104448    .7565513
            sexactBalance |   .1070709   .0221541     4.83   0.000     .0636496    .1504921
              sexorgasm01 |   .1536342    .017066     9.00   0.000     .1201855    .1870829
                 distract |  -.1518835   .0344218    -4.41   0.000    -.2193489    -.084418
                sexcomm01 |   .0585699    .014456     4.05   0.000     .0302365    .0869032
                   couple |   .3576165   .0379168     9.43   0.000     .2833009     .431932
  ------------------------+----------------------------------------------------------------
  distract <-             |
               sexpornB01 |   .0569542   .0276265     2.06   0.039     .0028072    .1111012
                sexcomm01 |  -.1139885   .0248148    -4.59   0.000    -.1626247   -.0653524
                   couple |  -.2882916   .0558662    -5.16   0.000    -.3977874   -.1787958
--------------------------+----------------------------------------------------------------
Measurement               |
  sexsat01 <-             |
                sexsatlat |          1  (constrained)
                    _cons |   1.394065   .1831419     7.61   0.000     1.035113    1.753017
  ------------------------+----------------------------------------------------------------
  sexsat02 <-             |
                sexsatlat |   1.058907   .0267588    39.57   0.000     1.006461    1.111354
                    _cons |   1.209016   .1814439     6.66   0.000     .8533924    1.564639
  ------------------------+----------------------------------------------------------------
  sexsat03 <-             |
                sexsatlat |   .9777717   .0299996    32.59   0.000     .9189737     1.03657
                    _cons |   .5321355   .1690976     3.15   0.002     .2007103    .8635607
  ------------------------+----------------------------------------------------------------
  couplebond01 <-         |
                   couple |          1  (constrained)
                    _cons |   6.271358   .0316115   198.39   0.000     6.209401    6.333316
  ------------------------+----------------------------------------------------------------
  couplebond02 <-         |
                   couple |   1.059828   .0506997    20.90   0.000     .9604584    1.159198
                    _cons |   6.076174   .0401147   151.47   0.000      5.99755    6.154797
  ------------------------+----------------------------------------------------------------
  coupleint01 <-          |
                   couple |   1.073466   .0451917    23.75   0.000     .9848918     1.16204
                    _cons |   6.097152   .0348439   174.98   0.000     6.028859    6.165444
  ------------------------+----------------------------------------------------------------
  sexnet01 <-             |
                 distract |          1  (constrained)
                    _cons |   3.787425   .1603037    23.63   0.000     3.473236    4.101615
  ------------------------+----------------------------------------------------------------
  sexnet02 <-             |
                 distract |   .8422526   .0818979    10.28   0.000     .6817356     1.00277
                    _cons |   4.181091   .1348061    31.02   0.000     3.916876    4.445306
--------------------------+----------------------------------------------------------------
          mean(sexpornB01)|   3.121829   .0519077    60.14   0.000     3.020092    3.223566
          mean(sexmastB01)|   4.455804    .055904    79.70   0.000     4.346234    4.565374
           mean(sexcomm01)|     4.8979   .0586285    83.54   0.000      4.78299     5.01281
--------------------------+----------------------------------------------------------------
           var(e.sexsat01)|    .744933   .0536179                      .6469198    .8577959
           var(e.sexsat02)|    .325332   .0393381                      .2566861    .4123359
           var(e.sexsat03)|   1.153134   .0677108                      1.027775    1.293783
       var(e.couplebond01)|   .3022541   .0348751                      .2410781    .3789543
       var(e.couplebond02)|    .984429   .0755714                      .8469162     1.14427
        var(e.coupleint01)|   .4163482   .0492718                      .3301589    .5250375
           var(e.sexnet01)|   2.241963   .2248283                       1.84191    2.728906
           var(e.sexnet02)|   1.996751   .1730456                      1.684829    2.366421
            var(e.sexquan)|   .8423118   .0292647                      .7868634    .9016676
      var(e.sexactBalance)|   2.332302   .1037935                       2.13749    2.544869
        var(e.sexorgasm01)|   3.546427   .1154116                      3.327287    3.779999
           var(e.sexfan02)|   2.254157   .0738974                      2.113876    2.403748
          var(e.sexsatlat)|    .878812   .0547556                       .777787    .9929589
           var(e.distract)|   1.938575   .2226721                      1.547784    2.428034
           var(sexpornB01)|   3.610151   .1053132                      3.409531    3.822576
           var(sexmastB01)|   4.156823   .1023724                      3.960942     4.36239
            var(sexcomm01)|   4.570647   .1189925                      4.343276    4.809921
               var(couple)|   .9987745   .0832945                      .8481644    1.176129
--------------------------+----------------------------------------------------------------
cov(sexpornB01,sexmastB01)|   1.841503   .1010278    18.23   0.000     1.643492    2.039514
     cov(sexcomm01,couple)|   .2143435   .0643028     3.33   0.001     .0883123    .3403748
-------------------------------------------------------------------------------------------
Discr. test of model vs. saturated: chi2(75)  =   160.44, Prob > chi2 = 0.0000

.                                                                                                                                                                                         #delimit cr
delimiter now cr
. 
. //-----Testen der Modellgüte-----
. estat gof, stats(all)

----------------------------------------------------------------------------
Fit statistic        |      Value   Description
---------------------+------------------------------------------------------
Discrepancy          |
         chi2_ms(75) |    160.438   model vs. saturated
            p > chi2 |      0.000
        chi2_bs(102) |   1545.069   baseline vs. saturated
            p > chi2 |      0.000
---------------------+------------------------------------------------------
Population error     |
               RMSEA |      0.030   Root mean squared error of approximation
 90% CI, lower bound |      0.024
         upper bound |      0.037
              pclose |      1.000   Probability RMSEA <= 0.05
---------------------+------------------------------------------------------
Baseline comparison  |
                 CFI |      0.941   Comparative fit index
                 TLI |      0.919   Tucker-Lewis index
---------------------+------------------------------------------------------
Size of residuals    |
                SRMR |      0.062   Standardized root mean squared residual
                  CD |      0.910   Coefficient of determination
----------------------------------------------------------------------------

. estat residuals, standardized

Residuals of observed variables

  Mean residuals

                 |  sexsat01   sexsat02   sexsat03  coupleb~1  coupleb~2  couplei~1   sexnet01   sexnet02    sexquan  sexactB~e  sexorg~01   sexfan02  sexpo~B01  sexma~B01  sexcomm01 
    -------------+---------------------------------------------------------------------------------------------------------------------------------------------------------------------
             raw |    -0.060     -0.107     -0.056     -0.051     -0.053     -0.055      0.035     -0.022     -0.036     -0.055     -0.052     -0.008     -0.007     -0.005      0.001 
    standardized |   -11.533          .     -8.985     -8.282     -6.383     -9.320      2.651     -1.591     -8.478     -6.347     -3.672     -0.783     -0.525     -0.352      0.063 
    -----------------------------------------------------------------------------------------------------------------------------------------------------------------------------------

  Covariance residuals

                 |  sexsat01   sexsat02   sexsat03  coupleb~1  coupleb~2  couplei~1   sexnet01   sexnet02    sexquan  sexactB~e  sexorg~01   sexfan02  sexpo~B01  sexma~B01  sexcomm01 
    -------------+---------------------------------------------------------------------------------------------------------------------------------------------------------------------
        sexsat01 |     0.182                                                                                                                                                           
        sexsat02 |     0.090      0.267                                                                                                                                                
        sexsat03 |     0.127      0.118      0.140                                                                                                                                     
    couplebond01 |     0.155      0.133      0.059      0.143                                                                                                                          
    couplebond02 |     0.143      0.073      0.032      0.124      0.176                                                                                                               
     coupleint01 |     0.182      0.109      0.036      0.110      0.139      0.164                                                                                                    
        sexnet01 |     0.028     -0.032      0.001      0.104      0.118      0.055      0.046                                                                                         
        sexnet02 |     0.074      0.079     -0.002      0.138      0.072      0.076      0.003      0.014                                                                              
         sexquan |     0.063      0.127     -0.011      0.059      0.025      0.051     -0.113     -0.042      0.050                                                                   
    sexactBala~e |     0.090      0.121     -0.010      0.217      0.243      0.241      0.077      0.147      0.031      0.107                                                        
     sexorgasm01 |    -0.012      0.194      0.209      0.178      0.234      0.258      0.084      0.052      0.077      0.003      0.116                                             
        sexfan02 |    -0.083     -0.046     -0.039     -0.041     -0.111      0.021     -0.030      0.125     -0.008     -0.064     -0.004      0.035                                  
      sexpornB01 |    -0.302     -0.376     -0.373     -0.059     -0.125     -0.116      0.073      0.009     -0.118     -0.049     -0.144     -0.031      0.012                       
      sexmastB01 |    -0.258     -0.293     -0.370     -0.001     -0.203     -0.125     -0.048      0.030     -0.124      0.102     -0.154     -0.003      0.012      0.048            
       sexcomm01 |     0.096      0.041     -0.026     -0.066     -0.069     -0.038     -0.016      0.043      0.115     -0.075      0.079      0.083      0.059     -0.214      0.027 
    -----------------------------------------------------------------------------------------------------------------------------------------------------------------------------------

  Standardized covariance residuals

                 |  sexsat01   sexsat02   sexsat03  coupleb~1  coupleb~2  couplei~1   sexnet01   sexnet02    sexquan  sexactB~e  sexorg~01   sexfan02  sexpo~B01  sexma~B01  sexcomm01 
    -------------+---------------------------------------------------------------------------------------------------------------------------------------------------------------------
        sexsat01 |     6.522                                                                                                                                                           
        sexsat02 |     7.360     10.806                                                                                                                                                
        sexsat03 |     3.023      2.358      1.593                                                                                                                                     
    couplebond01 |         .          .      2.188          .                                                                                                                          
    couplebond02 |     3.619      2.054      0.637          .          .                                                                                                               
     coupleint01 |     8.733      6.260      0.980          .          .          .                                                                                                    
        sexnet01 |     0.519     -0.838      0.014      2.737      1.965      1.310      0.323                                                                                         
        sexnet02 |     1.361      1.772     -0.032      3.658      1.279      1.854      0.050      0.134                                                                              
         sexquan |     4.899     38.191     -0.358      5.767      0.995      3.646     -2.133     -0.874      2.460                                                                   
    sexactBala~e |     6.372          .     -0.274      4.390      3.786      4.450      1.645      2.879          .      4.915                                                        
     sexorgasm01 |    -0.213      4.393      3.275      3.093      3.101      4.087      1.503      0.912      1.533      0.122      1.002                                             
        sexfan02 |    -1.280     -0.756     -0.552     -0.773     -1.645      0.367     -0.329      1.511          .     -2.478     -0.049      0.471                                  
      sexpornB01 |    -3.815     -5.038     -4.376     -0.961     -1.611     -1.734      1.445      0.156     -2.575     -4.684     -1.518     -0.841      0.119                       
      sexmastB01 |    -2.829     -3.353     -3.812     -0.011     -2.433     -1.735     -0.444      0.309     -2.423      1.298     -1.390     -0.078      0.179      0.366            
       sexcomm01 |     1.606      0.829     -0.353     -2.613     -1.230     -1.223     -0.280      0.694      2.113     -2.220      0.729      0.836      0.518     -1.740      0.196 
    -----------------------------------------------------------------------------------------------------------------------------------------------------------------------------------

. estat residuals

Residuals of observed variables

  Mean residuals

                 |  sexsat01   sexsat02   sexsat03  coupleb~1  coupleb~2  couplei~1   sexnet01   sexnet02    sexquan  sexactB~e  sexorg~01   sexfan02  sexpo~B01  sexma~B01  sexcomm01 
    -------------+---------------------------------------------------------------------------------------------------------------------------------------------------------------------
             raw |    -0.060     -0.107     -0.056     -0.051     -0.053     -0.055      0.035     -0.022     -0.036     -0.055     -0.052     -0.008     -0.007     -0.005      0.001 
    -----------------------------------------------------------------------------------------------------------------------------------------------------------------------------------

  Covariance residuals

                 |  sexsat01   sexsat02   sexsat03  coupleb~1  coupleb~2  couplei~1   sexnet01   sexnet02    sexquan  sexactB~e  sexorg~01   sexfan02  sexpo~B01  sexma~B01  sexcomm01 
    -------------+---------------------------------------------------------------------------------------------------------------------------------------------------------------------
        sexsat01 |     0.182                                                                                                                                                           
        sexsat02 |     0.090      0.267                                                                                                                                                
        sexsat03 |     0.127      0.118      0.140                                                                                                                                     
    couplebond01 |     0.155      0.133      0.059      0.143                                                                                                                          
    couplebond02 |     0.143      0.073      0.032      0.124      0.176                                                                                                               
     coupleint01 |     0.182      0.109      0.036      0.110      0.139      0.164                                                                                                    
        sexnet01 |     0.028     -0.032      0.001      0.104      0.118      0.055      0.046                                                                                         
        sexnet02 |     0.074      0.079     -0.002      0.138      0.072      0.076      0.003      0.014                                                                              
         sexquan |     0.063      0.127     -0.011      0.059      0.025      0.051     -0.113     -0.042      0.050                                                                   
    sexactBala~e |     0.090      0.121     -0.010      0.217      0.243      0.241      0.077      0.147      0.031      0.107                                                        
     sexorgasm01 |    -0.012      0.194      0.209      0.178      0.234      0.258      0.084      0.052      0.077      0.003      0.116                                             
        sexfan02 |    -0.083     -0.046     -0.039     -0.041     -0.111      0.021     -0.030      0.125     -0.008     -0.064     -0.004      0.035                                  
      sexpornB01 |    -0.302     -0.376     -0.373     -0.059     -0.125     -0.116      0.073      0.009     -0.118     -0.049     -0.144     -0.031      0.012                       
      sexmastB01 |    -0.258     -0.293     -0.370     -0.001     -0.203     -0.125     -0.048      0.030     -0.124      0.102     -0.154     -0.003      0.012      0.048            
       sexcomm01 |     0.096      0.041     -0.026     -0.066     -0.069     -0.038     -0.016      0.043      0.115     -0.075      0.079      0.083      0.059     -0.214      0.027 
    -----------------------------------------------------------------------------------------------------------------------------------------------------------------------------------

.                 
. log close
      name:  <unnamed>
       log:  \log\04_SEM_full_ADF_unstandardized.log
  log type:  text
 closed on:  25 May 2022, 10:09:50
-------------------------------------------------------------------------------------------------------------------------------------------------------------------------------------------------------------
