-------------------------------------------------------------------------------------------------------------------------------------------------------------------------------------------------------------
      name:  <unnamed>
       log:  \log\04_SEM_full_ML-SB_unstandardized.log
  log type:  text
 opened on:  25 May 2022, 10:09:51

. 
. 
. //######## SEM final ML SBentler unstandardisiert ########
. 
. #delimit ;
delimiter now ;
. sem
> ${gesamtModellPfade}
> , 
> latent (sexsatlat distract couple) 
> nocnsreport nocapslatent 
> method(ml)  
> vce(sbentler)
> cov(
> ${gesamtModellKovarianzen}
> )
> ;
(39 observations with missing values excluded)

Endogenous variables

Observed:     sexquan sexactBalance sexorgasm01 sexfan02
Measurement:  sexsat01 sexsat02 sexsat03 couplebond01 couplebond02 coupleint01 sexnet01 sexnet02
Latent:       sexsatlat distract

Exogenous variables

Observed:     sexpornB01 sexmastB01 sexcomm01
Latent:       couple

Fitting target model:

Iteration 0:   log pseudolikelihood = -40841.824  (not concave)
Iteration 1:   log pseudolikelihood = -40040.091  (not concave)
Iteration 2:   log pseudolikelihood = -36004.969  (not concave)
Iteration 3:   log pseudolikelihood = -34437.782  (not concave)
Iteration 4:   log pseudolikelihood = -33705.192  (not concave)
Iteration 5:   log pseudolikelihood = -33565.453  
Iteration 6:   log pseudolikelihood = -33498.085  (not concave)
Iteration 7:   log pseudolikelihood = -33432.474  
Iteration 8:   log pseudolikelihood = -33418.874  
Iteration 9:   log pseudolikelihood = -33378.511  
Iteration 10:  log pseudolikelihood = -33334.237  
Iteration 11:  log pseudolikelihood =  -33328.52  
Iteration 12:  log pseudolikelihood = -33328.121  
Iteration 13:  log pseudolikelihood =  -33328.12  

Structural equation model                       Number of obs     =      1,255
Estimation method  = ml
Log pseudolikelihood=  -33328.12

-------------------------------------------------------------------------------------------
                          |           Satorra-Bentler
                          |      Coef.   Std. Err.      z    P>|z|     [95% Conf. Interval]
--------------------------+----------------------------------------------------------------
Structural                |
  sexquan <-              |
            sexactBalance |   .1350427      .0172     7.85   0.000     .1013313    .1687541
                 sexfan02 |   .0536956   .0167759     3.20   0.001     .0208155    .0865758
                   couple |   .1290837   .0263542     4.90   0.000     .0774305    .1807369
                    _cons |   2.702729   .0857556    31.52   0.000     2.534651    2.870807
  ------------------------+----------------------------------------------------------------
  sexactBalance <-        |
                 sexfan02 |    .201904   .0293527     6.88   0.000     .1443737    .2594342
                 distract |  -.2072743   .0422979    -4.90   0.000    -.2901767    -.124372
               sexpornB01 |   .1427339   .0263218     5.42   0.000     .0911442    .1943236
                sexcomm01 |   .0387497   .0212688     1.82   0.068    -.0029365    .0804358
                    _cons |   2.197436   .1652489    13.30   0.000     1.873554    2.521318
  ------------------------+----------------------------------------------------------------
  sexorgasm01 <-          |
            sexactBalance |    .194691   .0327864     5.94   0.000     .1304307    .2589512
                 distract |  -.3329565    .051002    -6.53   0.000    -.4329185   -.2329945
                    _cons |   3.793759   .1426198    26.60   0.000     3.514229    4.073288
  ------------------------+----------------------------------------------------------------
  sexfan02 <-             |
               sexpornB01 |   .2069795   .0255924     8.09   0.000     .1568194    .2571396
               sexmastB01 |   .1946365   .0243441     8.00   0.000      .146923    .2423501
                    _cons |   2.415679   .1090603    22.15   0.000     2.201925    2.629434
  ------------------------+----------------------------------------------------------------
  sexsatlat <-            |
                  sexquan |   .6754606   .0366007    18.45   0.000     .6037245    .7471967
            sexactBalance |     .10675   .0210897     5.06   0.000      .065415    .1480851
              sexorgasm01 |    .153474   .0168357     9.12   0.000     .1204766    .1864714
                 distract |  -.1437519   .0325256    -4.42   0.000    -.2075009   -.0800029
                sexcomm01 |   .0524376   .0143381     3.66   0.000     .0243354    .0805397
                   couple |   .3413611   .0342183     9.98   0.000     .2742945    .4084277
  ------------------------+----------------------------------------------------------------
  distract <-             |
               sexpornB01 |   .0809495   .0276904     2.92   0.003     .0266772    .1352218
                sexcomm01 |  -.1221385   .0256009    -4.77   0.000    -.1723153   -.0719617
                   couple |  -.2183378    .051354    -4.25   0.000    -.3189897   -.1176859
--------------------------+----------------------------------------------------------------
Measurement               |
  sexsat01 <-             |
                sexsatlat |          1  (constrained)
                    _cons |   1.440171   .1841939     7.82   0.000     1.079158    1.801185
  ------------------------+----------------------------------------------------------------
  sexsat02 <-             |
                sexsatlat |   1.090984   .0285696    38.19   0.000     1.034989    1.146979
                    _cons |   1.094831   .1799046     6.09   0.000     .7422247    1.447438
  ------------------------+----------------------------------------------------------------
  sexsat03 <-             |
                sexsatlat |   .9831368    .031574    31.14   0.000     .9212529    1.045021
                    _cons |   .5602191   .1718862     3.26   0.001     .2233283    .8971099
  ------------------------+----------------------------------------------------------------
  couplebond01 <-         |
                   couple |          1  (constrained)
                    _cons |   6.220717   .0339306   183.34   0.000     6.154214     6.28722
  ------------------------+----------------------------------------------------------------
  couplebond02 <-         |
                   couple |   1.072481   .0481646    22.27   0.000     .9780797    1.166881
                    _cons |   6.023108    .042662   141.18   0.000     5.939492    6.106723
  ------------------------+----------------------------------------------------------------
  coupleint01 <-          |
                   couple |   1.072018   .0424431    25.26   0.000     .9888308    1.155205
                    _cons |   6.042231   .0371566   162.62   0.000     5.969406    6.115057
  ------------------------+----------------------------------------------------------------
  sexnet01 <-             |
                 distract |          1  (constrained)
                    _cons |    3.78763   .1633022    23.19   0.000     3.467564    4.107697
  ------------------------+----------------------------------------------------------------
  sexnet02 <-             |
                 distract |   .8065123    .089151     9.05   0.000     .6317795    .9812452
                    _cons |   4.118255   .1336908    30.80   0.000     3.856226    4.380284
--------------------------+----------------------------------------------------------------
          mean(sexpornB01)|   3.114741   .0537427    57.96   0.000     3.009407    3.220075
          mean(sexmastB01)|   4.450996   .0579045    76.87   0.000     4.337505    4.564487
           mean(sexcomm01)|   4.898805   .0605512    80.90   0.000     4.780127    5.017483
--------------------------+----------------------------------------------------------------
           var(e.sexsat01)|   .8833471   .0583235                      .7761226    1.005385
           var(e.sexsat02)|   .4047044   .0458855                      .3240622    .5054142
           var(e.sexsat03)|   1.230539   .0714241                       1.09822    1.378801
       var(e.couplebond01)|   .3397116   .0372591                      .2740008    .4211811
       var(e.couplebond02)|   1.012495   .0814114                      .8648691    1.185319
        var(e.coupleint01)|   .4625401   .0594337                      .3595629    .5950095
           var(e.sexnet01)|   2.235601   .2547738                      1.788091    2.795111
           var(e.sexnet02)|   2.101105   .1828055                      1.771697    2.491759
            var(e.sexquan)|   .8824331   .0299473                       .825647    .9431249
      var(e.sexactBalance)|   2.516898   .1075938                      2.314611    2.736864
        var(e.sexorgasm01)|    3.67237   .1205181                      3.443596    3.916344
           var(e.sexfan02)|   2.306941   .0768999                      2.161038    2.462694
          var(e.sexsatlat)|   .8436324   .0548791                      .7426458    .9583513
           var(e.distract)|   2.003636   .2504078                      1.568334     2.55976
           var(sexpornB01)|   3.621894   .1096942                      3.413154      3.8434
           var(sexmastB01)|   4.204571   .1073945                      3.999263    4.420418
            var(sexcomm01)|   4.597728   .1264569                      4.356439    4.852381
               var(couple)|   1.104003   .0887712                      .9430317    1.292451
--------------------------+----------------------------------------------------------------
cov(sexpornB01,sexmastB01)|   1.853432   .1054605    17.57   0.000     1.646733     2.06013
     cov(sexcomm01,couple)|   .1627807   .0664537     2.45   0.014     .0325338    .2930276
-------------------------------------------------------------------------------------------
LR test of model vs. saturated: chi2(75)  =    185.75, Prob > chi2 = 0.0000
Satorra-Bentler scaled test:    chi2(75)  =    172.22, Prob > chi2 = 0.0000

.                                                                                                                                                                                                            
>                                                                                                                                                                      #delimit cr
delimiter now cr
. 
. //-----Testen der Modellgüte-----
. estat gof, stats(all)

----------------------------------------------------------------------------
Fit statistic        |      Value   Description
---------------------+------------------------------------------------------
Likelihood ratio     |
         chi2_ms(75) |    185.755   model vs. saturated
            p > chi2 |      0.000
        chi2_bs(102) |   5984.186   baseline vs. saturated
            p > chi2 |      0.000
                     |
  Satorra-Bentler    |
       chi2sb_ms(75) |    172.216   
            p > chi2 |      0.000
      chi2sb_bs(102) |   5496.831   
            p > chi2 |      0.000
---------------------+------------------------------------------------------
Population error     |
               RMSEA |      0.034   Root mean squared error of approximation
 90% CI, lower bound |      0.028
         upper bound |      0.041
              pclose |      1.000   Probability RMSEA <= 0.05
                     |
  Satorra-Bentler    |
            RMSEA_SB |      0.032   Root mean squared error of approximation
---------------------+------------------------------------------------------
Information criteria |
                 AIC |  66776.240   Akaike's information criterion
                 BIC |  67084.334   Bayesian information criterion
---------------------+------------------------------------------------------
Baseline comparison  |
                 CFI |      0.981   Comparative fit index
                 TLI |      0.974   Tucker-Lewis index
                     |
  Satorra-Bentler    |
              CFI_SB |      0.982   Comparative fit index
              TLI_SB |      0.975   Tucker-Lewis index
---------------------+------------------------------------------------------
Size of residuals    |
                SRMR |      0.039   Standardized root mean squared residual
                  CD |      0.910   Coefficient of determination
----------------------------------------------------------------------------

. estat residuals, standardized

Residuals of observed variables

  Mean residuals

                 |  sexsat01   sexsat02   sexsat03  coupleb~1  coupleb~2  couplei~1   sexnet01   sexnet02    sexquan  sexactB~e  sexorg~01   sexfan02  sexpo~B01  sexma~B01  sexcomm01 
    -------------+---------------------------------------------------------------------------------------------------------------------------------------------------------------------
             raw |     0.000      0.000      0.000      0.000      0.000      0.000     -0.000     -0.000      0.000      0.000      0.000     -0.000      0.000      0.000      0.000 
    standardized |         .          .          .          .          .          .          .          .          .          .          .          .          .          .          . 
    -----------------------------------------------------------------------------------------------------------------------------------------------------------------------------------

  Covariance residuals

                 |  sexsat01   sexsat02   sexsat03  coupleb~1  coupleb~2  couplei~1   sexnet01   sexnet02    sexquan  sexactB~e  sexorg~01   sexfan02  sexpo~B01  sexma~B01  sexcomm01 
    -------------+---------------------------------------------------------------------------------------------------------------------------------------------------------------------
        sexsat01 |     0.102                                                                                                                                                           
        sexsat02 |     0.090      0.121                                                                                                                                                
        sexsat03 |     0.173      0.107      0.098                                                                                                                                     
    couplebond01 |     0.144      0.104      0.046     -0.000                                                                                                                          
    couplebond02 |     0.124      0.035      0.011     -0.001      0.000                                                                                                               
     coupleint01 |     0.171      0.079      0.022     -0.002      0.006      0.000                                                                                                    
        sexnet01 |    -0.030     -0.072     -0.052      0.053      0.067     -0.000      0.002                                                                                         
        sexnet02 |     0.002      0.020     -0.069      0.085      0.019      0.020      0.037      0.001                                                                              
         sexquan |     0.042      0.080     -0.035      0.041      0.003      0.031     -0.129     -0.058      0.007                                                                   
    sexactBala~e |     0.111      0.119      0.007      0.242      0.269      0.268      0.006      0.072      0.028      0.000                                                        
     sexorgasm01 |    -0.004      0.173      0.212      0.202      0.259      0.284      0.067      0.009      0.081     -0.001     -0.000                                             
        sexfan02 |    -0.066     -0.035     -0.023     -0.041     -0.111      0.021     -0.055      0.108     -0.003      0.000      0.012      0.000                                  
      sexpornB01 |    -0.273     -0.350     -0.346     -0.059     -0.125     -0.116     -0.015     -0.055     -0.110     -0.000     -0.111      0.000      0.000                       
      sexmastB01 |    -0.241     -0.280     -0.354     -0.001     -0.203     -0.125     -0.093     -0.002     -0.120      0.137     -0.136     -0.000      0.000      0.000            
       sexcomm01 |     0.173      0.108      0.047     -0.015     -0.016      0.018     -0.002      0.034      0.135      0.024      0.098      0.083      0.059     -0.214     -0.000 
    -----------------------------------------------------------------------------------------------------------------------------------------------------------------------------------

  Standardized covariance residuals

                 |  sexsat01   sexsat02   sexsat03  coupleb~1  coupleb~2  couplei~1   sexnet01   sexnet02    sexquan  sexactB~e  sexorg~01   sexfan02  sexpo~B01  sexma~B01  sexcomm01 
    -------------+---------------------------------------------------------------------------------------------------------------------------------------------------------------------
        sexsat01 |     3.549                                                                                                                                                           
        sexsat02 |    18.953      3.911                                                                                                                                                
        sexsat03 |     4.489      2.212      1.127                                                                                                                                     
    couplebond01 |     5.847      5.764      1.296          .                                                                                                                          
    couplebond02 |     2.739      0.871      0.205          .          .                                                                                                               
     coupleint01 |     5.258      2.797      0.522          .          .          .                                                                                                    
        sexnet01 |    -0.507     -1.593     -0.757      1.255      1.054     -0.006      0.013                                                                                         
        sexnet02 |     0.033      0.418     -1.059      1.964      0.310      0.406      0.718      0.012                                                                              
         sexquan |     2.284      5.133     -1.161      2.842      0.126      1.801     -2.338     -1.175      0.318                                                                   
    sexactBala~e |     5.005          .      0.170      4.411      3.858      4.464      0.120      1.370          .      0.007                                                        
     sexorgasm01 |    -0.066      3.501      3.113      3.178      3.173      4.068      1.310      0.166      1.539     -0.061     -0.003                                             
        sexfan02 |    -0.983     -0.557     -0.323     -0.730     -1.570      0.347     -0.591      1.280          .      0.019      0.138      0.000                                  
      sexpornB01 |    -3.383     -4.552     -4.019     -0.911     -1.545     -1.647     -0.285     -0.921     -2.338          .     -1.146      0.000      0.000                       
      sexmastB01 |    -2.590     -3.089     -3.604     -0.011     -2.324     -1.642     -0.851     -0.022     -2.278      1.698     -1.196     -0.000      0.000      0.000            
       sexcomm01 |     2.714      2.063      0.638     -0.487     -0.278      0.496     -0.040      0.569      2.370      0.763      0.886      0.828      0.516     -1.725     -0.000 
    -----------------------------------------------------------------------------------------------------------------------------------------------------------------------------------

.         
. log close
      name:  <unnamed>
       log:  \log\04_SEM_full_ML-SB_unstandardized.log
  log type:  text
 closed on:  25 May 2022, 10:09:53
-------------------------------------------------------------------------------------------------------------------------------------------------------------------------------------------------------------
