-------------------------------------------------------------------------------------------------------------------------------------------------------------------------------------------------------------
      name:  <unnamed>
       log:  \log\04_SEM_full_ADF_teffects.log
  log type:  text
 opened on:  25 May 2022, 10:09:48

.         
. estat teffects, standardized


Direct effects
------------------------------------------------------------------------------------
                   |      Coef.   Std. Err.      z    P>|z|               Std. Coef.
-------------------+----------------------------------------------------------------
Structural         |
  sexorgasm01 <-   |
     sexactBalance |    .190167   .0331844     5.73   0.000                 .1583811
          sexfan02 |          0  (no path)                                         0
          distract |  -.3433109   .0511484    -6.71   0.000                 -.250506
        sexpornB01 |          0  (no path)                                         0
        sexmastB01 |          0  (no path)                                         0
         sexcomm01 |          0  (no path)                                         0
            couple |          0  (no path)                                         0
  -----------------+----------------------------------------------------------------
  sexfan02 <-      |
        sexpornB01 |   .2174715   .0248369     8.76   0.000                 .2498315
        sexmastB01 |   .1934894   .0241818     8.00   0.000                 .2385174
  -----------------+----------------------------------------------------------------
  sexsatlat <-     |
           sexquan |    .683498   .0372727    18.34   0.000                 .4697441
     sexactBalance |   .1070709   .0221541     4.83   0.000                 .1264242
       sexorgasm01 |   .1536342    .017066     9.00   0.000                 .2178104
          sexfan02 |          0  (no path)                                         0
          distract |  -.1518835   .0344218    -4.41   0.000                -.1571201
        sexpornB01 |          0  (no path)                                         0
        sexmastB01 |          0  (no path)                                         0
         sexcomm01 |   .0585699    .014456     4.05   0.000                 .0892433
            couple |   .3576165   .0379168     9.43   0.000                 .2547204
  -----------------+----------------------------------------------------------------
  distract <-      |
        sexpornB01 |   .0569542   .0276265     2.06   0.039                 .0745555
         sexcomm01 |  -.1139885   .0248148    -4.59   0.000                -.1678964
            couple |  -.2882916   .0558662    -5.16   0.000                -.1984984
-------------------+----------------------------------------------------------------
Measurement        |
  sexsat01 <-      |
           sexquan |          0  (no path)                                         0
     sexactBalance |          0  (no path)                                         0
       sexorgasm01 |          0  (no path)                                         0
          sexfan02 |          0  (no path)                                         0
         sexsatlat |          1  (constrained)                              .8517529
          distract |          0  (no path)                                         0
        sexpornB01 |          0  (no path)                                         0
        sexmastB01 |          0  (no path)                                         0
         sexcomm01 |          0  (no path)                                         0
            couple |          0  (no path)                                         0
  -----------------+----------------------------------------------------------------
  sexsat02 <-      |
           sexquan |          0  (no path)                                         0
     sexactBalance |          0  (no path)                                         0
       sexorgasm01 |          0  (no path)                                         0
          sexfan02 |          0  (no path)                                         0
         sexsatlat |   1.058907   .0267588    39.57   0.000                 .9335693
          distract |          0  (no path)                                         0
        sexpornB01 |          0  (no path)                                         0
        sexmastB01 |          0  (no path)                                         0
         sexcomm01 |          0  (no path)                                         0
            couple |          0  (no path)                                         0
  -----------------+----------------------------------------------------------------
  sexsat03 <-      |
           sexquan |          0  (no path)                                         0
     sexactBalance |          0  (no path)                                         0
       sexorgasm01 |          0  (no path)                                         0
          sexfan02 |          0  (no path)                                         0
         sexsatlat |   .9777717   .0299996    32.59   0.000                 .7874566
          distract |          0  (no path)                                         0
        sexpornB01 |          0  (no path)                                         0
        sexmastB01 |          0  (no path)                                         0
         sexcomm01 |          0  (no path)                                         0
            couple |          0  (no path)                                         0
  -----------------+----------------------------------------------------------------
  couplebond01 <-  |
            couple |          1  (constrained)                              .8761739
  -----------------+----------------------------------------------------------------
  couplebond02 <-  |
            couple |   1.059828   .0506997    20.90   0.000                 .7298107
  -----------------+----------------------------------------------------------------
  coupleint01 <-   |
            couple |   1.073466   .0451917    23.75   0.000                 .8569407
  -----------------+----------------------------------------------------------------
  sexnet01 <-      |
          distract |          1  (constrained)                              .6960289
        sexpornB01 |          0  (no path)                                         0
         sexcomm01 |          0  (no path)                                         0
            couple |          0  (no path)                                         0
  -----------------+----------------------------------------------------------------
  sexnet02 <-      |
          distract |   .8422526   .0818979    10.28   0.000                 .6542733
        sexpornB01 |          0  (no path)                                         0
         sexcomm01 |          0  (no path)                                         0
            couple |          0  (no path)                                         0
-------------------+----------------------------------------------------------------
Structural         |
  sexquan <-       |
     sexactBalance |   .1373919   .0178841     7.68   0.000                 .2360456
          sexfan02 |   .0520991   .0169401     3.08   0.002                 .0893586
          distract |          0  (no path)                                         0
        sexpornB01 |          0  (no path)                                         0
        sexmastB01 |          0  (no path)                                         0
         sexcomm01 |          0  (no path)                                         0
            couple |   .1207383   .0275861     4.38   0.000                 .1251316
  -----------------+----------------------------------------------------------------
  sexactBalance <- |
          sexfan02 |   .2245081   .0289369     7.76   0.000                 .2241319
          distract |  -.2337138   .0419795    -5.57   0.000                -.2047608
        sexpornB01 |   .1442388   .0259906     5.55   0.000                  .165424
        sexmastB01 |          0  (no path)                                         0
         sexcomm01 |   .0578792    .021003     2.76   0.006                 .0746904
            couple |          0  (no path)                                         0
------------------------------------------------------------------------------------


Indirect effects
------------------------------------------------------------------------------------
                   |      Coef.   Std. Err.      z    P>|z|               Std. Coef.
-------------------+----------------------------------------------------------------
Structural         |
  sexorgasm01 <-   |
     sexactBalance |          0  (no path)                                         0
          sexfan02 |    .042694   .0055028     7.76   0.000                 .0354983
          distract |  -.0444447   .0079831    -5.57   0.000                -.0324302
        sexpornB01 |   .0146299   .0131471     1.11   0.266                 .0139742
        sexmastB01 |   .0082608   .0021156     3.90   0.000                  .008467
         sexcomm01 |   .0552064   .0109731     5.03   0.000                 .0593335
            couple |   .1117867   .0277823     4.02   0.000                 .0561624
  -----------------+----------------------------------------------------------------
  sexfan02 <-      |
        sexpornB01 |          0  (no path)                                         0
        sexmastB01 |          0  (no path)                                         0
  -----------------+----------------------------------------------------------------
  sexsatlat <-     |
           sexquan |          0  (no path)                                         0
     sexactBalance |   .1231233   .0136148     9.04   0.000                 .1453781
       sexorgasm01 |          0  (no path)                                         0
          sexfan02 |   .0872901   .0131058     6.66   0.000                 .1028952
          distract |  -.1065439   .0136913    -7.78   0.000                -.1102172
        sexpornB01 |   .0374675   .0104861     3.57   0.000                 .0507376
        sexmastB01 |   .0168897   .0033751     5.00   0.000                 .0245423
         sexcomm01 |   .0427812    .008383     5.10   0.000                  .065186
            couple |   .1570268   .0280108     5.61   0.000                 .1118459
  -----------------+----------------------------------------------------------------
  distract <-      |
        sexpornB01 |          0  (no path)                                         0
         sexcomm01 |          0  (no path)                                         0
            couple |          0  (no path)                                         0
-------------------+----------------------------------------------------------------
Measurement        |
  sexsat01 <-      |
           sexquan |    .683498   .0372727    18.34   0.000                 .4001058
     sexactBalance |   .2301942   .0266428     8.64   0.000                 .2315083
       sexorgasm01 |   .1536342    .017066     9.00   0.000                 .1855206
          sexfan02 |   .0872901   .0131058     6.66   0.000                 .0876413
         sexsatlat |          0  (no path)                                         0
          distract |  -.2584273   .0401305    -6.44   0.000                -.2277053
        sexpornB01 |   .0374675   .0104861     3.57   0.000                 .0432159
        sexmastB01 |   .0168897   .0033751     5.00   0.000                  .020904
         sexcomm01 |   .1013511   .0159256     6.36   0.000                 .1315356
            couple |   .5146433   .0445112    11.56   0.000                 .3122239
  -----------------+----------------------------------------------------------------
  sexsat02 <-      |
           sexquan |    .723761   .0394684    18.34   0.000                 .4385386
     sexactBalance |   .2437543   .0282122     8.64   0.000                 .2537462
       sexorgasm01 |   .1626844   .0180713     9.00   0.000                 .2033411
          sexfan02 |   .0924321   .0138778     6.66   0.000                 .0960598
         sexsatlat |          0  (no path)                                         0
          distract |  -.2736506   .0424945    -6.44   0.000                -.2495779
        sexpornB01 |   .0396746    .011021     3.60   0.000                 .0473671
        sexmastB01 |   .0178846    .003564     5.02   0.000                 .0229119
         sexcomm01 |   .1073214   .0166544     6.44   0.000                 .1441704
            couple |   .5449595   .0445865    12.22   0.000                  .342215
  -----------------+----------------------------------------------------------------
  sexsat03 <-      |
           sexquan |    .668305   .0364442    18.34   0.000                 .3699031
     sexactBalance |   .2250773   .0260505     8.64   0.000                 .2140325
       sexorgasm01 |   .1502192   .0166866     9.00   0.000                 .1715162
          sexfan02 |   .0853497   .0128145     6.66   0.000                 .0810255
         sexsatlat |          0  (no path)                                         0
          distract |  -.2526829   .0392384    -6.44   0.000                -.2105165
        sexpornB01 |   .0366347   .0101691     3.60   0.000                 .0399537
        sexmastB01 |   .0165143    .003299     5.01   0.000                  .019326
         sexcomm01 |   .0990982   .0152323     6.51   0.000                 .1216064
            couple |   .5032036   .0426703    11.79   0.000                  .288655
  -----------------+----------------------------------------------------------------
  couplebond01 <-  |
            couple |          0  (no path)                                         0
  -----------------+----------------------------------------------------------------
  couplebond02 <-  |
            couple |          0  (no path)                                         0
  -----------------+----------------------------------------------------------------
  coupleint01 <-   |
            couple |          0  (no path)                                         0
  -----------------+----------------------------------------------------------------
  sexnet01 <-      |
          distract |          0  (no path)                                         0
        sexpornB01 |   .0569542   .0276265     2.06   0.039                 .0518928
         sexcomm01 |  -.1139885   .0248148    -4.59   0.000                -.1168607
            couple |  -.2882916   .0558662    -5.16   0.000                -.1381606
  -----------------+----------------------------------------------------------------
  sexnet02 <-      |
          distract |          0  (no path)                                         0
        sexpornB01 |   .0479698   .0231319     2.07   0.038                 .0487797
         sexcomm01 |  -.0960071   .0208754    -4.60   0.000                -.1098501
            couple |  -.2428143   .0482408    -5.03   0.000                -.1298722
-------------------+----------------------------------------------------------------
Structural         |
  sexquan <-       |
     sexactBalance |          0  (no path)                                         0
          sexfan02 |   .0308456   .0039757     7.76   0.000                 .0529053
          distract |  -.0321104   .0057676    -5.57   0.000                -.0483329
        sexpornB01 |   .0360265   .0057336     6.28   0.000                 .0709861
        sexmastB01 |   .0160489   .0035935     4.47   0.000                 .0339324
         sexcomm01 |   .0116123   .0034358     3.38   0.001                 .0257453
            couple |   .0092572   .0029216     3.17   0.002                  .009594
  -----------------+----------------------------------------------------------------
  sexactBalance <- |
          sexfan02 |          0  (no path)                                         0
          distract |          0  (no path)                                         0
        sexpornB01 |   .0355131   .0106824     3.32   0.001                 .0407292
        sexmastB01 |   .0434399   .0080914     5.37   0.000                 .0534594
         sexcomm01 |   .0266407    .007157     3.72   0.000                 .0343786
            couple |   .0673777    .018917     3.56   0.000                 .0406447
------------------------------------------------------------------------------------


Total effects
------------------------------------------------------------------------------------
                   |      Coef.   Std. Err.      z    P>|z|               Std. Coef.
-------------------+----------------------------------------------------------------
Structural         |
  sexorgasm01 <-   |
     sexactBalance |    .190167   .0331844     5.73   0.000                 .1583811
          sexfan02 |    .042694   .0055028     7.76   0.000                 .0354983
          distract |  -.3877556   .0534198    -7.26   0.000                -.2829362
        sexpornB01 |   .0146299   .0131471     1.11   0.266                 .0139742
        sexmastB01 |   .0082608   .0021156     3.90   0.000                  .008467
         sexcomm01 |   .0552064   .0109731     5.03   0.000                 .0593335
            couple |   .1117867   .0277823     4.02   0.000                 .0561624
  -----------------+----------------------------------------------------------------
  sexfan02 <-      |
        sexpornB01 |   .2174715   .0248369     8.76   0.000                 .2498315
        sexmastB01 |   .1934894   .0241818     8.00   0.000                 .2385174
  -----------------+----------------------------------------------------------------
  sexsatlat <-     |
           sexquan |    .683498   .0372727    18.34   0.000                 .4697441
     sexactBalance |   .2301942   .0266428     8.64   0.000                 .2718022
       sexorgasm01 |   .1536342    .017066     9.00   0.000                 .2178104
          sexfan02 |   .0872901   .0131058     6.66   0.000                 .1028952
          distract |  -.2584273   .0401305    -6.44   0.000                -.2673373
        sexpornB01 |   .0374675   .0104861     3.57   0.000                 .0507376
        sexmastB01 |   .0168897   .0033751     5.00   0.000                 .0245423
         sexcomm01 |   .1013511   .0159256     6.36   0.000                 .1544293
            couple |   .5146433   .0445112    11.56   0.000                 .3665662
  -----------------+----------------------------------------------------------------
  distract <-      |
        sexpornB01 |   .0569542   .0276265     2.06   0.039                 .0745555
         sexcomm01 |  -.1139885   .0248148    -4.59   0.000                -.1678964
            couple |  -.2882916   .0558662    -5.16   0.000                -.1984984
-------------------+----------------------------------------------------------------
Measurement        |
  sexsat01 <-      |
           sexquan |    .683498   .0372727    18.34   0.000                 .4001058
     sexactBalance |   .2301942   .0266428     8.64   0.000                 .2315083
       sexorgasm01 |   .1536342    .017066     9.00   0.000                 .1855206
          sexfan02 |   .0872901   .0131058     6.66   0.000                 .0876413
         sexsatlat |          1  (constrained)                              .8517529
          distract |  -.2584273   .0401305    -6.44   0.000                -.2277053
        sexpornB01 |   .0374675   .0104861     3.57   0.000                 .0432159
        sexmastB01 |   .0168897   .0033751     5.00   0.000                  .020904
         sexcomm01 |   .1013511   .0159256     6.36   0.000                 .1315356
            couple |   .5146433   .0445112    11.56   0.000                 .3122239
  -----------------+----------------------------------------------------------------
  sexsat02 <-      |
           sexquan |    .723761   .0394684    18.34   0.000                 .4385386
     sexactBalance |   .2437543   .0282122     8.64   0.000                 .2537462
       sexorgasm01 |   .1626844   .0180713     9.00   0.000                 .2033411
          sexfan02 |   .0924321   .0138778     6.66   0.000                 .0960598
         sexsatlat |   1.058907   .0267588    39.57   0.000                 .9335693
          distract |  -.2736506   .0424945    -6.44   0.000                -.2495779
        sexpornB01 |   .0396746    .011021     3.60   0.000                 .0473671
        sexmastB01 |   .0178846    .003564     5.02   0.000                 .0229119
         sexcomm01 |   .1073214   .0166544     6.44   0.000                 .1441704
            couple |   .5449595   .0445865    12.22   0.000                  .342215
  -----------------+----------------------------------------------------------------
  sexsat03 <-      |
           sexquan |    .668305   .0364442    18.34   0.000                 .3699031
     sexactBalance |   .2250773   .0260505     8.64   0.000                 .2140325
       sexorgasm01 |   .1502192   .0166866     9.00   0.000                 .1715162
          sexfan02 |   .0853497   .0128145     6.66   0.000                 .0810255
         sexsatlat |   .9777717   .0299996    32.59   0.000                 .7874566
          distract |  -.2526829   .0392384    -6.44   0.000                -.2105165
        sexpornB01 |   .0366347   .0101691     3.60   0.000                 .0399537
        sexmastB01 |   .0165143    .003299     5.01   0.000                  .019326
         sexcomm01 |   .0990982   .0152323     6.51   0.000                 .1216064
            couple |   .5032036   .0426703    11.79   0.000                  .288655
  -----------------+----------------------------------------------------------------
  couplebond01 <-  |
            couple |          1  (constrained)                              .8761739
  -----------------+----------------------------------------------------------------
  couplebond02 <-  |
            couple |   1.059828   .0506997    20.90   0.000                 .7298107
  -----------------+----------------------------------------------------------------
  coupleint01 <-   |
            couple |   1.073466   .0451917    23.75   0.000                 .8569407
  -----------------+----------------------------------------------------------------
  sexnet01 <-      |
          distract |          1  (constrained)                              .6960289
        sexpornB01 |   .0569542   .0276265     2.06   0.039                 .0518928
         sexcomm01 |  -.1139885   .0248148    -4.59   0.000                -.1168607
            couple |  -.2882916   .0558662    -5.16   0.000                -.1381606
  -----------------+----------------------------------------------------------------
  sexnet02 <-      |
          distract |   .8422526   .0818979    10.28   0.000                 .6542733
        sexpornB01 |   .0479698   .0231319     2.07   0.038                 .0487797
         sexcomm01 |  -.0960071   .0208754    -4.60   0.000                -.1098501
            couple |  -.2428143   .0482408    -5.03   0.000                -.1298722
-------------------+----------------------------------------------------------------
Structural         |
  sexquan <-       |
     sexactBalance |   .1373919   .0178841     7.68   0.000                 .2360456
          sexfan02 |   .0829447   .0172322     4.81   0.000                 .1422639
          distract |  -.0321104   .0057676    -5.57   0.000                -.0483329
        sexpornB01 |   .0360265   .0057336     6.28   0.000                 .0709861
        sexmastB01 |   .0160489   .0035935     4.47   0.000                 .0339324
         sexcomm01 |   .0116123   .0034358     3.38   0.001                 .0257453
            couple |   .1299954   .0280122     4.64   0.000                 .1347256
  -----------------+----------------------------------------------------------------
  sexactBalance <- |
          sexfan02 |   .2245081   .0289369     7.76   0.000                 .2241319
          distract |  -.2337138   .0419795    -5.57   0.000                -.2047608
        sexpornB01 |   .1797519   .0244922     7.34   0.000                 .2061532
        sexmastB01 |   .0434399   .0080914     5.37   0.000                 .0534594
         sexcomm01 |   .0845199   .0206818     4.09   0.000                  .109069
            couple |   .0673777    .018917     3.56   0.000                 .0406447
------------------------------------------------------------------------------------

. 
. log close
      name:  <unnamed>
       log:  \log\04_SEM_full_ADF_teffects.log
  log type:  text
 closed on:  25 May 2022, 10:09:49
-------------------------------------------------------------------------------------------------------------------------------------------------------------------------------------------------------------
