-------------------------------------------------------------------------------------------------------------------------------------------------------------------------------------------------------------
      name:  <unnamed>
       log:  \log\04_SEM_full_ML-SB_standardized.log
  log type:  text
 opened on:  25 May 2022, 10:09:50

. 
. //######## SEM final ML SBentler standardisiert ########
. 
. 
. #delimit ;
delimiter now ;
. sem
> ${gesamtModellPfade}
> , 
> latent (sexsatlat distract couple) 
> standardized nocnsreport nocapslatent 
> method(ml)  
> vce(sbentler)
> cov(
> ${gesamtModellKovarianzen}
> )
> ;
(39 observations with missing values excluded)

Endogenous variables

Observed:     sexquan sexactBalance sexorgasm01 sexfan02
Measurement:  sexsat01 sexsat02 sexsat03 couplebond01 couplebond02 coupleint01 sexnet01 sexnet02
Latent:       sexsatlat distract

Exogenous variables

Observed:     sexpornB01 sexmastB01 sexcomm01
Latent:       couple

Fitting target model:

Iteration 0:   log pseudolikelihood = -40841.824  (not concave)
Iteration 1:   log pseudolikelihood = -40040.091  (not concave)
Iteration 2:   log pseudolikelihood = -36004.969  (not concave)
Iteration 3:   log pseudolikelihood = -34437.782  (not concave)
Iteration 4:   log pseudolikelihood = -33705.192  (not concave)
Iteration 5:   log pseudolikelihood = -33565.453  
Iteration 6:   log pseudolikelihood = -33498.085  (not concave)
Iteration 7:   log pseudolikelihood = -33432.474  
Iteration 8:   log pseudolikelihood = -33418.874  
Iteration 9:   log pseudolikelihood = -33378.511  
Iteration 10:  log pseudolikelihood = -33334.237  
Iteration 11:  log pseudolikelihood =  -33328.52  
Iteration 12:  log pseudolikelihood = -33328.121  
Iteration 13:  log pseudolikelihood =  -33328.12  

Structural equation model                       Number of obs     =      1,255
Estimation method  = ml
Log pseudolikelihood=  -33328.12

-------------------------------------------------------------------------------------------
                          |           Satorra-Bentler
             Standardized |      Coef.   Std. Err.      z    P>|z|     [95% Conf. Interval]
--------------------------+----------------------------------------------------------------
Structural                |
  sexquan <-              |
            sexactBalance |   .2311897   .0284552     8.12   0.000     .1754186    .2869609
                 sexfan02 |   .0906072   .0283193     3.20   0.001     .0351023    .1461121
                   couple |   .1374939   .0276302     4.98   0.000     .0833397    .1916482
                    _cons |   2.739868   .1075218    25.48   0.000     2.529129    2.950607
  ------------------------+----------------------------------------------------------------
  sexactBalance <-        |
                 sexfan02 |   .1990082   .0280259     7.10   0.000     .1440784     .253938
                 distract |  -.1802716     .03458    -5.21   0.000    -.2480472    -.112496
               sexpornB01 |   .1608513   .0299671     5.37   0.000      .102117    .2195857
                sexcomm01 |   .0492005   .0269757     1.82   0.068     -.003671    .1020719
                    _cons |   1.301205   .1103335    11.79   0.000     1.084956    1.517455
  ------------------------+----------------------------------------------------------------
  sexorgasm01 <-          |
            sexactBalance |   .1629178   .0270017     6.03   0.000     .1099954    .2158401
                 distract |  -.2423216   .0334628    -7.24   0.000    -.3079074   -.1767358
                    _cons |   1.879845   .0832486    22.58   0.000     1.716681     2.04301
  ------------------------+----------------------------------------------------------------
  sexfan02 <-             |
               sexpornB01 |   .2366458   .0288949     8.19   0.000     .1800128    .2932788
               sexmastB01 |   .2397666   .0295412     8.12   0.000      .181867    .2976663
                    _cons |   1.451252   .0756818    19.18   0.000     1.302918    1.599586
  ------------------------+----------------------------------------------------------------
  sexsatlat <-            |
                  sexquan |   .4820497   .0220316    21.88   0.000     .4388686    .5252307
            sexactBalance |   .1304239   .0263148     4.96   0.000     .0788479        .182
              sexorgasm01 |   .2240791   .0242471     9.24   0.000     .1765557    .2716025
                 distract |  -.1527513   .0333226    -4.58   0.000    -.2180623   -.0874403
                sexcomm01 |   .0813454    .021986     3.70   0.000     .0382537    .1244371
                   couple |   .2594884   .0242526    10.70   0.000     .2119541    .3070227
  ------------------------+----------------------------------------------------------------
  distract <-             |
               sexpornB01 |    .104889   .0353862     2.96   0.003     .0355334    .1742446
                sexcomm01 |  -.1783085   .0358189    -4.98   0.000    -.2485123   -.1081047
                   couple |  -.1561931   .0355318    -4.40   0.000    -.2258342    -.086552
--------------------------+----------------------------------------------------------------
Measurement               |
  sexsat01 <-             |
                sexsatlat |   .8269411   .0135133    61.19   0.000     .8004556    .8534266
                    _cons |    .861604   .1217844     7.07   0.000     .6229109    1.100297
  ------------------------+----------------------------------------------------------------
  sexsat02 <-             |
                sexsatlat |   .9213687   .0093535    98.51   0.000     .9030363    .9397012
                    _cons |   .6689309   .1186445     5.64   0.000     .4363919      .90147
  ------------------------+----------------------------------------------------------------
  sexsat03 <-             |
                sexsatlat |   .7746692   .0156577    49.48   0.000     .7439807    .8053577
                    _cons |    .319359   .1003089     3.18   0.001     .1227572    .5159608
  ------------------------+----------------------------------------------------------------
  couplebond01 <-         |
                   couple |    .874469   .0155536    56.22   0.000     .8439845    .9049535
                    _cons |   5.177258   .1798977    28.78   0.000     4.824665    5.529851
  ------------------------+----------------------------------------------------------------
  couplebond02 <-         |
                   couple |   .7459072   .0230008    32.43   0.000     .7008266    .7909879
                    _cons |    3.98686   .1355139    29.42   0.000     3.721257    4.252462
  ------------------------+----------------------------------------------------------------
  coupleint01 <-          |
                   couple |   .8560573   .0194802    43.95   0.000     .8178769    .8942377
                    _cons |   4.592119   .1492237    30.77   0.000     4.299646    4.884592
  ------------------------+----------------------------------------------------------------
  sexnet01 <-             |
                 distract |    .700774   .0413056    16.97   0.000     .6198166    .7817314
                    _cons |   1.807147    .076818    23.53   0.000     1.656586    1.957707
  ------------------------+----------------------------------------------------------------
  sexnet02 <-             |
                 distract |   .6327919   .0402218    15.73   0.000     .5539586    .7116251
                    _cons |   2.199941   .0756164    29.09   0.000     2.051735    2.348146
--------------------------+----------------------------------------------------------------
          mean(sexpornB01)|   1.636643   .0259989    62.95   0.000     1.585687      1.6876
          mean(sexmastB01)|   2.170683   .0457719    47.42   0.000     2.080972    2.260394
           mean(sexcomm01)|   2.284644   .0537438    42.51   0.000     2.179308     2.38998
--------------------------+----------------------------------------------------------------
           var(e.sexsat01)|   .3161684   .0223494                      .2752635    .3631519
           var(e.sexsat02)|   .1510797    .017236                      .1208082    .1889364
           var(e.sexsat03)|   .3998877    .024259                      .3550587    .4503766
       var(e.couplebond01)|   .2353039   .0272023                      .1875971    .2951428
       var(e.couplebond02)|   .4436224   .0343129                      .3812199    .5162397
        var(e.coupleint01)|   .2671659   .0333523                      .2091796    .3412265
           var(e.sexnet01)|   .5089158   .0578917                      .4072091    .6360253
           var(e.sexnet02)|   .5995745    .050904                      .5076634    .7081257
            var(e.sexquan)|   .9068515   .0169724                      .8741888    .9407345
      var(e.sexactBalance)|   .8825208   .0180105                      .8479175    .9185362
        var(e.sexorgasm01)|   .9016777   .0186816                      .8657959    .9390465
           var(e.sexfan02)|   .8326137   .0200879                      .7941584     .872931
          var(e.sexsatlat)|   .4415614   .0224968                      .3995985     .487931
           var(e.distract)|   .9287836   .0180964                      .8939841    .9649378
           var(sexpornB01)|          1          .                             .           .
           var(sexmastB01)|          1          .                             .           .
            var(sexcomm01)|          1          .                             .           .
               var(couple)|          1          .                             .           .
--------------------------+----------------------------------------------------------------
cov(sexpornB01,sexmastB01)|   .4749499   .0218175    21.77   0.000     .4321884    .5177115
     cov(sexcomm01,couple)|   .0722514   .0297294     2.43   0.015     .0139828    .1305199
-------------------------------------------------------------------------------------------
LR test of model vs. saturated: chi2(75)  =    185.75, Prob > chi2 = 0.0000
Satorra-Bentler scaled test:    chi2(75)  =    172.22, Prob > chi2 = 0.0000

.                                                                                                                                                                                                            
>                                                                                                                                                                      #delimit cr
delimiter now cr
. 
. //-----Testen der Modellgüte-----
. estat gof, stats(all)

----------------------------------------------------------------------------
Fit statistic        |      Value   Description
---------------------+------------------------------------------------------
Likelihood ratio     |
         chi2_ms(75) |    185.755   model vs. saturated
            p > chi2 |      0.000
        chi2_bs(102) |   5984.186   baseline vs. saturated
            p > chi2 |      0.000
                     |
  Satorra-Bentler    |
       chi2sb_ms(75) |    172.216   
            p > chi2 |      0.000
      chi2sb_bs(102) |   5496.831   
            p > chi2 |      0.000
---------------------+------------------------------------------------------
Population error     |
               RMSEA |      0.034   Root mean squared error of approximation
 90% CI, lower bound |      0.028
         upper bound |      0.041
              pclose |      1.000   Probability RMSEA <= 0.05
                     |
  Satorra-Bentler    |
            RMSEA_SB |      0.032   Root mean squared error of approximation
---------------------+------------------------------------------------------
Information criteria |
                 AIC |  66776.240   Akaike's information criterion
                 BIC |  67084.334   Bayesian information criterion
---------------------+------------------------------------------------------
Baseline comparison  |
                 CFI |      0.981   Comparative fit index
                 TLI |      0.974   Tucker-Lewis index
                     |
  Satorra-Bentler    |
              CFI_SB |      0.982   Comparative fit index
              TLI_SB |      0.975   Tucker-Lewis index
---------------------+------------------------------------------------------
Size of residuals    |
                SRMR |      0.039   Standardized root mean squared residual
                  CD |      0.910   Coefficient of determination
----------------------------------------------------------------------------

. 
. log close
      name:  <unnamed>
       log:  \log\04_SEM_full_ML-SB_standardized.log
  log type:  text
 closed on:  25 May 2022, 10:09:51
-------------------------------------------------------------------------------------------------------------------------------------------------------------------------------------------------------------
