-------------------------------------------------------------------------------------------------------------------------------------------------------------------------------------------------------------
      name:  <unnamed>
       log:  \log\04_SEM_full_ML_unstandardized.log
  log type:  text
 opened on:  25 May 2022, 10:09:53

. 
. 
. //######## SEM final ML SBentler unstandardisiert ########
. 
. #delimit ;
delimiter now ;
. sem
> ${gesamtModellPfade}
> ,
> latent (sexsatlat distract couple) 
> nocnsreport nocapslatent 
> method(ml) 
> cov(
> ${gesamtModellKovarianzen}
> )
> ;
(39 observations with missing values excluded)

Endogenous variables

Observed:     sexquan sexactBalance sexorgasm01 sexfan02
Measurement:  sexsat01 sexsat02 sexsat03 couplebond01 couplebond02 coupleint01 sexnet01 sexnet02
Latent:       sexsatlat distract

Exogenous variables

Observed:     sexpornB01 sexmastB01 sexcomm01
Latent:       couple

Fitting target model:

Iteration 0:   log likelihood = -40841.824  (not concave)
Iteration 1:   log likelihood = -40040.091  (not concave)
Iteration 2:   log likelihood = -36004.969  (not concave)
Iteration 3:   log likelihood = -34437.782  (not concave)
Iteration 4:   log likelihood = -33705.192  (not concave)
Iteration 5:   log likelihood = -33565.453  
Iteration 6:   log likelihood = -33498.085  (not concave)
Iteration 7:   log likelihood = -33432.474  
Iteration 8:   log likelihood = -33418.874  
Iteration 9:   log likelihood = -33378.511  
Iteration 10:  log likelihood = -33334.237  
Iteration 11:  log likelihood =  -33328.52  
Iteration 12:  log likelihood = -33328.121  
Iteration 13:  log likelihood =  -33328.12  

Structural equation model                       Number of obs     =      1,255
Estimation method  = ml
Log likelihood     =  -33328.12

-------------------------------------------------------------------------------------------
                          |                 OIM
                          |      Coef.   Std. Err.      z    P>|z|     [95% Conf. Interval]
--------------------------+----------------------------------------------------------------
Structural                |
  sexquan <-              |
            sexactBalance |   .1350427   .0164887     8.19   0.000     .1027255    .1673599
                 sexfan02 |   .0536956   .0164985     3.25   0.001     .0213591    .0860322
                   couple |   .1290837   .0274489     4.70   0.000     .0752849    .1828825
                    _cons |   2.702729   .0813296    33.23   0.000     2.543326    2.862132
  ------------------------+----------------------------------------------------------------
  sexactBalance <-        |
                 sexfan02 |    .201904   .0289263     6.98   0.000     .1452094    .2585985
                 distract |  -.2072743    .042877    -4.83   0.000    -.2913117    -.123237
               sexpornB01 |   .1427339   .0256233     5.57   0.000     .0925132    .1929546
                sexcomm01 |   .0387497   .0217972     1.78   0.075    -.0039721    .0814714
                    _cons |   2.197436   .1590243    13.82   0.000     1.885754    2.509118
  ------------------------+----------------------------------------------------------------
  sexorgasm01 <-          |
            sexactBalance |    .194691   .0334521     5.82   0.000      .129126    .2602559
                 distract |  -.3329565   .0539155    -6.18   0.000    -.4386289   -.2272841
                    _cons |   3.793759   .1406323    26.98   0.000     3.518124    4.069393
  ------------------------+----------------------------------------------------------------
  sexfan02 <-             |
               sexpornB01 |   .2069795      .0256     8.09   0.000     .1568045    .2571545
               sexmastB01 |   .1946365     .02376     8.19   0.000     .1480678    .2412053
                    _cons |   2.415679   .1066316    22.65   0.000     2.206685    2.624673
  ------------------------+----------------------------------------------------------------
  sexsatlat <-            |
                  sexquan |   .6754606   .0335344    20.14   0.000     .6097345    .7411867
            sexactBalance |     .10675   .0188173     5.67   0.000     .0698687    .1436314
              sexorgasm01 |    .153474    .015968     9.61   0.000     .1221774    .1847706
                 distract |  -.1437519   .0298646    -4.81   0.000    -.2022854   -.0852185
                sexcomm01 |   .0524376   .0142626     3.68   0.000     .0244833    .0803918
                   couple |   .3413611   .0326064    10.47   0.000     .2774537    .4052685
  ------------------------+----------------------------------------------------------------
  distract <-             |
               sexpornB01 |   .0809495   .0270935     2.99   0.003     .0278473    .1340517
                sexcomm01 |  -.1221385   .0245282    -4.98   0.000    -.1702129   -.0740641
                   couple |  -.2183378    .053131    -4.11   0.000    -.3224726    -.114203
--------------------------+----------------------------------------------------------------
Measurement               |
  sexsat01 <-             |
                sexsatlat |          1  (constrained)
                    _cons |   1.440171   .1610121     8.94   0.000     1.124593    1.755749
  ------------------------+----------------------------------------------------------------
  sexsat02 <-             |
                sexsatlat |   1.090984    .028304    38.55   0.000     1.035509    1.146459
                    _cons |   1.094831   .1640674     6.67   0.000     .7732652    1.416397
  ------------------------+----------------------------------------------------------------
  sexsat03 <-             |
                sexsatlat |   .9831368   .0304709    32.26   0.000     .9234149    1.042859
                    _cons |   .5602191   .1653899     3.39   0.001     .2360608    .8843774
  ------------------------+----------------------------------------------------------------
  couplebond01 <-         |
                   couple |          1  (constrained)
                    _cons |   6.220717   .0339171   183.41   0.000     6.154241    6.287193
  ------------------------+----------------------------------------------------------------
  couplebond02 <-         |
                   couple |   1.072481   .0368918    29.07   0.000     1.000174    1.144787
                    _cons |   6.023108    .042645   141.24   0.000     5.939525     6.10669
  ------------------------+----------------------------------------------------------------
  coupleint01 <-          |
                   couple |   1.072018   .0325535    32.93   0.000     1.008214    1.135821
                    _cons |   6.042231   .0371417   162.68   0.000     5.969435    6.115028
  ------------------------+----------------------------------------------------------------
  sexnet01 <-             |
                 distract |          1  (constrained)
                    _cons |    3.78763   .1550311    24.43   0.000     3.483775    4.091486
  ------------------------+----------------------------------------------------------------
  sexnet02 <-             |
                 distract |   .8065123   .0788311    10.23   0.000     .6520061    .9610185
                    _cons |   4.118255   .1273642    32.33   0.000     3.868626    4.367884
--------------------------+----------------------------------------------------------------
          mean(sexpornB01)|   3.114741   .0537212    57.98   0.000     3.009449    3.220033
          mean(sexmastB01)|   4.450996   .0578814    76.90   0.000     4.337551    4.564441
           mean(sexcomm01)|   4.898805   .0605271    80.94   0.000     4.780174    5.017436
--------------------------+----------------------------------------------------------------
           var(e.sexsat01)|   .8833471   .0479238                      .7942396    .9824518
           var(e.sexsat02)|   .4047044   .0383386                      .3361255    .4872752
           var(e.sexsat03)|   1.230539   .0586743                       1.12075    1.351084
       var(e.couplebond01)|   .3397116    .027554                      .2897807    .3982459
       var(e.couplebond02)|   1.012495   .0493295                      .9202833    1.113946
        var(e.coupleint01)|   .4625401   .0332034                      .4018333    .5324181
           var(e.sexnet01)|   2.235601   .2237985                      1.837314    2.720228
           var(e.sexnet02)|   2.101105     .15618                      1.816251    2.430634
            var(e.sexquan)|   .8824331   .0353288                       .815837    .9544655
      var(e.sexactBalance)|   2.516898   .1028312                      2.323211    2.726733
        var(e.sexorgasm01)|    3.67237   .1526002                      3.385135    3.983978
           var(e.sexfan02)|   2.306941   .0920936                      2.133321     2.49469
          var(e.sexsatlat)|   .8436324   .0532969                      .7453807     .954835
           var(e.distract)|   2.003636   .2419781                       1.58132    2.538739
           var(sexpornB01)|   3.621894   .1445869                      3.349312    3.916661
           var(sexmastB01)|   4.204571   .1678475                      3.888136    4.546758
            var(sexcomm01)|   4.597728   .1835424                      4.251705    4.971912
               var(couple)|   1.104003   .0609345                      .9908063    1.230131
--------------------------+----------------------------------------------------------------
cov(sexpornB01,sexmastB01)|   1.853432   .1219487    15.20   0.000     1.614416    2.092447
     cov(sexcomm01,couple)|   .1627807   .0680179     2.39   0.017     .0294681    .2960933
-------------------------------------------------------------------------------------------
LR test of model vs. saturated: chi2(75)  =    185.75, Prob > chi2 = 0.0000

.                                                                                                                                                                                                            
>                                                                                                                                                                      #delimit cr
delimiter now cr
. 
. //-----Testen der Modellgüte-----
. estat gof, stats(all)

----------------------------------------------------------------------------
Fit statistic        |      Value   Description
---------------------+------------------------------------------------------
Likelihood ratio     |
         chi2_ms(75) |    185.755   model vs. saturated
            p > chi2 |      0.000
        chi2_bs(102) |   5984.186   baseline vs. saturated
            p > chi2 |      0.000
---------------------+------------------------------------------------------
Population error     |
               RMSEA |      0.034   Root mean squared error of approximation
 90% CI, lower bound |      0.028
         upper bound |      0.041
              pclose |      1.000   Probability RMSEA <= 0.05
---------------------+------------------------------------------------------
Information criteria |
                 AIC |  66776.240   Akaike's information criterion
                 BIC |  67084.334   Bayesian information criterion
---------------------+------------------------------------------------------
Baseline comparison  |
                 CFI |      0.981   Comparative fit index
                 TLI |      0.974   Tucker-Lewis index
---------------------+------------------------------------------------------
Size of residuals    |
                SRMR |      0.039   Standardized root mean squared residual
                  CD |      0.910   Coefficient of determination
----------------------------------------------------------------------------

. estat residuals, standardized

Residuals of observed variables

  Mean residuals

                 |  sexsat01   sexsat02   sexsat03  coupleb~1  coupleb~2  couplei~1   sexnet01   sexnet02    sexquan  sexactB~e  sexorg~01   sexfan02  sexpo~B01  sexma~B01  sexcomm01 
    -------------+---------------------------------------------------------------------------------------------------------------------------------------------------------------------
             raw |     0.000      0.000      0.000      0.000      0.000      0.000     -0.000     -0.000      0.000      0.000      0.000     -0.000      0.000      0.000      0.000 
    standardized |         .          .          .          .          .          .          .          .          .          .          .     -0.000          .      0.000          . 
    -----------------------------------------------------------------------------------------------------------------------------------------------------------------------------------

  Covariance residuals

                 |  sexsat01   sexsat02   sexsat03  coupleb~1  coupleb~2  couplei~1   sexnet01   sexnet02    sexquan  sexactB~e  sexorg~01   sexfan02  sexpo~B01  sexma~B01  sexcomm01 
    -------------+---------------------------------------------------------------------------------------------------------------------------------------------------------------------
        sexsat01 |     0.102                                                                                                                                                           
        sexsat02 |     0.090      0.121                                                                                                                                                
        sexsat03 |     0.173      0.107      0.098                                                                                                                                     
    couplebond01 |     0.144      0.104      0.046     -0.000                                                                                                                          
    couplebond02 |     0.124      0.035      0.011     -0.001      0.000                                                                                                               
     coupleint01 |     0.171      0.079      0.022     -0.002      0.006      0.000                                                                                                    
        sexnet01 |    -0.030     -0.072     -0.052      0.053      0.067     -0.000      0.002                                                                                         
        sexnet02 |     0.002      0.020     -0.069      0.085      0.019      0.020      0.037      0.001                                                                              
         sexquan |     0.042      0.080     -0.035      0.041      0.003      0.031     -0.129     -0.058      0.007                                                                   
    sexactBala~e |     0.111      0.119      0.007      0.242      0.269      0.268      0.006      0.072      0.028      0.000                                                        
     sexorgasm01 |    -0.004      0.173      0.212      0.202      0.259      0.284      0.067      0.009      0.081     -0.001     -0.000                                             
        sexfan02 |    -0.066     -0.035     -0.023     -0.041     -0.111      0.021     -0.055      0.108     -0.003      0.000      0.012      0.000                                  
      sexpornB01 |    -0.273     -0.350     -0.346     -0.059     -0.125     -0.116     -0.015     -0.055     -0.110     -0.000     -0.111      0.000      0.000                       
      sexmastB01 |    -0.241     -0.280     -0.354     -0.001     -0.203     -0.125     -0.093     -0.002     -0.120      0.137     -0.136     -0.000      0.000      0.000            
       sexcomm01 |     0.173      0.108      0.047     -0.015     -0.016      0.018     -0.002      0.034      0.135      0.024      0.098      0.083      0.059     -0.214     -0.000 
    -----------------------------------------------------------------------------------------------------------------------------------------------------------------------------------

  Standardized covariance residuals

                 |  sexsat01   sexsat02   sexsat03  coupleb~1  coupleb~2  couplei~1   sexnet01   sexnet02    sexquan  sexactB~e  sexorg~01   sexfan02  sexpo~B01  sexma~B01  sexcomm01 
    -------------+---------------------------------------------------------------------------------------------------------------------------------------------------------------------
        sexsat01 |     3.360                                                                                                                                                           
        sexsat02 |     2.929      3.712                                                                                                                                                
        sexsat03 |     5.254      3.457      3.159                                                                                                                                     
    couplebond01 |     4.436      4.113      1.215     -0.000                                                                                                                          
    couplebond02 |     2.501      0.810      0.201     -0.240      0.000                                                                                                               
     coupleint01 |     4.619      2.652      0.525     -0.744      1.633      0.000                                                                                                    
        sexnet01 |    -0.464     -1.364     -0.716      1.355      1.081     -0.006      0.326                                                                                         
        sexnet02 |     0.031      0.392     -1.035      2.099      0.318      0.432          .      0.301                                                                              
         sexquan |     1.847      4.828     -1.321      3.038      0.129      1.918     -2.326     -1.170      1.563                                                                   
    sexactBala~e |     2.742      4.576      0.139      4.424      3.865      4.479      0.125      1.403     34.416      0.021                                                        
     sexorgasm01 |    -0.066      3.472      3.131      3.202      3.186      4.096      1.369      0.189      1.530     -0.318          .                                             
        sexfan02 |    -0.965     -0.545     -0.319     -0.730     -1.570      0.347     -0.590      1.278     -0.521      0.031      0.138          .                                  
      sexpornB01 |    -3.344     -4.490     -3.985     -0.911     -1.545     -1.647     -0.270     -0.892     -2.311     -0.018     -1.144          .          .                       
      sexmastB01 |    -2.582     -3.079     -3.596     -0.011     -2.324     -1.642     -0.848     -0.022     -2.277      1.704     -1.197          .          .      0.000            
       sexcomm01 |     2.683      2.067      0.643     -0.556     -0.291      0.552     -0.038      0.538      2.354      0.847      0.887      0.828      0.516     -1.725          . 
    -----------------------------------------------------------------------------------------------------------------------------------------------------------------------------------

.         
. log close
      name:  <unnamed>
       log:  \log\04_SEM_full_ML_unstandardized.log
  log type:  text
 closed on:  25 May 2022, 10:09:54
-------------------------------------------------------------------------------------------------------------------------------------------------------------------------------------------------------------
