------------------------------------------------------------------------------------------------------------------------------------------------------------
      name:  <unnamed>
       log:  \log\04_SEM_KONTROLL_MLSB_teff
> ects.log
  log type:  text
 opened on:  15 May 2022, 18:19:54

.         
. estat teffects, standardized


Direct effects
------------------------------------------------------------------------------------
                   |           Satorra-Bentler
                   |      Coef.   Std. Err.      z    P>|z|               Std. Coef.
-------------------+----------------------------------------------------------------
Structural         |
  sexorgasm01 <-   |
     sexactBalance |   .2021805   .0336611     6.01   0.000                 .1693755
          sexfan02 |          0  (no path)                                         0
          distract |  -.3103111   .0522899    -5.93   0.000                 -.233638
        sexpornB01 |          0  (no path)                                         0
        sexmastB01 |          0  (no path)                                         0
         sexcomm01 |          0  (no path)                                         0
               age |   .0010698   .0088856     0.12   0.904                 .0038681
         education |   .0605584   .0536808     1.13   0.259                 .0314688
          stress01 |   .0482881   .0331853     1.46   0.146                 .0435998
      healthphys01 |  -.0102971   .0292348    -0.35   0.725                -.0104511
          bigfiveO |   .0454393   .0533307     0.85   0.394                 .0253537
    coupleduration |   .0430291    .011662     3.69   0.000                 .1081411
            couple |          0  (no path)                                         0
  -----------------+----------------------------------------------------------------
  sexfan02 <-      |
        sexpornB01 |   .1942562   .0256842     7.56   0.000                 .2223499
        sexmastB01 |   .1748506   .0243551     7.18   0.000                 .2153323
               age |   .0032947   .0073353     0.45   0.653                 .0144388
         education |  -.0974111   .0414726    -2.35   0.019                -.0613544
          stress01 |     .07516   .0244541     3.07   0.002                 .0822548
      healthphys01 |    .009078   .0222492     0.41   0.683                 .0111678
          bigfiveO |   .2256224   .0382863     5.89   0.000                 .1525891
    coupleduration |  -.0090514   .0102079    -0.89   0.375                -.0275724
  -----------------+----------------------------------------------------------------
  sexsatlat <-     |
           sexquan |   .6350146   .0382543    16.60   0.000                 .4532143
     sexactBalance |   .1081339   .0215019     5.03   0.000                 .1319452
       sexorgasm01 |   .1658023   .0168658     9.83   0.000                 .2414965
          sexfan02 |          0  (no path)                                         0
          distract |  -.1333259   .0329137    -4.05   0.000                -.1462113
        sexpornB01 |          0  (no path)                                         0
        sexmastB01 |          0  (no path)                                         0
         sexcomm01 |   .0486799   .0143678     3.39   0.001                 .0753413
               age |  -.0065755   .0051004    -1.29   0.197                -.0346291
         education |  -.0069398   .0300897    -0.23   0.818                -.0052526
          stress01 |  -.0323409   .0178062    -1.82   0.069                -.0425321
      healthphys01 |   .0152215    .016005     0.95   0.342                 .0225023
          bigfiveO |  -.0043817   .0300715    -0.15   0.884                 -.003561
    coupleduration |  -.0176775   .0075344    -2.35   0.019                -.0647098
            couple |   .3363727    .035586     9.45   0.000                 .2542529
  -----------------+----------------------------------------------------------------
  distract <-      |
        sexpornB01 |   .0713708   .0272054     2.62   0.009                 .0895171
         sexcomm01 |  -.1189307   .0254048    -4.68   0.000                -.1678458
               age |  -.0292425    .008427    -3.47   0.001                -.1404295
         education |  -.2018899   .0515529    -3.92   0.000                -.1393396
          stress01 |    .114881   .0320745     3.58   0.000                 .1377674
      healthphys01 |  -.1016238   .0284536    -3.57   0.000                -.1369927
          bigfiveO |   -.148101   .0486109    -3.05   0.002                -.1097546
    coupleduration |   .0119938   .0126802     0.95   0.344                  .040035
            couple |  -.1433589   .0521332    -2.75   0.006                -.0988105
-------------------+----------------------------------------------------------------
Measurement        |
  sexsat01 <-      |
           sexquan |          0  (no path)                                         0
     sexactBalance |          0  (no path)                                         0
       sexorgasm01 |          0  (no path)                                         0
          sexfan02 |          0  (no path)                                         0
         sexsatlat |          1  (constrained)                              .8289201
          distract |          0  (no path)                                         0
        sexpornB01 |          0  (no path)                                         0
        sexmastB01 |          0  (no path)                                         0
         sexcomm01 |          0  (no path)                                         0
               age |          0  (no path)                                         0
         education |          0  (no path)                                         0
          stress01 |          0  (no path)                                         0
      healthphys01 |          0  (no path)                                         0
          bigfiveO |          0  (no path)                                         0
    coupleduration |          0  (no path)                                         0
            couple |          0  (no path)                                         0
  -----------------+----------------------------------------------------------------
  sexsat02 <-      |
           sexquan |          0  (no path)                                         0
     sexactBalance |          0  (no path)                                         0
       sexorgasm01 |          0  (no path)                                         0
          sexfan02 |          0  (no path)                                         0
         sexsatlat |   1.087822   .0282137    38.56   0.000                 .9205649
          distract |          0  (no path)                                         0
        sexpornB01 |          0  (no path)                                         0
        sexmastB01 |          0  (no path)                                         0
         sexcomm01 |          0  (no path)                                         0
               age |          0  (no path)                                         0
         education |          0  (no path)                                         0
          stress01 |          0  (no path)                                         0
      healthphys01 |          0  (no path)                                         0
          bigfiveO |          0  (no path)                                         0
    coupleduration |          0  (no path)                                         0
            couple |          0  (no path)                                         0
  -----------------+----------------------------------------------------------------
  sexsat03 <-      |
           sexquan |          0  (no path)                                         0
     sexactBalance |          0  (no path)                                         0
       sexorgasm01 |          0  (no path)                                         0
          sexfan02 |          0  (no path)                                         0
         sexsatlat |   .9762783   .0314541    31.04   0.000                 .7719753
          distract |          0  (no path)                                         0
        sexpornB01 |          0  (no path)                                         0
        sexmastB01 |          0  (no path)                                         0
         sexcomm01 |          0  (no path)                                         0
               age |          0  (no path)                                         0
         education |          0  (no path)                                         0
          stress01 |          0  (no path)                                         0
      healthphys01 |          0  (no path)                                         0
          bigfiveO |          0  (no path)                                         0
    coupleduration |          0  (no path)                                         0
            couple |          0  (no path)                                         0
  -----------------+----------------------------------------------------------------
  couplebond01 <-  |
            couple |          1  (constrained)                              .8700015
  -----------------+----------------------------------------------------------------
  couplebond02 <-  |
            couple |   1.073934   .0477366    22.50   0.000                 .7474517
  -----------------+----------------------------------------------------------------
  coupleint01 <-   |
            couple |   1.082497   .0416215    26.01   0.000                 .8610012
  -----------------+----------------------------------------------------------------
  sexnet01 <-      |
          distract |          1  (constrained)                              .7249794
        sexpornB01 |          0  (no path)                                         0
         sexcomm01 |          0  (no path)                                         0
               age |          0  (no path)                                         0
         education |          0  (no path)                                         0
          stress01 |          0  (no path)                                         0
      healthphys01 |          0  (no path)                                         0
          bigfiveO |          0  (no path)                                         0
    coupleduration |          0  (no path)                                         0
            couple |          0  (no path)                                         0
  -----------------+----------------------------------------------------------------
  sexnet02 <-      |
          distract |   .7606319   .0698841    10.88   0.000                 .6167279
        sexpornB01 |          0  (no path)                                         0
         sexcomm01 |          0  (no path)                                         0
               age |          0  (no path)                                         0
         education |          0  (no path)                                         0
          stress01 |          0  (no path)                                         0
      healthphys01 |          0  (no path)                                         0
          bigfiveO |          0  (no path)                                         0
    coupleduration |          0  (no path)                                         0
            couple |          0  (no path)                                         0
-------------------+----------------------------------------------------------------
Structural         |
  sexquan <-       |
     sexactBalance |   .1195351   .0173023     6.91   0.000                 .2043654
          sexfan02 |   .0528664   .0162331     3.26   0.001                 .0890122
          distract |          0  (no path)                                         0
        sexpornB01 |          0  (no path)                                         0
        sexmastB01 |          0  (no path)                                         0
         sexcomm01 |          0  (no path)                                         0
               age |  -.0006527   .0043425    -0.15   0.881                -.0048161
         education |   -.056966   .0243711    -2.34   0.019                -.0604119
          stress01 |  -.0381546   .0151255    -2.52   0.012                -.0703059
      healthphys01 |   .0304427   .0136578     2.23   0.026                 .0630567
          bigfiveO |   .0300594   .0240579     1.25   0.211                 .0342288
    coupleduration |  -.0521311   .0076083    -6.85   0.000                -.2673779
            couple |   .1159506   .0269109     4.31   0.000                 .1227999
  -----------------+----------------------------------------------------------------
  sexactBalance <- |
          sexfan02 |   .1669845   .0293103     5.70   0.000                 .1644502
          distract |  -.1601549    .043263    -3.70   0.000                -.1439379
        sexpornB01 |   .1370376   .0260821     5.25   0.000                 .1544756
        sexmastB01 |          0  (no path)                                         0
         sexcomm01 |   .0336556    .020941     1.61   0.108                 .0426882
               age |   .0090055   .0089962     1.00   0.317                 .0388677
         education |    -.00224   .0465119    -0.05   0.962                -.0013894
          stress01 |  -.0247789   .0277325    -0.89   0.372                -.0267064
      healthphys01 |   .0211262   .0238914     0.88   0.377                 .0255951
          bigfiveO |   .2416958   .0438418     5.51   0.000                 .1609788
    coupleduration |  -.0238398   .0102858    -2.32   0.020                -.0715188
            couple |          0  (no path)                                         0
------------------------------------------------------------------------------------


Indirect effects
------------------------------------------------------------------------------------
                   |           Satorra-Bentler
                   |      Coef.   Std. Err.      z    P>|z|               Std. Coef.
-------------------+----------------------------------------------------------------
Structural         |
  sexorgasm01 <-   |
     sexactBalance |          0  (no path)                                         0
          sexfan02 |    .033761    .005926     5.70   0.000                 .0278538
          distract |  -.0323802   .0087469    -3.70   0.000                -.0243796
        sexpornB01 |   .0098065   .0122869     0.80   0.425                 .0092607
        sexmastB01 |   .0059031   .0016605     3.55   0.000                 .0059978
         sexcomm01 |    .047561   .0110349     4.31   0.000                 .0505375
               age |   .0119531   .0037162     3.22   0.001                 .0432187
         education |   .0654443   .0211693     3.09   0.002                 .0340078
          stress01 |  -.0418411   .0133597    -3.13   0.002                -.0377787
      healthphys01 |   .0394034   .0112958     3.49   0.000                 .0399928
          bigfiveO |   .1072363   .0207429     5.17   0.000                 .0598347
    coupleduration |  -.0092357   .0048004    -1.92   0.054                -.0232113
            couple |   .0491278   .0196473     2.50   0.012                 .0254948
  -----------------+----------------------------------------------------------------
  sexfan02 <-      |
        sexpornB01 |          0  (no path)                                         0
        sexmastB01 |          0  (no path)                                         0
               age |          0  (no path)                                         0
         education |          0  (no path)                                         0
          stress01 |          0  (no path)                                         0
      healthphys01 |          0  (no path)                                         0
          bigfiveO |          0  (no path)                                         0
    coupleduration |          0  (no path)                                         0
  -----------------+----------------------------------------------------------------
  sexsatlat <-     |
           sexquan |          0  (no path)                                         0
     sexactBalance |   .1094285   .0128486     8.52   0.000                 .1335249
       sexorgasm01 |          0  (no path)                                         0
          sexfan02 |   .0699005   .0120634     5.79   0.000                 .0839982
          distract |   -.086294   .0134547    -6.41   0.000                 -.094634
        sexpornB01 |   .0277184   .0094763     2.93   0.003                 .0381259
        sexmastB01 |   .0122221   .0027534     4.44   0.000                 .0180875
         sexcomm01 |   .0334417   .0080638     4.15   0.000                 .0517573
               age |   .0083747   .0039464     2.12   0.034                 .0441043
         education |   .0109091   .0246895     0.44   0.659                 .0082569
          stress01 |  -.0415898   .0147505    -2.82   0.005                -.0546956
      healthphys01 |   .0451737   .0132755     3.40   0.001                 .0667811
          bigfiveO |    .127503   .0233143     5.47   0.000                  .103622
    coupleduration |  -.0344231   .0061955    -5.56   0.000                -.1260082
            couple |   .1051148   .0225149     4.67   0.000                 .0794527
  -----------------+----------------------------------------------------------------
  distract <-      |
        sexpornB01 |          0  (no path)                                         0
         sexcomm01 |          0  (no path)                                         0
               age |          0  (no path)                                         0
         education |          0  (no path)                                         0
          stress01 |          0  (no path)                                         0
      healthphys01 |          0  (no path)                                         0
          bigfiveO |          0  (no path)                                         0
    coupleduration |          0  (no path)                                         0
            couple |          0  (no path)                                         0
-------------------+----------------------------------------------------------------
Measurement        |
  sexsat01 <-      |
           sexquan |   .6350146   .0382543    16.60   0.000                 .3756785
     sexactBalance |   .2175624   .0263002     8.27   0.000                 .2200535
       sexorgasm01 |   .1658023   .0168658     9.83   0.000                 .2001813
          sexfan02 |   .0699005   .0120634     5.79   0.000                 .0696278
         sexsatlat |          0  (no path)                                         0
          distract |  -.2196198   .0376186    -5.84   0.000                -.1996415
        sexpornB01 |   .0277184   .0094763     2.93   0.003                 .0316033
        sexmastB01 |   .0122221   .0027534     4.44   0.000                 .0149931
         sexcomm01 |   .0821216   .0154454     5.32   0.000                 .1053546
               age |   .0017992   .0064572     0.28   0.781                 .0078542
         education |   .0039693   .0371301     0.11   0.915                 .0024903
          stress01 |  -.0739307   .0233088    -3.17   0.002                 -.080594
      healthphys01 |   .0603952   .0200962     3.01   0.003                 .0740089
          bigfiveO |   .1231213   .0390148     3.16   0.002                 .0829425
    coupleduration |  -.0521006   .0101831    -5.12   0.000                -.1580899
            couple |   .4414875   .0423186    10.43   0.000                 .2766153
  -----------------+----------------------------------------------------------------
  sexsat02 <-      |
           sexquan |    .690783   .0416139    16.60   0.000                 .4172132
     sexactBalance |   .2366692     .02861     8.27   0.000                 .2443825
       sexorgasm01 |   .1803634    .018347     9.83   0.000                 .2223132
          sexfan02 |   .0760393   .0131228     5.79   0.000                 .0773258
         sexsatlat |          0  (no path)                                         0
          distract |  -.2389073   .0409223    -5.84   0.000                -.2217138
        sexpornB01 |   .0301527    .010241     2.94   0.003                 .0350974
        sexmastB01 |   .0132955   .0029784     4.46   0.000                 .0166507
         sexcomm01 |   .0893337   .0166967     5.35   0.000                 .1170025
               age |   .0019572   .0070271     0.28   0.781                 .0087225
         education |   .0043179   .0403935     0.11   0.915                 .0027656
          stress01 |  -.0804235   .0253022    -3.18   0.001                -.0895044
      healthphys01 |   .0656992   .0218216     3.01   0.003                 .0821912
          bigfiveO |   .1339341   .0422343     3.17   0.002                 .0921126
    coupleduration |  -.0566762    .010994    -5.16   0.000                -.1755683
            couple |   .4802599   .0442617    10.85   0.000                 .3071977
  -----------------+----------------------------------------------------------------
  sexsat03 <-      |
           sexquan |    .619951   .0373469    16.60   0.000                 .3498703
     sexactBalance |   .2124015   .0256763     8.27   0.000                 .2049364
       sexorgasm01 |   .1618692   .0164658     9.83   0.000                 .1864293
          sexfan02 |   .0682423   .0117772     5.79   0.000                 .0648446
         sexsatlat |          0  (no path)                                         0
          distract |  -.2144101   .0367262    -5.84   0.000                -.1859266
        sexpornB01 |   .0270609   .0091917     2.94   0.003                 .0294322
        sexmastB01 |   .0119322   .0026731     4.46   0.000                 .0139631
         sexcomm01 |   .0801736    .015007     5.34   0.000                  .098117
               age |   .0017565   .0063113     0.28   0.781                 .0073146
         education |   .0038751   .0362432     0.11   0.915                 .0023192
          stress01 |   -.072177   .0228598    -3.16   0.002                -.0750574
      healthphys01 |   .0589625   .0195282     3.02   0.003                 .0689246
          bigfiveO |   .1202007   .0378713     3.17   0.002                 .0772446
    coupleduration |  -.0508647   .0099903    -5.09   0.000                -.1472296
            couple |   .4310147   .0412457    10.45   0.000                 .2576125
  -----------------+----------------------------------------------------------------
  couplebond01 <-  |
            couple |          0  (no path)                                         0
  -----------------+----------------------------------------------------------------
  couplebond02 <-  |
            couple |          0  (no path)                                         0
  -----------------+----------------------------------------------------------------
  coupleint01 <-   |
            couple |          0  (no path)                                         0
  -----------------+----------------------------------------------------------------
  sexnet01 <-      |
          distract |          0  (no path)                                         0
        sexpornB01 |   .0713708   .0272054     2.62   0.009                  .064898
         sexcomm01 |  -.1189307   .0254048    -4.68   0.000                -.1216848
               age |  -.0292425    .008427    -3.47   0.001                -.1018085
         education |  -.2018899   .0515529    -3.92   0.000                -.1010184
          stress01 |    .114881   .0320745     3.58   0.000                 .0998785
      healthphys01 |  -.1016238   .0284536    -3.57   0.000                -.0993169
          bigfiveO |   -.148101   .0486109    -3.05   0.002                -.0795698
    coupleduration |   .0119938   .0126802     0.95   0.344                 .0290246
            couple |  -.1433589   .0521332    -2.75   0.006                -.0716356
  -----------------+----------------------------------------------------------------
  sexnet02 <-      |
          distract |          0  (no path)                                         0
        sexpornB01 |   .0542869   .0208306     2.61   0.009                 .0552077
         sexcomm01 |  -.0904625   .0198823    -4.55   0.000                -.1035152
               age |  -.0222428   .0065672    -3.39   0.001                -.0866068
         education |  -.1535639   .0395235    -3.89   0.000                -.0859346
          stress01 |   .0873822   .0251648     3.47   0.001                  .084965
      healthphys01 |  -.0772983   .0220562    -3.50   0.000                -.0844872
          bigfiveO |  -.1126503   .0372912    -3.02   0.003                -.0676887
    coupleduration |   .0091229   .0096416     0.95   0.344                 .0246907
            couple |  -.1090433   .0396942    -2.75   0.006                -.0609392
-------------------+----------------------------------------------------------------
Structural         |
  sexquan <-       |
     sexactBalance |          0  (no path)                                         0
          sexfan02 |   .0199605   .0035036     5.70   0.000                 .0336079
          distract |  -.0191441   .0051714    -3.70   0.000                -.0294159
        sexpornB01 |   .0291615   .0052826     5.52   0.000                 .0562008
        sexmastB01 |   .0127338   .0032191     3.96   0.000                 .0264041
         sexcomm01 |   .0062998   .0027406     2.30   0.022                 .0136613
               age |   .0018762   .0012586     1.49   0.136                 .0138446
         education |  -.0034969   .0065243    -0.54   0.592                -.0037084
          stress01 |   .0003124   .0039491     0.08   0.937                 .0005757
      healthphys01 |   .0051319   .0033286     1.54   0.123                 .0106299
          bigfiveO |   .0481578   .0079658     6.05   0.000                 .0548375
    coupleduration |  -.0037385   .0015299    -2.44   0.015                -.0191746
            couple |   .0027445   .0013486     2.04   0.042                 .0029066
  -----------------+----------------------------------------------------------------
  sexactBalance <- |
          sexfan02 |          0  (no path)                                         0
          distract |          0  (no path)                                         0
        sexpornB01 |   .0210074   .0089614     2.34   0.019                 .0236806
        sexmastB01 |   .0291973    .006481     4.51   0.000                 .0354114
         sexcomm01 |   .0190473   .0064676     2.95   0.003                 .0241594
               age |   .0052335   .0021545     2.43   0.015                 .0225876
         education |   .0160675      .0138     1.16   0.244                 .0099665
          stress01 |  -.0058482   .0085803    -0.68   0.495                -.0063031
      healthphys01 |   .0177914   .0073075     2.43   0.015                  .021555
          bigfiveO |   .0613945   .0131726     4.66   0.000                 .0408912
    coupleduration |  -.0034323    .002671    -1.29   0.199                -.0102968
            couple |   .0229596    .010645     2.16   0.031                 .0142226
------------------------------------------------------------------------------------


Total effects
------------------------------------------------------------------------------------
                   |           Satorra-Bentler
                   |      Coef.   Std. Err.      z    P>|z|               Std. Coef.
-------------------+----------------------------------------------------------------
Structural         |
  sexorgasm01 <-   |
     sexactBalance |   .2021805   .0336611     6.01   0.000                 .1693755
          sexfan02 |    .033761    .005926     5.70   0.000                 .0278538
          distract |  -.3426913   .0539216    -6.36   0.000                -.2580176
        sexpornB01 |   .0098065   .0122869     0.80   0.425                 .0092607
        sexmastB01 |   .0059031   .0016605     3.55   0.000                 .0059978
         sexcomm01 |    .047561   .0110349     4.31   0.000                 .0505375
               age |   .0130229   .0089903     1.45   0.147                 .0470868
         education |   .1260027   .0536487     2.35   0.019                 .0654766
          stress01 |    .006447   .0328102     0.20   0.844                 .0058211
      healthphys01 |   .0291063    .029317     0.99   0.321                 .0295417
          bigfiveO |   .1526756   .0525433     2.91   0.004                 .0851884
    coupleduration |   .0337934    .012219     2.77   0.006                 .0849299
            couple |   .0491278   .0196473     2.50   0.012                 .0254948
  -----------------+----------------------------------------------------------------
  sexfan02 <-      |
        sexpornB01 |   .1942562   .0256842     7.56   0.000                 .2223499
        sexmastB01 |   .1748506   .0243551     7.18   0.000                 .2153323
               age |   .0032947   .0073353     0.45   0.653                 .0144388
         education |  -.0974111   .0414726    -2.35   0.019                -.0613544
          stress01 |     .07516   .0244541     3.07   0.002                 .0822548
      healthphys01 |    .009078   .0222492     0.41   0.683                 .0111678
          bigfiveO |   .2256224   .0382863     5.89   0.000                 .1525891
    coupleduration |  -.0090514   .0102079    -0.89   0.375                -.0275724
  -----------------+----------------------------------------------------------------
  sexsatlat <-     |
           sexquan |   .6350146   .0382543    16.60   0.000                 .4532143
     sexactBalance |   .2175624   .0263002     8.27   0.000                 .2654701
       sexorgasm01 |   .1658023   .0168658     9.83   0.000                 .2414965
          sexfan02 |   .0699005   .0120634     5.79   0.000                 .0839982
          distract |  -.2196198   .0376186    -5.84   0.000                -.2408453
        sexpornB01 |   .0277184   .0094763     2.93   0.003                 .0381259
        sexmastB01 |   .0122221   .0027534     4.44   0.000                 .0180875
         sexcomm01 |   .0821216   .0154454     5.32   0.000                 .1270986
               age |   .0017992   .0064572     0.28   0.781                 .0094752
         education |   .0039693   .0371301     0.11   0.915                 .0030043
          stress01 |  -.0739307   .0233088    -3.17   0.002                -.0972277
      healthphys01 |   .0603952   .0200962     3.01   0.003                 .0892835
          bigfiveO |   .1231213   .0390148     3.16   0.002                 .1000609
    coupleduration |  -.0521006   .0101831    -5.12   0.000                -.1907179
            couple |   .4414875   .0423186    10.43   0.000                 .3337057
  -----------------+----------------------------------------------------------------
  distract <-      |
        sexpornB01 |   .0713708   .0272054     2.62   0.009                 .0895171
         sexcomm01 |  -.1189307   .0254048    -4.68   0.000                -.1678458
               age |  -.0292425    .008427    -3.47   0.001                -.1404295
         education |  -.2018899   .0515529    -3.92   0.000                -.1393396
          stress01 |    .114881   .0320745     3.58   0.000                 .1377674
      healthphys01 |  -.1016238   .0284536    -3.57   0.000                -.1369927
          bigfiveO |   -.148101   .0486109    -3.05   0.002                -.1097546
    coupleduration |   .0119938   .0126802     0.95   0.344                  .040035
            couple |  -.1433589   .0521332    -2.75   0.006                -.0988105
-------------------+----------------------------------------------------------------
Measurement        |
  sexsat01 <-      |
           sexquan |   .6350146   .0382543    16.60   0.000                 .3756785
     sexactBalance |   .2175624   .0263002     8.27   0.000                 .2200535
       sexorgasm01 |   .1658023   .0168658     9.83   0.000                 .2001813
          sexfan02 |   .0699005   .0120634     5.79   0.000                 .0696278
         sexsatlat |          1  (constrained)                              .8289201
          distract |  -.2196198   .0376186    -5.84   0.000                -.1996415
        sexpornB01 |   .0277184   .0094763     2.93   0.003                 .0316033
        sexmastB01 |   .0122221   .0027534     4.44   0.000                 .0149931
         sexcomm01 |   .0821216   .0154454     5.32   0.000                 .1053546
               age |   .0017992   .0064572     0.28   0.781                 .0078542
         education |   .0039693   .0371301     0.11   0.915                 .0024903
          stress01 |  -.0739307   .0233088    -3.17   0.002                 -.080594
      healthphys01 |   .0603952   .0200962     3.01   0.003                 .0740089
          bigfiveO |   .1231213   .0390148     3.16   0.002                 .0829425
    coupleduration |  -.0521006   .0101831    -5.12   0.000                -.1580899
            couple |   .4414875   .0423186    10.43   0.000                 .2766153
  -----------------+----------------------------------------------------------------
  sexsat02 <-      |
           sexquan |    .690783   .0416139    16.60   0.000                 .4172132
     sexactBalance |   .2366692     .02861     8.27   0.000                 .2443825
       sexorgasm01 |   .1803634    .018347     9.83   0.000                 .2223132
          sexfan02 |   .0760393   .0131228     5.79   0.000                 .0773258
         sexsatlat |   1.087822   .0282137    38.56   0.000                 .9205649
          distract |  -.2389073   .0409223    -5.84   0.000                -.2217138
        sexpornB01 |   .0301527    .010241     2.94   0.003                 .0350974
        sexmastB01 |   .0132955   .0029784     4.46   0.000                 .0166507
         sexcomm01 |   .0893337   .0166967     5.35   0.000                 .1170025
               age |   .0019572   .0070271     0.28   0.781                 .0087225
         education |   .0043179   .0403935     0.11   0.915                 .0027656
          stress01 |  -.0804235   .0253022    -3.18   0.001                -.0895044
      healthphys01 |   .0656992   .0218216     3.01   0.003                 .0821912
          bigfiveO |   .1339341   .0422343     3.17   0.002                 .0921126
    coupleduration |  -.0566762    .010994    -5.16   0.000                -.1755683
            couple |   .4802599   .0442617    10.85   0.000                 .3071977
  -----------------+----------------------------------------------------------------
  sexsat03 <-      |
           sexquan |    .619951   .0373469    16.60   0.000                 .3498703
     sexactBalance |   .2124015   .0256763     8.27   0.000                 .2049364
       sexorgasm01 |   .1618692   .0164658     9.83   0.000                 .1864293
          sexfan02 |   .0682423   .0117772     5.79   0.000                 .0648446
         sexsatlat |   .9762783   .0314541    31.04   0.000                 .7719753
          distract |  -.2144101   .0367262    -5.84   0.000                -.1859266
        sexpornB01 |   .0270609   .0091917     2.94   0.003                 .0294322
        sexmastB01 |   .0119322   .0026731     4.46   0.000                 .0139631
         sexcomm01 |   .0801736    .015007     5.34   0.000                  .098117
               age |   .0017565   .0063113     0.28   0.781                 .0073146
         education |   .0038751   .0362432     0.11   0.915                 .0023192
          stress01 |   -.072177   .0228598    -3.16   0.002                -.0750574
      healthphys01 |   .0589625   .0195282     3.02   0.003                 .0689246
          bigfiveO |   .1202007   .0378713     3.17   0.002                 .0772446
    coupleduration |  -.0508647   .0099903    -5.09   0.000                -.1472296
            couple |   .4310147   .0412457    10.45   0.000                 .2576125
  -----------------+----------------------------------------------------------------
  couplebond01 <-  |
            couple |          1  (constrained)                              .8700015
  -----------------+----------------------------------------------------------------
  couplebond02 <-  |
            couple |   1.073934   .0477366    22.50   0.000                 .7474517
  -----------------+----------------------------------------------------------------
  coupleint01 <-   |
            couple |   1.082497   .0416215    26.01   0.000                 .8610012
  -----------------+----------------------------------------------------------------
  sexnet01 <-      |
          distract |          1  (constrained)                              .7249794
        sexpornB01 |   .0713708   .0272054     2.62   0.009                  .064898
         sexcomm01 |  -.1189307   .0254048    -4.68   0.000                -.1216848
               age |  -.0292425    .008427    -3.47   0.001                -.1018085
         education |  -.2018899   .0515529    -3.92   0.000                -.1010184
          stress01 |    .114881   .0320745     3.58   0.000                 .0998785
      healthphys01 |  -.1016238   .0284536    -3.57   0.000                -.0993169
          bigfiveO |   -.148101   .0486109    -3.05   0.002                -.0795698
    coupleduration |   .0119938   .0126802     0.95   0.344                 .0290246
            couple |  -.1433589   .0521332    -2.75   0.006                -.0716356
  -----------------+----------------------------------------------------------------
  sexnet02 <-      |
          distract |   .7606319   .0698841    10.88   0.000                 .6167279
        sexpornB01 |   .0542869   .0208306     2.61   0.009                 .0552077
         sexcomm01 |  -.0904625   .0198823    -4.55   0.000                -.1035152
               age |  -.0222428   .0065672    -3.39   0.001                -.0866068
         education |  -.1535639   .0395235    -3.89   0.000                -.0859346
          stress01 |   .0873822   .0251648     3.47   0.001                  .084965
      healthphys01 |  -.0772983   .0220562    -3.50   0.000                -.0844872
          bigfiveO |  -.1126503   .0372912    -3.02   0.003                -.0676887
    coupleduration |   .0091229   .0096416     0.95   0.344                 .0246907
            couple |  -.1090433   .0396942    -2.75   0.006                -.0609392
-------------------+----------------------------------------------------------------
Structural         |
  sexquan <-       |
     sexactBalance |   .1195351   .0173023     6.91   0.000                 .2043654
          sexfan02 |   .0728269   .0165704     4.39   0.000                 .1226201
          distract |  -.0191441   .0051714    -3.70   0.000                -.0294159
        sexpornB01 |   .0291615   .0052826     5.52   0.000                 .0562008
        sexmastB01 |   .0127338   .0032191     3.96   0.000                 .0264041
         sexcomm01 |   .0062998   .0027406     2.30   0.022                 .0136613
               age |   .0012236     .00428     0.29   0.775                 .0090285
         education |  -.0604629   .0251811    -2.40   0.016                -.0641204
          stress01 |  -.0378422    .015478    -2.44   0.014                -.0697302
      healthphys01 |   .0355746   .0141267     2.52   0.012                 .0736866
          bigfiveO |   .0782171   .0236216     3.31   0.001                 .0890663
    coupleduration |  -.0558696   .0076933    -7.26   0.000                -.2865525
            couple |   .1186951   .0271169     4.38   0.000                 .1257065
  -----------------+----------------------------------------------------------------
  sexactBalance <- |
          sexfan02 |   .1669845   .0293103     5.70   0.000                 .1644502
          distract |  -.1601549    .043263    -3.70   0.000                -.1439379
        sexpornB01 |    .158045   .0249306     6.34   0.000                 .1781562
        sexmastB01 |   .0291973    .006481     4.51   0.000                 .0354114
         sexcomm01 |   .0527029   .0209304     2.52   0.012                 .0668476
               age |    .014239   .0090519     1.57   0.116                 .0614553
         education |   .0138276   .0463312     0.30   0.765                 .0085771
          stress01 |  -.0306271   .0275062    -1.11   0.266                -.0330095
      healthphys01 |   .0389176   .0233455     1.67   0.096                 .0471501
          bigfiveO |   .3030904   .0416343     7.28   0.000                   .20187
    coupleduration |  -.0272721   .0104261    -2.62   0.009                -.0818156
            couple |   .0229596    .010645     2.16   0.031                 .0142226
------------------------------------------------------------------------------------

. 
. log close
      name:  <unnamed>
       log:  \log\04_SEM_KONTROLL_MLSB_teff
> ects.log
  log type:  text
 closed on:  15 May 2022, 18:19:54
------------------------------------------------------------------------------------------------------------------------------------------------------------
