-------------------------------------------------------------------------------------------------------------------------------------------------------------------------------------------------------------
      name:  <unnamed>
       log:  \log\04_SEM_full_ML_standardized.log
  log type:  text
 opened on:  25 May 2022, 10:09:53

. 
. //######## SEM final ML standardisiert ########
. 
. 
. #delimit ;
delimiter now ;
. sem
> ${gesamtModellPfade}
> , 
> latent (sexsatlat distract couple) 
> standardized nocnsreport nocapslatent 
> method(ml)  
> cov(
> ${gesamtModellKovarianzen}
> )
> ;
(39 observations with missing values excluded)

Endogenous variables

Observed:     sexquan sexactBalance sexorgasm01 sexfan02
Measurement:  sexsat01 sexsat02 sexsat03 couplebond01 couplebond02 coupleint01 sexnet01 sexnet02
Latent:       sexsatlat distract

Exogenous variables

Observed:     sexpornB01 sexmastB01 sexcomm01
Latent:       couple

Fitting target model:

Iteration 0:   log likelihood = -40841.824  (not concave)
Iteration 1:   log likelihood = -40040.091  (not concave)
Iteration 2:   log likelihood = -36004.969  (not concave)
Iteration 3:   log likelihood = -34437.782  (not concave)
Iteration 4:   log likelihood = -33705.192  (not concave)
Iteration 5:   log likelihood = -33565.453  
Iteration 6:   log likelihood = -33498.085  (not concave)
Iteration 7:   log likelihood = -33432.474  
Iteration 8:   log likelihood = -33418.874  
Iteration 9:   log likelihood = -33378.511  
Iteration 10:  log likelihood = -33334.237  
Iteration 11:  log likelihood =  -33328.52  
Iteration 12:  log likelihood = -33328.121  
Iteration 13:  log likelihood =  -33328.12  

Structural equation model                       Number of obs     =      1,255
Estimation method  = ml
Log likelihood     =  -33328.12

-------------------------------------------------------------------------------------------
                          |                 OIM
             Standardized |      Coef.   Std. Err.      z    P>|z|     [95% Conf. Interval]
--------------------------+----------------------------------------------------------------
Structural                |
  sexquan <-              |
            sexactBalance |   .2311897   .0276298     8.37   0.000     .1770362    .2853432
                 sexfan02 |   .0906072   .0277592     3.26   0.001     .0362002    .1450142
                   couple |   .1374939   .0290161     4.74   0.000     .0806234    .1943645
                    _cons |   2.739868    .111947    24.47   0.000     2.520456     2.95928
  ------------------------+----------------------------------------------------------------
  sexactBalance <-        |
                 sexfan02 |   .1990082   .0280359     7.10   0.000     .1440588    .2539576
                 distract |  -.1802716   .0348891    -5.17   0.000     -.248653   -.1118902
               sexpornB01 |   .1608513   .0285854     5.63   0.000      .104825    .2168776
                sexcomm01 |   .0492005   .0276588     1.78   0.075    -.0050098    .1034107
                    _cons |   1.301205   .1057264    12.31   0.000     1.093985    1.508425
  ------------------------+----------------------------------------------------------------
  sexorgasm01 <-          |
            sexactBalance |   .1629178   .0276693     5.89   0.000      .108687    .2171486
                 distract |  -.2423216    .034238    -7.08   0.000    -.3094269   -.1752162
                    _cons |   1.879845   .0860895    21.84   0.000     1.711113    2.048578
  ------------------------+----------------------------------------------------------------
  sexfan02 <-             |
               sexpornB01 |   .2366458   .0286622     8.26   0.000      .180469    .2928226
               sexmastB01 |   .2397666    .028645     8.37   0.000     .1836235    .2959097
                    _cons |   1.451252   .0817976    17.74   0.000     1.290932    1.611572
  ------------------------+----------------------------------------------------------------
  sexsatlat <-            |
                  sexquan |   .4820497   .0208936    23.07   0.000      .441099    .5230004
            sexactBalance |   .1304239    .023656     5.51   0.000      .084059    .1767889
              sexorgasm01 |   .2240791   .0230646     9.72   0.000     .1788733    .2692848
                 distract |  -.1527513   .0300376    -5.09   0.000    -.2116239   -.0938787
                sexcomm01 |   .0813454   .0220935     3.68   0.000     .0380429    .1246479
                   couple |   .2594884   .0237559    10.92   0.000     .2129277    .3060492
  ------------------------+----------------------------------------------------------------
  distract <-             |
               sexpornB01 |    .104889   .0347482     3.02   0.003     .0367838    .1729942
                sexcomm01 |  -.1783085   .0345216    -5.17   0.000    -.2459695   -.1106474
                   couple |  -.1561931   .0373567    -4.18   0.000    -.2294108   -.0829753
--------------------------+----------------------------------------------------------------
Measurement               |
  sexsat01 <-             |
                sexsatlat |   .8269411   .0110919    74.55   0.000     .8052014    .8486808
                    _cons |    .861604   .1063636     8.10   0.000     .6531352    1.070073
  ------------------------+----------------------------------------------------------------
  sexsat02 <-             |
                sexsatlat |   .9213687   .0081397   113.19   0.000     .9054152    .9373223
                    _cons |   .6689309   .1072305     6.24   0.000     .4587631    .8790987
  ------------------------+----------------------------------------------------------------
  sexsat03 <-             |
                sexsatlat |   .7746692   .0128162    60.44   0.000     .7495498    .7997885
                    _cons |    .319359   .0979145     3.26   0.001     .1274501     .511268
  ------------------------+----------------------------------------------------------------
  couplebond01 <-         |
                   couple |    .874469   .0115912    75.44   0.000     .8517507    .8971874
                    _cons |   5.177258   .1071247    48.33   0.000     4.967298    5.387219
  ------------------------+----------------------------------------------------------------
  couplebond02 <-         |
                   couple |   .7459072   .0150265    49.64   0.000     .7164558    .7753587
                    _cons |    3.98686   .0844364    47.22   0.000     3.821368    4.152352
  ------------------------+----------------------------------------------------------------
  coupleint01 <-          |
                   couple |   .8560573   .0119811    71.45   0.000     .8325748    .8795398
                    _cons |   4.592119   .0959074    47.88   0.000     4.404144    4.780094
  ------------------------+----------------------------------------------------------------
  sexnet01 <-             |
                 distract |    .700774   .0362878    19.31   0.000     .6296513    .7718967
                    _cons |   1.807147    .079353    22.77   0.000     1.651618    1.962675
  ------------------------+----------------------------------------------------------------
  sexnet02 <-             |
                 distract |   .6327919   .0341726    18.52   0.000     .5658147     .699769
                    _cons |   2.199941   .0776815    28.32   0.000     2.047688    2.352194
--------------------------+----------------------------------------------------------------
          mean(sexpornB01)|   1.636643   .0431739    37.91   0.000     1.552024    1.721263
          mean(sexmastB01)|   2.170683   .0517112    41.98   0.000     2.069331    2.272035
           mean(sexcomm01)|   2.284644   .0536315    42.60   0.000     2.179528     2.38976
--------------------------+----------------------------------------------------------------
           var(e.sexsat01)|   .3161684   .0183447                      .2821826    .3542474
           var(e.sexsat02)|   .1510797   .0149993                      .1243649     .183533
           var(e.sexsat03)|   .3998877   .0198567                      .3628032    .4407628
       var(e.couplebond01)|   .2353039   .0202723                      .1987444    .2785886
       var(e.couplebond02)|   .4436224   .0224168                      .4017919    .4898078
        var(e.coupleint01)|   .2671659    .020513                        .22984    .3105534
           var(e.sexnet01)|   .5089158   .0508591                      .4183889      .61903
           var(e.sexnet02)|   .5995745   .0432483                      .5205285    .6906242
            var(e.sexquan)|   .9068515   .0152023                      .8775396    .9371424
      var(e.sexactBalance)|   .8825208   .0186946                      .8466303    .9199327
        var(e.sexorgasm01)|   .9016777    .019054                      .8650953     .939807
           var(e.sexfan02)|   .8326137   .0192314                      .7957612    .8711728
          var(e.sexsatlat)|   .4415614     .02109                      .4021016    .4848936
           var(e.distract)|   .9287836   .0185469                      .8931345    .9658557
           var(sexpornB01)|          1          .                             .           .
           var(sexmastB01)|          1          .                             .           .
            var(sexcomm01)|          1          .                             .           .
               var(couple)|          1          .                             .           .
--------------------------+----------------------------------------------------------------
cov(sexpornB01,sexmastB01)|   .4749499   .0218603    21.73   0.000     .4321045    .5177953
     cov(sexcomm01,couple)|   .0722514   .0299657     2.41   0.016     .0135197    .1309831
-------------------------------------------------------------------------------------------
LR test of model vs. saturated: chi2(75)  =    185.75, Prob > chi2 = 0.0000

.                                                                                                                                                                                                            
>                                                                                                                                                                      #delimit cr
delimiter now cr
. 
. //-----Testen der Modellgüte-----
. 
. estat gof, stats(all)

----------------------------------------------------------------------------
Fit statistic        |      Value   Description
---------------------+------------------------------------------------------
Likelihood ratio     |
         chi2_ms(75) |    185.755   model vs. saturated
            p > chi2 |      0.000
        chi2_bs(102) |   5984.186   baseline vs. saturated
            p > chi2 |      0.000
---------------------+------------------------------------------------------
Population error     |
               RMSEA |      0.034   Root mean squared error of approximation
 90% CI, lower bound |      0.028
         upper bound |      0.041
              pclose |      1.000   Probability RMSEA <= 0.05
---------------------+------------------------------------------------------
Information criteria |
                 AIC |  66776.240   Akaike's information criterion
                 BIC |  67084.334   Bayesian information criterion
---------------------+------------------------------------------------------
Baseline comparison  |
                 CFI |      0.981   Comparative fit index
                 TLI |      0.974   Tucker-Lewis index
---------------------+------------------------------------------------------
Size of residuals    |
                SRMR |      0.039   Standardized root mean squared residual
                  CD |      0.910   Coefficient of determination
----------------------------------------------------------------------------

. 
. log close
      name:  <unnamed>
       log:  \log\04_SEM_full_ML_standardized.log
  log type:  text
 closed on:  25 May 2022, 10:09:53
-------------------------------------------------------------------------------------------------------------------------------------------------------------------------------------------------------------
