------------------------------------------------------------------------------------------------------------------------------------------------------------
      name:  <unnamed>
       log:  \log\07_Varianz_erklärt_durch_
> Variablengruppen_ohne_Kontrollvar.log
  log type:  text
 opened on:  15 May 2022, 18:20:16

. 
. //Erklärte Varianz der einzelnen Variablengruppen
. //ohne Kontrollvar
. 
. //###############################################################
. 
. //************ Gesamtmodell ohne Bewusstsein Vorlieben ************
. 
. #delimit ;
delimiter now ;
. sem
> 
>         //Messmodell Zufriedenheit
> (sexsatlat -> sexsat01)
> (sexsatlat -> sexsat02)
> (sexsatlat -> sexsat03)
> 
>         //Messmodell Beziehung
> (couple -> couplebond01)
> (couple -> couplebond02)
> (couple -> coupleint01)
> 
>         //Messmodell ablenkende Gedanken
> (distract -> sexnet01)                          
> (distract -> sexnet02)  
> 
>         //Kernmodell
> (sexquan -> sexsatlat)
> (sexactBalance -> sexsatlat)            
> (sexactBalance -> sexorgasm01)
> (sexorgasm01 -> sexsatlat)
> (sexactBalance -> sexquan)              
> 
>         //Kommunikation
> (sexcomm01 -> sexactBalance)
> (sexcomm01 -> distract)
> (sexcomm01 -> sexsatlat)        
> 
>         //Externe
> (distract -> sexorgasm01)
> (distract -> sexactBalance)
> (sexpornB01 -> distract)
> (distract -> sexsatlat)
> 
>         //Beziehung
> (couple -> sexsatlat)
> (couple -> distract)
> (couple -> sexquan)
> 
> , 
> latent (sexsatlat distract couple) 
> standardized nocnsreport nocapslatent 
> method(adf)  
> 
> cov(
> sexcomm01*couple
> )               
> ;
(37 observations with missing values excluded)

Endogenous variables

Observed:     sexquan sexactBalance sexorgasm01
Measurement:  sexsat01 sexsat02 sexsat03 couplebond01 couplebond02 coupleint01 sexnet01 sexnet02
Latent:       sexsatlat distract

Exogenous variables

Observed:     sexcomm01 sexpornB01
Latent:       couple

Fitting baseline model:

Iteration 0:   discrepancy =  9.7898242  
Iteration 1:   discrepancy =  1.0285689  
Iteration 2:   discrepancy =  1.0285689  (backed up)

Fitting target model:

Iteration 0:   discrepancy =  21.136682  (not concave)
Iteration 1:   discrepancy =  3.8710103  (not concave)
Iteration 2:   discrepancy =  2.9547848  (not concave)
Iteration 3:   discrepancy =  .64385758  (not concave)
Iteration 4:   discrepancy =  .24939782  (not concave)
Iteration 5:   discrepancy =  .16029174  
Iteration 6:   discrepancy =  .15102408  
Iteration 7:   discrepancy =  .14676938  
Iteration 8:   discrepancy =  .14645921  
Iteration 9:   discrepancy =  .14644505  
Iteration 10:  discrepancy =  .14644503  

Structural equation model                       Number of obs     =      1,257
Estimation method  = adf
Discrepancy        =  .14644503

---------------------------------------------------------------------------------------
         Standardized |      Coef.   Std. Err.      z    P>|z|     [95% Conf. Interval]
----------------------+----------------------------------------------------------------
Structural            |
  sexquan <-          |
        sexactBalance |   .2421827   .0289038     8.38   0.000     .1855322    .2988331
               couple |   .1269611   .0298056     4.26   0.000     .0685432    .1853791
                _cons |   3.009117   .1036521    29.03   0.000     2.805962    3.212271
  --------------------+----------------------------------------------------------------
  sexactBalance <-    |
             distract |  -.2132797   .0446921    -4.77   0.000    -.3008746   -.1256848
            sexcomm01 |    .076335   .0288072     2.65   0.008     .0198739     .132796
                _cons |   2.076784   .0927404    22.39   0.000     1.895016    2.258552
  --------------------+----------------------------------------------------------------
  sexorgasm01 <-      |
        sexactBalance |    .153109   .0283842     5.39   0.000     .0974769     .208741
             distract |  -.2337311   .0351197    -6.66   0.000    -.3025645   -.1648978
                _cons |   1.899682   .0870339    21.83   0.000     1.729099    2.070265
  --------------------+----------------------------------------------------------------
  sexsatlat <-        |
              sexquan |   .4644693   .0218333    21.27   0.000     .4216769    .5072617
        sexactBalance |   .1731091   .0258302     6.70   0.000     .1224829    .2237354
          sexorgasm01 |   .2211785   .0236348     9.36   0.000     .1748552    .2675018
             distract |  -.1359003   .0369955    -3.67   0.000    -.2084103   -.0633904
            sexcomm01 |   .0790857   .0214637     3.68   0.000     .0370177    .1211537
               couple |   .2667755   .0269709     9.89   0.000     .2139136    .3196374
  --------------------+----------------------------------------------------------------
  distract <-         |
            sexcomm01 |  -.1560674   .0352077    -4.43   0.000    -.2250733   -.0870615
           sexpornB01 |     .04193   .0460013     0.91   0.362    -.0482308    .1320909
               couple |  -.1937635   .0405472    -4.78   0.000    -.2732346   -.1142924
----------------------+----------------------------------------------------------------
Measurement           |
  sexsat01 <-         |
            sexsatlat |   .8472104   .0129676    65.33   0.000     .8217944    .8726264
                _cons |   .7928657   .1232809     6.43   0.000     .5512396    1.034492
  --------------------+----------------------------------------------------------------
  sexsat02 <-         |
            sexsatlat |   .9368335   .0084005   111.52   0.000     .9203688    .9532982
                _cons |   .6155276   .1209012     5.09   0.000     .3785656    .8524897
  --------------------+----------------------------------------------------------------
  sexsat03 <-         |
            sexsatlat |   .7795186   .0149465    52.15   0.000     .7502241    .8088132
                _cons |   .2425196   .0994606     2.44   0.015     .0475803    .4374588
  --------------------+----------------------------------------------------------------
  couplebond01 <-     |
               couple |    .862059   .0174017    49.54   0.000     .8279524    .8961657
                _cons |   5.610269    .213387    26.29   0.000     5.192038    6.028499
  --------------------+----------------------------------------------------------------
  couplebond02 <-     |
               couple |   .7243185    .024682    29.35   0.000     .6759427    .7726944
                _cons |   4.161481    .146696    28.37   0.000     3.873962    4.448999
  --------------------+----------------------------------------------------------------
  coupleint01 <-      |
               couple |   .8485731   .0185785    45.67   0.000     .8121599    .8849864
                _cons |   4.843822   .1617641    29.94   0.000      4.52677    5.160874
  --------------------+----------------------------------------------------------------
  sexnet01 <-         |
             distract |   .7080189   .0401008    17.66   0.000     .6294229    .7866149
                _cons |   1.837837   .0807254    22.77   0.000     1.679618    1.996056
  --------------------+----------------------------------------------------------------
  sexnet02 <-         |
             distract |   .6337832   .0385848    16.43   0.000     .5581583    .7094081
                _cons |   2.251485   .0780698    28.84   0.000     2.098471    2.404499
----------------------+----------------------------------------------------------------
       var(e.sexsat01)|   .2822346   .0219725                      .2422939    .3287593
       var(e.sexsat02)|    .122343   .0157397                      .0950758    .1574303
       var(e.sexsat03)|   .3923507   .0233021                      .3492374    .4407863
   var(e.couplebond01)|   .2568542   .0300025                       .204296    .3229338
   var(e.couplebond02)|   .4753626   .0357553                      .4102045    .5508707
    var(e.coupleint01)|   .2799236   .0315305                      .2244712    .3490748
       var(e.sexnet01)|   .4987092   .0567842                      .3989584    .6234006
       var(e.sexnet02)|   .5983188   .0489089                      .5097441    .7022846
        var(e.sexquan)|    .922004   .0165772                      .8900792    .9550739
  var(e.sexactBalance)|   .9430367   .0200737                      .9045023    .9832128
    var(e.sexorgasm01)|   .9057147   .0183453                      .8704629    .9423941
      var(e.sexsatlat)|   .4274696   .0220978                      .3862807    .4730506
       var(e.distract)|   .9292191    .018824                      .8930476    .9668557
           var(couple)|          1          .                             .           .
----------------------+----------------------------------------------------------------
 cov(sexcomm01,couple)|   .0928312   .0310968     2.99   0.003     .0318826    .1537797
cov(sexpornB01,couple)|  -.1042128    .031265    -3.33   0.001    -.1654911   -.0429345
---------------------------------------------------------------------------------------
Discr. test of model vs. saturated: chi2(52)  =   184.08, Prob > chi2 = 0.0000

. #delimit cr
delimiter now cr
. 
. //-----Testen der Modellgüte-----
. estat gof, stats(all)

----------------------------------------------------------------------------
Fit statistic        |      Value   Description
---------------------+------------------------------------------------------
Discrepancy          |
         chi2_ms(52) |    184.081   model vs. saturated
            p > chi2 |      0.000
         chi2_bs(77) |   1292.911   baseline vs. saturated
            p > chi2 |      0.000
---------------------+------------------------------------------------------
Population error     |
               RMSEA |      0.045   Root mean squared error of approximation
 90% CI, lower bound |      0.038
         upper bound |      0.052
              pclose |      0.875   Probability RMSEA <= 0.05
---------------------+------------------------------------------------------
Baseline comparison  |
                 CFI |      0.891   Comparative fit index
                 TLI |      0.839   Tucker-Lewis index
---------------------+------------------------------------------------------
Size of residuals    |
                SRMR |      0.071   Standardized root mean squared residual
                  CD |      0.878   Coefficient of determination
----------------------------------------------------------------------------

. 
. 
. 
. //************ Gesamtmodell ohne Ablenkung ************
. 
. #delimit ;
delimiter now ;
. sem
> 
>         //Messmodell Zufriedenheit
> (sexsatlat -> sexsat01)
> (sexsatlat -> sexsat02)
> (sexsatlat -> sexsat03)
> 
>         //Messmodell Beziehung
> (couple -> couplebond01)
> (couple -> couplebond02)
> (couple -> coupleint01)
> 
>         //Kernmodell
> (sexquan -> sexsatlat)
> (sexactBalance -> sexsatlat)            
> (sexactBalance -> sexorgasm01)
> (sexorgasm01 -> sexsatlat)
> (sexactBalance -> sexquan)              
> 
>         //Wissen über Vorlieben
> (sexfan02 -> sexactBalance)
> (sexfan02 -> sexquan)                           
> (sexpornB01 -> sexactBalance)
> (sexpornB01 -> sexfan02)
> (sexmastB01 -> sexfan02)
> 
>         //Kommunikation
> (sexcomm01 -> sexactBalance)
> (sexcomm01 -> sexsatlat)        
> 
>         //Beziehung
> (couple -> sexsatlat)
> (couple -> sexquan)
> 
> , 
> latent (sexsatlat couple) 
> standardized nocnsreport nocapslatent 
> method(adf)  
> 
> cov(
> sexmastB01*sexpornB01 
> sexmastB01*couple@0 
> sexmastB01*sexcomm01@0 
> sexpornB01*couple@0 
> sexpornB01*sexcomm01@0 
> sexcomm01*couple
> )               
> ;
(38 observations with missing values excluded)

Endogenous variables

Observed:     sexquan sexactBalance sexorgasm01 sexfan02
Measurement:  sexsat01 sexsat02 sexsat03 couplebond01 couplebond02 coupleint01
Latent:       sexsatlat

Exogenous variables

Observed:     sexpornB01 sexmastB01 sexcomm01
Latent:       couple

Fitting baseline model:

Iteration 0:   discrepancy =  10.075025  
Iteration 1:   discrepancy =  1.0070134  
Iteration 2:   discrepancy =  1.0070134  (backed up)

Fitting target model:

Iteration 0:   discrepancy =  23.267793  (not concave)
Iteration 1:   discrepancy =  5.6266359  (not concave)
Iteration 2:   discrepancy =  2.7580316  (not concave)
Iteration 3:   discrepancy =  .68886097  (not concave)
Iteration 4:   discrepancy =   .3475541  (not concave)
Iteration 5:   discrepancy =  .27322662  (not concave)
Iteration 6:   discrepancy =  .18573498  
Iteration 7:   discrepancy =  .18041339  
Iteration 8:   discrepancy =  .14271207  
Iteration 9:   discrepancy =   .1387422  
Iteration 10:  discrepancy =  .13865366  
Iteration 11:  discrepancy =  .13865351  
Iteration 12:  discrepancy =  .13865351  

Structural equation model                       Number of obs     =      1,256
Estimation method  = adf
Discrepancy        =  .13865351

-------------------------------------------------------------------------------------------
             Standardized |      Coef.   Std. Err.      z    P>|z|     [95% Conf. Interval]
--------------------------+----------------------------------------------------------------
Structural                |
  sexquan <-              |
            sexactBalance |   .2350804   .0304308     7.73   0.000     .1754371    .2947237
                 sexfan02 |    .092644   .0294953     3.14   0.002     .0348343    .1504537
                   couple |   .1043465   .0295743     3.53   0.000      .046382     .162311
                    _cons |   2.821279   .1110795    25.40   0.000     2.603567    3.038991
  ------------------------+----------------------------------------------------------------
  sexactBalance <-        |
                 sexfan02 |    .230044   .0277374     8.29   0.000     .1756797    .2844083
               sexpornB01 |    .156752   .0308556     5.08   0.000     .0962761    .2172278
                sexcomm01 |    .108288   .0281174     3.85   0.000     .0531788    .1633971
                    _cons |   1.229986   .1110411    11.08   0.000      1.01235    1.447623
  ------------------------+----------------------------------------------------------------
  sexorgasm01 <-          |
            sexactBalance |   .1900456   .0278404     6.83   0.000     .1354794    .2446117
                    _cons |   1.936839   .0881412    21.97   0.000     1.764086    2.109593
  ------------------------+----------------------------------------------------------------
  sexfan02 <-             |
               sexpornB01 |   .2386812   .0280755     8.50   0.000     .1836542    .2937081
               sexmastB01 |   .2395294   .0293193     8.17   0.000     .1820646    .2969941
                    _cons |    1.45677   .0748161    19.47   0.000     1.310133    1.603407
  ------------------------+----------------------------------------------------------------
  sexsatlat <-            |
                  sexquan |   .4838123   .0226433    21.37   0.000     .4394324    .5281923
            sexactBalance |   .1483325   .0272465     5.44   0.000     .0949303    .2017347
              sexorgasm01 |   .2531818   .0231723    10.93   0.000      .207765    .2985986
                sexcomm01 |   .1134236   .0214331     5.29   0.000     .0714155    .1554317
                   couple |   .2788439   .0245926    11.34   0.000     .2306434    .3270445
--------------------------+----------------------------------------------------------------
Measurement               |
  sexsat01 <-             |
                sexsatlat |   .8466017   .0132532    63.88   0.000     .8206258    .8725776
                    _cons |   .7278765    .122284     5.95   0.000     .4882042    .9675488
  ------------------------+----------------------------------------------------------------
  sexsat02 <-             |
                sexsatlat |   .9312632   .0088233   105.55   0.000     .9139699    .9485566
                    _cons |   .6199669   .1228997     5.04   0.000     .3790879    .8608458
  ------------------------+----------------------------------------------------------------
  sexsat03 <-             |
                sexsatlat |   .7810658   .0152401    51.25   0.000     .7511957    .8109359
                    _cons |   .1899727    .099034     1.92   0.055    -.0041303    .3840758
  ------------------------+----------------------------------------------------------------
  couplebond01 <-         |
                   couple |   .8756699   .0170837    51.26   0.000     .8421865    .9091534
                    _cons |   5.596719   .2011281    27.83   0.000     5.202515    5.990923
  ------------------------+----------------------------------------------------------------
  couplebond02 <-         |
                   couple |    .721454   .0251918    28.64   0.000      .672079    .7708291
                    _cons |   4.239613   .1473346    28.78   0.000     3.950843    4.528384
  ------------------------+----------------------------------------------------------------
  coupleint01 <-          |
                   couple |    .848761   .0203557    41.70   0.000     .8088646    .8886574
                    _cons |   4.955279   .1634484    30.32   0.000     4.634927    5.275632
--------------------------+----------------------------------------------------------------
          mean(sexpornB01)|   1.637106   .0250106    65.46   0.000     1.588086    1.686125
          mean(sexmastB01)|   2.176497   .0448785    48.50   0.000     2.088537    2.264457
           mean(sexcomm01)|   2.298154   .0522082    44.02   0.000     2.195828     2.40048
--------------------------+----------------------------------------------------------------
           var(e.sexsat01)|   .2832656   .0224404                      .2425276    .3308464
           var(e.sexsat02)|   .1327488   .0164336                      .1041493    .1692018
           var(e.sexsat03)|   .3899363   .0238071                       .345959    .4395038
       var(e.couplebond01)|   .2332022   .0299194                      .1813532    .2998748
       var(e.couplebond02)|   .4795041   .0363495                      .4133003    .5563125
        var(e.coupleint01)|   .2796048   .0345542                      .2194579    .3562362
            var(e.sexquan)|   .9124311   .0172504                      .8792398    .9468754
      var(e.sexactBalance)|   .8854642   .0175081                      .8518053    .9204531
        var(e.sexorgasm01)|   .9638827   .0105819                      .9433641    .9848475
           var(e.sexfan02)|    .832013   .0198076                      .7940827    .8717551
          var(e.sexsatlat)|   .4819295   .0236378                      .4377575    .5305587
           var(sexpornB01)|          1          .                             .           .
           var(sexmastB01)|          1          .                             .           .
            var(sexcomm01)|          1          .                             .           .
               var(couple)|          1          .                             .           .
--------------------------+----------------------------------------------------------------
cov(sexpornB01,sexmastB01)|   .4691527   .0212161    22.11   0.000     .4275699    .5107354
     cov(sexcomm01,couple)|   .0786615   .0315433     2.49   0.013     .0168378    .1404852
-------------------------------------------------------------------------------------------
Discr. test of model vs. saturated: chi2(56)  =   174.15, Prob > chi2 = 0.0000

. #delimit cr
delimiter now cr
. 
. //-----Testen der Modellgüte-----
. estat gof, stats(all)

----------------------------------------------------------------------------
Fit statistic        |      Value   Description
---------------------+------------------------------------------------------
Discrepancy          |
         chi2_ms(56) |    174.149   model vs. saturated
            p > chi2 |      0.000
         chi2_bs(75) |   1264.809   baseline vs. saturated
            p > chi2 |      0.000
---------------------+------------------------------------------------------
Population error     |
               RMSEA |      0.041   Root mean squared error of approximation
 90% CI, lower bound |      0.034
         upper bound |      0.048
              pclose |      0.984   Probability RMSEA <= 0.05
---------------------+------------------------------------------------------
Baseline comparison  |
                 CFI |      0.901   Comparative fit index
                 TLI |      0.867   Tucker-Lewis index
---------------------+------------------------------------------------------
Size of residuals    |
                SRMR |      0.089   Standardized root mean squared residual
                  CD |      0.904   Coefficient of determination
----------------------------------------------------------------------------

. 
. 
. 
. //************ Gesamtmodell ohne Partnerschaft und Kommunikation ************
. 
. #delimit ;
delimiter now ;
. sem
> 
>         //Messmodell Zufriedenheit
> (sexsatlat -> sexsat01)
> (sexsatlat -> sexsat02)
> (sexsatlat -> sexsat03)
> 
>         //Messmodell ablenkende Gedanken
> (distract -> sexnet01)                          
> (distract -> sexnet02)  
> 
>         //Kernmodell
> (sexquan -> sexsatlat)
> (sexactBalance -> sexsatlat)            
> (sexactBalance -> sexorgasm01)
> (sexorgasm01 -> sexsatlat)
> (sexactBalance -> sexquan)              
> 
>         //Wissen über Vorlieben
> (sexfan02 -> sexactBalance)
> (sexfan02 -> sexquan)                           
> (sexpornB01 -> sexactBalance)
> (sexpornB01 -> sexfan02)
> (sexmastB01 -> sexfan02)        
> 
>         //Externe
> (distract -> sexorgasm01)
> (distract -> sexactBalance)
> (sexpornB01 -> distract)
> (distract -> sexsatlat)
> 
> , 
> latent (sexsatlat distract) 
> standardized nocnsreport nocapslatent 
> method(adf)  
> 
> cov(
> sexmastB01*sexpornB01 
> )               
> ;
(23 observations with missing values excluded)

Endogenous variables

Observed:     sexquan sexactBalance sexorgasm01 sexfan02
Measurement:  sexsat01 sexsat02 sexsat03 sexnet01 sexnet02
Latent:       sexsatlat distract

Exogenous variables

Observed:     sexpornB01 sexmastB01

Fitting baseline model:

Iteration 0:   discrepancy =   6.379544  
Iteration 1:   discrepancy =  .92156514  
Iteration 2:   discrepancy =  .92156514  

Fitting target model:

Iteration 0:   discrepancy =  17.410814  (not concave)
Iteration 1:   discrepancy =  11.416585  (not concave)
Iteration 2:   discrepancy =  4.3025034  (not concave)
Iteration 3:   discrepancy =  1.0058778  (not concave)
Iteration 4:   discrepancy =  .33675324  (not concave)
Iteration 5:   discrepancy =  .20162985  (not concave)
Iteration 6:   discrepancy =  .13925097  
Iteration 7:   discrepancy =  .13248138  
Iteration 8:   discrepancy =  .09096167  
Iteration 9:   discrepancy =  .07900054  
Iteration 10:  discrepancy =   .0712788  
Iteration 11:  discrepancy =  .07112867  
Iteration 12:  discrepancy =  .07112842  
Iteration 13:  discrepancy =  .07112842  

Structural equation model                       Number of obs     =      1,271
Estimation method  = adf
Discrepancy        =  .07112842

-------------------------------------------------------------------------------------------
             Standardized |      Coef.   Std. Err.      z    P>|z|     [95% Conf. Interval]
--------------------------+----------------------------------------------------------------
Structural                |
  sexquan <-              |
            sexactBalance |   .2604966   .0292796     8.90   0.000     .2031097    .3178835
                 sexfan02 |    .081154   .0291678     2.78   0.005     .0239862    .1383218
                    _cons |   2.744771   .1102154    24.90   0.000     2.528753    2.960789
  ------------------------+----------------------------------------------------------------
  sexactBalance <-        |
                 sexfan02 |   .2015438   .0288447     6.99   0.000     .1450091    .2580784
                 distract |  -.1915512   .0346546    -5.53   0.000    -.2594729   -.1236295
               sexpornB01 |   .1529751   .0308136     4.96   0.000     .0925816    .2133686
                    _cons |   1.515316   .0915989    16.54   0.000     1.335786    1.694847
  ------------------------+----------------------------------------------------------------
  sexorgasm01 <-          |
            sexactBalance |   .1795849   .0273659     6.56   0.000     .1259488    .2332211
                 distract |   -.217213   .0338355    -6.42   0.000    -.2835293   -.1508967
                    _cons |   1.964763   .0848981    23.14   0.000     1.798366    2.131161
  ------------------------+----------------------------------------------------------------
  sexfan02 <-             |
               sexpornB01 |   .2536583    .028588     8.87   0.000     .1976269    .3096897
               sexmastB01 |   .2326536   .0297863     7.81   0.000     .1742735    .2910338
                    _cons |    1.45071   .0769387    18.86   0.000     1.299913    1.601507
  ------------------------+----------------------------------------------------------------
  sexsatlat <-            |
                  sexquan |   .5125678   .0220962    23.20   0.000     .4692599    .5558756
            sexactBalance |   .1588784   .0279155     5.69   0.000     .1041651    .2135918
              sexorgasm01 |   .2409507   .0249347     9.66   0.000     .1920795    .2898219
                 distract |  -.2010231   .0328344    -6.12   0.000    -.2653773   -.1366689
  ------------------------+----------------------------------------------------------------
  distract <-             |
               sexpornB01 |   .1122696   .0375098     2.99   0.003     .0387517    .1857874
--------------------------+----------------------------------------------------------------
Measurement               |
  sexsat01 <-             |
                sexsatlat |   .8330224   .0135157    61.63   0.000     .8065322    .8595126
                    _cons |   .8892574   .1170697     7.60   0.000      .659805     1.11871
  ------------------------+----------------------------------------------------------------
  sexsat02 <-             |
                sexsatlat |   .9313687   .0088524   105.21   0.000     .9140183    .9487191
                    _cons |   .7205069   .1164079     6.19   0.000     .4923516    .9486621
  ------------------------+----------------------------------------------------------------
  sexsat03 <-             |
                sexsatlat |   .7844996   .0149485    52.48   0.000     .7552011    .8137981
                    _cons |   .3365325   .0933848     3.60   0.000     .1535016    .5195633
  ------------------------+----------------------------------------------------------------
  sexnet01 <-             |
                 distract |   .7072747   .0436158    16.22   0.000     .6217893    .7927601
                    _cons |   1.511275   .0515914    29.29   0.000     1.410158    1.612392
  ------------------------+----------------------------------------------------------------
  sexnet02 <-             |
                 distract |   .6409127   .0416685    15.38   0.000      .559244    .7225814
                    _cons |   1.943411   .0549268    35.38   0.000     1.835756    2.051065
--------------------------+----------------------------------------------------------------
          mean(sexpornB01)|   1.650871   .0252513    65.38   0.000     1.601379    1.700362
          mean(sexmastB01)|    2.18372   .0452795    48.23   0.000     2.094973    2.272466
--------------------------+----------------------------------------------------------------
           var(e.sexsat01)|   .3060737   .0225177                      .2649741    .3535481
           var(e.sexsat02)|   .1325523   .0164897                      .1038716    .1691524
           var(e.sexsat03)|   .3845604   .0234542                      .3412323    .4333901
           var(e.sexnet01)|   .4997625   .0616967                      .3923568    .6365701
           var(e.sexnet02)|   .5892309   .0534117                      .4933181    .7037914
            var(e.sexquan)|   .9150134     .01647                      .8832956    .9478702
      var(e.sexactBalance)|   .8866019   .0185944                      .8508965    .9238056
        var(e.sexorgasm01)|   .9076053   .0177932                      .8733928    .9431579
           var(e.sexfan02)|    .825793   .0209552                      .7857263    .8679028
          var(e.sexsatlat)|   .4939482   .0246239                       .447969    .5446467
           var(e.distract)|   .9873955   .0084224                      .9710251    1.004042
           var(sexpornB01)|          1          .                             .           .
           var(sexmastB01)|          1          .                             .           .
--------------------------+----------------------------------------------------------------
cov(sexpornB01,sexmastB01)|   .4722289    .021636    21.83   0.000     .4298231    .5146347
-------------------------------------------------------------------------------------------
Discr. test of model vs. saturated: chi2(35)  =    90.40, Prob > chi2 = 0.0000

. #delimit cr
delimiter now cr
. 
. //-----Testen der Modellgüte-----
. 
. estat gof, stats(all)

----------------------------------------------------------------------------
Fit statistic        |      Value   Description
---------------------+------------------------------------------------------
Discrepancy          |
         chi2_ms(35) |     90.404   model vs. saturated
            p > chi2 |      0.000
         chi2_bs(54) |   1171.309   baseline vs. saturated
            p > chi2 |      0.000
---------------------+------------------------------------------------------
Population error     |
               RMSEA |      0.035   Root mean squared error of approximation
 90% CI, lower bound |      0.026
         upper bound |      0.044
              pclose |      0.997   Probability RMSEA <= 0.05
---------------------+------------------------------------------------------
Baseline comparison  |
                 CFI |      0.950   Comparative fit index
                 TLI |      0.923   Tucker-Lewis index
---------------------+------------------------------------------------------
Size of residuals    |
                SRMR |      0.042   Standardized root mean squared residual
                  CD |      0.201   Coefficient of determination
----------------------------------------------------------------------------

. 
. 
. 
. //************ Gesamtmodell ohne Ausgestaltung ************
. 
. #delimit ;
delimiter now ;
. sem
> 
> (sexsatlat -> sexsat01)
> (sexsatlat -> sexsat02)
> (sexsatlat -> sexsat03)
> 
> (couple -> couplebond01)
> (couple -> couplebond02)
> (couple -> coupleint01)
> 
> (distract -> sexnet01)                          
> (distract -> sexnet02)          
> 
> (sexfan02 -> sexsatlat)                 
> (sexpornB01 -> sexsatlat)
> (sexmastB01 -> sexfan02)
> 
> (sexcomm01 -> distract)
> (sexcomm01 -> sexsatlat)        
> 
> (sexpornB01 -> distract)
> (distract -> sexsatlat)
> 
> (couple -> sexsatlat)
> (couple -> distract)
> 
> , 
> latent (sexsatlat couple distract) 
> standardized nocnsreport nocapslatent 
> method(adf)  
> 
> cov(
> sexmastB01*sexpornB01 
> sexmastB01*couple@0 
> sexmastB01*sexcomm01@0 
> sexpornB01*couple@0 
> sexpornB01*sexcomm01@0 
> sexcomm01*couple
> )               
> ;
(34 observations with missing values excluded)

Endogenous variables

Observed:     sexfan02
Measurement:  sexsat01 sexsat02 sexsat03 couplebond01 couplebond02 coupleint01 sexnet01 sexnet02
Latent:       sexsatlat distract

Exogenous variables

Observed:     sexpornB01 sexmastB01 sexcomm01
Latent:       couple

Fitting baseline model:

Iteration 0:   discrepancy =  8.0271957  
Iteration 1:   discrepancy =  1.0768951  
Iteration 2:   discrepancy =  1.0768951  

Fitting target model:

Iteration 0:   discrepancy =  2.5048385  (not concave)
Iteration 1:   discrepancy =  .39772672  (not concave)
Iteration 2:   discrepancy =  .17282602  (not concave)
Iteration 3:   discrepancy =  .13338622  (not concave)
Iteration 4:   discrepancy =  .11244324  
Iteration 5:   discrepancy =  .10182113  
Iteration 6:   discrepancy =  .10119347  
Iteration 7:   discrepancy =  .10119167  
Iteration 8:   discrepancy =  .10119167  

Structural equation model                       Number of obs     =      1,260
Estimation method  = adf
Discrepancy        =  .10119167

-------------------------------------------------------------------------------------------
             Standardized |      Coef.   Std. Err.      z    P>|z|     [95% Conf. Interval]
--------------------------+----------------------------------------------------------------
Structural                |
  sexfan02 <-             |
               sexmastB01 |   .3906589   .0277532    14.08   0.000     .3362636    .4450542
                    _cons |   1.572269   .0830089    18.94   0.000     1.409575    1.734964
  ------------------------+----------------------------------------------------------------
  sexsatlat <-            |
                 sexfan02 |   .1193354   .0277777     4.30   0.000     .0648922    .1737787
                 distract |  -.2428427   .0365409    -6.65   0.000    -.3144614   -.1712239
               sexpornB01 |  -.0720669   .0268814    -2.68   0.007    -.1247535   -.0193803
                sexcomm01 |   .1265996   .0281429     4.50   0.000     .0714405    .1817588
                   couple |   .3682329   .0288508    12.76   0.000     .3116863    .4247795
  ------------------------+----------------------------------------------------------------
  distract <-             |
               sexpornB01 |   .0630626   .0352827     1.79   0.074    -.0060903    .1322155
                sexcomm01 |  -.1698385   .0353263    -4.81   0.000    -.2390769   -.1006001
                   couple |  -.1310785   .0351906    -3.72   0.000    -.2000509   -.0621061
--------------------------+----------------------------------------------------------------
Measurement               |
  sexsat01 <-             |
                sexsatlat |   .8549851   .0127551    67.03   0.000     .8299856    .8799845
                    _cons |   2.616549   .1216277    21.51   0.000     2.378163    2.854935
  ------------------------+----------------------------------------------------------------
  sexsat02 <-             |
                sexsatlat |   .9111014   .0112922    80.68   0.000      .888969    .9332337
                    _cons |   2.670952   .1251334    21.34   0.000     2.425695    2.916209
  ------------------------+----------------------------------------------------------------
  sexsat03 <-             |
                sexsatlat |   .8005425   .0145942    54.85   0.000     .7719384    .8291467
                    _cons |   1.974059    .096778    20.40   0.000     1.784378    2.163741
  ------------------------+----------------------------------------------------------------
  couplebond01 <-         |
                   couple |   .8844047   .0149115    59.31   0.000     .8551787    .9136307
                    _cons |   5.254626   .1842409    28.52   0.000     4.893521    5.615732
  ------------------------+----------------------------------------------------------------
  couplebond02 <-         |
                   couple |   .7314793   .0227733    32.12   0.000     .6868444    .7761142
                    _cons |   4.076841   .1391518    29.30   0.000     3.804109    4.349573
  ------------------------+----------------------------------------------------------------
  coupleint01 <-          |
                   couple |   .8713136   .0176565    49.35   0.000     .8367074    .9059198
                    _cons |    4.72173   .1534502    30.77   0.000     4.420973    5.022487
  ------------------------+----------------------------------------------------------------
  sexnet01 <-             |
                 distract |   .7263744   .0496733    14.62   0.000     .6290165    .8237322
                    _cons |   1.851953   .0782415    23.67   0.000     1.698602    2.005303
  ------------------------+----------------------------------------------------------------
  sexnet02 <-             |
                 distract |   .6333974   .0474262    13.36   0.000     .5404437     .726351
                    _cons |    2.23181   .0763157    29.24   0.000     2.082234    2.381386
--------------------------+----------------------------------------------------------------
          mean(sexpornB01)|   1.655261   .0259709    63.74   0.000     1.604359    1.706163
          mean(sexmastB01)|   2.183812   .0453433    48.16   0.000     2.094941    2.272683
           mean(sexcomm01)|   2.281713   .0521698    43.74   0.000     2.179462    2.383964
--------------------------+----------------------------------------------------------------
           var(e.sexsat01)|   .2690005   .0218108                      .2294759    .3153329
           var(e.sexsat02)|   .1698943   .0205767                      .1339941    .2154129
           var(e.sexsat03)|   .3591317   .0233666                      .3161338    .4079777
       var(e.couplebond01)|   .2178283   .0263756                      .1718095    .2761732
       var(e.couplebond02)|    .464938   .0333164                      .4040172     .535045
        var(e.coupleint01)|   .2408126   .0307688                      .1874652    .3093411
           var(e.sexnet01)|   .4723803   .0721628                      .3501536     .637272
           var(e.sexnet02)|   .5988078   .0600793                      .4919094    .7289365
           var(e.sexfan02)|   .8473856   .0216841                      .8059338    .8909695
          var(e.sexsatlat)|   .7259009   .0255695                      .6774764    .7777866
           var(e.distract)|   .9458852   .0155017                      .9159853    .9767611
           var(sexpornB01)|          1          .                             .           .
           var(sexmastB01)|          1          .                             .           .
            var(sexcomm01)|          1          .                             .           .
               var(couple)|          1          .                             .           .
--------------------------+----------------------------------------------------------------
cov(sexpornB01,sexmastB01)|   .5132883   .0221764    23.15   0.000     .4698234    .5567532
     cov(sexcomm01,couple)|   .0923361   .0293128     3.15   0.002      .034884    .1497882
-------------------------------------------------------------------------------------------
Discr. test of model vs. saturated: chi2(47)  =   127.50, Prob > chi2 = 0.0000

. #delimit cr
delimiter now cr
. 
. //-----Testen der Modellgüte-----
. 
. estat gof, stats(all)

----------------------------------------------------------------------------
Fit statistic        |      Value   Description
---------------------+------------------------------------------------------
Discrepancy          |
         chi2_ms(47) |    127.502   model vs. saturated
            p > chi2 |      0.000
         chi2_bs(63) |   1356.888   baseline vs. saturated
            p > chi2 |      0.000
---------------------+------------------------------------------------------
Population error     |
               RMSEA |      0.037   Root mean squared error of approximation
 90% CI, lower bound |      0.029
         upper bound |      0.045
              pclose |      0.998   Probability RMSEA <= 0.05
---------------------+------------------------------------------------------
Baseline comparison  |
                 CFI |      0.938   Comparative fit index
                 TLI |      0.917   Tucker-Lewis index
---------------------+------------------------------------------------------
Size of residuals    |
                SRMR |      0.035   Standardized root mean squared residual
                  CD |      0.912   Coefficient of determination
----------------------------------------------------------------------------

. 
. 
. 
. //************ Grundmodell ************
. 
. #delimit ;
delimiter now ;
. sem
> 
>         //Messmodell Zufriedenheit
> (sexsatlat -> sexsat01)
> (sexsatlat -> sexsat02)
> (sexsatlat -> sexsat03)
> 
>         //Kernmodell
> (sexquan -> sexsatlat)
> (sexactBalance -> sexsatlat)            
> (sexactBalance -> sexorgasm01)
> (sexorgasm01 -> sexsatlat)
> (sexactBalance -> sexquan)                      
> 
> , 
> latent (sexsatlat) 
> standardized nocnsreport nocapslatent 
> method(adf)  
>         
> ;
(17 observations with missing values excluded)

Endogenous variables

Observed:     sexquan sexorgasm01
Measurement:  sexsat01 sexsat02 sexsat03
Latent:       sexsatlat

Exogenous variables

Observed:     sexactBalance

Fitting baseline model:

Iteration 0:   discrepancy =   5.132261  
Iteration 1:   discrepancy =  .57884734  
Iteration 2:   discrepancy =  .57884734  

Fitting target model:

Iteration 0:   discrepancy =  18.187881  (not concave)
Iteration 1:   discrepancy =  1.5884384  (not concave)
Iteration 2:   discrepancy =  .62799306  (not concave)
Iteration 3:   discrepancy =  .17763923  (not concave)
Iteration 4:   discrepancy =  .08373994  
Iteration 5:   discrepancy =  .04553668  
Iteration 6:   discrepancy =  .02850965  
Iteration 7:   discrepancy =  .02666974  
Iteration 8:   discrepancy =  .02658202  
Iteration 9:   discrepancy =  .02658201  

Structural equation model                       Number of obs     =      1,277
Estimation method  = adf
Discrepancy        =  .02658201

-----------------------------------------------------------------------------------
     Standardized |      Coef.   Std. Err.      z    P>|z|     [95% Conf. Interval]
------------------+----------------------------------------------------------------
Structural        |
  sexquan <-      |
    sexactBalance |   .2738143   .0283655     9.65   0.000      .218219    .3294096
            _cons |   2.861695   .0972051    29.44   0.000     2.671177    3.052214
  ----------------+----------------------------------------------------------------
  sexorgasm01 <-  |
    sexactBalance |   .2104983   .0274027     7.68   0.000       .15679    .2642065
            _cons |   1.849635   .0837776    22.08   0.000     1.685434    2.013837
  ----------------+----------------------------------------------------------------
  sexsatlat <-    |
          sexquan |   .5267489   .0217912    24.17   0.000     .4840391    .5694588
      sexorgasm01 |   .2817314   .0232234    12.13   0.000     .2362144    .3272484
    sexactBalance |   .1757516   .0248807     7.06   0.000     .1269864    .2245168
------------------+----------------------------------------------------------------
Measurement       |
  sexsat01 <-     |
        sexsatlat |   .8400206   .0134195    62.60   0.000     .8137189    .8663224
            _cons |   .6181679   .1081349     5.72   0.000     .4062273    .8301085
  ----------------+----------------------------------------------------------------
  sexsat02 <-     |
        sexsatlat |   .9356184   .0085818   109.02   0.000     .9187983    .9524385
            _cons |   .4231773   .1018077     4.16   0.000     .2236378    .6227167
  ----------------+----------------------------------------------------------------
  sexsat03 <-     |
        sexsatlat |   .7856419   .0145949    53.83   0.000     .7570364    .8142473
            _cons |   .1300299   .0879362     1.48   0.139    -.0423219    .3023818
------------------+----------------------------------------------------------------
   var(e.sexsat01)|   .2943654   .0225453                       .253334    .3420423
   var(e.sexsat02)|   .1246183   .0160586                      .0968041    .1604241
   var(e.sexsat03)|   .3827668   .0229327                      .3403582    .4304595
    var(e.sexquan)|   .9250257   .0155337                      .8950758    .9559779
var(e.sexorgasm01)|   .9556905   .0115364                      .9333449    .9785711
  var(e.sexsatlat)|    .523624   .0230949                      .4802602    .5709033
-----------------------------------------------------------------------------------
Discr. test of model vs. saturated: chi2(7)   =    33.95, Prob > chi2 = 0.0000

. #delimit cr
delimiter now cr
. 
. //-----Testen der Modellgüte-----
. estat gof, stats(all)

----------------------------------------------------------------------------
Fit statistic        |      Value   Description
---------------------+------------------------------------------------------
Discrepancy          |
          chi2_ms(7) |     33.945   model vs. saturated
            p > chi2 |      0.000
         chi2_bs(15) |    739.188   baseline vs. saturated
            p > chi2 |      0.000
---------------------+------------------------------------------------------
Population error     |
               RMSEA |      0.055   Root mean squared error of approximation
 90% CI, lower bound |      0.037
         upper bound |      0.074
              pclose |      0.300   Probability RMSEA <= 0.05
---------------------+------------------------------------------------------
Baseline comparison  |
                 CFI |      0.963   Comparative fit index
                 TLI |      0.920   Tucker-Lewis index
---------------------+------------------------------------------------------
Size of residuals    |
                SRMR |      0.020   Standardized root mean squared residual
                  CD |      0.157   Coefficient of determination
----------------------------------------------------------------------------

. 
. 
. log close
      name:  <unnamed>
       log:  \log\07_Varianz_erklärt_durch_
> Variablengruppen_ohne_Kontrollvar.log
  log type:  text
 closed on:  15 May 2022, 18:20:18
------------------------------------------------------------------------------------------------------------------------------------------------------------
