------------------------------------------------------------------------------------------------------------------------------------------------------------
      name:  <unnamed>
       log:  \log\08_Multikolliniarit채t.log
  log type:  text
 opened on:  15 May 2022, 18:20:18

. 
. //###############################################################
. 
. //************ Multikolliniarit채t Check ************
. // Test auf Multikollinearit채t der Variablen im Modell durch Betrachtung des Variance Inflation Factors (VIF)
. 
. gen randomVar = runiform()

. 
. 
. regress sexsatlatMeasurementPred sexactBalance sexorgasm01 sexquan sexcomm01 distractMeasurementPred coupleMeasurementPred

      Source |       SS           df       MS      Number of obs   =     1,255
-------------+----------------------------------   F(6, 1248)      =    360.10
       Model |  1567.07517         6  261.179194   Prob > F        =    0.0000
    Residual |  905.162129     1,248  .725290167   R-squared       =    0.6339
-------------+----------------------------------   Adj R-squared   =    0.6321
       Total |  2472.23729     1,254   1.9714811   Root MSE        =    .85164

-----------------------------------------------------------------------------------------
sexsatlatMeasurementP~d |      Coef.   Std. Err.      t    P>|t|     [95% Conf. Interval]
------------------------+----------------------------------------------------------------
          sexactBalance |   .0988316   .0152564     6.48   0.000     .0689005    .1287626
            sexorgasm01 |   .1403334   .0128186    10.95   0.000      .115185    .1654818
                sexquan |   .6796978   .0255971    26.55   0.000     .6294797    .7299158
              sexcomm01 |   .0463386   .0115337     4.02   0.000      .023711    .0689661
distractMeasurementPred |  -.2274467   .0229542    -9.91   0.000    -.2724797   -.1824136
  coupleMeasurementPred |   .3734011   .0256147    14.58   0.000     .3231485    .4236537
                  _cons |   .1159693   .1170957     0.99   0.322    -.1137569    .3456955
-----------------------------------------------------------------------------------------

. estat vif

    Variable |       VIF       1/VIF  
-------------+----------------------
distractMe~d |      1.26    0.795111
 sexorgasm01 |      1.16    0.863629
sexactBala~e |      1.15    0.870571
     sexquan |      1.11    0.899822
coupleMeas~d |      1.10    0.906733
   sexcomm01 |      1.06    0.944905
-------------+----------------------
    Mean VIF |      1.14

. 
. regress sexquan sexactBalance sexfan02 coupleMeasurementPred

      Source |       SS           df       MS      Number of obs   =     1,255
-------------+----------------------------------   F(3, 1251)      =     47.39
       Model |   125.53286         3  41.8442866   Prob > F        =    0.0000
    Residual |  1104.66316     1,251  .883024106   R-squared       =    0.1020
-------------+----------------------------------   Adj R-squared   =    0.0999
       Total |  1230.19602     1,254  .981017557   Root MSE        =    .93969

---------------------------------------------------------------------------------------
              sexquan |      Coef.   Std. Err.      t    P>|t|     [95% Conf. Interval]
----------------------+----------------------------------------------------------------
        sexactBalance |   .1331566   .0164753     8.08   0.000     .1008342    .1654789
             sexfan02 |   .0542942    .016483     3.29   0.001     .0219568    .0866317
coupleMeasurementPred |    .146212   .0273448     5.35   0.000     .0925652    .1998588
                _cons |   2.714093   .0812968    33.39   0.000       2.5546    2.873587
---------------------------------------------------------------------------------------

. estat vif

    Variable |       VIF       1/VIF  
-------------+----------------------
sexactBala~e |      1.10    0.908871
    sexfan02 |      1.07    0.934677
coupleMeas~d |      1.03    0.968651
-------------+----------------------
    Mean VIF |      1.07

. 
. regress sexactBalance sexpornB01 sexfan02 sexcomm01 distractMeasurementPred

      Source |       SS           df       MS      Number of obs   =     1,255
-------------+----------------------------------   F(4, 1250)      =     52.17
       Model |  512.090697         4  128.022674   Prob > F        =    0.0000
    Residual |  3067.24317     1,250  2.45379453   R-squared       =    0.1431
-------------+----------------------------------   Adj R-squared   =    0.1403
       Total |  3579.33386     1,254  2.85433323   Root MSE        =    1.5665

-----------------------------------------------------------------------------------------
          sexactBalance |      Coef.   Std. Err.      t    P>|t|     [95% Conf. Interval]
------------------------+----------------------------------------------------------------
             sexpornB01 |   .1516113   .0249772     6.07   0.000     .1026095    .2006131
               sexfan02 |   .2038896   .0283722     7.19   0.000     .1482273    .2595519
              sexcomm01 |   .0217233   .0211889     1.03   0.305    -.0198465    .0632931
distractMeasurementPred |  -.3538005   .0389649    -9.08   0.000    -.4302443   -.2773566
                  _cons |   2.189229    .154828    14.14   0.000     1.885478    2.492981
-----------------------------------------------------------------------------------------

. estat vif

    Variable |       VIF       1/VIF  
-------------+----------------------
  sexpornB01 |      1.16    0.865311
    sexfan02 |      1.14    0.876631
distractMe~d |      1.07    0.933536
   sexcomm01 |      1.06    0.947180
-------------+----------------------
    Mean VIF |      1.11

. 
. regress sexorgasm01 sexactBalance distractMeasurementPred

      Source |       SS           df       MS      Number of obs   =     1,255
-------------+----------------------------------   F(2, 1252)      =     96.13
       Model |  680.375347         2  340.187673   Prob > F        =    0.0000
    Residual |  4430.59198     1,252  3.53881149   R-squared       =    0.1331
-------------+----------------------------------   Adj R-squared   =    0.1317
       Total |  5110.96733     1,254  4.07573152   Root MSE        =    1.8812

-----------------------------------------------------------------------------------------
            sexorgasm01 |      Coef.   Std. Err.      t    P>|t|     [95% Conf. Interval]
------------------------+----------------------------------------------------------------
          sexactBalance |   .1598853   .0322412     4.96   0.000     .0966324    .2231381
distractMeasurementPred |  -.5345991   .0463589   -11.53   0.000    -.6255488   -.4436494
                  _cons |   3.844386   .1281425    30.00   0.000     3.592989    4.095784
-----------------------------------------------------------------------------------------

. estat vif

    Variable |       VIF       1/VIF  
-------------+----------------------
distractMe~d |      1.05    0.951112
sexactBala~e |      1.05    0.951112
-------------+----------------------
    Mean VIF |      1.05

. 
. regress sexfan02 sexpornB01 sexmastB01

      Source |       SS           df       MS      Number of obs   =     1,289
-------------+----------------------------------   F(2, 1286)      =    132.26
       Model |  612.414778         2  306.207389   Prob > F        =    0.0000
    Residual |  2977.33697     1,286  2.31519204   R-squared       =    0.1706
-------------+----------------------------------   Adj R-squared   =    0.1693
       Total |  3589.75175     1,288  2.78707434   Root MSE        =    1.5216

------------------------------------------------------------------------------
    sexfan02 |      Coef.   Std. Err.      t    P>|t|     [95% Conf. Interval]
-------------+----------------------------------------------------------------
  sexpornB01 |   .2065068   .0253619     8.14   0.000     .1567515    .2562621
  sexmastB01 |   .1980601   .0235704     8.40   0.000     .1518194    .2443008
       _cons |   2.414221   .1052718    22.93   0.000     2.207698    2.620744
------------------------------------------------------------------------------

. estat vif

    Variable |       VIF       1/VIF  
-------------+----------------------
  sexmastB01 |      1.30    0.767180
  sexpornB01 |      1.30    0.767180
-------------+----------------------
    Mean VIF |      1.30

. 
. regress distractMeasurementPred sexpornB01 sexcomm01 coupleMeasurementPred

      Source |       SS           df       MS      Number of obs   =     1,255
-------------+----------------------------------   F(3, 1251)      =     55.38
       Model |  202.953123         3  67.6510409   Prob > F        =    0.0000
    Residual |  1528.29589     1,251  1.22165939   R-squared       =    0.1172
-------------+----------------------------------   Adj R-squared   =    0.1151
       Total |  1731.24901     1,254  1.38058135   Root MSE        =    1.1053

---------------------------------------------------------------------------------------
distractMeasurement~d |      Coef.   Std. Err.      t    P>|t|     [95% Conf. Interval]
----------------------+----------------------------------------------------------------
           sexpornB01 |   .0707365   .0164144     4.31   0.000     .0385337    .1029394
            sexcomm01 |  -.1141934   .0145994    -7.82   0.000    -.1428355   -.0855513
coupleMeasurementPred |  -.2701353   .0317925    -8.50   0.000    -.3325077   -.2077629
                _cons |  -.0349459   .0926297    -0.38   0.706    -.2166725    .1467807
---------------------------------------------------------------------------------------

. estat vif

    Variable |       VIF       1/VIF  
-------------+----------------------
coupleMeas~d |      1.01    0.991396
   sexcomm01 |      1.01    0.993323
  sexpornB01 |      1.00    0.997513
-------------+----------------------
    Mean VIF |      1.01

. 
. 
. //lateral
. 
. regress randomVar sexsatlatMeasurementPred sexquan sexactBalance sexorgasm01 sexpornB01 sexmastB01 sexfan02 sexcomm01 distractMeasurementPred coupleMeasur
> ementPred 

      Source |       SS           df       MS      Number of obs   =     1,255
-------------+----------------------------------   F(10, 1244)     =      0.53
       Model |  .453122862        10  .045312286   Prob > F        =    0.8689
    Residual |  106.106712     1,244  .085294785   R-squared       =    0.0043
-------------+----------------------------------   Adj R-squared   =   -0.0038
       Total |  106.559835     1,254  .084975945   Root MSE        =    .29205

------------------------------------------------------------------------------------------
               randomVar |      Coef.   Std. Err.      t    P>|t|     [95% Conf. Interval]
-------------------------+----------------------------------------------------------------
sexsatlatMeasurementPred |  -.0006056   .0097541    -0.06   0.951     -.019742    .0185308
                 sexquan |   .0085528    .011022     0.78   0.438     -.013071    .0301766
           sexactBalance |  -.0020448   .0055911    -0.37   0.715    -.0130137    .0089241
             sexorgasm01 |  -.0015839   .0046048    -0.34   0.731     -.010618    .0074502
              sexpornB01 |  -.0052282   .0051502    -1.02   0.310    -.0153322    .0048758
              sexmastB01 |     .00596   .0047199     1.26   0.207    -.0032998    .0152199
                sexfan02 |  -.0008991     .00557    -0.16   0.872    -.0118267    .0100285
               sexcomm01 |   .0005712    .003994     0.14   0.886    -.0072646    .0084069
 distractMeasurementPred |   .0000345   .0082677     0.00   0.997    -.0161858    .0162547
   coupleMeasurementPred |  -.0129933   .0095121    -1.37   0.172    -.0316549    .0056683
                   _cons |   .4732765   .0441566    10.72   0.000     .3866468    .5599062
------------------------------------------------------------------------------------------

. estat vif

    Variable |       VIF       1/VIF  
-------------+----------------------
sexsatl~Pred |      2.76    0.362622
     sexquan |      1.75    0.570724
  sexpornB01 |      1.41    0.707456
distractMe~d |      1.39    0.720759
  sexmastB01 |      1.38    0.725587
sexactBala~e |      1.31    0.762313
coupleMeas~d |      1.29    0.773236
 sexorgasm01 |      1.27    0.787027
    sexfan02 |      1.26    0.790638
   sexcomm01 |      1.08    0.926654
-------------+----------------------
    Mean VIF |      1.49

. 
. drop randomVar

. 
. 
. log close
      name:  <unnamed>
       log:  \log\08_Multikolliniarit채t.log
  log type:  text
 closed on:  15 May 2022, 18:20:19
------------------------------------------------------------------------------------------------------------------------------------------------------------
