------------------------------------------------------------------------------------------------------------------------------------------------------------
      name:  <unnamed>
       log:  \log\10_SEM_full_ML-SB_Split-H
> alf_Gruppe2.log
  log type:  text
 opened on:  15 May 2022, 18:20:21

. 
. //######## Split Half Gruppe 2 - standardisiert ########
. 
. #delimit ;
delimiter now ;
. sem
> ${gesamtModellPfade}
> if splitHalf == 1
> , 
> latent (sexsatlat distract couple) 
> standardized nocnsreport nocapslatent 
> method(ml)  
> vce(sbentler)
> cov(
> ${gesamtModellKovarianzen}
> )
> ;

Endogenous variables

Observed:     sexquan sexactBalance sexorgasm01 sexfan02
Measurement:  sexsat01 sexsat02 sexsat03 couplebond01 couplebond02 coupleint01 sexnet01 sexnet02
Latent:       sexsatlat distract

Exogenous variables

Observed:     sexpornB01 sexmastB01 sexcomm01
Latent:       couple

Fitting target model:

Iteration 0:   log pseudolikelihood = -20805.109  (not concave)
Iteration 1:   log pseudolikelihood = -20434.482  (not concave)
Iteration 2:   log pseudolikelihood = -18145.471  (not concave)
Iteration 3:   log pseudolikelihood = -17336.459  (not concave)
Iteration 4:   log pseudolikelihood = -16881.883  (not concave)
Iteration 5:   log pseudolikelihood = -16798.394  
Iteration 6:   log pseudolikelihood = -16715.537  (not concave)
Iteration 7:   log pseudolikelihood = -16699.221  
Iteration 8:   log pseudolikelihood = -16666.082  
Iteration 9:   log pseudolikelihood = -16660.974  
Iteration 10:  log pseudolikelihood = -16659.555  
Iteration 11:  log pseudolikelihood = -16659.552  
Iteration 12:  log pseudolikelihood = -16659.552  

Structural equation model                       Number of obs     =        627
Estimation method  = ml
Log pseudolikelihood= -16659.552

-------------------------------------------------------------------------------------------
                          |           Satorra-Bentler
             Standardized |      Coef.   Std. Err.      z    P>|z|     [95% Conf. Interval]
--------------------------+----------------------------------------------------------------
Structural                |
  sexquan <-              |
            sexactBalance |   .2801924    .038649     7.25   0.000     .2044418     .355943
                 sexfan02 |   .0992548   .0403674     2.46   0.014     .0201361    .1783735
                   couple |   .0969919   .0391457     2.48   0.013     .0202678     .173716
                    _cons |   2.743003   .1467915    18.69   0.000     2.455297    3.030709
  ------------------------+----------------------------------------------------------------
  sexactBalance <-        |
                 sexfan02 |   .2413785   .0397795     6.07   0.000     .1634121     .319345
                 distract |  -.1572989   .0470234    -3.35   0.001     -.249463   -.0651348
               sexpornB01 |   .1781011   .0419726     4.24   0.000     .0958363    .2603659
                sexcomm01 |    .009544   .0383936     0.25   0.804    -.0657062    .0847942
                    _cons |   1.280607   .1558601     8.22   0.000     .9751268    1.586087
  ------------------------+----------------------------------------------------------------
  sexorgasm01 <-          |
            sexactBalance |    .178576   .0395202     4.52   0.000     .1011179    .2560342
                 distract |  -.2577786   .0459356    -5.61   0.000    -.3478107   -.1677466
                    _cons |   1.803099   .1192838    15.12   0.000     1.569307    2.036891
  ------------------------+----------------------------------------------------------------
  sexfan02 <-             |
               sexpornB01 |   .2579674   .0390302     6.61   0.000     .1814695    .3344652
               sexmastB01 |   .2869759   .0394524     7.27   0.000     .2096507    .3643011
                    _cons |   1.242567   .1003917    12.38   0.000     1.045803    1.439331
  ------------------------+----------------------------------------------------------------
  sexsatlat <-            |
                  sexquan |    .459598    .030267    15.18   0.000     .4002758    .5189202
            sexactBalance |   .1668135   .0372584     4.48   0.000     .0937884    .2398386
              sexorgasm01 |   .2555207   .0341933     7.47   0.000      .188503    .3225385
                 distract |  -.1099982   .0456113    -2.41   0.016    -.1993947   -.0206017
                sexcomm01 |   .1007881   .0315493     3.19   0.001     .0389527    .1626236
                   couple |   .2734756   .0347888     7.86   0.000     .2052908    .3416604
  ------------------------+----------------------------------------------------------------
  distract <-             |
               sexpornB01 |   .1275015   .0487338     2.62   0.009     .0319849    .2230181
                sexcomm01 |  -.1494201   .0502861    -2.97   0.003    -.2479791   -.0508612
                   couple |  -.1663362   .0513901    -3.24   0.001     -.267059   -.0656134
--------------------------+----------------------------------------------------------------
Measurement               |
  sexsat01 <-             |
                sexsatlat |   .8146713   .0202978    40.14   0.000     .7748884    .8544542
                    _cons |   .8151991   .1713666     4.76   0.000     .4793268    1.151071
  ------------------------+----------------------------------------------------------------
  sexsat02 <-             |
                sexsatlat |   .9140494   .0141106    64.78   0.000     .8863932    .9417056
                    _cons |   .6642327   .1711529     3.88   0.000     .3287792    .9996863
  ------------------------+----------------------------------------------------------------
  sexsat03 <-             |
                sexsatlat |   .7562111   .0244894    30.88   0.000     .7082127    .8042096
                    _cons |   .2506956   .1400862     1.79   0.074    -.0238684    .5252596
  ------------------------+----------------------------------------------------------------
  couplebond01 <-         |
                   couple |   .8378958   .0239569    34.98   0.000     .7909411    .8848505
                    _cons |   5.295905   .2693268    19.66   0.000     4.768034    5.823776
  ------------------------+----------------------------------------------------------------
  couplebond02 <-         |
                   couple |   .7516834   .0311852    24.10   0.000     .6905615    .8128053
                    _cons |    4.11742   .2003903    20.55   0.000     3.724662    4.510178
  ------------------------+----------------------------------------------------------------
  coupleint01 <-          |
                   couple |   .8575188   .0306565    27.97   0.000     .7974331    .9176044
                    _cons |   4.651556   .2112099    22.02   0.000     4.237592    5.065519
  ------------------------+----------------------------------------------------------------
  sexnet01 <-             |
                 distract |   .6760073   .0573569    11.79   0.000     .5635899    .7884247
                    _cons |   1.759556   .1024733    17.17   0.000     1.558712      1.9604
  ------------------------+----------------------------------------------------------------
  sexnet02 <-             |
                 distract |   .6428854   .0553702    11.61   0.000     .5343619    .7514089
                    _cons |    2.18561   .1081968    20.20   0.000     1.973548    2.397672
--------------------------+----------------------------------------------------------------
          mean(sexpornB01)|   1.660764   .0383405    43.32   0.000     1.585618     1.73591
          mean(sexmastB01)|   2.205866    .065859    33.49   0.000     2.076785    2.334947
           mean(sexcomm01)|   2.228634   .0735829    30.29   0.000     2.084414    2.372854
--------------------------+----------------------------------------------------------------
           var(e.sexsat01)|   .3363107    .033072                      .2773547    .4077987
           var(e.sexsat02)|   .1645137   .0257955                      .1209859    .2237016
           var(e.sexsat03)|   .4281447   .0370384                      .3613715     .507256
       var(e.couplebond01)|   .2979307   .0401468                      .2287779    .3879864
       var(e.couplebond02)|   .4349721   .0468828                      .3521405    .5372877
        var(e.coupleint01)|   .2646616   .0525771                      .1793053    .3906508
           var(e.sexnet01)|   .5430141   .0775473                      .4104421    .7184068
           var(e.sexnet02)|   .5866984   .0711933                      .4625144    .7442255
            var(e.sexquan)|      .8838    .024891                      .8363367     .933957
      var(e.sexactBalance)|   .8618619   .0259109                      .8125448    .9141723
        var(e.sexorgasm01)|   .8902409   .0269286                      .8389959    .9446159
           var(e.sexfan02)|    .781468   .0299515                      .7249149     .842433
          var(e.sexsatlat)|   .4320481   .0320581                      .3735705    .4996795
           var(e.distract)|   .9301143   .0255975                      .8812732    .9816624
           var(sexpornB01)|          1          .                             .           .
           var(sexmastB01)|          1          .                             .           .
            var(sexcomm01)|          1          .                             .           .
               var(couple)|          1          .                             .           .
--------------------------+----------------------------------------------------------------
cov(sexpornB01,sexmastB01)|   .4702775   .0309342    15.20   0.000     .4096476    .5309074
     cov(sexcomm01,couple)|   .0731253   .0444808     1.64   0.100    -.0140554    .1603061
-------------------------------------------------------------------------------------------
LR test of model vs. saturated: chi2(75)  =    131.46, Prob > chi2 = 0.0001
Satorra-Bentler scaled test:    chi2(75)  =    120.56, Prob > chi2 = 0.0007

.                                                                                                                                                           
>                                                                                                                                                           
>                                                             #delimit cr
delimiter now cr
. 
. //-----Testen der Modellgüte-----
. estat gof, stats(all)

----------------------------------------------------------------------------
Fit statistic        |      Value   Description
---------------------+------------------------------------------------------
Likelihood ratio     |
         chi2_ms(75) |    131.458   model vs. saturated
            p > chi2 |      0.000
        chi2_bs(102) |   2949.502   baseline vs. saturated
            p > chi2 |      0.000
                     |
  Satorra-Bentler    |
       chi2sb_ms(75) |    120.561   
            p > chi2 |      0.001
      chi2sb_bs(102) |   2697.778   
            p > chi2 |      0.000
---------------------+------------------------------------------------------
Population error     |
               RMSEA |      0.035   Root mean squared error of approximation
 90% CI, lower bound |      0.025
         upper bound |      0.044
              pclose |      0.996   Probability RMSEA <= 0.05
                     |
  Satorra-Bentler    |
            RMSEA_SB |      0.031   Root mean squared error of approximation
---------------------+------------------------------------------------------
Information criteria |
                 AIC |  33439.103   Akaike's information criterion
                 BIC |  33705.560   Bayesian information criterion
---------------------+------------------------------------------------------
Baseline comparison  |
                 CFI |      0.980   Comparative fit index
                 TLI |      0.973   Tucker-Lewis index
                     |
  Satorra-Bentler    |
              CFI_SB |      0.982   Comparative fit index
              TLI_SB |      0.976   Tucker-Lewis index
---------------------+------------------------------------------------------
Size of residuals    |
                SRMR |      0.039   Standardized root mean squared residual
                  CD |      0.907   Coefficient of determination
----------------------------------------------------------------------------

. 
. 
. //######## Split Half Gruppe 2 - unstandardisiert ########
. 
. #delimit ;
delimiter now ;
. sem
> ${gesamtModellPfade}
> if splitHalf == 1
> , 
> latent (sexsatlat distract couple) 
> nocnsreport nocapslatent 
> method(ml)  
> vce(sbentler)
> cov(
> ${gesamtModellKovarianzen}
> )
> ;

Endogenous variables

Observed:     sexquan sexactBalance sexorgasm01 sexfan02
Measurement:  sexsat01 sexsat02 sexsat03 couplebond01 couplebond02 coupleint01 sexnet01 sexnet02
Latent:       sexsatlat distract

Exogenous variables

Observed:     sexpornB01 sexmastB01 sexcomm01
Latent:       couple

Fitting target model:

Iteration 0:   log pseudolikelihood = -20805.109  (not concave)
Iteration 1:   log pseudolikelihood = -20434.482  (not concave)
Iteration 2:   log pseudolikelihood = -18145.471  (not concave)
Iteration 3:   log pseudolikelihood = -17336.459  (not concave)
Iteration 4:   log pseudolikelihood = -16881.883  (not concave)
Iteration 5:   log pseudolikelihood = -16798.394  
Iteration 6:   log pseudolikelihood = -16715.537  (not concave)
Iteration 7:   log pseudolikelihood = -16699.221  
Iteration 8:   log pseudolikelihood = -16666.082  
Iteration 9:   log pseudolikelihood = -16660.974  
Iteration 10:  log pseudolikelihood = -16659.555  
Iteration 11:  log pseudolikelihood = -16659.552  
Iteration 12:  log pseudolikelihood = -16659.552  

Structural equation model                       Number of obs     =        627
Estimation method  = ml
Log pseudolikelihood= -16659.552

-------------------------------------------------------------------------------------------
                          |           Satorra-Bentler
                          |      Coef.   Std. Err.      z    P>|z|     [95% Conf. Interval]
--------------------------+----------------------------------------------------------------
Structural                |
  sexquan <-              |
            sexactBalance |   .1568964   .0226429     6.93   0.000     .1125172    .2012756
                 sexfan02 |    .055524   .0226877     2.45   0.014      .011057     .099991
                   couple |   .0940061   .0383652     2.45   0.014     .0188118    .1692005
                    _cons |    2.62573    .108872    24.12   0.000     2.412345    2.839116
  ------------------------+----------------------------------------------------------------
  sexactBalance <-        |
                 sexfan02 |   .2411411   .0416301     5.79   0.000     .1595476    .3227346
                 distract |  -.1914887   .0599767    -3.19   0.001    -.3090409   -.0739364
               sexpornB01 |   .1578081   .0366435     4.31   0.000     .0859883     .229628
                sexcomm01 |   .0074529   .0299851     0.25   0.804    -.0513169    .0662226
                    _cons |   2.189188   .2352608     9.31   0.000     1.728086    2.650291
  ------------------------+----------------------------------------------------------------
  sexorgasm01 <-          |
            sexactBalance |   .2134312    .047986     4.45   0.000     .1193804     .307482
                 distract |  -.3750584   .0735737    -5.10   0.000    -.5192602   -.2308566
                    _cons |   3.684015    .213385    17.26   0.000     3.265788    4.102242
  ------------------------+----------------------------------------------------------------
  sexfan02 <-             |
               sexpornB01 |   .2287994   .0353297     6.48   0.000     .1595544    .2980445
               sexmastB01 |   .2409304   .0336901     7.15   0.000      .174899    .3069619
                    _cons |    2.12625   .1490738    14.26   0.000     1.834071     2.41843
  ------------------------+----------------------------------------------------------------
  sexsatlat <-            |
                  sexquan |   .6457982   .0501791    12.87   0.000      .547449    .7441474
            sexactBalance |   .1312522   .0286931     4.57   0.000     .0750147    .1874897
              sexorgasm01 |   .1682158   .0230188     7.31   0.000     .1230998    .2133317
                 distract |  -.1053606   .0426981    -2.47   0.014    -.1890473   -.0216738
                sexcomm01 |   .0619268   .0199001     3.11   0.002     .0229234    .1009303
                   couple |   .3724415   .0514171     7.24   0.000     .2716658    .4732172
  ------------------------+----------------------------------------------------------------
  distract <-             |
               sexpornB01 |   .0928027   .0363187     2.56   0.011     .0216195     .163986
                sexcomm01 |  -.0958486   .0333462    -2.87   0.004     -.161206   -.0304913
                   couple |  -.2365014   .0774436    -3.05   0.002    -.3882881   -.0847147
--------------------------+----------------------------------------------------------------
Measurement               |
  sexsat01 <-             |
                sexsatlat |          1  (constrained)
                    _cons |   1.345934   .2573122     5.23   0.000     .8416113    1.850257
  ------------------------+----------------------------------------------------------------
  sexsat02 <-             |
                sexsatlat |   1.087088   .0440373    24.69   0.000     1.000777      1.1734
                    _cons |   1.062571   .2526557     4.21   0.000     .5673746    1.557767
  ------------------------+----------------------------------------------------------------
  sexsat03 <-             |
                sexsatlat |   .9876788   .0497661    19.85   0.000     .8901391    1.085219
                    _cons |   .4404147   .2421143     1.82   0.069    -.0341206    .9149501
  ------------------------+----------------------------------------------------------------
  couplebond01 <-         |
                   couple |          1  (constrained)
                    _cons |   6.242424   .0471114   132.50   0.000     6.150088    6.334761
  ------------------------+----------------------------------------------------------------
  couplebond02 <-         |
                   couple |   1.118206   .0664902    16.82   0.000     .9878881    1.248525
                    _cons |   6.049442   .0587223   103.02   0.000     5.934348    6.164535
  ------------------------+----------------------------------------------------------------
  coupleint01 <-          |
                   couple |   1.130059   .0632904    17.86   0.000     1.006012    1.254106
                    _cons |   6.054226   .0520204   116.38   0.000     5.952268    6.156184
  ------------------------+----------------------------------------------------------------
  sexnet01 <-             |
                 distract |          1  (constrained)
                    _cons |    3.65512   .2156407    16.95   0.000     3.232472    4.077768
  ------------------------+----------------------------------------------------------------
  sexnet02 <-             |
                 distract |   .8650365   .1348684     6.41   0.000     .6006993    1.129374
                    _cons |   4.129747   .1879462    21.97   0.000      3.76138    4.498115
--------------------------+----------------------------------------------------------------
          mean(sexpornB01)|   3.204147   .0771112    41.55   0.000     3.053012    3.355282
          mean(sexmastB01)|   4.496013   .0814632    55.19   0.000     4.336348    4.655678
           mean(sexcomm01)|   4.878788   .0874956    55.76   0.000       4.7073    5.050276
--------------------------+----------------------------------------------------------------
           var(e.sexsat01)|   .9167709   .0821384                      .7691254    1.092759
           var(e.sexsat02)|   .4209951   .0647607                      .3114144    .5691353
           var(e.sexsat03)|   1.321359   .1132403                      1.117051    1.563035
       var(e.couplebond01)|   .4139438   .0554328                      .3183858    .5381819
       var(e.couplebond02)|   .9389482   .1014953                       .759681    1.160518
        var(e.coupleint01)|   .4483444   .0919123                      .2999938    .6700564
           var(e.sexnet01)|   2.343194   .3350084                      1.770562    3.101025
           var(e.sexnet02)|   2.094675   .2591201                      1.643688    2.669401
            var(e.sexquan)|   .8098445   .0395869                      .7358566    .8912717
      var(e.sexactBalance)|   2.518675   .1585888                      2.226261    2.849497
        var(e.sexorgasm01)|   3.716305    .168225                      3.400793    4.061089
           var(e.sexfan02)|   2.288234   .1062371                      2.089206    2.506223
          var(e.sexsatlat)|   .7816585   .0768744                      .6446193    .9478308
           var(e.distract)|   1.834156   .3287787                       1.29079    2.606255
           var(sexpornB01)|   3.722279   .1480919                      3.443053    4.024151
           var(sexmastB01)|    4.15429   .1495841                      3.871217    4.458063
            var(sexcomm01)|   4.792325   .1802516                      4.451746     5.15896
               var(couple)|   .9754525   .1182685                      .7691348    1.237114
--------------------------+----------------------------------------------------------------
cov(sexpornB01,sexmastB01)|   1.849299   .1489948    12.41   0.000     1.557274    2.141323
     cov(sexcomm01,couple)|   .1581045    .094614     1.67   0.095    -.0273355    .3435444
-------------------------------------------------------------------------------------------
LR test of model vs. saturated: chi2(75)  =    131.46, Prob > chi2 = 0.0001
Satorra-Bentler scaled test:    chi2(75)  =    120.56, Prob > chi2 = 0.0007

.                                                                                                                                                           
>                                                                                                                                                           
>                                                             #delimit cr
delimiter now cr
. 
. //-----Testen der Modellgüte-----
. estat gof, stats(all)

----------------------------------------------------------------------------
Fit statistic        |      Value   Description
---------------------+------------------------------------------------------
Likelihood ratio     |
         chi2_ms(75) |    131.458   model vs. saturated
            p > chi2 |      0.000
        chi2_bs(102) |   2949.502   baseline vs. saturated
            p > chi2 |      0.000
                     |
  Satorra-Bentler    |
       chi2sb_ms(75) |    120.561   
            p > chi2 |      0.001
      chi2sb_bs(102) |   2697.778   
            p > chi2 |      0.000
---------------------+------------------------------------------------------
Population error     |
               RMSEA |      0.035   Root mean squared error of approximation
 90% CI, lower bound |      0.025
         upper bound |      0.044
              pclose |      0.996   Probability RMSEA <= 0.05
                     |
  Satorra-Bentler    |
            RMSEA_SB |      0.031   Root mean squared error of approximation
---------------------+------------------------------------------------------
Information criteria |
                 AIC |  33439.103   Akaike's information criterion
                 BIC |  33705.560   Bayesian information criterion
---------------------+------------------------------------------------------
Baseline comparison  |
                 CFI |      0.980   Comparative fit index
                 TLI |      0.973   Tucker-Lewis index
                     |
  Satorra-Bentler    |
              CFI_SB |      0.982   Comparative fit index
              TLI_SB |      0.976   Tucker-Lewis index
---------------------+------------------------------------------------------
Size of residuals    |
                SRMR |      0.039   Standardized root mean squared residual
                  CD |      0.907   Coefficient of determination
----------------------------------------------------------------------------

. estat residuals, standardized

Residuals of observed variables

  Mean residuals

                 |  sexsat01   sexsat02   sexsat03  coupleb~1  coupleb~2  couplei~1   sexnet01   sexnet02    sexquan  sexactB~e  sexorg~01   sexfan02 
    -------------+------------------------------------------------------------------------------------------------------------------------------------
             raw |     0.000      0.000      0.000      0.000      0.000      0.000     -0.000     -0.000      0.000      0.000      0.000      0.000 
    standardized |         .          .          .          .          .          .          .          .          .          .          .          . 
    --------------------------------------------------------------------------------------------------------------------------------------------------

                 | sexpo~B01  sexma~B01  sexcomm01 
    -------------+---------------------------------
             raw |     0.000      0.000      0.000 
    standardized |         .          .          . 
    -----------------------------------------------

  Covariance residuals

                 |  sexsat01   sexsat02   sexsat03  coupleb~1  coupleb~2  couplei~1   sexnet01   sexnet02    sexquan  sexactB~e  sexorg~01   sexfan02 
    -------------+------------------------------------------------------------------------------------------------------------------------------------
        sexsat01 |     0.077                                                                                                                          
        sexsat02 |     0.058      0.091                                                                                                               
        sexsat03 |     0.128      0.098      0.075                                                                                                    
    couplebond01 |     0.139      0.076     -0.012      0.000                                                                                         
    couplebond02 |     0.113      0.023     -0.033      0.004      0.000                                                                              
     coupleint01 |     0.223      0.102      0.001     -0.002      0.001      0.000                                                                   
        sexnet01 |     0.008      0.004     -0.086      0.106      0.018      0.006      0.005                                                        
        sexnet02 |    -0.016     -0.007     -0.180      0.115     -0.021     -0.068      0.036      0.004                                             
         sexquan |     0.019      0.062     -0.063      0.017     -0.017      0.062     -0.120     -0.051      0.005                                  
    sexactBala~e |     0.119      0.077     -0.022      0.163      0.198      0.229      0.036      0.015      0.015     -0.001                       
     sexorgasm01 |    -0.021      0.082      0.149      0.144      0.241      0.250     -0.020      0.097     -0.016     -0.001      0.000            
        sexfan02 |    -0.056      0.011     -0.044     -0.037     -0.048      0.059     -0.131      0.117      0.000      0.002      0.069     -0.000 
      sexpornB01 |    -0.239     -0.353     -0.396     -0.026     -0.109     -0.135     -0.038      0.038     -0.156     -0.005     -0.034     -0.000 
      sexmastB01 |    -0.183     -0.240     -0.372     -0.050     -0.194     -0.226     -0.230     -0.046     -0.097      0.330     -0.077     -0.000 
       sexcomm01 |     0.310      0.095      0.121     -0.019      0.014      0.003     -0.106      0.150      0.170     -0.008      0.215      0.009 
    --------------------------------------------------------------------------------------------------------------------------------------------------

                 | sexpo~B01  sexma~B01  sexcomm01 
    -------------+---------------------------------
      sexpornB01 |     0.000                       
      sexmastB01 |     0.000      0.000            
       sexcomm01 |    -0.069     -0.031      0.000 
    -----------------------------------------------

  Standardized covariance residuals

                 |  sexsat01   sexsat02   sexsat03  coupleb~1  coupleb~2  couplei~1   sexnet01   sexnet02    sexquan  sexactB~e  sexorg~01   sexfan02 
    -------------+------------------------------------------------------------------------------------------------------------------------------------
        sexsat01 |     1.365                                                                                                                          
        sexsat02 |         .      5.597                                                                                                               
        sexsat03 |     2.123      1.519      0.591                                                                                                    
    couplebond01 |     3.476      2.498     -0.228          .                                                                                         
    couplebond02 |     1.831      0.440     -0.444          .          .                                                                              
     coupleint01 |     5.084      2.856      0.009          .          .          .                                                                   
        sexnet01 |     0.091      0.061     -0.836      1.686      0.210      0.089      0.024                                                        
        sexnet02 |    -0.183     -0.101     -1.821      1.868     -0.259     -1.040      0.414      0.024                                             
         sexquan |     0.619      2.852     -1.412      0.738     -0.486      2.621     -1.595     -0.741      0.162                                  
    sexactBala~e |     3.315          .     -0.355      2.094      2.028      2.669      0.458      0.185      1.444          .                       
     sexorgasm01 |    -0.250      1.245      1.501      1.613      2.138      2.546     -0.264      1.130     -0.227     -0.019      0.003            
        sexfan02 |    -0.590      0.132     -0.426     -0.461     -0.480      0.663     -0.978      0.952          .      0.065      0.531     -0.000 
      sexpornB01 |    -2.124     -3.345     -3.235     -0.282     -0.963     -1.351     -0.434      0.435     -2.483     -0.299     -0.251     -0.000 
      sexmastB01 |    -1.432     -1.956     -2.711     -0.522     -1.619     -2.136     -1.485     -0.321     -1.397      2.990     -0.482     -0.000 
       sexcomm01 |     3.654      1.468      1.143     -0.452      0.194      0.089     -1.202      1.642      2.140     -0.183      1.342      0.060 
    --------------------------------------------------------------------------------------------------------------------------------------------------

                 | sexpo~B01  sexma~B01  sexcomm01 
    -------------+---------------------------------
      sexpornB01 |     0.000                       
      sexmastB01 |     0.000      0.000            
       sexcomm01 |    -0.411     -0.173      0.000 
    -----------------------------------------------

.         
. log close
      name:  <unnamed>
       log:  \log\10_SEM_full_ML-SB_Split-H
> alf_Gruppe2.log
  log type:  text
 closed on:  15 May 2022, 18:20:23
------------------------------------------------------------------------------------------------------------------------------------------------------------
