------------------------------------------------------------------------------------------------------------------------------------------------------------
      name:  <unnamed>
       log:  \log\10_SEM_full_ML-SB_Split-H
> alf_Gruppe1.log
  log type:  text
 opened on:  15 May 2022, 18:20:19

. 
. //######## Split Half Gruppe 1 - standardisiert ########
. 
. #delimit ;
delimiter now ;
. sem
> ${gesamtModellPfade}
> if splitHalf == 0
> , 
> latent (sexsatlat distract couple) 
> standardized nocnsreport nocapslatent 
> method(ml)  
> vce(sbentler)
> cov(
> ${gesamtModellKovarianzen}
> )
> ;

Endogenous variables

Observed:     sexquan sexactBalance sexorgasm01 sexfan02
Measurement:  sexsat01 sexsat02 sexsat03 couplebond01 couplebond02 coupleint01 sexnet01 sexnet02
Latent:       sexsatlat distract

Exogenous variables

Observed:     sexpornB01 sexmastB01 sexcomm01
Latent:       couple

Fitting target model:

Iteration 0:   log pseudolikelihood = -20035.269  (not concave)
Iteration 1:   log pseudolikelihood = -19470.682  (not concave)
Iteration 2:   log pseudolikelihood = -16941.939  (not concave)
Iteration 3:   log pseudolikelihood = -16899.526  (not concave)
Iteration 4:   log pseudolikelihood = -16783.068  (not concave)
Iteration 5:   log pseudolikelihood = -16743.827  
Iteration 6:   log pseudolikelihood = -16719.717  (not concave)
Iteration 7:   log pseudolikelihood = -16699.385  
Iteration 8:   log pseudolikelihood = -16646.919  
Iteration 9:   log pseudolikelihood = -16634.804  
Iteration 10:  log pseudolikelihood = -16633.838  
Iteration 11:  log pseudolikelihood = -16633.829  
Iteration 12:  log pseudolikelihood = -16633.829  

Structural equation model                       Number of obs     =        628
Estimation method  = ml
Log pseudolikelihood= -16633.829

-------------------------------------------------------------------------------------------
                          |           Satorra-Bentler
             Standardized |      Coef.   Std. Err.      z    P>|z|     [95% Conf. Interval]
--------------------------+----------------------------------------------------------------
Structural                |
  sexquan <-              |
            sexactBalance |   .1802771   .0408603     4.41   0.000     .1001924    .2603618
                 sexfan02 |   .0789608   .0396335     1.99   0.046     .0012807     .156641
                   couple |   .1808713   .0381153     4.75   0.000     .1061666    .2555759
                    _cons |   2.759847   .1578751    17.48   0.000     2.450417    3.069276
  ------------------------+----------------------------------------------------------------
  sexactBalance <-        |
                 sexfan02 |   .1517124   .0388333     3.91   0.000     .0756007    .2278242
                 distract |  -.2039565   .0497185    -4.10   0.000     -.301403     -.10651
               sexpornB01 |   .1347172   .0423925     3.18   0.001     .0516293     .217805
                sexcomm01 |   .0954423    .036861     2.59   0.010      .023196    .1676885
                    _cons |    1.32959   .1561709     8.51   0.000       1.0235    1.635679
  ------------------------+----------------------------------------------------------------
  sexorgasm01 <-          |
            sexactBalance |   .1508543   .0363689     4.15   0.000     .0795727     .222136
                 distract |  -.2162532   .0478193    -4.52   0.000    -.3099772   -.1225292
                    _cons |   1.965333   .1147911    17.12   0.000     1.740346    2.190319
  ------------------------+----------------------------------------------------------------
  sexfan02 <-             |
               sexpornB01 |   .2123351     .04104     5.17   0.000     .1318982     .292772
               sexmastB01 |   .1919805   .0428521     4.48   0.000     .1079919    .2759691
                    _cons |    1.66594   .1101459    15.12   0.000     1.450058    1.881823
  ------------------------+----------------------------------------------------------------
  sexsatlat <-            |
                  sexquan |   .4989451   .0310942    16.05   0.000     .4380017    .5598885
            sexactBalance |   .0949464   .0361156     2.63   0.009     .0241611    .1657318
              sexorgasm01 |   .1938098   .0331561     5.85   0.000      .128825    .2587945
                 distract |  -.1943947   .0464316    -4.19   0.000    -.2853989   -.1033905
                sexcomm01 |   .0645016    .030107     2.14   0.032      .005493    .1235103
                   couple |   .2478427   .0331438     7.48   0.000     .1828821    .3128034
  ------------------------+----------------------------------------------------------------
  distract <-             |
               sexpornB01 |   .0807278   .0513977     1.57   0.116    -.0200099    .1814654
                sexcomm01 |  -.2002241   .0495065    -4.04   0.000    -.2972551    -.103193
                   couple |  -.1583416   .0477193    -3.32   0.001    -.2518697   -.0648134
--------------------------+----------------------------------------------------------------
Measurement               |
  sexsat01 <-             |
                sexsatlat |   .8407444   .0166181    50.59   0.000     .8081735    .8733153
                    _cons |   .9140966   .1685918     5.42   0.000     .5836628     1.24453
  ------------------------+----------------------------------------------------------------
  sexsat02 <-             |
                sexsatlat |   .9275019   .0118261    78.43   0.000     .9043232    .9506807
                    _cons |   .6902243   .1619496     4.26   0.000      .372809     1.00764
  ------------------------+----------------------------------------------------------------
  sexsat03 <-             |
                sexsatlat |   .7928695   .0197716    40.10   0.000     .7541179     .831621
                    _cons |   .3990077   .1412957     2.82   0.005     .1220732    .6759422
  ------------------------+----------------------------------------------------------------
  couplebond01 <-         |
                   couple |   .9093035   .0194423    46.77   0.000     .8711973    .9474097
                    _cons |   5.066559   .2414129    20.99   0.000     4.593398    5.539719
  ------------------------+----------------------------------------------------------------
  couplebond02 <-         |
                   couple |    .739143   .0327614    22.56   0.000     .6749318    .8033542
                    _cons |   3.867345   .1820599    21.24   0.000     3.510514    4.224176
  ------------------------+----------------------------------------------------------------
  coupleint01 <-          |
                   couple |   .8544756   .0229154    37.29   0.000     .8095622    .8993889
                    _cons |   4.534933   .2067143    21.94   0.000      4.12978    4.940085
  ------------------------+----------------------------------------------------------------
  sexnet01 <-             |
                 distract |   .7323981   .0578038    12.67   0.000     .6191046    .8456915
                    _cons |   1.856094   .1158752    16.02   0.000     1.628983    2.083206
  ------------------------+----------------------------------------------------------------
  sexnet02 <-             |
                 distract |   .6178052   .0562154    10.99   0.000      .507625    .7279855
                    _cons |     2.2147    .104939    21.10   0.000     2.009023    2.420377
--------------------------+----------------------------------------------------------------
          mean(sexpornB01)|   1.615866   .0359067    45.00   0.000      1.54549    1.686242
          mean(sexmastB01)|   2.137066   .0641435    33.32   0.000     2.011347    2.262785
           mean(sexcomm01)|   2.344238   .0766746    30.57   0.000     2.193958    2.494517
--------------------------+----------------------------------------------------------------
           var(e.sexsat01)|   .2931489   .0279431                       .243193    .3533664
           var(e.sexsat02)|   .1397402   .0219375                       .102729    .1900857
           var(e.sexsat03)|    .371358   .0313526                      .3147231    .4381845
       var(e.couplebond01)|   .1731672   .0353579                      .1160551    .2583848
       var(e.couplebond02)|   .4536676   .0484308                      .3680177    .5592511
        var(e.coupleint01)|   .2698715   .0391613                      .2030665    .3586539
           var(e.sexnet01)|   .4635931   .0846708                      .3240956    .6631332
           var(e.sexnet02)|   .6183167   .0694604                      .4961223    .7706074
            var(e.sexquan)|   .9204607   .0226994                      .8770289    .9660434
      var(e.sexactBalance)|   .8934049   .0261115                      .8436655    .9460768
        var(e.sexorgasm01)|   .9168052   .0245485                      .8699317    .9662042
           var(e.sexfan02)|   .8789957   .0251415                      .8310751    .9296796
          var(e.sexsatlat)|   .4436649   .0315117                      .3860093    .5099321
           var(e.distract)|   .9237522   .0257666                      .8746062    .9756598
           var(sexpornB01)|          1          .                             .           .
           var(sexmastB01)|          1          .                             .           .
            var(sexcomm01)|          1          .                             .           .
               var(couple)|          1          .                             .           .
--------------------------+----------------------------------------------------------------
cov(sexpornB01,sexmastB01)|   .4791158    .029593    16.19   0.000     .4211146     .537117
     cov(sexcomm01,couple)|   .0720597   .0393297     1.83   0.067    -.0050251    .1491446
-------------------------------------------------------------------------------------------
LR test of model vs. saturated: chi2(75)  =    136.40, Prob > chi2 = 0.0000
Satorra-Bentler scaled test:    chi2(75)  =    129.12, Prob > chi2 = 0.0001

.                                                                                                                                                           
>                                                                                                                                                           
>                                                             #delimit cr
delimiter now cr
. 
. //-----Testen der Modellgüte-----
. estat gof, stats(all)

----------------------------------------------------------------------------
Fit statistic        |      Value   Description
---------------------+------------------------------------------------------
Likelihood ratio     |
         chi2_ms(75) |    136.395   model vs. saturated
            p > chi2 |      0.000
        chi2_bs(102) |   3150.107   baseline vs. saturated
            p > chi2 |      0.000
                     |
  Satorra-Bentler    |
       chi2sb_ms(75) |    129.124   
            p > chi2 |      0.000
      chi2sb_bs(102) |   2933.204   
            p > chi2 |      0.000
---------------------+------------------------------------------------------
Population error     |
               RMSEA |      0.036   Root mean squared error of approximation
 90% CI, lower bound |      0.026
         upper bound |      0.046
              pclose |      0.993   Probability RMSEA <= 0.05
                     |
  Satorra-Bentler    |
            RMSEA_SB |      0.034   Root mean squared error of approximation
---------------------+------------------------------------------------------
Information criteria |
                 AIC |  33387.658   Akaike's information criterion
                 BIC |  33654.211   Bayesian information criterion
---------------------+------------------------------------------------------
Baseline comparison  |
                 CFI |      0.980   Comparative fit index
                 TLI |      0.973   Tucker-Lewis index
                     |
  Satorra-Bentler    |
              CFI_SB |      0.981   Comparative fit index
              TLI_SB |      0.974   Tucker-Lewis index
---------------------+------------------------------------------------------
Size of residuals    |
                SRMR |      0.045   Standardized root mean squared residual
                  CD |      0.918   Coefficient of determination
----------------------------------------------------------------------------

. 
. 
. 
. //######## Split Half Gruppe 1 - unstandardisiert ########
. 
. #delimit ;
delimiter now ;
. sem
> ${gesamtModellPfade}
> if splitHalf == 0
> , 
> latent (sexsatlat distract couple) 
> nocnsreport nocapslatent 
> method(ml)  
> vce(sbentler)
> cov(
> ${gesamtModellKovarianzen}
> )
> ;

Endogenous variables

Observed:     sexquan sexactBalance sexorgasm01 sexfan02
Measurement:  sexsat01 sexsat02 sexsat03 couplebond01 couplebond02 coupleint01 sexnet01 sexnet02
Latent:       sexsatlat distract

Exogenous variables

Observed:     sexpornB01 sexmastB01 sexcomm01
Latent:       couple

Fitting target model:

Iteration 0:   log pseudolikelihood = -20035.269  (not concave)
Iteration 1:   log pseudolikelihood = -19470.682  (not concave)
Iteration 2:   log pseudolikelihood = -16941.939  (not concave)
Iteration 3:   log pseudolikelihood = -16899.526  (not concave)
Iteration 4:   log pseudolikelihood = -16783.068  (not concave)
Iteration 5:   log pseudolikelihood = -16743.827  
Iteration 6:   log pseudolikelihood = -16719.717  (not concave)
Iteration 7:   log pseudolikelihood = -16699.385  
Iteration 8:   log pseudolikelihood = -16646.919  
Iteration 9:   log pseudolikelihood = -16634.804  
Iteration 10:  log pseudolikelihood = -16633.838  
Iteration 11:  log pseudolikelihood = -16633.829  
Iteration 12:  log pseudolikelihood = -16633.829  

Structural equation model                       Number of obs     =        628
Estimation method  = ml
Log pseudolikelihood= -16633.829

-------------------------------------------------------------------------------------------
                          |           Satorra-Bentler
                          |      Coef.   Std. Err.      z    P>|z|     [95% Conf. Interval]
--------------------------+----------------------------------------------------------------
Structural                |
  sexquan <-              |
            sexactBalance |   .1097676   .0255994     4.29   0.000     .0595937    .1599415
                 sexfan02 |    .049566   .0247851     2.00   0.046     .0009881     .098144
                   couple |   .1649669    .035547     4.64   0.000     .0952961    .2346378
                    _cons |   2.800482   .1328679    21.08   0.000     2.540066    3.060898
  ------------------------+----------------------------------------------------------------
  sexactBalance <-        |
                 sexfan02 |   .1564084   .0407432     3.84   0.000     .0765533    .2362636
                 distract |  -.2195935   .0580954    -3.78   0.000    -.3334583   -.1057286
               sexpornB01 |   .1199081   .0374903     3.20   0.001     .0464284    .1933878
                sexcomm01 |   .0758051   .0294826     2.57   0.010     .0180203      .13359
                    _cons |   2.215807   .2311584     9.59   0.000     1.762745    2.668869
  ------------------------+----------------------------------------------------------------
  sexorgasm01 <-          |
            sexactBalance |   .1800235   .0441277     4.08   0.000     .0935349    .2665121
                 distract |  -.2778535   .0674764    -4.12   0.000    -.4101048   -.1456022
                    _cons |   3.908606   .1871175    20.89   0.000     3.541863     4.27535
  ------------------------+----------------------------------------------------------------
  sexfan02 <-             |
               sexpornB01 |   .1833194   .0356992     5.14   0.000     .1133503    .2532886
               sexmastB01 |   .1505223   .0339934     4.43   0.000     .0838964    .2171481
                    _cons |    2.69299   .1536248    17.53   0.000     2.391891     2.99409
  ------------------------+----------------------------------------------------------------
  sexsatlat <-            |
                  sexquan |   .6993109   .0515317    13.57   0.000     .5983106    .8003112
            sexactBalance |    .081027   .0301071     2.69   0.007     .0220181    .1400358
              sexorgasm01 |   .1385974   .0240117     5.77   0.000     .0915354    .1856595
                 distract |  -.1786147    .047662    -3.75   0.000    -.2720306   -.0851989
                sexcomm01 |   .0437199   .0204406     2.14   0.032     .0036571    .0837827
                   couple |   .3168262      .0449     7.06   0.000     .2288237    .4048286
  ------------------------+----------------------------------------------------------------
  distract <-             |
               sexpornB01 |    .066737   .0426143     1.57   0.117    -.0167854    .1502595
                sexcomm01 |   -.147704   .0384262    -3.84   0.000     -.223018     -.07239
                   couple |  -.2202961   .0680881    -3.24   0.001    -.3537463   -.0868459
--------------------------+----------------------------------------------------------------
Measurement               |
  sexsat01 <-             |
                sexsatlat |          1  (constrained)
                    _cons |   1.546299   .2563546     6.03   0.000     1.043853    2.048745
  ------------------------+----------------------------------------------------------------
  sexsat02 <-             |
                sexsatlat |   1.091032   .0359386    30.36   0.000     1.020593     1.16147
                    _cons |   1.154724   .2512988     4.60   0.000     .6621873     1.64726
  ------------------------+----------------------------------------------------------------
  sexsat03 <-             |
                sexsatlat |   .9764402   .0393958    24.79   0.000     .8992259    1.053655
                    _cons |   .6988607   .2397509     2.91   0.004     .2289577    1.168764
  ------------------------+----------------------------------------------------------------
  couplebond01 <-         |
                   couple |          1  (constrained)
                    _cons |   6.199045   .0488628   126.87   0.000     6.103275    6.294814
  ------------------------+----------------------------------------------------------------
  couplebond02 <-         |
                   couple |   1.030186   .0674511    15.27   0.000     .8979842    1.162388
                    _cons |   5.996815   .0619261    96.84   0.000     5.875442    6.118188
  ------------------------+----------------------------------------------------------------
  coupleint01 <-          |
                   couple |   1.021278   .0555135    18.40   0.000     .9124735    1.130082
                    _cons |   6.030255   .0531045   113.55   0.000     5.926172    6.134338
  ------------------------+----------------------------------------------------------------
  sexnet01 <-             |
                 distract |          1  (constrained)
                    _cons |   3.922703   .2475619    15.85   0.000      3.43749    4.407915
  ------------------------+----------------------------------------------------------------
  sexnet02 <-             |
                 distract |   .7356196   .1127254     6.53   0.000     .5146819    .9565573
                    _cons |   4.081776   .1868631    21.84   0.000     3.715531    4.448021
--------------------------+----------------------------------------------------------------
          mean(sexpornB01)|   3.025478   .0747747    40.46   0.000     2.878922    3.172033
          mean(sexmastB01)|   4.406051   .0823375    53.51   0.000     4.244672     4.56743
           mean(sexcomm01)|    4.91879   .0837959    58.70   0.000     4.754553    5.083027
--------------------------+----------------------------------------------------------------
           var(e.sexsat01)|   .8388629   .0747632                      .7044142    .9989734
           var(e.sexsat02)|   .3911083    .061583                      .2872559    .5325068
           var(e.sexsat03)|    1.13923   .0879361                      .9792828    1.325302
       var(e.couplebond01)|   .2592322   .0484325                      .1797457     .373869
       var(e.couplebond02)|    1.09082    .124374                      .8723692    1.363974
        var(e.coupleint01)|   .4771848    .071255                      .3561083    .6394272
           var(e.sexnet01)|   2.070654   .3788307                        1.4467    2.963717
           var(e.sexnet02)|   2.100291   .2434211                      1.673502    2.635922
            var(e.sexquan)|   .9477655   .0444423                      .8645432    1.038999
      var(e.sexactBalance)|   2.481287   .1433382                       2.21567    2.778746
        var(e.sexorgasm01)|   3.626175   .1713333                      3.305448    3.978022
           var(e.sexfan02)|   2.296875   .1098518                      2.091353    2.522595
          var(e.sexsatlat)|   .8973995   .0763982                      .7594875    1.060354
           var(e.distract)|   2.213199   .3730946                      1.590477    3.079736
           var(sexpornB01)|    3.50572   .1616016                      3.202874    3.837203
           var(sexmastB01)|   4.250728   .1558253                       3.95603    4.567379
            var(sexcomm01)|   4.402641   .1740095                      4.074464    4.757251
               var(couple)|   1.237773   .1326264                      1.003311    1.527027
--------------------------+----------------------------------------------------------------
cov(sexpornB01,sexmastB01)|   1.849527   .1461724    12.65   0.000     1.563035     2.13602
     cov(sexcomm01,couple)|   .1682169   .0916693     1.84   0.066    -.0114515    .3478854
-------------------------------------------------------------------------------------------
LR test of model vs. saturated: chi2(75)  =    136.40, Prob > chi2 = 0.0000
Satorra-Bentler scaled test:    chi2(75)  =    129.12, Prob > chi2 = 0.0001

.                                                                                                                                                           
>                                                                                                                                                           
>                                                             #delimit cr
delimiter now cr
. 
. //-----Testen der Modellgüte-----
. estat gof, stats(all)

----------------------------------------------------------------------------
Fit statistic        |      Value   Description
---------------------+------------------------------------------------------
Likelihood ratio     |
         chi2_ms(75) |    136.395   model vs. saturated
            p > chi2 |      0.000
        chi2_bs(102) |   3150.107   baseline vs. saturated
            p > chi2 |      0.000
                     |
  Satorra-Bentler    |
       chi2sb_ms(75) |    129.124   
            p > chi2 |      0.000
      chi2sb_bs(102) |   2933.204   
            p > chi2 |      0.000
---------------------+------------------------------------------------------
Population error     |
               RMSEA |      0.036   Root mean squared error of approximation
 90% CI, lower bound |      0.026
         upper bound |      0.046
              pclose |      0.993   Probability RMSEA <= 0.05
                     |
  Satorra-Bentler    |
            RMSEA_SB |      0.034   Root mean squared error of approximation
---------------------+------------------------------------------------------
Information criteria |
                 AIC |  33387.658   Akaike's information criterion
                 BIC |  33654.211   Bayesian information criterion
---------------------+------------------------------------------------------
Baseline comparison  |
                 CFI |      0.980   Comparative fit index
                 TLI |      0.973   Tucker-Lewis index
                     |
  Satorra-Bentler    |
              CFI_SB |      0.981   Comparative fit index
              TLI_SB |      0.974   Tucker-Lewis index
---------------------+------------------------------------------------------
Size of residuals    |
                SRMR |      0.045   Standardized root mean squared residual
                  CD |      0.918   Coefficient of determination
----------------------------------------------------------------------------

. estat residuals, standardized

Residuals of observed variables

  Mean residuals

                 |  sexsat01   sexsat02   sexsat03  coupleb~1  coupleb~2  couplei~1   sexnet01   sexnet02    sexquan  sexactB~e  sexorg~01   sexfan02 
    -------------+------------------------------------------------------------------------------------------------------------------------------------
             raw |    -0.000     -0.000     -0.000      0.000      0.000      0.000      0.000     -0.000     -0.000     -0.000      0.000      0.000 
    standardized |         .          .          .          .          .          .          .          .          .          .          .          . 
    --------------------------------------------------------------------------------------------------------------------------------------------------

                 | sexpo~B01  sexma~B01  sexcomm01 
    -------------+---------------------------------
             raw |     0.000      0.000      0.000 
    standardized |         .          .          . 
    -----------------------------------------------

  Covariance residuals

                 |  sexsat01   sexsat02   sexsat03  coupleb~1  coupleb~2  couplei~1   sexnet01   sexnet02    sexquan  sexactB~e  sexorg~01   sexfan02 
    -------------+------------------------------------------------------------------------------------------------------------------------------------
        sexsat01 |     0.126                                                                                                                          
        sexsat02 |     0.119      0.150                                                                                                               
        sexsat03 |     0.212      0.120      0.120                                                                                                    
    couplebond01 |     0.135      0.116      0.092      0.000                                                                                         
    couplebond02 |     0.125      0.035      0.046     -0.005      0.000                                                                              
     coupleint01 |     0.107      0.043      0.034     -0.001      0.015     -0.000                                                                   
        sexnet01 |    -0.052     -0.139     -0.005      0.019      0.136      0.015     -0.001                                                        
        sexnet02 |     0.015      0.024      0.038      0.060      0.064      0.116      0.037     -0.000                                             
         sexquan |     0.063      0.097     -0.008      0.054      0.016     -0.006     -0.139     -0.074      0.009                                  
    sexactBala~e |     0.105      0.164      0.038      0.314      0.334      0.303     -0.008      0.118      0.046      0.005                       
     sexorgasm01 |     0.017      0.282      0.279      0.262      0.278      0.317      0.132     -0.084      0.181     -0.001     -0.001            
        sexfan02 |    -0.083     -0.090     -0.010     -0.046     -0.175     -0.016      0.017      0.090     -0.008      0.004     -0.047      0.000 
      sexpornB01 |    -0.314     -0.363     -0.301     -0.096     -0.146     -0.099      0.007     -0.171     -0.068      0.016     -0.178      0.000 
      sexmastB01 |    -0.306     -0.331     -0.343      0.047     -0.215     -0.025      0.045      0.031     -0.146     -0.055     -0.193      0.000 
       sexcomm01 |     0.041      0.128     -0.022     -0.010     -0.046      0.031      0.094     -0.103      0.107      0.045     -0.000      0.158 
    --------------------------------------------------------------------------------------------------------------------------------------------------

                 | sexpo~B01  sexma~B01  sexcomm01 
    -------------+---------------------------------
      sexpornB01 |     0.000                       
      sexmastB01 |     0.000      0.000            
       sexcomm01 |     0.192     -0.395      0.000 
    -----------------------------------------------

  Standardized covariance residuals

                 |  sexsat01   sexsat02   sexsat03  coupleb~1  coupleb~2  couplei~1   sexnet01   sexnet02    sexquan  sexactB~e  sexorg~01   sexfan02 
    -------------+------------------------------------------------------------------------------------------------------------------------------------
        sexsat01 |     3.567                                                                                                                          
        sexsat02 |     3.417      2.421                                                                                                               
        sexsat03 |     3.923      1.654      0.993                                                                                                    
    couplebond01 |     4.415      5.264      1.916          .                                                                                         
    couplebond02 |     1.809      0.536      0.575          .          .                                                                              
     coupleint01 |     2.131      0.925      0.540          .          .          .                                                                   
        sexnet01 |    -0.641     -2.201     -0.050      0.345      1.433      0.213     -0.004                                                        
        sexnet02 |     0.191      0.382      0.429      0.951      0.691      1.610      0.532     -0.003                                             
         sexquan |     2.418      3.770     -0.181      2.866      0.386     -0.235     -1.729     -1.036      0.266                                  
    sexactBala~e |     3.016          .      0.697      4.104      3.372      3.609     -0.146      1.690          .      0.080                       
     sexorgasm01 |     0.198      3.798      2.954      2.886      2.363      3.188      1.873     -1.019      2.363     -0.021     -0.004            
        sexfan02 |    -0.876     -0.985     -0.096     -0.582     -1.754     -0.191      0.131      0.783          .      0.102     -0.376      0.000 
      sexpornB01 |    -2.718     -3.256     -2.490     -1.048     -1.264     -1.001      0.145     -2.109     -0.969          .     -1.302      0.000 
      sexmastB01 |    -2.261     -2.487     -2.437      0.463     -1.687     -0.229      0.288      0.223     -1.851     -0.466     -1.207      0.000 
       sexcomm01 |     0.423      1.547     -0.208     -0.224     -0.518      0.514      1.461     -1.213      1.331      0.776     -0.002      1.170 
    --------------------------------------------------------------------------------------------------------------------------------------------------

                 | sexpo~B01  sexma~B01  sexcomm01 
    -------------+---------------------------------
      sexpornB01 |     0.000                       
      sexmastB01 |     0.000      0.000            
       sexcomm01 |     1.222     -2.290      0.000 
    -----------------------------------------------

. 
. 
. log close
      name:  <unnamed>
       log:  \log\10_SEM_full_ML-SB_Split-H
> alf_Gruppe1.log
  log type:  text
 closed on:  15 May 2022, 18:20:21
------------------------------------------------------------------------------------------------------------------------------------------------------------
