------------------------------------------------------------------------------------------------------------------------------------------------------------
      name:  <unnamed>
       log:  \log\A2_Anova_Coupleduration.l
> og
  log type:  text
 opened on:  15 May 2022, 18:21:37

. 
. //######## T-Tests zur Überprüfung auf Mittelwertunterschiede zwischen kurzer und langer Beziehungsdauer ########
. 
. foreach var of varlist sexsat01 sexsat02 sexsat03 sexactBalance sexorgasm01 sexquan sexmastB01 sexpornB01 sexfan02 sexcomm01 sexnet01 sexnet02 couplebond0
> 1 couplebond02 coupleint01 age education stress01 healthphys01 bigfiveO coupleduration{                       //schaut sich alle Variablen des Datensatzes
>  an
  2.    quietly ttest `var' if coupledurationCat!=1, by(coupledurationCat)
  3.    display "`var';" r(p) ";" r(t) ";"  r(mu_1) ";"  r(mu_2)
  4.    quietly esize twosample `var' if coupledurationCat!=1, by(coupledurationCat)
  5.    display ";" r(d) ";" r(lb_d) ";" r(ub_d)
  6. }
sexsat01;.00076092;3.378756;5.1232227;4.7175399
;.23034029;.09621378;.36433359
sexsat02;.0011959;3.2507053;5.1040189;4.7159091
;.22135354;.0874191;.3551602
sexsat03;.06211581;1.8679093;4.1330166;3.8995434
;.12748945;-.00645612;.2613608
sexactBalance;.54699824;.60250266;3.6241135;3.5522727
;.04102682;-.09246095;.17449077
sexorgasm01;.03105462;-2.1599402;4.5819477;4.8807339
;-.14758691;-.28164909;-.01343866
sexquan;4.558e-08;5.5171605;3.3640662;3.0113636
;.37568555;.24094241;.51021414
sexmastB01;.47745726;-.71070938;4.3782506;4.4771689
;-.04844918;-.18206578;.08519562
sexpornB01;.74284676;.3281915;3.2037915;3.1613636
;.02236137;-.1111917;.15590145
sexfan02;.90940546;.113822;3.8744076;3.8613636
;.00775528;-.12578988;.14129592
sexcomm01;.2875942;1.0640732;4.9030733;4.7471526
;.07249745;-.06110383;.2060566
sexnet01;.34129172;-.95214414;3.3971631;3.5365297
;-.06490782;-.19853525;.06875736
sexnet02;.08694675;1.7136884;3.8625592;3.6446469
;.11682746;-.01693743;.25052448
couplebond01;.395217;.85062292;6.2833333;6.2128146
;.05812489;-.07584896;.19206477
couplebond02;.23897719;-1.1783685;6.0971564;6.2110092
;-.08046839;-.21434111;.05345129
coupleint01;.24811859;1.1557199;6.097852;5.9908676
;.07897669;-.05503377;.21294101
age;1.204e-22;-10.076741;26.583333;31.740319
;-.68779622;-.82528971;-.54992276
education;.21275384;-1.246953;4.3026005;4.3977273
;-.08491002;-.21840741;.04863663
stress01;.03185461;2.1497295;5.1678487;4.9
;.14638369;.01270059;.27998201
healthphys01;.71988579;.35872925;5.2819905;5.2323462
;.02445569;-.10917327;.15807041
bigfiveO;.39169854;.856973;5.6465721;5.5785877
;.05838729;-.07519445;.19193511
coupleduration;6.931e-92;-23.040876;2.856186;9.5399621
;-1.5689455;-1.7212409;-1.4159425

. 
. log close
      name:  <unnamed>
       log:  \log\A2_Anova_Coupleduration.l
> og
  log type:  text
 closed on:  15 May 2022, 18:21:37
------------------------------------------------------------------------------------------------------------------------------------------------------------
