------------------------------------------------------------------------------------------------------------------------------------------------------------
      name:  <unnamed>
       log:  \log\A3_SEM_alternativ_Mean_st
> att_lat.log
  log type:  text
 opened on:  15 May 2022, 18:21:37

. 
. //######## SEM final ADF Unstandardisiert ########
. 
. #delimit ;
delimiter now ;
. sem
> 
>         //Kernmodell
> (sexquan -> sexsatMean)
> (sexactBalance -> sexsatMean)           
> (sexactBalance -> sexorgasm01)
> (sexorgasm01 -> sexsatMean)
> (sexactBalance -> sexquan)              
> 
>         //Wissen 端ber Vorlieben
> (sexfan02 -> sexactBalance)
> (sexfan02 -> sexquan)                           
> (sexpornB01 -> sexactBalance)
> (sexpornB01 -> sexfan02)
> (sexmastB01 -> sexfan02)
> 
>         //Kommunikation
> (sexcomm01 -> sexactBalance)
> (sexcomm01 -> distractMean)
> (sexcomm01 -> sexsatMean)       
> 
>         //Externe
> (distractMean -> sexorgasm01)
> (distractMean -> sexactBalance)
> (sexpornB01 -> distractMean)
> (distractMean -> sexsatMean)
> 
>         //Beziehung
> (coupleMean -> sexsatMean)
> (coupleMean -> distractMean)
> (coupleMean -> sexquan)
> 
> , 
> 
> latent () 
> nocnsreport nocapslatent 
> method(adf)  
> 
> cov(
> sexmastB01*sexpornB01 
> sexmastB01*coupleMean@0 
> sexmastB01*sexcomm01@0 
> sexpornB01*coupleMean@0 
> sexpornB01*sexcomm01@0 
> sexcomm01*coupleMean
> )
> ;
(16 observations with missing values excluded)

Endogenous variables

Observed:  sexquan sexsatMean sexactBalance sexorgasm01 sexfan02 distractMean

Exogenous variables

Observed:  sexpornB01 sexmastB01 sexcomm01 coupleMean

Fitting baseline model:

Iteration 0:   discrepancy =  2.5262182  
Iteration 1:   discrepancy =   .6723301  
Iteration 2:   discrepancy =   .6723301  

Fitting target model:

Iteration 0:   discrepancy =   .0839078  
Iteration 1:   discrepancy =  .07097115  
Iteration 2:   discrepancy =  .07083549  
Iteration 3:   discrepancy =  .07083538  
Iteration 4:   discrepancy =  .07083538  

Structural equation model                       Number of obs     =      1,278
Estimation method  = adf
Discrepancy        =  .07083538

-------------------------------------------------------------------------------------------
                          |      Coef.   Std. Err.      z    P>|z|     [95% Conf. Interval]
--------------------------+----------------------------------------------------------------
Structural                |
  sexquan <-              |
            sexactBalance |    .139356   .0179171     7.78   0.000     .1042391     .174473
                 sexfan02 |   .0563153   .0169672     3.32   0.001     .0230601    .0895705
               coupleMean |   .0894703   .0252755     3.54   0.000     .0399311    .1390094
                    _cons |   2.146178    .176983    12.13   0.000     1.799298    2.493058
  ------------------------+----------------------------------------------------------------
  sexsatMean <-           |
                  sexquan |   .6701878   .0354296    18.92   0.000     .6007472    .7396284
            sexactBalance |   .1291523   .0229471     5.63   0.000     .0841768    .1741278
              sexorgasm01 |   .1637692   .0167612     9.77   0.000     .1309178    .1966205
             distractMean |  -.1005169   .0216344    -4.65   0.000    -.1429195   -.0581143
                sexcomm01 |   .0636146   .0150211     4.24   0.000     .0341737    .0930555
               coupleMean |   .3109964   .0309266    10.06   0.000     .2503813    .3716115
                    _cons |  -.5244869   .2815022    -1.86   0.062    -1.076221    .0272472
  ------------------------+----------------------------------------------------------------
  sexactBalance <-        |
                 sexfan02 |   .2116518   .0294909     7.18   0.000     .1538507     .269453
             distractMean |  -.1490626   .0271329    -5.49   0.000    -.2022422    -.095883
               sexpornB01 |   .1420015   .0263771     5.38   0.000     .0903034    .1936997
                sexcomm01 |    .059252   .0211357     2.80   0.005     .0178267    .1006773
                    _cons |   2.713424   .2028884    13.37   0.000      2.31577    3.111077
  ------------------------+----------------------------------------------------------------
  sexorgasm01 <-          |
            sexactBalance |   .1930896   .0332503     5.81   0.000     .1279201     .258259
             distractMean |  -.2280578   .0324912    -7.02   0.000    -.2917394   -.1643762
                    _cons |   4.736327   .1999511    23.69   0.000      4.34443    5.128224
  ------------------------+----------------------------------------------------------------
  sexfan02 <-             |
               sexpornB01 |   .2043447   .0251255     8.13   0.000     .1550996    .2535898
               sexmastB01 |   .1969901   .0244819     8.05   0.000     .1490066    .2449737
                    _cons |   2.427322   .1105104    21.96   0.000     2.210726    2.643918
  ------------------------+----------------------------------------------------------------
  distractMean <-         |
               sexpornB01 |   .0596109   .0255734     2.33   0.020      .009488    .1097339
                sexcomm01 |  -.1087081   .0225226    -4.83   0.000    -.1528516   -.0645646
               coupleMean |  -.1889718   .0450935    -4.19   0.000    -.2773534   -.1005902
                    _cons |   5.159996   .2941659    17.54   0.000     4.583442    5.736551
--------------------------+----------------------------------------------------------------
          mean(sexpornB01)|   3.122666   .0529116    59.02   0.000     3.018961     3.22637
          mean(sexmastB01)|   4.467944   .0569309    78.48   0.000     4.356362    4.579527
           mean(sexcomm01)|     4.8906   .0591725    82.65   0.000     4.774624    5.006576
          mean(coupleMean)|   6.143742    .032125   191.25   0.000     6.080778    6.206706
--------------------------+----------------------------------------------------------------
            var(e.sexquan)|   .8665905   .0295895                      .8104941    .9265694
         var(e.sexsatMean)|   1.219971   .0450741                       1.13475    1.311592
      var(e.sexactBalance)|   2.419665    .105969                      2.220634    2.636535
        var(e.sexorgasm01)|   3.731549   .1108296                      3.520529    3.955218
           var(e.sexfan02)|   2.302369   .0763737                      2.157441    2.457032
       var(e.distractMean)|   2.731726   .0813688                      2.576812    2.895953
           var(sexpornB01)|   3.605989   .1068313                      3.402567    3.821573
           var(sexmastB01)|   4.133098   .1041192                      3.933985     4.34229
            var(sexcomm01)|   4.590242   .1211188                      4.358888    4.833876
           var(coupleMean)|   1.240653    .082825                      1.088491    1.414086
--------------------------+----------------------------------------------------------------
cov(sexpornB01,sexmastB01)|   1.815084   .1037429    17.50   0.000     1.611751    2.018416
 cov(sexcomm01,coupleMean)|   .1757584   .0711688     2.47   0.014     .0362701    .3152466
-------------------------------------------------------------------------------------------
Discr. test of model vs. saturated: chi2(23)  =    90.53, Prob > chi2 = 0.0000

.                                                                                                                                                           
>                                                                                                                                                           
>                                                             #delimit cr
delimiter now cr
. 
. //-----Testen der Modellg端te-----
. estat gof, stats(all)

----------------------------------------------------------------------------
Fit statistic        |      Value   Description
---------------------+------------------------------------------------------
Discrepancy          |
         chi2_ms(23) |     90.528   model vs. saturated
            p > chi2 |      0.000
         chi2_bs(39) |    859.238   baseline vs. saturated
            p > chi2 |      0.000
---------------------+------------------------------------------------------
Population error     |
               RMSEA |      0.048   Root mean squared error of approximation
 90% CI, lower bound |      0.038
         upper bound |      0.059
              pclose |      0.609   Probability RMSEA <= 0.05
---------------------+------------------------------------------------------
Baseline comparison  |
                 CFI |      0.918   Comparative fit index
                 TLI |      0.860   Tucker-Lewis index
---------------------+------------------------------------------------------
Size of residuals    |
                SRMR |      0.074   Standardized root mean squared residual
                  CD |      0.313   Coefficient of determination
----------------------------------------------------------------------------

. estat teffects, standardized


Direct effects
------------------------------------------------------------------------------------
                   |      Coef.   Std. Err.      z    P>|z|               Std. Coef.
-------------------+----------------------------------------------------------------
Structural         |
  sexquan <-       |
     sexactBalance |    .139356   .0179171     7.78   0.000                 .2372341
          sexfan02 |   .0563153   .0169672     3.32   0.001                 .0959045
      distractMean |          0  (no path)                                         0
        sexpornB01 |          0  (no path)                                         0
        sexmastB01 |          0  (no path)                                         0
         sexcomm01 |          0  (no path)                                         0
        coupleMean |   .0894703   .0252755     3.54   0.000                 .1021656
  -----------------+----------------------------------------------------------------
  sexsatMean <-    |
           sexquan |   .6701878   .0354296    18.92   0.000                 .4366876
     sexactBalance |   .1291523   .0229471     5.63   0.000                 .1432609
       sexorgasm01 |   .1637692   .0167612     9.77   0.000                 .2193109
          sexfan02 |          0  (no path)                                         0
      distractMean |  -.1005169   .0216344    -4.65   0.000                  -.11336
        sexpornB01 |          0  (no path)                                         0
        sexmastB01 |          0  (no path)                                         0
         sexcomm01 |   .0636146   .0150211     4.24   0.000                 .0910436
        coupleMean |   .3109964   .0309266    10.06   0.000                 .2313958
  -----------------+----------------------------------------------------------------
  sexactBalance <- |
          sexfan02 |   .2116518   .0294909     7.18   0.000                 .2117304
      distractMean |  -.1490626   .0271329    -5.49   0.000                -.1515528
        sexpornB01 |   .1420015   .0263771     5.38   0.000                 .1623883
        sexmastB01 |          0  (no path)                                         0
         sexcomm01 |    .059252   .0211357     2.80   0.005                 .0764487
        coupleMean |          0  (no path)                                         0
  -----------------+----------------------------------------------------------------
  sexorgasm01 <-   |
     sexactBalance |   .1930896   .0332503     5.81   0.000                 .1599397
          sexfan02 |          0  (no path)                                         0
      distractMean |  -.2280578   .0324912    -7.02   0.000                -.1920604
        sexpornB01 |          0  (no path)                                         0
        sexmastB01 |          0  (no path)                                         0
         sexcomm01 |          0  (no path)                                         0
        coupleMean |          0  (no path)                                         0
  -----------------+----------------------------------------------------------------
  sexfan02 <-      |
        sexpornB01 |   .2043447   .0251255     8.13   0.000                 .2335951
        sexmastB01 |   .1969901   .0244819     8.05   0.000                 .2410852
  -----------------+----------------------------------------------------------------
  distractMean <-  |
        sexpornB01 |   .0596109   .0255734     2.33   0.020                  .067049
         sexcomm01 |  -.1087081   .0225226    -4.83   0.000                -.1379538
        coupleMean |  -.1889718   .0450935    -4.19   0.000                -.1246741
------------------------------------------------------------------------------------


Indirect effects
------------------------------------------------------------------------------------
                   |      Coef.   Std. Err.      z    P>|z|               Std. Coef.
-------------------+----------------------------------------------------------------
Structural         |
  sexquan <-       |
     sexactBalance |          0  (no path)                                         0
          sexfan02 |    .029495   .0041097     7.18   0.000                 .0502297
      distractMean |  -.0207728   .0037811    -5.49   0.000                -.0359535
        sexpornB01 |   .0360854    .005732     6.30   0.000                 .0702496
        sexmastB01 |   .0169038   .0037541     4.50   0.000                 .0352308
         sexcomm01 |   .0105153   .0034689     3.03   0.002                 .0230962
        coupleMean |   .0039255   .0014307     2.74   0.006                 .0044825
  -----------------+----------------------------------------------------------------
  sexsatMean <-    |
           sexquan |          0  (no path)                                         0
     sexactBalance |   .1250168   .0136328     9.17   0.000                 .1386737
       sexorgasm01 |          0  (no path)                                         0
          sexfan02 |   .0915372   .0134317     6.82   0.000                 .1015744
      distractMean |  -.0752359   .0090758    -8.29   0.000                -.0848489
        sexpornB01 |   .0443208   .0090413     4.90   0.000                 .0562204
        sexmastB01 |   .0180319   .0035708     5.05   0.000                 .0244881
         sexcomm01 |   .0341658   .0072571     4.71   0.000                 .0488972
        coupleMean |   .0931742   .0203238     4.58   0.000                 .0693259
  -----------------+----------------------------------------------------------------
  sexactBalance <- |
          sexfan02 |          0  (no path)                                         0
      distractMean |          0  (no path)                                         0
        sexpornB01 |   .0343642   .0089376     3.84   0.000                 .0392977
        sexmastB01 |   .0416933   .0081367     5.12   0.000                 .0510451
         sexcomm01 |   .0162043   .0044237     3.66   0.000                 .0209073
        coupleMean |   .0281686   .0093968     3.00   0.003                 .0188947
  -----------------+----------------------------------------------------------------
  sexorgasm01 <-   |
     sexactBalance |          0  (no path)                                         0
          sexfan02 |   .0408678   .0056944     7.18   0.000                 .0338641
      distractMean |  -.0287824   .0052391    -5.49   0.000                -.0242393
        sexpornB01 |   .0204596   .0102318     2.00   0.046                 .0193801
        sexmastB01 |   .0080505   .0021291     3.78   0.000                 .0081641
         sexcomm01 |   .0393616   .0082031     4.80   0.000                 .0420666
        coupleMean |   .0485356   .0142638     3.40   0.001                  .026967
  -----------------+----------------------------------------------------------------
  sexfan02 <-      |
        sexpornB01 |          0  (no path)                                         0
        sexmastB01 |          0  (no path)                                         0
  -----------------+----------------------------------------------------------------
  distractMean <-  |
        sexpornB01 |          0  (no path)                                         0
         sexcomm01 |          0  (no path)                                         0
        coupleMean |          0  (no path)                                         0
------------------------------------------------------------------------------------


Total effects
------------------------------------------------------------------------------------
                   |      Coef.   Std. Err.      z    P>|z|               Std. Coef.
-------------------+----------------------------------------------------------------
Structural         |
  sexquan <-       |
     sexactBalance |    .139356   .0179171     7.78   0.000                 .2372341
          sexfan02 |   .0858103   .0173385     4.95   0.000                 .1461342
      distractMean |  -.0207728   .0037811    -5.49   0.000                -.0359535
        sexpornB01 |   .0360854    .005732     6.30   0.000                 .0702496
        sexmastB01 |   .0169038   .0037541     4.50   0.000                 .0352308
         sexcomm01 |   .0105153   .0034689     3.03   0.002                 .0230962
        coupleMean |   .0933958   .0254533     3.67   0.000                  .106648
  -----------------+----------------------------------------------------------------
  sexsatMean <-    |
           sexquan |   .6701878   .0354296    18.92   0.000                 .4366876
     sexactBalance |   .2541691   .0275142     9.24   0.000                 .2819346
       sexorgasm01 |   .1637692   .0167612     9.77   0.000                 .2193109
          sexfan02 |   .0915372   .0134317     6.82   0.000                 .1015744
      distractMean |  -.1757528   .0242038    -7.26   0.000                -.1982089
        sexpornB01 |   .0443208   .0090413     4.90   0.000                 .0562204
        sexmastB01 |   .0180319   .0035708     5.05   0.000                 .0244881
         sexcomm01 |   .0977804    .016625     5.88   0.000                 .1399408
        coupleMean |   .4041706   .0356875    11.33   0.000                 .3007217
  -----------------+----------------------------------------------------------------
  sexactBalance <- |
          sexfan02 |   .2116518   .0294909     7.18   0.000                 .2117304
      distractMean |  -.1490626   .0271329    -5.49   0.000                -.1515528
        sexpornB01 |   .1763657   .0252539     6.98   0.000                  .201686
        sexmastB01 |   .0416933   .0081367     5.12   0.000                 .0510451
         sexcomm01 |   .0754563    .021296     3.54   0.000                  .097356
        coupleMean |   .0281686   .0093968     3.00   0.003                 .0188947
  -----------------+----------------------------------------------------------------
  sexorgasm01 <-   |
     sexactBalance |   .1930896   .0332503     5.81   0.000                 .1599397
          sexfan02 |   .0408678   .0056944     7.18   0.000                 .0338641
      distractMean |  -.2568402   .0333656    -7.70   0.000                -.2162997
        sexpornB01 |   .0204596   .0102318     2.00   0.046                 .0193801
        sexmastB01 |   .0080505   .0021291     3.78   0.000                 .0081641
         sexcomm01 |   .0393616   .0082031     4.80   0.000                 .0420666
        coupleMean |   .0485356   .0142638     3.40   0.001                  .026967
  -----------------+----------------------------------------------------------------
  sexfan02 <-      |
        sexpornB01 |   .2043447   .0251255     8.13   0.000                 .2335951
        sexmastB01 |   .1969901   .0244819     8.05   0.000                 .2410852
  -----------------+----------------------------------------------------------------
  distractMean <-  |
        sexpornB01 |   .0596109   .0255734     2.33   0.020                  .067049
         sexcomm01 |  -.1087081   .0225226    -4.83   0.000                -.1379538
        coupleMean |  -.1889718   .0450935    -4.19   0.000                -.1246741
------------------------------------------------------------------------------------

. 
. 
. 
. //######## SEM final ADF standardisiert ########
. 
. #delimit ;
delimiter now ;
. sem
> 
>         //Kernmodell
> (sexquan -> sexsatMean)
> (sexactBalance -> sexsatMean)           
> (sexactBalance -> sexorgasm01)
> (sexorgasm01 -> sexsatMean)
> (sexactBalance -> sexquan)              
> 
>         //Wissen 端ber Vorlieben
> (sexfan02 -> sexactBalance)
> (sexfan02 -> sexquan)                           
> (sexpornB01 -> sexactBalance)
> (sexpornB01 -> sexfan02)
> (sexmastB01 -> sexfan02)
> 
>         //Kommunikation
> (sexcomm01 -> sexactBalance)
> (sexcomm01 -> distractMean)
> (sexcomm01 -> sexsatMean)       
> 
>         //Externe
> (distractMean -> sexorgasm01)
> (distractMean -> sexactBalance)
> (sexpornB01 -> distractMean)
> (distractMean -> sexsatMean)
> 
>         //Beziehung
> (coupleMean -> sexsatMean)
> (coupleMean -> distractMean)
> (coupleMean -> sexquan)
> 
> , 
> latent () 
> standardized nocnsreport nocapslatent 
> method(adf)  
> cov(
> sexmastB01*sexpornB01 
> sexmastB01*coupleMean@0 
> sexmastB01*sexcomm01@0 
> sexpornB01*coupleMean@0 
> sexpornB01*sexcomm01@0 
> sexcomm01*coupleMean
> )
> ;
(16 observations with missing values excluded)

Endogenous variables

Observed:  sexquan sexsatMean sexactBalance sexorgasm01 sexfan02 distractMean

Exogenous variables

Observed:  sexpornB01 sexmastB01 sexcomm01 coupleMean

Fitting baseline model:

Iteration 0:   discrepancy =  2.5262182  
Iteration 1:   discrepancy =   .6723301  
Iteration 2:   discrepancy =   .6723301  

Fitting target model:

Iteration 0:   discrepancy =   .0839078  
Iteration 1:   discrepancy =  .07097115  
Iteration 2:   discrepancy =  .07083549  
Iteration 3:   discrepancy =  .07083538  
Iteration 4:   discrepancy =  .07083538  

Structural equation model                       Number of obs     =      1,278
Estimation method  = adf
Discrepancy        =  .07083538

-------------------------------------------------------------------------------------------
             Standardized |      Coef.   Std. Err.      z    P>|z|     [95% Conf. Interval]
--------------------------+----------------------------------------------------------------
Structural                |
  sexquan <-              |
            sexactBalance |   .2372341   .0294907     8.04   0.000     .1794333    .2950348
                 sexfan02 |   .0959045   .0289021     3.32   0.001     .0392575    .1525516
               coupleMean |   .1021656   .0286843     3.56   0.000     .0459455    .1583857
                    _cons |   2.200221   .1941891    11.33   0.000     1.819617    2.580825
  ------------------------+----------------------------------------------------------------
  sexsatMean <-           |
                  sexquan |   .4366876   .0213811    20.42   0.000     .3947814    .4785938
            sexactBalance |   .1432609   .0257806     5.56   0.000     .0927318      .19379
              sexorgasm01 |   .2193109   .0222063     9.88   0.000     .1757873    .2628345
             distractMean |    -.11336   .0245649    -4.61   0.000    -.1615063   -.0652137
                sexcomm01 |   .0910436   .0212701     4.28   0.000     .0493549    .1327323
               coupleMean |   .2313958   .0226271    10.23   0.000     .1870475    .2757441
                    _cons |   -.350356   .1853303    -1.89   0.059    -.7135966    .0128847
  ------------------------+----------------------------------------------------------------
  sexactBalance <-        |
                 sexfan02 |   .2117304   .0286383     7.39   0.000     .1556004    .2678603
             distractMean |  -.1515528   .0275242    -5.51   0.000    -.2054993   -.0976064
               sexpornB01 |   .1623883   .0304145     5.34   0.000      .102777    .2219995
                sexcomm01 |   .0764487   .0272562     2.80   0.005     .0230276    .1298699
                    _cons |   1.634056   .1343443    12.16   0.000     1.370746    1.897366
  ------------------------+----------------------------------------------------------------
  sexorgasm01 <-          |
            sexactBalance |   .1599397   .0271624     5.89   0.000     .1067024     .213177
             distractMean |  -.1920604   .0273326    -7.03   0.000    -.2456313   -.1384894
                    _cons |   2.362591   .1096142    21.55   0.000     2.147751    2.577431
  ------------------------+----------------------------------------------------------------
  sexfan02 <-             |
               sexpornB01 |   .2335951   .0284265     8.22   0.000     .1778802      .28931
               sexmastB01 |   .2410852   .0295057     8.17   0.000     .1832551    .2989154
                    _cons |    1.46122   .0764907    19.10   0.000     1.311301    1.611139
  ------------------------+----------------------------------------------------------------
  distractMean <-         |
               sexpornB01 |    .067049    .028702     2.34   0.019      .010794    .1233039
                sexcomm01 |  -.1379538   .0281616    -4.90   0.000    -.1931495   -.0827581
               coupleMean |  -.1246741   .0294648    -4.23   0.000     -.182424   -.0669241
                    _cons |   3.056352   .1746368    17.50   0.000      2.71407    3.398634
--------------------------+----------------------------------------------------------------
          mean(sexpornB01)|   1.644422    .025296    65.01   0.000     1.594843    1.694001
          mean(sexmastB01)|   2.197707   .0459406    47.84   0.000     2.107665    2.287749
           mean(sexcomm01)|   2.282676   .0521274    43.79   0.000     2.180508    2.384844
          mean(coupleMean)|   5.515791   .2068096    26.67   0.000     5.110451     5.92113
--------------------------+----------------------------------------------------------------
            var(e.sexquan)|   .9107833    .016879                      .8782947    .9444736
         var(e.sexsatMean)|   .5443764   .0214004                      .5040075    .5879786
      var(e.sexactBalance)|   .8775137   .0176369                      .8436181    .9127712
        var(e.sexorgasm01)|   .9285017   .0139129                      .9016295    .9561749
           var(e.sexfan02)|   .8343558   .0201515                      .7957797    .8748018
       var(e.distractMean)|   .9583961   .0112358                      .9366255    .9806727
           var(sexpornB01)|          1          .                             .           .
           var(sexmastB01)|          1          .                             .           .
            var(sexcomm01)|          1          .                             .           .
           var(coupleMean)|          1          .                             .           .
--------------------------+----------------------------------------------------------------
cov(sexpornB01,sexmastB01)|    .470161   .0217257    21.64   0.000     .4275794    .5127425
 cov(sexcomm01,coupleMean)|     .07365   .0301933     2.44   0.015     .0144723    .1328278
-------------------------------------------------------------------------------------------
Discr. test of model vs. saturated: chi2(23)  =    90.53, Prob > chi2 = 0.0000

.                                                                                                                                                           
>                                                                                                                                                           
>                                                             #delimit cr
delimiter now cr
. 
. //-----Testen der Modellg端te-----
. estat gof, stats(all)

----------------------------------------------------------------------------
Fit statistic        |      Value   Description
---------------------+------------------------------------------------------
Discrepancy          |
         chi2_ms(23) |     90.528   model vs. saturated
            p > chi2 |      0.000
         chi2_bs(39) |    859.238   baseline vs. saturated
            p > chi2 |      0.000
---------------------+------------------------------------------------------
Population error     |
               RMSEA |      0.048   Root mean squared error of approximation
 90% CI, lower bound |      0.038
         upper bound |      0.059
              pclose |      0.609   Probability RMSEA <= 0.05
---------------------+------------------------------------------------------
Baseline comparison  |
                 CFI |      0.918   Comparative fit index
                 TLI |      0.860   Tucker-Lewis index
---------------------+------------------------------------------------------
Size of residuals    |
                SRMR |      0.074   Standardized root mean squared residual
                  CD |      0.313   Coefficient of determination
----------------------------------------------------------------------------

. estat teffects, standardized


Direct effects
------------------------------------------------------------------------------------
                   |      Coef.   Std. Err.      z    P>|z|               Std. Coef.
-------------------+----------------------------------------------------------------
Structural         |
  sexquan <-       |
     sexactBalance |    .139356   .0179171     7.78   0.000                 .2372341
          sexfan02 |   .0563153   .0169672     3.32   0.001                 .0959045
      distractMean |          0  (no path)                                         0
        sexpornB01 |          0  (no path)                                         0
        sexmastB01 |          0  (no path)                                         0
         sexcomm01 |          0  (no path)                                         0
        coupleMean |   .0894703   .0252755     3.54   0.000                 .1021656
  -----------------+----------------------------------------------------------------
  sexsatMean <-    |
           sexquan |   .6701878   .0354296    18.92   0.000                 .4366876
     sexactBalance |   .1291523   .0229471     5.63   0.000                 .1432609
       sexorgasm01 |   .1637692   .0167612     9.77   0.000                 .2193109
          sexfan02 |          0  (no path)                                         0
      distractMean |  -.1005169   .0216344    -4.65   0.000                  -.11336
        sexpornB01 |          0  (no path)                                         0
        sexmastB01 |          0  (no path)                                         0
         sexcomm01 |   .0636146   .0150211     4.24   0.000                 .0910436
        coupleMean |   .3109964   .0309266    10.06   0.000                 .2313958
  -----------------+----------------------------------------------------------------
  sexactBalance <- |
          sexfan02 |   .2116518   .0294909     7.18   0.000                 .2117304
      distractMean |  -.1490626   .0271329    -5.49   0.000                -.1515528
        sexpornB01 |   .1420015   .0263771     5.38   0.000                 .1623883
        sexmastB01 |          0  (no path)                                         0
         sexcomm01 |    .059252   .0211357     2.80   0.005                 .0764487
        coupleMean |          0  (no path)                                         0
  -----------------+----------------------------------------------------------------
  sexorgasm01 <-   |
     sexactBalance |   .1930896   .0332503     5.81   0.000                 .1599397
          sexfan02 |          0  (no path)                                         0
      distractMean |  -.2280578   .0324912    -7.02   0.000                -.1920604
        sexpornB01 |          0  (no path)                                         0
        sexmastB01 |          0  (no path)                                         0
         sexcomm01 |          0  (no path)                                         0
        coupleMean |          0  (no path)                                         0
  -----------------+----------------------------------------------------------------
  sexfan02 <-      |
        sexpornB01 |   .2043447   .0251255     8.13   0.000                 .2335951
        sexmastB01 |   .1969901   .0244819     8.05   0.000                 .2410852
  -----------------+----------------------------------------------------------------
  distractMean <-  |
        sexpornB01 |   .0596109   .0255734     2.33   0.020                  .067049
         sexcomm01 |  -.1087081   .0225226    -4.83   0.000                -.1379538
        coupleMean |  -.1889718   .0450935    -4.19   0.000                -.1246741
------------------------------------------------------------------------------------


Indirect effects
------------------------------------------------------------------------------------
                   |      Coef.   Std. Err.      z    P>|z|               Std. Coef.
-------------------+----------------------------------------------------------------
Structural         |
  sexquan <-       |
     sexactBalance |          0  (no path)                                         0
          sexfan02 |    .029495   .0041097     7.18   0.000                 .0502297
      distractMean |  -.0207728   .0037811    -5.49   0.000                -.0359535
        sexpornB01 |   .0360854    .005732     6.30   0.000                 .0702496
        sexmastB01 |   .0169038   .0037541     4.50   0.000                 .0352308
         sexcomm01 |   .0105153   .0034689     3.03   0.002                 .0230962
        coupleMean |   .0039255   .0014307     2.74   0.006                 .0044825
  -----------------+----------------------------------------------------------------
  sexsatMean <-    |
           sexquan |          0  (no path)                                         0
     sexactBalance |   .1250168   .0136328     9.17   0.000                 .1386737
       sexorgasm01 |          0  (no path)                                         0
          sexfan02 |   .0915372   .0134317     6.82   0.000                 .1015744
      distractMean |  -.0752359   .0090758    -8.29   0.000                -.0848489
        sexpornB01 |   .0443208   .0090413     4.90   0.000                 .0562204
        sexmastB01 |   .0180319   .0035708     5.05   0.000                 .0244881
         sexcomm01 |   .0341658   .0072571     4.71   0.000                 .0488972
        coupleMean |   .0931742   .0203238     4.58   0.000                 .0693259
  -----------------+----------------------------------------------------------------
  sexactBalance <- |
          sexfan02 |          0  (no path)                                         0
      distractMean |          0  (no path)                                         0
        sexpornB01 |   .0343642   .0089376     3.84   0.000                 .0392977
        sexmastB01 |   .0416933   .0081367     5.12   0.000                 .0510451
         sexcomm01 |   .0162043   .0044237     3.66   0.000                 .0209073
        coupleMean |   .0281686   .0093968     3.00   0.003                 .0188947
  -----------------+----------------------------------------------------------------
  sexorgasm01 <-   |
     sexactBalance |          0  (no path)                                         0
          sexfan02 |   .0408678   .0056944     7.18   0.000                 .0338641
      distractMean |  -.0287824   .0052391    -5.49   0.000                -.0242393
        sexpornB01 |   .0204596   .0102318     2.00   0.046                 .0193801
        sexmastB01 |   .0080505   .0021291     3.78   0.000                 .0081641
         sexcomm01 |   .0393616   .0082031     4.80   0.000                 .0420666
        coupleMean |   .0485356   .0142638     3.40   0.001                  .026967
  -----------------+----------------------------------------------------------------
  sexfan02 <-      |
        sexpornB01 |          0  (no path)                                         0
        sexmastB01 |          0  (no path)                                         0
  -----------------+----------------------------------------------------------------
  distractMean <-  |
        sexpornB01 |          0  (no path)                                         0
         sexcomm01 |          0  (no path)                                         0
        coupleMean |          0  (no path)                                         0
------------------------------------------------------------------------------------


Total effects
------------------------------------------------------------------------------------
                   |      Coef.   Std. Err.      z    P>|z|               Std. Coef.
-------------------+----------------------------------------------------------------
Structural         |
  sexquan <-       |
     sexactBalance |    .139356   .0179171     7.78   0.000                 .2372341
          sexfan02 |   .0858103   .0173385     4.95   0.000                 .1461342
      distractMean |  -.0207728   .0037811    -5.49   0.000                -.0359535
        sexpornB01 |   .0360854    .005732     6.30   0.000                 .0702496
        sexmastB01 |   .0169038   .0037541     4.50   0.000                 .0352308
         sexcomm01 |   .0105153   .0034689     3.03   0.002                 .0230962
        coupleMean |   .0933958   .0254533     3.67   0.000                  .106648
  -----------------+----------------------------------------------------------------
  sexsatMean <-    |
           sexquan |   .6701878   .0354296    18.92   0.000                 .4366876
     sexactBalance |   .2541691   .0275142     9.24   0.000                 .2819346
       sexorgasm01 |   .1637692   .0167612     9.77   0.000                 .2193109
          sexfan02 |   .0915372   .0134317     6.82   0.000                 .1015744
      distractMean |  -.1757528   .0242038    -7.26   0.000                -.1982089
        sexpornB01 |   .0443208   .0090413     4.90   0.000                 .0562204
        sexmastB01 |   .0180319   .0035708     5.05   0.000                 .0244881
         sexcomm01 |   .0977804    .016625     5.88   0.000                 .1399408
        coupleMean |   .4041706   .0356875    11.33   0.000                 .3007217
  -----------------+----------------------------------------------------------------
  sexactBalance <- |
          sexfan02 |   .2116518   .0294909     7.18   0.000                 .2117304
      distractMean |  -.1490626   .0271329    -5.49   0.000                -.1515528
        sexpornB01 |   .1763657   .0252539     6.98   0.000                  .201686
        sexmastB01 |   .0416933   .0081367     5.12   0.000                 .0510451
         sexcomm01 |   .0754563    .021296     3.54   0.000                  .097356
        coupleMean |   .0281686   .0093968     3.00   0.003                 .0188947
  -----------------+----------------------------------------------------------------
  sexorgasm01 <-   |
     sexactBalance |   .1930896   .0332503     5.81   0.000                 .1599397
          sexfan02 |   .0408678   .0056944     7.18   0.000                 .0338641
      distractMean |  -.2568402   .0333656    -7.70   0.000                -.2162997
        sexpornB01 |   .0204596   .0102318     2.00   0.046                 .0193801
        sexmastB01 |   .0080505   .0021291     3.78   0.000                 .0081641
         sexcomm01 |   .0393616   .0082031     4.80   0.000                 .0420666
        coupleMean |   .0485356   .0142638     3.40   0.001                  .026967
  -----------------+----------------------------------------------------------------
  sexfan02 <-      |
        sexpornB01 |   .2043447   .0251255     8.13   0.000                 .2335951
        sexmastB01 |   .1969901   .0244819     8.05   0.000                 .2410852
  -----------------+----------------------------------------------------------------
  distractMean <-  |
        sexpornB01 |   .0596109   .0255734     2.33   0.020                  .067049
         sexcomm01 |  -.1087081   .0225226    -4.83   0.000                -.1379538
        coupleMean |  -.1889718   .0450935    -4.19   0.000                -.1246741
------------------------------------------------------------------------------------

. 
. 
. log close
      name:  <unnamed>
       log:  \log\A3_SEM_alternativ_Mean_st
> att_lat.log
  log type:  text
 closed on:  15 May 2022, 18:21:38
------------------------------------------------------------------------------------------------------------------------------------------------------------
