------------------------------------------------------------------------------------------------------------------------------------------------------------
      name:  <unnamed>
       log:  \log\A4_ALTERNATE_MODELS.log
  log type:  text
 opened on:  15 May 2022, 18:21:38

. 
. 
. //######## SEM Alternativmodell Pornografie ########
. 
. #delimit ;
delimiter now ;
. sem
> ${gesamtModellPfade}
> (sexpornB01 -> sexsatlat)
> (sexpornB01 -> sexquan)
> , 
> latent (sexsatlat distract couple) 
> standardized nocnsreport nocapslatent 
> method(adf)  
> cov(
> ${gesamtModellKovarianzen}
> )
> ;
(39 observations with missing values excluded)

Endogenous variables

Observed:     sexquan sexactBalance sexorgasm01 sexfan02
Measurement:  sexsat01 sexsat02 sexsat03 couplebond01 couplebond02 coupleint01 sexnet01 sexnet02
Latent:       sexsatlat distract

Exogenous variables

Observed:     sexpornB01 sexmastB01 sexcomm01
Latent:       couple

Fitting baseline model:

Iteration 0:   discrepancy =  10.928739  
Iteration 1:   discrepancy =   1.231131  
Iteration 2:   discrepancy =   1.231131  

Fitting target model:

Iteration 0:   discrepancy =  20.875334  (not concave)
Iteration 1:   discrepancy =  4.0068343  (not concave)
Iteration 2:   discrepancy =   2.293944  (not concave)
Iteration 3:   discrepancy =  2.0838127  (not concave)
Iteration 4:   discrepancy =  .81269529  (not concave)
Iteration 5:   discrepancy =    .683861  (not concave)
Iteration 6:   discrepancy =  .55664172  (not concave)
Iteration 7:   discrepancy =  .39182392  (not concave)
Iteration 8:   discrepancy =   .1623733  
Iteration 9:   discrepancy =  .12684177  
Iteration 10:  discrepancy =  .11450625  
Iteration 11:  discrepancy =   .1134245  
Iteration 12:  discrepancy =  .11336318  
Iteration 13:  discrepancy =  .11336308  

Structural equation model                       Number of obs     =      1,255
Estimation method  = adf
Discrepancy        =  .11336308

-------------------------------------------------------------------------------------------
             Standardized |      Coef.   Std. Err.      z    P>|z|     [95% Conf. Interval]
--------------------------+----------------------------------------------------------------
Structural                |
  sexquan <-              |
            sexactBalance |   .2455044   .0299416     8.20   0.000     .1868199    .3041888
                 sexfan02 |   .1048829   .0302608     3.47   0.001     .0455729     .164193
               sexpornB01 |  -.0471417   .0294648    -1.60   0.110    -.1048917    .0106083
                   couple |   .1235467   .0282251     4.38   0.000     .0682266    .1788669
                    _cons |   2.835172   .1094416    25.91   0.000     2.620671    3.049674
  ------------------------+----------------------------------------------------------------
  sexactBalance <-        |
                 sexfan02 |   .2291661   .0276974     8.27   0.000     .1748802     .283452
                 distract |  -.2018555   .0338891    -5.96   0.000    -.2682769   -.1354341
               sexpornB01 |   .1581218   .0294489     5.37   0.000      .100403    .2158405
                sexcomm01 |   .0778672   .0269261     2.89   0.004     .0250929    .1306414
                    _cons |   1.234772    .109257    11.30   0.000     1.020632    1.448912
  ------------------------+----------------------------------------------------------------
  sexorgasm01 <-          |
            sexactBalance |   .1641124   .0272274     6.03   0.000     .1107476    .2174771
                 distract |  -.2525041   .0335883    -7.52   0.000     -.318336   -.1866723
                    _cons |   1.914447   .0838793    22.82   0.000     1.750046    2.078847
  ------------------------+----------------------------------------------------------------
  sexfan02 <-             |
               sexpornB01 |    .242916   .0283745     8.56   0.000      .187303    .2985289
               sexmastB01 |   .2409208   .0296215     8.13   0.000     .1828638    .2989778
                    _cons |   1.450497   .0743379    19.51   0.000     1.304798    1.596197
  ------------------------+----------------------------------------------------------------
  sexsatlat <-            |
                  sexquan |   .4734383   .0216441    21.87   0.000     .4310167    .5158599
            sexactBalance |   .1490337   .0263132     5.66   0.000     .0974608    .2006066
              sexorgasm01 |   .2174164   .0237369     9.16   0.000     .1708929    .2639399
                 distract |  -.1290883   .0333373    -3.87   0.000    -.1944282   -.0637484
               sexpornB01 |  -.0878286   .0217554    -4.04   0.000    -.1304683   -.0451888
                sexcomm01 |   .0879042   .0208036     4.23   0.000     .0471299    .1286786
                   couple |   .2581008     .02476    10.42   0.000     .2095721    .3066296
  ------------------------+----------------------------------------------------------------
  distract <-             |
               sexpornB01 |   .0698648   .0343717     2.03   0.042     .0024976     .137232
                sexcomm01 |  -.1594775    .034726    -4.59   0.000    -.2275391   -.0914158
                   couple |  -.1933134   .0366885    -5.27   0.000    -.2652215   -.1214052
--------------------------+----------------------------------------------------------------
Measurement               |
  sexsat01 <-             |
                sexsatlat |   .8576495   .0122506    70.01   0.000     .8336387    .8816603
                    _cons |   .8571286   .1193664     7.18   0.000     .6231749    1.091082
  ------------------------+----------------------------------------------------------------
  sexsat02 <-             |
                sexsatlat |   .9361031    .008188   114.33   0.000     .9200549    .9521514
                    _cons |   .7724275    .119243     6.48   0.000     .5387156    1.006139
  ------------------------+----------------------------------------------------------------
  sexsat03 <-             |
                sexsatlat |   .7925964   .0143272    55.32   0.000     .7645156    .8206773
                    _cons |   .3319518   .0966153     3.44   0.001     .1425894    .5213143
  ------------------------+----------------------------------------------------------------
  couplebond01 <-         |
                   couple |   .8744115   .0160429    54.50   0.000      .842968     .905855
                    _cons |   5.461858    .190903    28.61   0.000     5.087695    5.836021
  ------------------------+----------------------------------------------------------------
  couplebond02 <-         |
                   couple |   .7311808   .0237561    30.78   0.000     .6846196    .7777419
                    _cons |   4.170725   .1425585    29.26   0.000     3.891316    4.450135
  ------------------------+----------------------------------------------------------------
  coupleint01 <-          |
                   couple |   .8637491   .0183502    47.07   0.000     .8277834    .8997147
                    _cons |   4.856626   .1571525    30.90   0.000     4.548613     5.16464
  ------------------------+----------------------------------------------------------------
  sexnet01 <-             |
                 distract |   .6981074   .0380339    18.35   0.000     .6235623    .7726525
                    _cons |   1.806476   .0738604    24.46   0.000     1.661712     1.95124
  ------------------------+----------------------------------------------------------------
  sexnet02 <-             |
                 distract |   .6525461   .0376709    17.32   0.000     .5787125    .7263797
                    _cons |   2.223014   .0745516    29.82   0.000     2.076896    2.369133
--------------------------+----------------------------------------------------------------
          mean(sexpornB01)|   1.635487   .0246336    66.39   0.000     1.587206    1.683768
          mean(sexmastB01)|   2.181141    .044806    48.68   0.000     2.093323     2.26896
           mean(sexcomm01)|   2.284646   .0515908    44.28   0.000     2.183529    2.385762
--------------------------+----------------------------------------------------------------
           var(e.sexsat01)|   .2644374   .0210135                      .2262988    .3090035
           var(e.sexsat02)|   .1237109   .0153297                      .0970356    .1577193
           var(e.sexsat03)|   .3717909   .0227114                      .3298388    .4190788
       var(e.couplebond01)|   .2354045   .0280562                      .1863657     .297347
       var(e.couplebond02)|   .4653747   .0347401                      .4020322    .5386971
        var(e.coupleint01)|   .2539375   .0316999                      .1988239    .3243285
           var(e.sexnet01)|    .512646   .0531035                      .4184505    .6280455
           var(e.sexnet02)|   .5741836    .049164                      .4854755    .6791007
            var(e.sexquan)|   .9025538   .0174806                      .8689345    .9374739
      var(e.sexactBalance)|   .8507995   .0196181                      .8132047    .8901323
        var(e.sexorgasm01)|   .8928218   .0191733                      .8560226    .9312029
           var(e.sexfan02)|    .826316   .0197995                      .7884067     .866048
          var(e.sexsatlat)|   .4436831    .021455                      .4035633    .4877914
           var(e.distract)|   .9263356   .0185021                      .8907727    .9633182
           var(sexpornB01)|          1          .                             .           .
           var(sexmastB01)|          1          .                             .           .
            var(sexcomm01)|          1          .                             .           .
               var(couple)|          1          .                             .           .
--------------------------+----------------------------------------------------------------
cov(sexpornB01,sexmastB01)|   .4838484   .0206983    23.38   0.000     .4432806    .5244163
     cov(sexcomm01,couple)|   .0969897   .0301959     3.21   0.001     .0378067    .1561726
-------------------------------------------------------------------------------------------
Discr. test of model vs. saturated: chi2(73)  =   142.27, Prob > chi2 = 0.0000

.                                                                                                                                                           
>                                                                                                                                                           
>                                                             #delimit cr
delimiter now cr
. 
. //-----Testen der Modellgüte-----
. estat gof, stats(all)

----------------------------------------------------------------------------
Fit statistic        |      Value   Description
---------------------+------------------------------------------------------
Discrepancy          |
         chi2_ms(73) |    142.271   model vs. saturated
            p > chi2 |      0.000
        chi2_bs(102) |   1545.069   baseline vs. saturated
            p > chi2 |      0.000
---------------------+------------------------------------------------------
Population error     |
               RMSEA |      0.027   Root mean squared error of approximation
 90% CI, lower bound |      0.021
         upper bound |      0.034
              pclose |      1.000   Probability RMSEA <= 0.05
---------------------+------------------------------------------------------
Baseline comparison  |
                 CFI |      0.952   Comparative fit index
                 TLI |      0.933   Tucker-Lewis index
---------------------+------------------------------------------------------
Size of residuals    |
                SRMR |      0.053   Standardized root mean squared residual
                  CD |      0.912   Coefficient of determination
----------------------------------------------------------------------------

. 
. 
. 
. //######## SEM Alternativmodell Pornografie inkl. Rückpfeil ########
. 
. #delimit ;
delimiter now ;
. sem
> ${gesamtModellPfade}
> (sexpornB01 -> sexsatlat)
> (sexsatlat -> sexpornB01)
> (sexpornB01 -> sexquan)
> , 
> latent (sexsatlat distract couple) 
> standardized nocnsreport nocapslatent 
> method(adf)  
> cov(
> sexmastB01*couple@0 
> sexmastB01*sexcomm01@0 
> sexcomm01*couple
> )
> ;
(39 observations with missing values excluded)

Endogenous variables

Observed:     sexquan sexactBalance sexorgasm01 sexfan02 sexpornB01
Measurement:  sexsat01 sexsat02 sexsat03 couplebond01 couplebond02 coupleint01 sexnet01 sexnet02
Latent:       sexsatlat distract

Exogenous variables

Observed:     sexmastB01 sexcomm01
Latent:       couple

Fitting baseline model:

Iteration 0:   discrepancy =  11.207006  
Iteration 1:   discrepancy =  1.3590059  
Iteration 2:   discrepancy =  1.3590059  

Fitting target model:

Iteration 0:   discrepancy =  21.319761  (not concave)
Iteration 1:   discrepancy =  4.4355147  (not concave)
Iteration 2:   discrepancy =  2.6759027  (not concave)
Iteration 3:   discrepancy =  2.1095022  (not concave)
Iteration 4:   discrepancy =  1.8882274  (not concave)
Iteration 5:   discrepancy =  .79587734  (not concave)
Iteration 6:   discrepancy =  .70011071  (not concave)
Iteration 7:   discrepancy =  .54778823  (not concave)
Iteration 8:   discrepancy =  .48610146  (not concave)
Iteration 9:   discrepancy =  .44178304  
Iteration 10:  discrepancy =  .43824619  (backed up)
Iteration 11:  discrepancy =  .39742363  (not concave)
Iteration 12:  discrepancy =  .39062364  
Iteration 13:  discrepancy =  .38896003  
Iteration 14:  discrepancy =  .38892289  
Iteration 15:  discrepancy =  .38892279  

Structural equation model                       Number of obs     =      1,255
Estimation method  = adf
Discrepancy        =  .38892279

--------------------------------------------------------------------------------------
        Standardized |      Coef.   Std. Err.      z    P>|z|     [95% Conf. Interval]
---------------------+----------------------------------------------------------------
Structural           |
  sexquan <-         |
       sexactBalance |   .2376936   .0303796     7.82   0.000     .1781507    .2972365
            sexfan02 |   .0968302   .0295761     3.27   0.001      .038862    .1547983
          sexpornB01 |   -.028676   .0405396    -0.71   0.479    -.1081322    .0507802
              couple |   .1371843   .0289884     4.73   0.000     .0803681    .1940006
               _cons |   2.861569   .1345926    21.26   0.000     2.597772    3.125365
  -------------------+----------------------------------------------------------------
  sexactBalance <-   |
            sexfan02 |    .209366   .0280527     7.46   0.000     .1543837    .2643484
          sexpornB01 |    .093523   .0303102     3.09   0.002     .0341161    .1529299
            distract |  -.2154249   .0357575    -6.02   0.000    -.2855082   -.1453415
           sexcomm01 |   .0812194   .0276612     2.94   0.003     .0270044    .1354344
               _cons |   1.439826    .125403    11.48   0.000      1.19404    1.685611
  -------------------+----------------------------------------------------------------
  sexorgasm01 <-     |
       sexactBalance |   .1324561   .0290415     4.56   0.000     .0755357    .1893765
            distract |  -.3081234   .0344666    -8.94   0.000    -.3756767     -.24057
               _cons |   2.037738   .0935053    21.79   0.000     1.854471    2.221005
  -------------------+----------------------------------------------------------------
  sexfan02 <-        |
          sexpornB01 |   .2274805   .0301595     7.54   0.000     .1683689    .2865921
          sexmastB01 |   .2228082   .0300352     7.42   0.000     .1639403    .2816762
               _cons |   1.528409   .1300275    11.75   0.000     1.273559    1.783258
  -------------------+----------------------------------------------------------------
  sexpornB01 <-      |
           sexsatlat |  -.0067871   .0648291    -0.10   0.917    -.1338497    .1202755
               _cons |   1.798277   .1805821     9.96   0.000     1.444343    2.152212
  -------------------+----------------------------------------------------------------
  sexsatlat <-       |
             sexquan |   .4794047   .0223348    21.46   0.000     .4356293    .5231801
       sexactBalance |   .1334265   .0265324     5.03   0.000      .081424     .185429
         sexorgasm01 |   .2308148    .025327     9.11   0.000     .1811749    .2804548
          sexpornB01 |  -.0379044   .0368367    -1.03   0.303     -.110103    .0342941
            distract |  -.1125578   .0366603    -3.07   0.002    -.1844107   -.0407048
           sexcomm01 |   .0764286   .0208336     3.67   0.000     .0355956    .1172617
              couple |   .2633718   .0262549    10.03   0.000     .2119132    .3148304
  -------------------+----------------------------------------------------------------
  distract <-        |
          sexpornB01 |   .0804796   .0424999     1.89   0.058    -.0028187    .1637778
           sexcomm01 |  -.1259043   .0353842    -3.56   0.000    -.1952561   -.0565525
              couple |  -.2100293   .0374474    -5.61   0.000    -.2834249   -.1366338
---------------------+----------------------------------------------------------------
Measurement          |
  sexsat01 <-        |
           sexsatlat |   .8557186   .0124654    68.65   0.000     .8312869    .8801502
               _cons |   .8074269   .1347001     5.99   0.000     .5434195    1.071434
  -------------------+----------------------------------------------------------------
  sexsat02 <-        |
           sexsatlat |   .9463847   .0083438   113.42   0.000     .9300312    .9627382
               _cons |   .7038615    .137975     5.10   0.000     .4334355    .9742874
  -------------------+----------------------------------------------------------------
  sexsat03 <-        |
           sexsatlat |    .778133   .0149383    52.09   0.000     .7488544    .8074115
               _cons |   .3333026   .1116083     2.99   0.003     .1145545    .5520508
  -------------------+----------------------------------------------------------------
  couplebond01 <-    |
              couple |   .8659219   .0167505    51.70   0.000     .8330915    .8987523
               _cons |   5.441241   .1937262    28.09   0.000     5.061545    5.820937
  -------------------+----------------------------------------------------------------
  couplebond02 <-    |
              couple |   .7128629   .0246017    28.98   0.000     .6646444    .7610815
               _cons |   4.231842   .1484192    28.51   0.000     3.940946    4.522738
  -------------------+----------------------------------------------------------------
  coupleint01 <-     |
              couple |   .8615566   .0186025    46.31   0.000     .8250962    .8980169
               _cons |   4.802796   .1549648    30.99   0.000     4.499071    5.106522
  -------------------+----------------------------------------------------------------
  sexnet01 <-        |
            distract |   .6491384   .0359099    18.08   0.000     .5787563    .7195206
               _cons |   1.733747    .076339    22.71   0.000     1.584126    1.883369
  -------------------+----------------------------------------------------------------
  sexnet02 <-        |
            distract |   .6824043   .0395609    17.25   0.000     .6048663    .7599423
               _cons |   2.184396   .0846586    25.80   0.000     2.018468    2.350324
---------------------+----------------------------------------------------------------
     mean(sexmastB01)|   2.531218   .0542413    46.67   0.000     2.424907    2.637529
      mean(sexcomm01)|    2.25376   .0509484    44.24   0.000     2.153903    2.353617
---------------------+----------------------------------------------------------------
      var(e.sexsat01)|   .2677457   .0213306                      .2290391    .3129936
      var(e.sexsat02)|    .104356   .0157925                      .0775716    .1403886
      var(e.sexsat03)|   .3945091   .0232476                      .3514774    .4428092
  var(e.couplebond01)|   .2501793   .0290093                      .1993201    .3140158
  var(e.couplebond02)|   .4918264   .0350753                      .4276684    .5656093
   var(e.coupleint01)|   .2577203   .0320543                      .2019665    .3288652
      var(e.sexnet01)|   .5786193   .0466148                      .4941039    .6775909
      var(e.sexnet02)|   .5343244   .0539967                      .4383145    .6513645
       var(e.sexquan)|   .9032468   .0180891                      .8684796    .9394059
 var(e.sexactBalance)|   .8856114   .0197548                      .8477269     .925189
   var(e.sexorgasm01)|   .8698285    .022282                      .8272348    .9146153
      var(e.sexfan02)|   .8989156   .0229211                      .8550952    .9449815
    var(e.sexpornB01)|   .9996627   .0029916                      .9938165    1.005543
     var(e.sexsatlat)|   .4369855   .0217767                      .3963222     .481821
      var(e.distract)|   .9261415   .0186452                      .8903092    .9634159
      var(sexmastB01)|          1          .                             .           .
       var(sexcomm01)|          1          .                             .           .
          var(couple)|          1          .                             .           .
---------------------+----------------------------------------------------------------
cov(sexcomm01,couple)|   .1333942   .0308023     4.33   0.000     .0730227    .1937657
--------------------------------------------------------------------------------------
Discr. test of model vs. saturated: chi2(73)  =   488.10, Prob > chi2 = 0.0000

.                                                                                                                                                           
>                                                                                                                                                           
>                                                             #delimit cr
delimiter now cr
. 
. //-----Testen der Modellgüte-----
. estat gof, stats(all)

----------------------------------------------------------------------------
Fit statistic        |      Value   Description
---------------------+------------------------------------------------------
Discrepancy          |
         chi2_ms(73) |    488.098   model vs. saturated
            p > chi2 |      0.000
        chi2_bs(104) |   1705.552   baseline vs. saturated
            p > chi2 |      0.000
---------------------+------------------------------------------------------
Population error     |
               RMSEA |      0.067   Root mean squared error of approximation
 90% CI, lower bound |      0.062
         upper bound |      0.073
              pclose |      0.000   Probability RMSEA <= 0.05
---------------------+------------------------------------------------------
Baseline comparison  |
                 CFI |      0.741   Comparative fit index
                 TLI |      0.631   Tucker-Lewis index
---------------------+------------------------------------------------------
Size of residuals    |
                SRMR |      0.081   Standardized root mean squared residual
                  CD |      0.888   Coefficient of determination
----------------------------------------------------------------------------

. 
. 
. 
. //######## SEM Alternativmodell Masturbation ########
. 
. #delimit ;
delimiter now ;
. sem
> ${gesamtModellPfade}
> (sexmastB01 -> sexsatlat)
> (sexmastB01 -> sexquan)
> (sexmastB01 -> sexorgasm01)
> , 
> latent (sexsatlat distract couple) 
> standardized nocnsreport nocapslatent 
> method(adf)  
> cov(
> ${gesamtModellKovarianzen}
> )
> ;
(39 observations with missing values excluded)

Endogenous variables

Observed:     sexquan sexactBalance sexorgasm01 sexfan02
Measurement:  sexsat01 sexsat02 sexsat03 couplebond01 couplebond02 coupleint01 sexnet01 sexnet02
Latent:       sexsatlat distract

Exogenous variables

Observed:     sexpornB01 sexmastB01 sexcomm01
Latent:       couple

Fitting baseline model:

Iteration 0:   discrepancy =  10.928739  
Iteration 1:   discrepancy =   1.231131  
Iteration 2:   discrepancy =   1.231131  

Fitting target model:

Iteration 0:   discrepancy =  20.706754  (not concave)
Iteration 1:   discrepancy =  3.4186975  (not concave)
Iteration 2:   discrepancy =  2.6136271  (not concave)
Iteration 3:   discrepancy =  1.5906307  (not concave)
Iteration 4:   discrepancy =  1.4302823  (not concave)
Iteration 5:   discrepancy =  .50970648  (not concave)
Iteration 6:   discrepancy =  .16845729  (not concave)
Iteration 7:   discrepancy =  .12063268  
Iteration 8:   discrepancy =  .11729576  
Iteration 9:   discrepancy =  .11723754  
Iteration 10:  discrepancy =  .11723746  

Structural equation model                       Number of obs     =      1,255
Estimation method  = adf
Discrepancy        =  .11723746

-------------------------------------------------------------------------------------------
             Standardized |      Coef.   Std. Err.      z    P>|z|     [95% Conf. Interval]
--------------------------+----------------------------------------------------------------
Structural                |
  sexquan <-              |
            sexactBalance |   .2391595   .0295515     8.09   0.000     .1812397    .2970794
                 sexfan02 |   .1124746   .0297869     3.78   0.000     .0540933    .1708559
               sexmastB01 |   -.066101   .0275463    -2.40   0.016    -.1200907   -.0121112
                   couple |   .1182604   .0285022     4.15   0.000     .0623972    .1741236
                    _cons |   2.891793    .113089    25.57   0.000     2.670143    3.113444
  ------------------------+----------------------------------------------------------------
  sexactBalance <-        |
                 sexfan02 |   .2201263   .0278929     7.89   0.000     .1654572    .2747954
                 distract |  -.2031905   .0343997    -5.91   0.000    -.2706126   -.1357685
               sexpornB01 |   .1649534   .0299055     5.52   0.000     .1063397    .2235671
                sexcomm01 |   .0773325   .0270722     2.86   0.004      .024272     .130393
                    _cons |   1.242873   .1096507    11.33   0.000     1.027962    1.457785
  ------------------------+----------------------------------------------------------------
  sexorgasm01 <-          |
            sexactBalance |   .1582523   .0275823     5.74   0.000     .1041919    .2123127
                 distract |   -.246457   .0338509    -7.28   0.000    -.3128036   -.1801104
               sexmastB01 |  -.0064916   .0270433    -0.24   0.810    -.0594956    .0465123
                    _cons |   1.941202   .0987455    19.66   0.000     1.747664    2.134739
  ------------------------+----------------------------------------------------------------
  sexfan02 <-             |
               sexpornB01 |   .2510475   .0283882     8.84   0.000     .1954075    .3066874
               sexmastB01 |    .232418    .029422     7.90   0.000      .174752    .2900841
                    _cons |   1.456401   .0736281    19.78   0.000     1.312093     1.60071
  ------------------------+----------------------------------------------------------------
  sexsatlat <-            |
                  sexquan |   .4730088   .0217108    21.79   0.000     .4304564    .5155611
            sexactBalance |   .1398689   .0267896     5.22   0.000     .0873622    .1923755
              sexorgasm01 |   .2135524   .0238963     8.94   0.000     .1667166    .2603882
                 distract |  -.1519363   .0335736    -4.53   0.000    -.2177393   -.0861333
               sexmastB01 |  -.0615642   .0208315    -2.96   0.003    -.1023931   -.0207352
                sexcomm01 |   .0907841   .0213337     4.26   0.000     .0489709    .1325973
                   couple |   .2542116   .0251754    10.10   0.000     .2048687    .3035544
  ------------------------+----------------------------------------------------------------
  distract <-             |
               sexpornB01 |   .0703528   .0354722     1.98   0.047     .0008286    .1398771
                sexcomm01 |  -.1688987   .0348643    -4.84   0.000    -.2372316   -.1005658
                   couple |  -.1894701   .0373592    -5.07   0.000    -.2626928   -.1162474
--------------------------+----------------------------------------------------------------
Measurement               |
  sexsat01 <-             |
                sexsatlat |   .8539314   .0124157    68.78   0.000     .8295971    .8782657
                    _cons |   .8996326   .1237677     7.27   0.000     .6570524    1.142213
  ------------------------+----------------------------------------------------------------
  sexsat02 <-             |
                sexsatlat |   .9357592   .0083256   112.40   0.000     .9194413    .9520771
                    _cons |   .8176035   .1253372     6.52   0.000      .571947     1.06326
  ------------------------+----------------------------------------------------------------
  sexsat03 <-             |
                sexsatlat |   .7909594   .0144606    54.70   0.000     .7626172    .8193016
                    _cons |   .3613259    .100543     3.59   0.000     .1642652    .5583867
  ------------------------+----------------------------------------------------------------
  couplebond01 <-         |
                   couple |   .8741803    .016313    53.59   0.000     .8422074    .9061532
                    _cons |   5.521496   .1962455    28.14   0.000     5.136862     5.90613
  ------------------------+----------------------------------------------------------------
  couplebond02 <-         |
                   couple |   .7307585   .0241106    30.31   0.000     .6835026    .7780143
                    _cons |    4.20276   .1449706    28.99   0.000     3.918623    4.486897
  ------------------------+----------------------------------------------------------------
  coupleint01 <-          |
                   couple |   .8605556   .0185877    46.30   0.000     .8241245    .8969868
                    _cons |   4.878112   .1587657    30.73   0.000     4.566937    5.189287
  ------------------------+----------------------------------------------------------------
  sexnet01 <-             |
                 distract |   .7023452   .0378162    18.57   0.000     .6282268    .7764636
                    _cons |   1.824549   .0754378    24.19   0.000     1.676694    1.972404
  ------------------------+----------------------------------------------------------------
  sexnet02 <-             |
                 distract |   .6479079   .0372484    17.39   0.000     .5749024    .7209134
                    _cons |   2.236039   .0746901    29.94   0.000     2.089649    2.382429
--------------------------+----------------------------------------------------------------
          mean(sexpornB01)|   1.640879   .0247134    66.40   0.000     1.592441    1.689316
          mean(sexmastB01)|   2.167997   .0445309    48.69   0.000     2.080718    2.255276
           mean(sexcomm01)|   2.292454   .0517683    44.28   0.000      2.19099    2.393918
--------------------------+----------------------------------------------------------------
           var(e.sexsat01)|   .2708011   .0212043                      .2322734    .3157195
           var(e.sexsat02)|   .1243547   .0155815                      .0972764    .1589707
           var(e.sexsat03)|   .3743833   .0228755                      .3321288    .4220135
       var(e.couplebond01)|   .2358087    .028521                      .1860404    .2988908
       var(e.couplebond02)|    .465992    .035238                      .4018012    .5404379
        var(e.coupleint01)|    .259444   .0319914                      .2037436    .3303721
           var(e.sexnet01)|   .5067112   .0531201                      .4125973    .6222924
           var(e.sexnet02)|   .5802154    .048267                      .4929233    .6829661
            var(e.sexquan)|   .9043002   .0170847                      .8714272    .9384133
      var(e.sexactBalance)|   .8517615   .0197211                      .8139728    .8913046
        var(e.sexorgasm01)|   .8987448   .0187766                      .8626867    .9363101
           var(e.sexfan02)|    .826113   .0197018                      .7883867    .8656447
          var(e.sexsatlat)|   .4426231   .0220269                      .4014898    .4879705
           var(e.distract)|   .9246691   .0190231                      .8881261    .9627157
           var(sexpornB01)|          1          .                             .           .
           var(sexmastB01)|          1          .                             .           .
            var(sexcomm01)|          1          .                             .           .
               var(couple)|          1          .                             .           .
--------------------------+----------------------------------------------------------------
cov(sexpornB01,sexmastB01)|   .4871121   .0207902    23.43   0.000      .446364    .5278602
     cov(sexcomm01,couple)|   .0930541   .0304737     3.05   0.002     .0333268    .1527814
-------------------------------------------------------------------------------------------
Discr. test of model vs. saturated: chi2(72)  =   147.13, Prob > chi2 = 0.0000

.                                                                                                                                                           
>                                                                                                                                                           
>                                                             #delimit cr
delimiter now cr
. 
. //-----Testen der Modellgüte-----
. estat gof, stats(all)

----------------------------------------------------------------------------
Fit statistic        |      Value   Description
---------------------+------------------------------------------------------
Discrepancy          |
         chi2_ms(72) |    147.133   model vs. saturated
            p > chi2 |      0.000
        chi2_bs(102) |   1545.069   baseline vs. saturated
            p > chi2 |      0.000
---------------------+------------------------------------------------------
Population error     |
               RMSEA |      0.029   Root mean squared error of approximation
 90% CI, lower bound |      0.022
         upper bound |      0.035
              pclose |      1.000   Probability RMSEA <= 0.05
---------------------+------------------------------------------------------
Baseline comparison  |
                 CFI |      0.948   Comparative fit index
                 TLI |      0.926   Tucker-Lewis index
---------------------+------------------------------------------------------
Size of residuals    |
                SRMR |      0.059   Standardized root mean squared residual
                  CD |      0.911   Coefficient of determination
----------------------------------------------------------------------------

. 
. 
. 
. //######## SEM Alternativmodell Masturbation inkl. Rückpfeil ########
. 
. #delimit ;
delimiter now ;
. sem
> ${gesamtModellPfade}
> (sexmastB01 -> sexsatlat)
> (sexsatlat -> sexmastB01)
> (sexmastB01 -> sexquan)
> (sexmastB01 -> sexorgasm01)
> , 
> latent (sexsatlat distract couple) 
> standardized nocnsreport nocapslatent 
> method(adf)  
> cov(
> sexpornB01*couple@0 
> sexpornB01*sexcomm01@0 
> sexcomm01*couple
> )
> ;
(39 observations with missing values excluded)

Endogenous variables

Observed:     sexquan sexactBalance sexorgasm01 sexfan02 sexmastB01
Measurement:  sexsat01 sexsat02 sexsat03 couplebond01 couplebond02 coupleint01 sexnet01 sexnet02
Latent:       sexsatlat distract

Exogenous variables

Observed:     sexpornB01 sexcomm01
Latent:       couple

Fitting baseline model:

Iteration 0:   discrepancy =  11.214055  
Iteration 1:   discrepancy =   1.362665  
Iteration 2:   discrepancy =   1.362665  

Fitting target model:

Iteration 0:   discrepancy =  21.249208  (not concave)
Iteration 1:   discrepancy =  5.6536898  (not concave)
Iteration 2:   discrepancy =   2.320236  (not concave)
Iteration 3:   discrepancy =  1.7360486  (not concave)
Iteration 4:   discrepancy =  1.2761025  (not concave)
Iteration 5:   discrepancy =  1.0763942  (not concave)
Iteration 6:   discrepancy =  1.0599037  (not concave)
Iteration 7:   discrepancy =   .7737293  (not concave)
Iteration 8:   discrepancy =  .59531257  (not concave)
Iteration 9:   discrepancy =  .51993637  (not concave)
Iteration 10:  discrepancy =  .49799219  (not concave)
Iteration 11:  discrepancy =  .43936244  (not concave)
Iteration 12:  discrepancy =  .41505534  
Iteration 13:  discrepancy =   .4058569  
Iteration 14:  discrepancy =  .40351385  
Iteration 15:  discrepancy =  .39215742  
Iteration 16:  discrepancy =  .39025085  
Iteration 17:  discrepancy =  .39015475  
Iteration 18:  discrepancy =  .39015449  
Iteration 19:  discrepancy =  .39015449  

Structural equation model                       Number of obs     =      1,255
Estimation method  = adf
Discrepancy        =  .39015449

--------------------------------------------------------------------------------------
        Standardized |      Coef.   Std. Err.      z    P>|z|     [95% Conf. Interval]
---------------------+----------------------------------------------------------------
Structural           |
  sexquan <-         |
       sexactBalance |   .2422586   .0306161     7.91   0.000     .1822521     .302265
            sexfan02 |   .1026617    .030224     3.40   0.001     .0434237    .1618996
          sexmastB01 |  -.0485664   .0414913    -1.17   0.242    -.1298878     .032755
              couple |   .1297529   .0292835     4.43   0.000     .0723583    .1871475
               _cons |   2.904465    .141713    20.50   0.000     2.626712    3.182217
  -------------------+----------------------------------------------------------------
  sexactBalance <-   |
            sexfan02 |   .2012361    .027842     7.23   0.000     .1466668    .2558054
            distract |  -.2125236   .0359265    -5.92   0.000    -.2829383   -.1421089
          sexpornB01 |   .1204805   .0323562     3.72   0.000     .0570635    .1838976
           sexcomm01 |   .0774696   .0276213     2.80   0.005     .0233329    .1316063
               _cons |   1.402491   .1247154    11.25   0.000     1.158054    1.646929
  -------------------+----------------------------------------------------------------
  sexorgasm01 <-     |
       sexactBalance |   .1365532   .0293644     4.65   0.000         .079    .1941064
          sexmastB01 |  -.0107485   .0305296    -0.35   0.725    -.0705855    .0490885
            distract |  -.3005554   .0348605    -8.62   0.000    -.3688808     -.23223
               _cons |   2.039211   .1200713    16.98   0.000     1.803875    2.274546
  -------------------+----------------------------------------------------------------
  sexfan02 <-        |
          sexmastB01 |   .2130085   .0305659     6.97   0.000     .1531005    .2729165
          sexpornB01 |   .2359157   .0296082     7.97   0.000     .1778846    .2939468
               _cons |   1.534961   .1280285    11.99   0.000     1.284029    1.785892
  -------------------+----------------------------------------------------------------
  sexmastB01 <-      |
           sexsatlat |   .1214128   .0755209     1.61   0.108    -.0266054     .269431
               _cons |   2.198551   .2037837    10.79   0.000     1.799142    2.597959
  -------------------+----------------------------------------------------------------
  sexsatlat <-       |
             sexquan |   .4829934    .023383    20.66   0.000     .4371636    .5288231
       sexactBalance |   .1375007   .0274901     5.00   0.000     .0836212    .1913803
         sexorgasm01 |   .2315548   .0256812     9.02   0.000     .1812206    .2818891
          sexmastB01 |  -.0628296   .0394696    -1.59   0.111    -.1401885    .0145294
            distract |  -.1184224   .0367731    -3.22   0.001    -.1904964   -.0463484
           sexcomm01 |   .0763576   .0210262     3.63   0.000      .035147    .1175682
              couple |   .2683837   .0262041    10.24   0.000     .2170246    .3197428
  -------------------+----------------------------------------------------------------
  distract <-        |
          sexpornB01 |   .0481813   .0425258     1.13   0.257    -.0351678    .1315304
           sexcomm01 |  -.1312695   .0353521    -3.71   0.000    -.2005584   -.0619806
              couple |  -.2052564   .0379099    -5.41   0.000    -.2795583   -.1309544
---------------------+----------------------------------------------------------------
Measurement          |
  sexsat01 <-        |
           sexsatlat |   .8534381    .012431    68.65   0.000     .8290738    .8778023
               _cons |   .8810543   .1381456     6.38   0.000     .6102939    1.151815
  -------------------+----------------------------------------------------------------
  sexsat02 <-        |
           sexsatlat |    .945306   .0084003   112.53   0.000     .9288417    .9617703
               _cons |    .786591   .1434403     5.48   0.000     .5054531    1.067729
  -------------------+----------------------------------------------------------------
  sexsat03 <-        |
           sexsatlat |   .7763326   .0151412    51.27   0.000     .7466564    .8060088
               _cons |   .3973301   .1157256     3.43   0.001      .170512    .6241482
  -------------------+----------------------------------------------------------------
  couplebond01 <-    |
              couple |    .868571   .0168763    51.47   0.000     .8354941     .901648
               _cons |   5.474216   .1940901    28.20   0.000     5.093806    5.854625
  -------------------+----------------------------------------------------------------
  couplebond02 <-    |
              couple |   .7091134   .0253557    27.97   0.000     .6594172    .7588096
               _cons |   4.270698   .1518413    28.13   0.000     3.973095    4.568302
  -------------------+----------------------------------------------------------------
  coupleint01 <-     |
              couple |   .8582829   .0189257    45.35   0.000     .8211892    .8953766
               _cons |   4.844384   .1595078    30.37   0.000     4.531755    5.157014
  -------------------+----------------------------------------------------------------
  sexnet01 <-        |
            distract |   .6497999   .0363419    17.88   0.000      .578571    .7210288
               _cons |   1.779431   .0761622    23.36   0.000     1.630156    1.928706
  -------------------+----------------------------------------------------------------
  sexnet02 <-        |
            distract |   .6812255   .0399107    17.07   0.000     .6030019     .759449
               _cons |   2.231228   .0846835    26.35   0.000     2.065252    2.397205
---------------------+----------------------------------------------------------------
     mean(sexpornB01)|   1.782138   .0313525    56.84   0.000     1.720688    1.843588
      mean(sexcomm01)|   2.253221   .0509598    44.22   0.000     2.153341      2.3531
---------------------+----------------------------------------------------------------
      var(e.sexsat01)|   .2716435   .0213881                       .232798    .3169708
      var(e.sexsat02)|   .1063965   .0158954                      .0793889     .142592
      var(e.sexsat03)|   .3973077    .023527                       .353771    .4462023
  var(e.couplebond01)|   .2455844   .0293165                      .1943519     .310322
  var(e.couplebond02)|   .4971582   .0359601                      .4314456    .5728793
   var(e.coupleint01)|   .2633505   .0324872                      .2067897    .3353816
      var(e.sexnet01)|   .5777601     .04723                      .4922261    .6781573
      var(e.sexnet02)|   .5359319   .0543764                      .4392841    .6538432
       var(e.sexquan)|   .9025154   .0186609                      .8666719    .9398413
 var(e.sexactBalance)|   .8771701   .0203523                      .8381737    .9179808
   var(e.sexorgasm01)|   .8737453   .0219439                      .8317775    .9178307
      var(e.sexfan02)|   .8934797   .0229048                      .8496963    .9395192
    var(e.sexmastB01)|   1.001164   .0074826                      .9866055    1.015938
     var(e.sexsatlat)|   .4371507   .0228075                      .3946584     .484218
      var(e.distract)|   .9319225   .0185191                      .8963235    .9689354
      var(sexpornB01)|          1          .                             .           .
       var(sexcomm01)|          1          .                             .           .
          var(couple)|          1          .                             .           .
---------------------+----------------------------------------------------------------
cov(sexcomm01,couple)|   .1186573   .0320037     3.71   0.000     .0559311    .1813834
--------------------------------------------------------------------------------------
Discr. test of model vs. saturated: chi2(72)  =   489.64, Prob > chi2 = 0.0000

.                                                                                                                                                           
>                                                                                                                                                           
>                                                             #delimit cr
delimiter now cr
. 
. //-----Testen der Modellgüte-----
. estat gof, stats(all)

----------------------------------------------------------------------------
Fit statistic        |      Value   Description
---------------------+------------------------------------------------------
Discrepancy          |
         chi2_ms(72) |    489.644   model vs. saturated
            p > chi2 |      0.000
        chi2_bs(104) |   1710.145   baseline vs. saturated
            p > chi2 |      0.000
---------------------+------------------------------------------------------
Population error     |
               RMSEA |      0.068   Root mean squared error of approximation
 90% CI, lower bound |      0.062
         upper bound |      0.074
              pclose |      0.000   Probability RMSEA <= 0.05
---------------------+------------------------------------------------------
Baseline comparison  |
                 CFI |      0.740   Comparative fit index
                 TLI |      0.624   Tucker-Lewis index
---------------------+------------------------------------------------------
Size of residuals    |
                SRMR |      0.086   Standardized root mean squared residual
                  CD |      0.889   Coefficient of determination
----------------------------------------------------------------------------

. 
. 
. 
. //######## SEM Alternativmodell Ablenkung auf Häufigkeit ########
. 
. #delimit ;
delimiter now ;
. sem
> ${gesamtModellPfade}
> (distract -> sexquan)
> , 
> latent (sexsatlat distract couple) 
> standardized nocnsreport nocapslatent 
> method(adf)  
> cov(
> ${gesamtModellKovarianzen}
> )
> ;
(39 observations with missing values excluded)

Endogenous variables

Observed:     sexquan sexactBalance sexorgasm01 sexfan02
Measurement:  sexsat01 sexsat02 sexsat03 couplebond01 couplebond02 coupleint01 sexnet01 sexnet02
Latent:       sexsatlat distract

Exogenous variables

Observed:     sexpornB01 sexmastB01 sexcomm01
Latent:       couple

Fitting baseline model:

Iteration 0:   discrepancy =  10.928739  
Iteration 1:   discrepancy =   1.231131  
Iteration 2:   discrepancy =   1.231131  

Fitting target model:

Iteration 0:   discrepancy =  22.348628  (not concave)
Iteration 1:   discrepancy =  5.3901976  (not concave)
Iteration 2:   discrepancy =  3.3605363  (not concave)
Iteration 3:   discrepancy =  2.9489151  (not concave)
Iteration 4:   discrepancy =  1.2907595  (not concave)
Iteration 5:   discrepancy =  .48048881  (not concave)
Iteration 6:   discrepancy =  .37882114  (not concave)
Iteration 7:   discrepancy =  .35233934  (not concave)
Iteration 8:   discrepancy =  .32235966  (not concave)
Iteration 9:   discrepancy =  .29703587  (not concave)
Iteration 10:  discrepancy =  .25238776  (not concave)
Iteration 11:  discrepancy =  .20348856  (not concave)
Iteration 12:  discrepancy =  .15657092  
Iteration 13:  discrepancy =  .13337643  
Iteration 14:  discrepancy =  .12486673  
Iteration 15:  discrepancy =  .12331479  
Iteration 16:  discrepancy =  .12328212  
Iteration 17:  discrepancy =  .12328208  

Structural equation model                       Number of obs     =      1,255
Estimation method  = adf
Discrepancy        =  .12328208

-------------------------------------------------------------------------------------------
             Standardized |      Coef.   Std. Err.      z    P>|z|     [95% Conf. Interval]
--------------------------+----------------------------------------------------------------
Structural                |
  sexquan <-              |
            sexactBalance |   .2086544   .0313969     6.65   0.000     .1471176    .2701912
                 sexfan02 |   .0936036   .0291434     3.21   0.001     .0364837    .1507236
                 distract |  -.0932292   .0387532    -2.41   0.016    -.1691841   -.0172743
                   couple |   .0983634   .0303624     3.24   0.001     .0388542    .1578726
                    _cons |   2.846605   .1089649    26.12   0.000     2.633038    3.060172
  ------------------------+----------------------------------------------------------------
  sexactBalance <-        |
                 sexfan02 |   .2255434   .0279034     8.08   0.000     .1708538     .280233
                 distract |  -.2002096    .034607    -5.79   0.000    -.2680382   -.1323811
               sexpornB01 |   .1690585   .0301969     5.60   0.000     .1098735    .2282434
                sexcomm01 |   .0670162   .0272949     2.46   0.014     .0135191    .1205133
                    _cons |    1.23647   .1092249    11.32   0.000     1.022393    1.450547
  ------------------------+----------------------------------------------------------------
  sexorgasm01 <-          |
            sexactBalance |   .1525667   .0271176     5.63   0.000     .0994173    .2057162
                 distract |  -.2586645   .0335592    -7.71   0.000    -.3244393   -.1928896
                    _cons |    1.93669   .0836317    23.16   0.000     1.772775    2.100605
  ------------------------+----------------------------------------------------------------
  sexfan02 <-             |
               sexpornB01 |   .2512053   .0281606     8.92   0.000     .1960115    .3063991
               sexmastB01 |   .2394021   .0294146     8.14   0.000     .1817506    .2970537
                    _cons |   1.447287   .0744519    19.44   0.000     1.301363     1.59321
  ------------------------+----------------------------------------------------------------
  sexsatlat <-            |
                  sexquan |   .4649481   .0223496    20.80   0.000     .4211438    .5087525
            sexactBalance |   .1253249   .0260543     4.81   0.000     .0742595    .1763903
              sexorgasm01 |   .2175473   .0241874     8.99   0.000      .170141    .2649537
                 distract |  -.1653363   .0358344    -4.61   0.000    -.2355703   -.0951022
                sexcomm01 |   .0840316   .0218443     3.85   0.000     .0412175    .1268457
                   couple |   .2508016   .0255157     9.83   0.000     .2007917    .3008114
  ------------------------+----------------------------------------------------------------
  distract <-             |
               sexpornB01 |   .0890702   .0360288     2.47   0.013      .018455    .1596853
                sexcomm01 |  -.1811996   .0353291    -5.13   0.000    -.2504433   -.1119558
                   couple |  -.1966906   .0369441    -5.32   0.000    -.2690997   -.1242814
--------------------------+----------------------------------------------------------------
Measurement               |
  sexsat01 <-             |
                sexsatlat |   .8531394   .0123901    68.86   0.000     .8288553    .8774236
                    _cons |   .8701217   .1246736     6.98   0.000      .625766    1.114477
  ------------------------+----------------------------------------------------------------
  sexsat02 <-             |
                sexsatlat |   .9336209   .0083208   112.20   0.000     .9173124    .9499293
                    _cons |   .7781906   .1258569     6.18   0.000     .5315156    1.024866
  ------------------------+----------------------------------------------------------------
  sexsat03 <-             |
                sexsatlat |   .7887097   .0147106    53.61   0.000     .7598774     .817542
                    _cons |   .3236728   .1010182     3.20   0.001     .1256807    .5216648
  ------------------------+----------------------------------------------------------------
  couplebond01 <-         |
                   couple |   .8746913   .0163269    53.57   0.000     .8426912    .9066915
                    _cons |    5.49828   .1938013    28.37   0.000     5.118436    5.878123
  ------------------------+----------------------------------------------------------------
  couplebond02 <-         |
                   couple |    .731211   .0240597    30.39   0.000     .6840549    .7783672
                    _cons |   4.190855   .1438391    29.14   0.000     3.908936    4.472775
  ------------------------+----------------------------------------------------------------
  coupleint01 <-          |
                   couple |   .8561953   .0184653    46.37   0.000     .8200039    .8923867
                    _cons |   4.870717    .157981    30.83   0.000      4.56108    5.180354
  ------------------------+----------------------------------------------------------------
  sexnet01 <-             |
                 distract |   .6976413    .035988    19.39   0.000     .6271062    .7681765
                    _cons |   1.819822   .0757177    24.03   0.000     1.671418    1.968226
  ------------------------+----------------------------------------------------------------
  sexnet02 <-             |
                 distract |   .6538488   .0364053    17.96   0.000     .5824957     .725202
                    _cons |   2.239866   .0760766    29.44   0.000     2.090758    2.388973
--------------------------+----------------------------------------------------------------
          mean(sexpornB01)|   1.639864    .024814    66.09   0.000      1.59123    1.688499
          mean(sexmastB01)|   2.183226   .0447858    48.75   0.000     2.095447    2.271004
           mean(sexcomm01)|   2.291593   .0516154    44.40   0.000     2.190428    2.392757
--------------------------+----------------------------------------------------------------
           var(e.sexsat01)|   .2721531    .021141                      .2337177    .3169093
           var(e.sexsat02)|   .1283521   .0155369                      .1012431    .1627198
           var(e.sexsat03)|    .377937   .0232048                      .3350863    .4262674
       var(e.couplebond01)|   .2349151    .028562                       .185105    .2981286
       var(e.couplebond02)|   .4653304   .0351855                      .4012349    .5396649
        var(e.coupleint01)|   .2669296   .0316199                      .2116243    .3366884
           var(e.sexnet01)|   .5132966   .0502134                      .4237398     .621781
           var(e.sexnet02)|   .5724817   .0476072                      .4863807    .6738247
            var(e.sexquan)|   .9055431   .0167547                      .8732927    .9389844
      var(e.sexactBalance)|   .8517111   .0195916                       .814165    .8909887
        var(e.sexorgasm01)|   .8947233     .01922                      .8578349     .933198
           var(e.sexfan02)|   .8222366    .020087                      .7837944    .8625642
          var(e.sexsatlat)|   .4386986   .0222321                      .3972186    .4845102
           var(e.distract)|   .9136871    .020381                      .8746017    .9545192
           var(sexpornB01)|          1          .                             .           .
           var(sexmastB01)|          1          .                             .           .
            var(sexcomm01)|          1          .                             .           .
               var(couple)|          1          .                             .           .
--------------------------+----------------------------------------------------------------
cov(sexpornB01,sexmastB01)|   .4767775   .0208873    22.83   0.000     .4358392    .5177158
     cov(sexcomm01,couple)|   .0962249   .0303821     3.17   0.002     .0366771    .1557728
-------------------------------------------------------------------------------------------
Discr. test of model vs. saturated: chi2(74)  =   154.72, Prob > chi2 = 0.0000

.                                                                                                                                                           
>                                                                                                                                                           
>                                                             #delimit cr
delimiter now cr
. 
. //-----Testen der Modellgüte-----
. estat gof, stats(all)

----------------------------------------------------------------------------
Fit statistic        |      Value   Description
---------------------+------------------------------------------------------
Discrepancy          |
         chi2_ms(74) |    154.719   model vs. saturated
            p > chi2 |      0.000
        chi2_bs(102) |   1545.069   baseline vs. saturated
            p > chi2 |      0.000
---------------------+------------------------------------------------------
Population error     |
               RMSEA |      0.029   Root mean squared error of approximation
 90% CI, lower bound |      0.023
         upper bound |      0.036
              pclose |      1.000   Probability RMSEA <= 0.05
---------------------+------------------------------------------------------
Baseline comparison  |
                 CFI |      0.944   Comparative fit index
                 TLI |      0.923   Tucker-Lewis index
---------------------+------------------------------------------------------
Size of residuals    |
                SRMR |      0.061   Standardized root mean squared residual
                  CD |      0.910   Coefficient of determination
----------------------------------------------------------------------------

. 
. 
. 
. //######## SEM Alternativmodell Zufriedenheit zurück auf Häufigkeit ########
. 
. #delimit ;
delimiter now ;
. sem
> ${gesamtModellPfade}
> (sexsatlat -> sexquan)
> , 
> latent (sexsatlat distract couple) 
> standardized nocnsreport nocapslatent 
> method(adf)  
> cov(
> ${gesamtModellKovarianzen}
> )
> ;
(39 observations with missing values excluded)

Endogenous variables

Observed:     sexquan sexactBalance sexorgasm01 sexfan02
Measurement:  sexsat01 sexsat02 sexsat03 couplebond01 couplebond02 coupleint01 sexnet01 sexnet02
Latent:       sexsatlat distract

Exogenous variables

Observed:     sexpornB01 sexmastB01 sexcomm01
Latent:       couple

Fitting baseline model:

Iteration 0:   discrepancy =  10.928739  
Iteration 1:   discrepancy =   1.231131  
Iteration 2:   discrepancy =   1.231131  

Fitting target model:

Iteration 0:   discrepancy =  39.560382  (not concave)
Iteration 1:   discrepancy =  15.404194  (not concave)
Iteration 2:   discrepancy =  5.4840668  (not concave)
Iteration 3:   discrepancy =  3.7092362  (not concave)
Iteration 4:   discrepancy =  1.5812149  (not concave)
Iteration 5:   discrepancy =  .53213361  (not concave)
Iteration 6:   discrepancy =  .31726894  (not concave)
Iteration 7:   discrepancy =  .18237133  (not concave)
Iteration 8:   discrepancy =  .15310177  
Iteration 9:   discrepancy =  .14687858  
Iteration 10:  discrepancy =  .12892634  
Iteration 11:  discrepancy =  .12384109  
Iteration 12:  discrepancy =  .12277648  
Iteration 13:  discrepancy =  .12273346  
Iteration 14:  discrepancy =   .1227333  
Iteration 15:  discrepancy =   .1227333  

Structural equation model                       Number of obs     =      1,255
Estimation method  = adf
Discrepancy        =   .1227333

-------------------------------------------------------------------------------------------
             Standardized |      Coef.   Std. Err.      z    P>|z|     [95% Conf. Interval]
--------------------------+----------------------------------------------------------------
Structural                |
  sexquan <-              |
            sexactBalance |   .1624026     .03684     4.41   0.000     .0901975    .2346078
                 sexfan02 |   .0853563   .0265441     3.22   0.001     .0333309    .1373817
                sexsatlat |   .2094194   .0751833     2.79   0.005     .0620628    .3567759
                   couple |   .0483061   .0369716     1.31   0.191    -.0241569     .120769
                    _cons |   2.495746    .140414    17.77   0.000      2.22054    2.770953
  ------------------------+----------------------------------------------------------------
  sexactBalance <-        |
                 sexfan02 |    .225001   .0278852     8.07   0.000     .1703469    .2796551
                 distract |  -.1959579   .0344913    -5.68   0.000    -.2635595   -.1283562
               sexpornB01 |   .1683271   .0300594     5.60   0.000     .1094117    .2272425
                sexcomm01 |   .0675382   .0271021     2.49   0.013      .014419    .1206575
                    _cons |   1.235216   .1088941    11.34   0.000     1.021788    1.448645
  ------------------------+----------------------------------------------------------------
  sexorgasm01 <-          |
            sexactBalance |   .1531925   .0270925     5.65   0.000     .1000921     .206293
                 distract |  -.2612263    .033516    -7.79   0.000    -.3269165   -.1955361
                    _cons |   1.935613   .0838101    23.10   0.000     1.771349    2.099878
  ------------------------+----------------------------------------------------------------
  sexfan02 <-             |
               sexpornB01 |   .2508192   .0281223     8.92   0.000     .1957004    .3059379
               sexmastB01 |   .2395727   .0293565     8.16   0.000     .1820351    .2971103
                    _cons |   1.443831   .0742033    19.46   0.000     1.298395    1.589267
  ------------------------+----------------------------------------------------------------
  sexsatlat <-            |
                  sexquan |   .3554874   .0502369     7.08   0.000     .2570249    .4539498
            sexactBalance |   .1499737   .0276352     5.43   0.000     .0958097    .2041377
              sexorgasm01 |   .2178148   .0248717     8.76   0.000     .1690671    .2665625
                 distract |  -.1652537   .0358263    -4.61   0.000    -.2354719   -.0950354
                sexcomm01 |   .0945604   .0223207     4.24   0.000     .0508127    .1383082
                   couple |   .2611608   .0261236    10.00   0.000     .2099596    .3123621
  ------------------------+----------------------------------------------------------------
  distract <-             |
               sexpornB01 |   .0808806    .035843     2.26   0.024     .0106296    .1511315
                sexcomm01 |  -.1774178   .0349659    -5.07   0.000    -.2459498   -.1088858
                   couple |   -.196873   .0367632    -5.36   0.000    -.2689275   -.1248185
--------------------------+----------------------------------------------------------------
Measurement               |
  sexsat01 <-             |
                sexsatlat |   .8533853   .0133183    64.08   0.000     .8272819    .8794887
                    _cons |   1.125595   .1650951     6.82   0.000     .8020149    1.449176
  ------------------------+----------------------------------------------------------------
  sexsat02 <-             |
                sexsatlat |   .9350201   .0085685   109.12   0.000     .9182261    .9518141
                    _cons |   1.051157   .1716786     6.12   0.000     .7146727     1.38764
  ------------------------+----------------------------------------------------------------
  sexsat03 <-             |
                sexsatlat |   .7888983   .0148477    53.13   0.000     .7597975    .8179992
                    _cons |    .565596   .1423189     3.97   0.000     .2866561    .8445358
  ------------------------+----------------------------------------------------------------
  couplebond01 <-         |
                   couple |   .8765892     .01625    53.94   0.000     .8447398    .9084387
                    _cons |   5.497136   .1934529    28.42   0.000     5.117975    5.876297
  ------------------------+----------------------------------------------------------------
  couplebond02 <-         |
                   couple |   .7329464   .0239648    30.58   0.000     .6859763    .7799165
                    _cons |   4.185279   .1433662    29.19   0.000     3.904287    4.466272
  ------------------------+----------------------------------------------------------------
  coupleint01 <-          |
                   couple |    .855128   .0184347    46.39   0.000     .8189966    .8912593
                    _cons |   4.866449   .1574534    30.91   0.000     4.557846    5.175052
  ------------------------+----------------------------------------------------------------
  sexnet01 <-             |
                 distract |   .6972958   .0364595    19.13   0.000     .6258365    .7687551
                    _cons |   1.821168   .0754302    24.14   0.000     1.673328    1.969009
  ------------------------+----------------------------------------------------------------
  sexnet02 <-             |
                 distract |   .6565276   .0368281    17.83   0.000     .5843458    .7287094
                    _cons |   2.242129   .0760698    29.47   0.000     2.093035    2.391223
--------------------------+----------------------------------------------------------------
          mean(sexpornB01)|    1.64075   .0247867    66.19   0.000     1.592169    1.689331
          mean(sexmastB01)|   2.181761   .0447347    48.77   0.000     2.094083     2.26944
           mean(sexcomm01)|   2.289826   .0516078    44.37   0.000     2.188677    2.390976
--------------------------+----------------------------------------------------------------
           var(e.sexsat01)|   .2717335   .0210391                      .2334741    .3162626
           var(e.sexsat02)|   .1257375   .0154195                      .0988734    .1599005
           var(e.sexsat03)|   .3776394    .023152                      .3348826    .4258553
       var(e.couplebond01)|   .2315913   .0284892                      .1819751    .2947356
       var(e.couplebond02)|   .4627896   .0351298                      .3988135    .5370285
        var(e.coupleint01)|   .2687562   .0315281                      .2135517    .3382313
           var(e.sexnet01)|   .5137786   .0508461                      .4231914    .6237565
           var(e.sexnet02)|   .5689716   .0483574                      .4816663    .6721015
            var(e.sexquan)|   .7557671   .0485534                      .6663517    .8571809
      var(e.sexactBalance)|   .8531625   .0193783                      .8160147    .8920014
        var(e.sexorgasm01)|   .8931696   .0193712                      .8559984    .9319549
           var(e.sexfan02)|   .8223285   .0199908                      .7840661    .8624582
          var(e.sexsatlat)|    .448944   .0237508                      .4047254    .4979937
           var(e.distract)|   .9165196   .0198127                      .8784986    .9561861
           var(sexpornB01)|          1          .                             .           .
           var(sexmastB01)|          1          .                             .           .
            var(sexcomm01)|          1          .                             .           .
               var(couple)|          1          .                             .           .
--------------------------+----------------------------------------------------------------
cov(sexpornB01,sexmastB01)|   .4773397    .020852    22.89   0.000     .4364705    .5182089
     cov(sexcomm01,couple)|   .0959483   .0302956     3.17   0.002     .0365699    .1553266
-------------------------------------------------------------------------------------------
Discr. test of model vs. saturated: chi2(74)  =   154.03, Prob > chi2 = 0.0000

.                                                                                                                                                           
>                                                                                                                                                           
>                                                             #delimit cr
delimiter now cr
. 
. //-----Testen der Modellgüte-----
. estat gof, stats(all)

----------------------------------------------------------------------------
Fit statistic        |      Value   Description
---------------------+------------------------------------------------------
Discrepancy          |
         chi2_ms(74) |    154.030   model vs. saturated
            p > chi2 |      0.000
        chi2_bs(102) |   1545.069   baseline vs. saturated
            p > chi2 |      0.000
---------------------+------------------------------------------------------
Population error     |
               RMSEA |      0.029   Root mean squared error of approximation
 90% CI, lower bound |      0.023
         upper bound |      0.036
              pclose |      1.000   Probability RMSEA <= 0.05
---------------------+------------------------------------------------------
Baseline comparison  |
                 CFI |      0.945   Comparative fit index
                 TLI |      0.924   Tucker-Lewis index
---------------------+------------------------------------------------------
Size of residuals    |
                SRMR |      0.060   Standardized root mean squared residual
                  CD |      0.924   Coefficient of determination
----------------------------------------------------------------------------

. 
. 
. 
. //######## SEM Alternativmodell Zufriedenheit zurück auf Partnerschaft ########
. 
. #delimit ;
delimiter now ;
. sem
> ${gesamtModellPfade}
> (sexsatlat -> couple)
> , 
> latent (sexsatlat distract couple) 
> standardized nocnsreport nocapslatent 
> method(adf)  
> cov(
> sexmastB01*sexpornB01  
> sexmastB01*sexcomm01@0 
> sexpornB01*sexcomm01@0 
> )
> ;
(39 observations with missing values excluded)

Endogenous variables

Observed:     sexquan sexactBalance sexorgasm01 sexfan02
Measurement:  sexsat01 sexsat02 sexsat03 couplebond01 couplebond02 coupleint01 sexnet01 sexnet02
Latent:       sexsatlat couple distract

Exogenous variables

Observed:     sexpornB01 sexmastB01 sexcomm01

Fitting baseline model:

Iteration 0:   discrepancy =  10.928739  
Iteration 1:   discrepancy =   1.231131  
Iteration 2:   discrepancy =   1.231131  

Fitting target model:

Iteration 0:   discrepancy =  28.919397  (not concave)
Iteration 1:   discrepancy =  7.0434737  (not concave)
Iteration 2:   discrepancy =  3.6982818  (not concave)
Iteration 3:   discrepancy =  2.3196279  (not concave)
Iteration 4:   discrepancy =  1.2008997  (not concave)
Iteration 5:   discrepancy =   .9174396  (not concave)
Iteration 6:   discrepancy =  .76397738  (not concave)
Iteration 7:   discrepancy =  .43577413  (not concave)
Iteration 8:   discrepancy =  .27457988  (not concave)
Iteration 9:   discrepancy =  .19376637  (not concave)
Iteration 10:  discrepancy =  .16472212  (not concave)
Iteration 11:  discrepancy =  .12443321  
Iteration 12:  discrepancy =  .11970214  
Iteration 13:  discrepancy =  .11776432  
Iteration 14:  discrepancy =  .11750963  
Iteration 15:  discrepancy =  .11747625  
Iteration 16:  discrepancy =  .11747619  

Structural equation model                       Number of obs     =      1,255
Estimation method  = adf
Discrepancy        =  .11747619

-------------------------------------------------------------------------------------------
             Standardized |      Coef.   Std. Err.      z    P>|z|     [95% Conf. Interval]
--------------------------+----------------------------------------------------------------
Structural                |
  sexquan <-              |
            sexactBalance |   .2656844   .0310317     8.56   0.000     .2048634    .3265054
                 sexfan02 |   .0763311   .0296027     2.58   0.010     .0183107    .1343514
                   couple |  -.0396745    .043306    -0.92   0.360    -.1245528    .0452038
                    _cons |   2.826066   .1163286    24.29   0.000     2.598066    3.054065
  ------------------------+----------------------------------------------------------------
  sexactBalance <-        |
                 sexfan02 |   .2204459   .0278342     7.92   0.000     .1658918        .275
                 distract |  -.1743133   .0337852    -5.16   0.000    -.2405311   -.1080955
               sexpornB01 |   .1610184   .0299053     5.38   0.000     .1024051    .2196317
                sexcomm01 |   .0702776   .0262615     2.68   0.007      .018806    .1217493
                    _cons |   1.222784   .1078277    11.34   0.000     1.011446    1.434123
  ------------------------+----------------------------------------------------------------
  sexorgasm01 <-          |
            sexactBalance |   .1845627   .0270409     6.83   0.000     .1315636    .2375618
                 distract |  -.2095987   .0333798    -6.28   0.000    -.2750219   -.1441755
                    _cons |   1.865733   .0821568    22.71   0.000     1.704709    2.026758
  ------------------------+----------------------------------------------------------------
  sexfan02 <-             |
               sexpornB01 |   .2506923   .0282082     8.89   0.000     .1954053    .3059793
               sexmastB01 |   .2435142   .0294269     8.28   0.000     .1858387    .3011898
                    _cons |   1.434672   .0750976    19.10   0.000     1.287483     1.58186
  ------------------------+----------------------------------------------------------------
  sexsatlat <-            |
                  sexquan |   .4973426   .0262404    18.95   0.000     .4459123    .5487729
            sexactBalance |   .1361303     .02741     4.97   0.000     .0824077     .189853
              sexorgasm01 |   .2331853   .0242392     9.62   0.000     .1856774    .2806932
                   couple |   .0813308   .0442691     1.84   0.066     -.005435    .1680965
                 distract |  -.1580291   .0345153    -4.58   0.000    -.2256778   -.0903804
                sexcomm01 |   .0951069   .0220689     4.31   0.000     .0518527    .1383612
  ------------------------+----------------------------------------------------------------
  couple <-               |
                sexsatlat |   .3438151   .0625273     5.50   0.000     .2212639    .4663663
  ------------------------+----------------------------------------------------------------
  distract <-             |
                   couple |  -.0650665   .0433368    -1.50   0.133    -.1500052    .0198721
               sexpornB01 |   .0761036   .0360201     2.11   0.035     .0055054    .1467018
                sexcomm01 |   -.180304    .034332    -5.25   0.000    -.2475934   -.1130146
--------------------------+----------------------------------------------------------------
Measurement               |
  sexsat01 <-             |
                sexsatlat |   .8510239   .0126075    67.50   0.000     .8263136    .8757341
                    _cons |   .6170318   .1251325     4.93   0.000     .3717766    .8622871
  ------------------------+----------------------------------------------------------------
  sexsat02 <-             |
                sexsatlat |   .9367225   .0084458   110.91   0.000     .9201689     .953276
                    _cons |   .4948742   .1218709     4.06   0.000     .2560117    .7337367
  ------------------------+----------------------------------------------------------------
  sexsat03 <-             |
                sexsatlat |   .7857623   .0149082    52.71   0.000     .7565427    .8149819
                    _cons |   .1154217   .0998635     1.16   0.248    -.0803071    .3111505
  ------------------------+----------------------------------------------------------------
  couplebond01 <-         |
                   couple |   .8799328   .0155895    56.44   0.000     .8493779    .9104876
                    _cons |   4.474777   .2641667    16.94   0.000      3.95702    4.992534
  ------------------------+----------------------------------------------------------------
  couplebond02 <-         |
                   couple |   .7421102   .0227907    32.56   0.000     .6974413     .786779
                    _cons |   3.355348   .2099358    15.98   0.000     2.943881    3.766814
  ------------------------+----------------------------------------------------------------
  coupleint01 <-          |
                   couple |   .8669468   .0172705    50.20   0.000     .8330972    .9007964
                    _cons |   3.889878   .2380571    16.34   0.000     3.423295    4.356461
  ------------------------+----------------------------------------------------------------
  sexnet01 <-             |
                 distract |    .712932   .0415956    17.14   0.000      .631406    .7944579
                    _cons |   1.887046   .0806611    23.39   0.000     1.728954    2.045139
  ------------------------+----------------------------------------------------------------
  sexnet02 <-             |
                 distract |    .645988   .0398585    16.21   0.000     .5678668    .7241092
                    _cons |   2.287151     .07812    29.28   0.000     2.134039    2.440263
--------------------------+----------------------------------------------------------------
          mean(sexpornB01)|   1.646275   .0249349    66.02   0.000     1.597403    1.695146
          mean(sexmastB01)|   2.195427   .0450811    48.70   0.000      2.10707    2.283784
           mean(sexcomm01)|   2.281421   .0510825    44.66   0.000     2.181301    2.381541
--------------------------+----------------------------------------------------------------
           var(e.sexsat01)|   .2757584   .0208787                      .2377284    .3198722
           var(e.sexsat02)|    .122551   .0157087                      .0953255    .1575524
           var(e.sexsat03)|   .3825776    .023364                      .3394195    .4312235
       var(e.couplebond01)|   .2257183   .0266941                      .1790199    .2845983
       var(e.couplebond02)|   .4492725   .0338107                      .3876603    .5206769
        var(e.coupleint01)|   .2484033   .0300924                      .1959025    .3149739
           var(e.sexnet01)|    .491728   .0589557                      .3887498    .6219847
           var(e.sexnet02)|   .5826995   .0516799                      .4897238    .6933271
            var(e.sexquan)|   .9259961    .021112                      .8855283    .9683133
      var(e.sexactBalance)|   .8636021   .0189578                      .8272335    .9015696
        var(e.sexorgasm01)|   .9060482   .0173398                      .8726924     .940679
           var(e.sexfan02)|   .8199025   .0203063                      .7810533    .8606839
          var(e.sexsatlat)|   .4735085    .028137                      .4214512    .5319958
             var(e.couple)|   .8353908   .0240718                      .7895186    .8839284
           var(e.distract)|   .9449981   .0175821                      .9111585    .9800944
           var(sexpornB01)|          1          .                             .           .
           var(sexmastB01)|          1          .                             .           .
            var(sexcomm01)|          1          .                             .           .
--------------------------+----------------------------------------------------------------
cov(sexpornB01,sexmastB01)|   .4746473   .0209557    22.65   0.000     .4335749    .5157197
-------------------------------------------------------------------------------------------
Discr. test of model vs. saturated: chi2(75)  =   147.43, Prob > chi2 = 0.0000

.                                                                                                                                                           
>                                                                                                                                                           
>                                                             #delimit cr
delimiter now cr
. 
. //-----Testen der Modellgüte-----
. estat gof, stats(all)

----------------------------------------------------------------------------
Fit statistic        |      Value   Description
---------------------+------------------------------------------------------
Discrepancy          |
         chi2_ms(75) |    147.433   model vs. saturated
            p > chi2 |      0.000
        chi2_bs(102) |   1545.069   baseline vs. saturated
            p > chi2 |      0.000
---------------------+------------------------------------------------------
Population error     |
               RMSEA |      0.028   Root mean squared error of approximation
 90% CI, lower bound |      0.021
         upper bound |      0.034
              pclose |      1.000   Probability RMSEA <= 0.05
---------------------+------------------------------------------------------
Baseline comparison  |
                 CFI |      0.950   Comparative fit index
                 TLI |      0.932   Tucker-Lewis index
---------------------+------------------------------------------------------
Size of residuals    |
                SRMR |      0.050   Standardized root mean squared residual
                  CD |      0.289   Coefficient of determination
----------------------------------------------------------------------------

. 
. 
. log close
      name:  <unnamed>
       log:  \log\A4_ALTERNATE_MODELS.log
  log type:  text
 closed on:  15 May 2022, 18:21:46
------------------------------------------------------------------------------------------------------------------------------------------------------------
