------------------------------------------------------------------------------------------------------------------------------------------------------------
      name:  <unnamed>
       log:  \log\A5_COVARIANCE_MATRIX.log
  log type:  text
 opened on:  15 May 2022, 18:21:46

. 
. //######## Kovarianzmatrix der Variablen des Gesamtmodells ########
. 
. corr sexsat01 sexsat02 sexsat03 couplebond01 couplebond02 coupleint01 sexnet01 sexnet02 sexquan sexactBalance sexorgasm01 sexfan02 sexpornB01 sexmastB01 s
> excomm01, cov
(obs=1,255)

             | sexsat01 sexsat02 sexsat03 coup~d01 coup~d02 cou~nt01 sexnet01 sexnet02  sexquan sexac~ce sexor~01 sexfan02 sexp~B01 sexm~B01 sexc~m01
-------------+---------------------------------------------------------------------------------------------------------------------------------------
    sexsat01 |  2.89799
    sexsat02 |  2.17663   2.8021
    sexsat03 |  2.05325  2.15846   3.1781
couplebond01 |  .691004  .700562  .583435  1.44487
couplebond02 |  .710883  .675164  .587547  1.18389  2.28415
 coupleint01 |  .757321  .718549  .598596  1.18286  1.27654  1.73266
    sexnet01 | -.684181 -.786276 -.695172 -.208355  -.21276  -.28022  4.39828
    sexnet02 | -.525751 -.555614  -.58828  -.12553 -.206804 -.206116  1.77844  3.50836
     sexquan |  .829895  .939715  .739211  .191921  .165096  .193082 -.213447 -.126495  .981018
sexactBala~e |  .908937  .988895  .790801  .302307  .333974  .333405 -.404955 -.258632  .458738  2.85433
 sexorgasm01 |  .933133  1.19522  1.13388  .301319  .365046  .390494 -.731493 -.634773  .193254  .691012  4.07573
    sexfan02 |  .176588  .229491  .215087 -.041223 -.111542   .02144  .034778  .180376   .24001  .700215  .118691  2.77293
  sexpornB01 |  -.13525 -.199818 -.210419 -.058838 -.125461 -.116492  .278655   .18196  .041917  .680795 -.076181  1.11129  3.62478
  sexmastB01 | -.118697 -.145763 -.233906 -.000738 -.203412 -.125122  .056737    .1189  .009078  .613899 -.093171  1.20294  1.85491  4.20792
   sexcomm01 |  .669805  .649143  .535264   .14835   .15864  .192475 -.599631  -.44772  .196506  .326511  .355537  .083485  .059467 -.214293  4.60139


. 
. log close
      name:  <unnamed>
       log:  \log\A5_COVARIANCE_MATRIX.log
  log type:  text
 closed on:  15 May 2022, 18:21:46
------------------------------------------------------------------------------------------------------------------------------------------------------------
