------------------------------------------------------------------------------------------------------------------------------------------------------------
      name:  <unnamed>
       log:  \log\B2_SEM_full_MLSB_standard
> ized_openness-no.log
  log type:  text
 opened on:  15 May 2022, 18:22:05

. 
. //######## SEM final MLSB standardisiert nicht offen ########
. 
. #delimit ;
delimiter now ;
. sem
> ${gesamtModellPfade}
> ${kontrollVariablenPfade}
> if
> bigfiveO < 4
> ,
> latent (sexsatlat distract couple) 
> standardized nocnsreport nocapslatent 
> method(ml)
> vce(sbentler)  
> cov(
> ${gesamtModellKovarianzen}
> ${kontrollVariablenKovarianzen}
> )
> ;
(3 observations with missing values excluded)

Endogenous variables

Observed:     sexquan sexactBalance sexorgasm01 sexfan02
Measurement:  sexsat01 sexsat02 sexsat03 couplebond01 couplebond02 coupleint01 sexnet01 sexnet02
Latent:       sexsatlat distract

Exogenous variables

Observed:     sexpornB01 sexmastB01 sexcomm01 age education stress01 healthphys01 bigfiveO coupleduration
Latent:       couple

Fitting target model:

Iteration 0:   log pseudolikelihood = -2956.7681  (not concave)
Iteration 1:   log pseudolikelihood = -2940.8314  (not concave)
Iteration 2:   log pseudolikelihood = -2899.1495  (not concave)
Iteration 3:   log pseudolikelihood = -2890.3387  
Iteration 4:   log pseudolikelihood = -2888.5846  (not concave)
Iteration 5:   log pseudolikelihood = -2887.1962  
Iteration 6:   log pseudolikelihood = -2887.1404  (not concave)
Iteration 7:   log pseudolikelihood = -2886.7082  
Iteration 8:   log pseudolikelihood = -2886.5412  
Iteration 9:   log pseudolikelihood =  -2886.527  
Iteration 10:  log pseudolikelihood = -2886.5267  
Iteration 11:  log pseudolikelihood = -2886.5267  

Structural equation model                       Number of obs     =         74
Estimation method  = ml
Log pseudolikelihood= -2886.5267

-------------------------------------------------------------------------------------------------
                                |           Satorra-Bentler
                   Standardized |      Coef.   Std. Err.      z    P>|z|     [95% Conf. Interval]
--------------------------------+----------------------------------------------------------------
Structural                      |
  sexquan <-                    |
                  sexactBalance |   .2112363    .099202     2.13   0.033      .016804    .4056687
                       sexfan02 |  -.1526195   .0828562    -1.84   0.065    -.3150146    .0097755
                            age |   .0279016   .1612857     0.17   0.863    -.2882125    .3440158
                      education |  -.0468812   .0954105    -0.49   0.623    -.2338823      .14012
                       stress01 |  -.2679069   .0972881    -2.75   0.006    -.4585881   -.0772257
                   healthphys01 |   -.038478   .1149324    -0.33   0.738    -.2637413    .1867853
                       bigfiveO |  -.0578312    .083733    -0.69   0.490    -.2219447    .1062824
                 coupleduration |   -.084563   .1721656    -0.49   0.623    -.4220015    .2528755
                         couple |    .155064   .0908716     1.71   0.088     -.023041    .3331691
                          _cons |   4.077121   .8479321     4.81   0.000     2.415204    5.739037
  ------------------------------+----------------------------------------------------------------
  sexactBalance <-              |
                       sexfan02 |   -.006076   .0971379    -0.06   0.950    -.1964627    .1843108
                       distract |   .3322499    .140148     2.37   0.018     .0575648     .606935
                     sexpornB01 |   .2133441   .1352961     1.58   0.115    -.0518313    .4785195
                      sexcomm01 |   .1463698    .116194     1.26   0.208    -.0813663    .3741059
                            age |  -.0085138   .1911732    -0.04   0.964    -.3832063    .3661787
                      education |   .0997362   .1157527     0.86   0.389     -.127135    .3266074
                       stress01 |   .0325221   .1189161     0.27   0.784    -.2005492    .2655934
                   healthphys01 |   .0788287   .1240411     0.64   0.525    -.1642875    .3219449
                       bigfiveO |   .0462754    .101517     0.46   0.649    -.1526942    .2452449
                 coupleduration |  -.1829817   .1811746    -1.01   0.313    -.5380774     .172114
                          _cons |   .4222792   1.032955     0.41   0.683    -1.602275    2.446833
  ------------------------------+----------------------------------------------------------------
  sexorgasm01 <-                |
                  sexactBalance |   .1485395   .1026765     1.45   0.148    -.0527028    .3497817
                       distract |  -.0528067   .1445883    -0.37   0.715    -.3361946    .2305812
                            age |  -.1300257   .1520661    -0.86   0.393    -.4280697    .1680183
                      education |   .2246912    .100911     2.23   0.026     .0269093    .4224731
                       stress01 |   .0873447    .094191     0.93   0.354    -.0972662    .2719557
                   healthphys01 |   .2440085   .1058103     2.31   0.021     .0366242    .4513929
                       bigfiveO |  -.0365052   .1061908    -0.34   0.731    -.2446354    .1716249
                 coupleduration |  -.0044164   .1311098    -0.03   0.973     -.261387    .2525541
                          _cons |   .4898124   .9093721     0.54   0.590    -1.292524    2.272149
  ------------------------------+----------------------------------------------------------------
  sexfan02 <-                   |
                     sexpornB01 |   .1594457   .1259183     1.27   0.205    -.0873496    .4062411
                     sexmastB01 |   .2892434   .0991652     2.92   0.004     .0948832    .4836037
                            age |   .0294219   .1448982     0.20   0.839    -.2545733    .3134171
                      education |   .0008418   .1043434     0.01   0.994    -.2036676    .2053512
                       stress01 |   .0206592   .1053648     0.20   0.845    -.1858519    .2271704
                   healthphys01 |  -.0542671   .1124009    -0.48   0.629    -.2745689    .1660347
                       bigfiveO |  -.1566664   .1061624    -1.48   0.140     -.364741    .0514082
                 coupleduration |   .0578039    .139115     0.42   0.678    -.2148565    .3304643
                          _cons |   1.974353   .9379298     2.11   0.035     .1360443    3.812661
  ------------------------------+----------------------------------------------------------------
  sexsatlat <-                  |
                        sexquan |   .5208933   .0660219     7.89   0.000     .3914927    .6502938
                  sexactBalance |   .1367202   .0748723     1.83   0.068    -.0100268    .2834673
                    sexorgasm01 |   .1778339   .0725654     2.45   0.014     .0356083    .3200596
                       distract |  -.4342222   .1066785    -4.07   0.000    -.6433082   -.2251362
                      sexcomm01 |   .1055339   .0777018     1.36   0.174    -.0467589    .2578267
                            age |  -.2826306   .1132588    -2.50   0.013    -.5046138   -.0606473
                      education |  -.0778384    .070716    -1.10   0.271    -.2164393    .0607625
                       stress01 |  -.1441921   .0695463    -2.07   0.038    -.2805003    -.007884
                   healthphys01 |  -.1426547    .067068    -2.13   0.033    -.2741056   -.0112039
                       bigfiveO |  -.0927964   .0825387    -1.12   0.261    -.2545692    .0689765
                 coupleduration |   .2653241   .1059051     2.51   0.012      .057754    .4728942
                         couple |   .3030939   .0863282     3.51   0.000     .1338937    .4722942
  ------------------------------+----------------------------------------------------------------
  distract <-                   |
                     sexpornB01 |   .1074803   .1369822     0.78   0.433    -.1609998    .3759604
                      sexcomm01 |  -.1951314   .1250217    -1.56   0.119    -.4401694    .0499066
                            age |   .1107854   .1645915     0.67   0.501    -.2118081    .4333789
                      education |  -.1283639   .1235951    -1.04   0.299    -.3706058    .1138781
                       stress01 |   .1762921    .131187     1.34   0.179    -.0808297    .4334139
                   healthphys01 |  -.2497966    .131971    -1.89   0.058     -.508455    .0088618
                       bigfiveO |  -.1089019   .1342763    -0.81   0.417    -.3720785    .1542748
                 coupleduration |   .0636495   .1721622     0.37   0.712    -.2737822    .4010811
                         couple |   .2923786    .124884     2.34   0.019     .0476105    .5371468
--------------------------------+----------------------------------------------------------------
Measurement                     |
  sexsat01 <-                   |
                      sexsatlat |    .850829   .0336465    25.29   0.000      .784883    .9167749
                          _cons |   1.817111    .621696     2.92   0.003     .5986095    3.035613
  ------------------------------+----------------------------------------------------------------
  sexsat02 <-                   |
                      sexsatlat |   .9533052   .0173157    55.05   0.000      .919367    .9872433
                          _cons |   1.808481   .7023626     2.57   0.010     .4318755    3.185086
  ------------------------------+----------------------------------------------------------------
  sexsat03 <-                   |
                      sexsatlat |   .8563165   .0326377    26.24   0.000     .7923477    .9202853
                          _cons |   1.633562   .6119013     2.67   0.008     .4342572    2.832866
  ------------------------------+----------------------------------------------------------------
  couplebond01 <-               |
                         couple |   .8725753   .0304499    28.66   0.000     .8128946     .932256
                          _cons |   3.902525   .4367119     8.94   0.000     3.046586    4.758465
  ------------------------------+----------------------------------------------------------------
  couplebond02 <-               |
                         couple |   .7454668   .0764928     9.75   0.000     .5955437    .8953899
                          _cons |   3.653903   .3564236    10.25   0.000     2.955325     4.35248
  ------------------------------+----------------------------------------------------------------
  coupleint01 <-                |
                         couple |   .8960139   .0423209    21.17   0.000     .8130665    .9789614
                          _cons |   3.739304   .3545639    10.55   0.000     3.044372    4.434236
  ------------------------------+----------------------------------------------------------------
  sexnet01 <-                   |
                       distract |   .7307373   .0656167    11.14   0.000     .6021309    .8593436
                          _cons |   2.407685     .88567     2.72   0.007     .6718036    4.143566
  ------------------------------+----------------------------------------------------------------
  sexnet02 <-                   |
                       distract |   .7075504    .071347     9.92   0.000     .5677128     .847388
                          _cons |   2.888303   .8979411     3.22   0.001     1.128371    4.648235
--------------------------------+----------------------------------------------------------------
                mean(sexpornB01)|   1.522062   .1037402    14.67   0.000     1.318735    1.725389
                mean(sexmastB01)|   1.709479   .1334977    12.81   0.000     1.447829     1.97113
                 mean(sexcomm01)|   2.091694   .1765046    11.85   0.000     1.745751    2.437636
                       mean(age)|   3.784665   .3419939    11.07   0.000      3.11437    4.454961
                 mean(education)|    3.85738   .2671374    14.44   0.000     3.333801     4.38096
                  mean(stress01)|   2.808915   .2698133    10.41   0.000      2.28009    3.337739
              mean(healthphys01)|   2.475883   .2620162     9.45   0.000      1.96234    2.989425
                  mean(bigfiveO)|    4.04555   .3784456    10.69   0.000      3.30381     4.78729
            mean(coupleduration)|   .9916045   .1144226     8.67   0.000     .7673404    1.215869
--------------------------------+----------------------------------------------------------------
                 var(e.sexsat01)|   .2760901   .0572549                      .1838784    .4145442
                 var(e.sexsat02)|   .0912093   .0330143                       .044868    .1854136
                 var(e.sexsat03)|    .266722   .0558965                      .1768781    .4022015
             var(e.couplebond01)|   .2386124   .0531396                      .1542155    .3691968
             var(e.couplebond02)|   .4442793   .1140456                      .2686298    .7347809
              var(e.coupleint01)|   .1971591   .0758402                      .0927661    .4190293
                 var(e.sexnet01)|   .4660231   .0958971                      .3113502    .6975344
                 var(e.sexnet02)|   .4993724   .1009632                      .3359917    .7421995
                  var(e.sexquan)|   .8177772    .062741                      .7036062    .9504743
            var(e.sexactBalance)|   .8370455   .0761416                      .7003575    1.000411
              var(e.sexorgasm01)|   .8324889    .067614                      .7099775    .9761405
                 var(e.sexfan02)|   .7678138   .0825718                      .6218941    .9479718
                var(e.sexsatlat)|   .2046383   .0662059                      .1085427    .3858097
                 var(e.distract)|   .6522512   .1056471                      .4748354    .8959558
                 var(sexpornB01)|          1          .                             .           .
                 var(sexmastB01)|          1          .                             .           .
                  var(sexcomm01)|          1          .                             .           .
                        var(age)|          1          .                             .           .
                  var(education)|          1          .                             .           .
                   var(stress01)|          1          .                             .           .
               var(healthphys01)|          1          .                             .           .
                   var(bigfiveO)|          1          .                             .           .
             var(coupleduration)|          1          .                             .           .
                     var(couple)|          1          .                             .           .
--------------------------------+----------------------------------------------------------------
      cov(sexpornB01,sexmastB01)|   .6724558   .0686087     9.80   0.000     .5379853    .8069263
       cov(sexpornB01,sexcomm01)|  -.1686065    .109795    -1.54   0.125    -.3838008    .0465878
             cov(sexpornB01,age)|   .2094407   .1054629     1.99   0.047     .0027372    .4161441
       cov(sexpornB01,education)|  -.2601478   .0986403    -2.64   0.008    -.4534793   -.0668164
        cov(sexpornB01,stress01)|   .0513571   .1139169     0.45   0.652     -.171916    .2746302
    cov(sexpornB01,healthphys01)|  -.0277999   .1038063    -0.27   0.789    -.2312565    .1756567
        cov(sexpornB01,bigfiveO)|   -.097388   .1064442    -0.91   0.360    -.3060148    .1112388
  cov(sexpornB01,coupleduration)|   .0912088   .1020908     0.89   0.372    -.1088855    .2913031
          cov(sexpornB01,couple)|  -.1057799   .1177152    -0.90   0.369    -.3364974    .1249376
       cov(sexmastB01,sexcomm01)|  -.1617582   .1120973    -1.44   0.149    -.3814649    .0579485
             cov(sexmastB01,age)|   .1652614   .1183057     1.40   0.162    -.0666134    .3971362
       cov(sexmastB01,education)|  -.0236266   .1010342    -0.23   0.815      -.22165    .1743968
        cov(sexmastB01,stress01)|   .1881754   .1103782     1.70   0.088    -.0281618    .4045127
    cov(sexmastB01,healthphys01)|  -.0562437   .1119693    -0.50   0.615    -.2756995    .1632122
        cov(sexmastB01,bigfiveO)|   .0117451   .1118539     0.11   0.916    -.2074845    .2309747
  cov(sexmastB01,coupleduration)|   .0804326   .1160745     0.69   0.488    -.1470692    .3079343
          cov(sexmastB01,couple)|  -.2635307   .1081127    -2.44   0.015    -.4754277   -.0516337
              cov(sexcomm01,age)|  -.1964314    .113998    -1.72   0.085    -.4198634    .0270005
        cov(sexcomm01,education)|  -.1479653   .1042564    -1.42   0.156    -.3523041    .0563736
         cov(sexcomm01,stress01)|  -.2873832   .1054011    -2.73   0.006    -.4939655   -.0808008
     cov(sexcomm01,healthphys01)|   .1489668   .1168906     1.27   0.203    -.0801346    .3780683
         cov(sexcomm01,bigfiveO)|   .1687589   .1090699     1.55   0.122    -.0450142    .3825319
   cov(sexcomm01,coupleduration)|  -.0573681   .1087088    -0.53   0.598    -.2704334    .1556972
           cov(sexcomm01,couple)|   .0802181   .1136975     0.71   0.480    -.1426249    .3030611
              cov(age,education)|  -.0441644   .1131315    -0.39   0.696     -.265898    .1775693
               cov(age,stress01)|   .0165849   .1215287     0.14   0.891    -.2216069    .2547768
           cov(age,healthphys01)|   .0387527   .1102457     0.35   0.725     -.177325    .2548303
               cov(age,bigfiveO)|  -.1823299   .1135241    -1.61   0.108     -.404833    .0401732
         cov(age,coupleduration)|   .7661379   .0782188     9.79   0.000     .6128318     .919444
                 cov(age,couple)|  -.1396717   .1045997    -1.34   0.182    -.3446833    .0653399
         cov(education,stress01)|  -.0539313   .1084804    -0.50   0.619    -.2665491    .1586864
     cov(education,healthphys01)|   .1961137   .0992377     1.98   0.048     .0016112    .3906161
         cov(education,bigfiveO)|   .1187806   .0944408     1.26   0.208      -.06632    .3038812
   cov(education,coupleduration)|  -.0921909   .0916869    -1.01   0.315    -.2718939     .087512
           cov(education,couple)|   .1799035   .1155059     1.56   0.119    -.0464838    .4062909
      cov(stress01,healthphys01)|  -.4129788    .082634    -5.00   0.000    -.5749385    -.251019
          cov(stress01,bigfiveO)|  -.1193426   .0974239    -1.22   0.221    -.3102899    .0716047
    cov(stress01,coupleduration)|  -.0379414   .1306581    -0.29   0.772    -.2940266    .2181438
            cov(stress01,couple)|  -.1441216   .1274677    -1.13   0.258    -.3939538    .1057106
      cov(healthphys01,bigfiveO)|   .2186656   .1049337     2.08   0.037     .0129994    .4243318
cov(healthphys01,coupleduration)|   .0958151   .0982431     0.98   0.329    -.0967378    .2883681
        cov(healthphys01,couple)|   .0817337   .1313091     0.62   0.534    -.1756273    .3390948
    cov(bigfiveO,coupleduration)|  -.1327371   .0907388    -1.46   0.144    -.3105818    .0451077
            cov(bigfiveO,couple)|   .1479562   .1008536     1.47   0.142    -.0497132    .3456257
      cov(coupleduration,couple)|  -.1803087   .0988339    -1.82   0.068    -.3740196    .0134021
-------------------------------------------------------------------------------------------------
LR test of model vs. saturated: chi2(101) =    133.56, Prob > chi2 = 0.0167
Satorra-Bentler scaled test:    chi2(101) =    129.16, Prob > chi2 = 0.0309

.                                                                                                                                                           
>                                                                                                                                                           
>                                                             #delimit cr
delimiter now cr
. 
. //-----Testen der Modellgüte-----
. estat gof, stats(all)

----------------------------------------------------------------------------
Fit statistic        |      Value   Description
---------------------+------------------------------------------------------
Likelihood ratio     |
        chi2_ms(101) |    133.560   model vs. saturated
            p > chi2 |      0.017
        chi2_bs(174) |    624.691   baseline vs. saturated
            p > chi2 |      0.000
                     |
  Satorra-Bentler    |
      chi2sb_ms(101) |    129.156   
            p > chi2 |      0.031
      chi2sb_bs(174) |    608.041   
            p > chi2 |      0.000
---------------------+------------------------------------------------------
Population error     |
               RMSEA |      0.066   Root mean squared error of approximation
 90% CI, lower bound |      0.030
         upper bound |      0.094
              pclose |      0.198   Probability RMSEA <= 0.05
                     |
  Satorra-Bentler    |
            RMSEA_SB |      0.061   Root mean squared error of approximation
---------------------+------------------------------------------------------
Information criteria |
                 AIC |   6075.053   Akaike's information criterion
                 BIC |   6422.967   Bayesian information criterion
---------------------+------------------------------------------------------
Baseline comparison  |
                 CFI |      0.928   Comparative fit index
                 TLI |      0.876   Tucker-Lewis index
                     |
  Satorra-Bentler    |
              CFI_SB |      0.935   Comparative fit index
              TLI_SB |      0.888   Tucker-Lewis index
---------------------+------------------------------------------------------
Size of residuals    |
                SRMR |      0.059   Standardized root mean squared residual
                  CD |      0.973   Coefficient of determination
----------------------------------------------------------------------------

. 
. log close
      name:  <unnamed>
       log:  \log\B2_SEM_full_MLSB_standard
> ized_openness-no.log
  log type:  text
 closed on:  15 May 2022, 18:22:07
------------------------------------------------------------------------------------------------------------------------------------------------------------
