------------------------------------------------------------------------------------------------------------------------------------------------------------
      name:  <unnamed>
       log:  \log\B2_SEM_full_MLSB_standard
> ized_kids-no.log
  log type:  text
 opened on:  15 May 2022, 18:21:57

. 
. //######## SEM final MLSB standardisiert keine Kinder ########
. 
. #delimit ;
delimiter now ;
. sem
> ${gesamtModellPfade}
> ${kontrollVariablenPfade}
> if
> kids == 0
> , 
> latent (sexsatlat distract couple) 
> standardized nocnsreport nocapslatent 
> method(ml)
> vce(sbentler)   
> cov(
> ${gesamtModellKovarianzen}
> ${kontrollVariablenKovarianzen}
> )
> ;
(40 observations with missing values excluded)

Endogenous variables

Observed:     sexquan sexactBalance sexorgasm01 sexfan02
Measurement:  sexsat01 sexsat02 sexsat03 couplebond01 couplebond02 coupleint01 sexnet01 sexnet02
Latent:       sexsatlat distract

Exogenous variables

Observed:     sexpornB01 sexmastB01 sexcomm01 age education stress01 healthphys01 bigfiveO coupleduration
Latent:       couple

Fitting target model:

Iteration 0:   log pseudolikelihood = -42870.961  (not concave)
Iteration 1:   log pseudolikelihood =  -41545.33  (not concave)
Iteration 2:   log pseudolikelihood = -37881.114  (not concave)
Iteration 3:   log pseudolikelihood = -37301.908  (not concave)
Iteration 4:   log pseudolikelihood = -37089.902  (not concave)
Iteration 5:   log pseudolikelihood = -36968.074  (not concave)
Iteration 6:   log pseudolikelihood = -36938.141  
Iteration 7:   log pseudolikelihood = -36898.986  (not concave)
Iteration 8:   log pseudolikelihood = -36871.657  
Iteration 9:   log pseudolikelihood = -36865.265  
Iteration 10:  log pseudolikelihood = -36863.537  
Iteration 11:  log pseudolikelihood = -36863.355  
Iteration 12:  log pseudolikelihood = -36863.354  

Structural equation model                       Number of obs     =        943
Estimation method  = ml
Log pseudolikelihood= -36863.354

-------------------------------------------------------------------------------------------------
                                |           Satorra-Bentler
                   Standardized |      Coef.   Std. Err.      z    P>|z|     [95% Conf. Interval]
--------------------------------+----------------------------------------------------------------
Structural                      |
  sexquan <-                    |
                  sexactBalance |   .1841146   .0344693     5.34   0.000     .1165559    .2516732
                       sexfan02 |    .083695   .0310744     2.69   0.007     .0227902    .1445998
                            age |   .0146277    .038816     0.38   0.706    -.0614503    .0907056
                      education |  -.0757115    .031222    -2.42   0.015    -.1369055   -.0145175
                       stress01 |  -.0665062   .0319349    -2.08   0.037    -.1290974    -.003915
                   healthphys01 |   .0867446   .0332906     2.61   0.009     .0214962     .151993
                       bigfiveO |   .0342016   .0312179     1.10   0.273    -.0269843    .0953875
                 coupleduration |   -.247738   .0426878    -5.80   0.000    -.3314045   -.1640716
                         couple |   .1339993   .0325551     4.12   0.000     .0701925    .1978062
                          _cons |   3.265703   .2914115    11.21   0.000     2.694547    3.836859
  ------------------------------+----------------------------------------------------------------
  sexactBalance <-              |
                       sexfan02 |   .1511698   .0322492     4.69   0.000     .0879626     .214377
                       distract |  -.1498834   .0431615    -3.47   0.001    -.2344784   -.0652883
                     sexpornB01 |   .1506318   .0344668     4.37   0.000     .0830781    .2181856
                      sexcomm01 |   .0350066   .0299408     1.17   0.242    -.0236764    .0936895
                            age |   .0472484   .0480335     0.98   0.325    -.0468955    .1413924
                      education |    .013711   .0354445     0.39   0.699     -.055759    .0831809
                       stress01 |  -.0249685     .03524    -0.71   0.479    -.0940376    .0441006
                   healthphys01 |   .0277067   .0332951     0.83   0.405    -.0375505    .0929639
                       bigfiveO |   .1521911   .0342141     4.45   0.000     .0851328    .2192495
                 coupleduration |  -.0696475   .0332107    -2.10   0.036    -.1347393   -.0045556
                          _cons |   .3399182   .3150319     1.08   0.281    -.2775329    .9573693
  ------------------------------+----------------------------------------------------------------
  sexorgasm01 <-                |
                  sexactBalance |   .1286876   .0320954     4.01   0.000     .0657817    .1915934
                       distract |  -.2536584   .0426729    -5.94   0.000    -.3372957   -.1700211
                            age |  -.0053672   .0374709    -0.14   0.886    -.0788088    .0680745
                      education |   .0268229   .0335518     0.80   0.424    -.0389373    .0925832
                       stress01 |    .085633   .0352691     2.43   0.015     .0165068    .1547592
                   healthphys01 |  -.0043345   .0339059    -0.13   0.898    -.0707889    .0621199
                       bigfiveO |   .0307706   .0343603     0.90   0.371    -.0365744    .0981155
                 coupleduration |   .0933345   .0344567     2.71   0.007     .0258007    .1608683
                          _cons |   1.025831   .2961072     3.46   0.001     .4454713     1.60619
  ------------------------------+----------------------------------------------------------------
  sexfan02 <-                   |
                     sexpornB01 |   .2172941   .0341785     6.36   0.000     .1503054    .2842828
                     sexmastB01 |   .2222024   .0338202     6.57   0.000     .1559161    .2884888
                            age |  -.0012772   .0382444    -0.03   0.973    -.0762348    .0736804
                      education |  -.0114537   .0306358    -0.37   0.709    -.0714987    .0485913
                       stress01 |   .0577666   .0311369     1.86   0.064    -.0032607    .1187938
                   healthphys01 |  -.0259983   .0316516    -0.82   0.411    -.0880343    .0360378
                       bigfiveO |   .1493517   .0299524     4.99   0.000      .090646    .2080574
                 coupleduration |  -.0606732   .0359064    -1.69   0.091    -.1310485     .009702
                          _cons |   .7908513   .2652488     2.98   0.003     .2709732    1.310729
  ------------------------------+----------------------------------------------------------------
  sexsatlat <-                  |
                        sexquan |   .4483516   .0278518    16.10   0.000     .3937632    .5029401
                  sexactBalance |   .1341626   .0311624     4.31   0.000     .0730855    .1952397
                    sexorgasm01 |   .2594842   .0275377     9.42   0.000     .2055113    .3134571
                       distract |  -.1161096   .0399832    -2.90   0.004    -.1944753   -.0377439
                      sexcomm01 |   .0635053   .0254295     2.50   0.013     .0136643    .1133463
                            age |  -.0080885   .0305422    -0.26   0.791    -.0679502    .0517731
                      education |   .0150605   .0266573     0.56   0.572    -.0371868    .0673077
                       stress01 |  -.0654149   .0273718    -2.39   0.017    -.1190627   -.0117671
                   healthphys01 |   .0289573   .0275477     1.05   0.293    -.0250351    .0829498
                       bigfiveO |   .0053536   .0290802     0.18   0.854    -.0516425    .0623497
                 coupleduration |  -.0889882   .0297282    -2.99   0.003    -.1472545    -.030722
                         couple |   .2483723   .0297082     8.36   0.000     .1901454    .3065993
  ------------------------------+----------------------------------------------------------------
  distract <-                   |
                     sexpornB01 |   .0632645   .0386988     1.63   0.102    -.0125837    .1391126
                      sexcomm01 |  -.1465003   .0401037    -3.65   0.000    -.2251022   -.0678984
                            age |  -.0946817   .0463819    -2.04   0.041    -.1855886   -.0037748
                      education |  -.1243449   .0427145    -2.91   0.004    -.2080638   -.0406259
                       stress01 |   .1604507   .0442982     3.62   0.000     .0736279    .2472736
                   healthphys01 |   -.140867   .0442392    -3.18   0.001    -.2275743   -.0541598
                       bigfiveO |  -.0873908    .040962    -2.13   0.033    -.1676748   -.0071068
                 coupleduration |   .0233602    .047994     0.49   0.626    -.0707064    .1174267
                         couple |  -.1119742   .0391048    -2.86   0.004    -.1886181   -.0353303
--------------------------------+----------------------------------------------------------------
Measurement                     |
  sexsat01 <-                   |
                      sexsatlat |   .8107765   .0167616    48.37   0.000     .7779244    .8436287
                          _cons |   1.079459   .2210383     4.88   0.000     .6462316    1.512686
  ------------------------------+----------------------------------------------------------------
  sexsat02 <-                   |
                      sexsatlat |   .9132245    .011028    82.81   0.000       .89161    .9348389
                          _cons |   .8478872   .2385162     3.55   0.000      .380404     1.31537
  ------------------------------+----------------------------------------------------------------
  sexsat03 <-                   |
                      sexsatlat |   .7751613   .0175327    44.21   0.000     .7407979    .8095247
                          _cons |   .3882789   .2008067     1.93   0.053     -.005295    .7818528
  ------------------------------+----------------------------------------------------------------
  couplebond01 <-               |
                         couple |    .862185   .0178915    48.19   0.000     .8271184    .8972516
                          _cons |   5.566358   .2322441    23.97   0.000     5.111168    6.021548
  ------------------------------+----------------------------------------------------------------
  couplebond02 <-               |
                         couple |   .7475358   .0249204    30.00   0.000     .6986927    .7963789
                          _cons |   4.114569   .1582849    25.99   0.000     3.804336    4.424801
  ------------------------------+----------------------------------------------------------------
  coupleint01 <-                |
                         couple |   .8674666   .0213929    40.55   0.000     .8255374    .9093959
                          _cons |   5.043115   .1868335    26.99   0.000     4.676928    5.409302
  ------------------------------+----------------------------------------------------------------
  sexnet01 <-                   |
                       distract |   .7230502   .0404452    17.88   0.000     .6437791    .8023213
                          _cons |   2.766307   .2729465    10.13   0.000     2.231341    3.301272
  ------------------------------+----------------------------------------------------------------
  sexnet02 <-                   |
                       distract |   .6231685    .040933    15.22   0.000     .5429412    .7033958
                          _cons |   3.059236   .2399434    12.75   0.000     2.588956    3.529517
--------------------------------+----------------------------------------------------------------
                mean(sexpornB01)|   1.639534   .0298831    54.86   0.000     1.580964    1.698104
                mean(sexmastB01)|   2.199595    .054295    40.51   0.000     2.093179    2.306012
                 mean(sexcomm01)|   2.280532   .0614864    37.09   0.000     2.160021    2.401043
                       mean(age)|   3.897735   .1632663    23.87   0.000     3.577739    4.217731
                 mean(education)|   4.597453   .1004197    45.78   0.000     4.400634    4.794272
                  mean(stress01)|   2.761359   .0769593    35.88   0.000     2.610522    2.912197
              mean(healthphys01)|   2.624077   .0788707    33.27   0.000     2.469493     2.77866
                  mean(bigfiveO)|   5.195762   .1675627    31.01   0.000     4.867345    5.524179
            mean(coupleduration)|   .7867105   .0423199    18.59   0.000      .703765    .8696561
--------------------------------+----------------------------------------------------------------
                 var(e.sexsat01)|   .3426414   .0271798                      .2933046    .4002773
                 var(e.sexsat02)|   .1660211   .0201421                      .1308861    .2105878
                 var(e.sexsat03)|   .3991249   .0271813                       .349253    .4561184
             var(e.couplebond01)|   .2566371   .0308515                      .2027648    .3248225
             var(e.couplebond02)|   .4411902   .0372578                      .3738896    .5206051
              var(e.coupleint01)|   .2475016   .0371152                      .1844728    .3320654
                 var(e.sexnet01)|   .4771984   .0584878                       .375294    .6067733
                 var(e.sexnet02)|    .611661   .0510164                      .5194159    .7202883
                  var(e.sexquan)|   .8382654   .0250731                      .7905358    .8888767
            var(e.sexactBalance)|   .8652185   .0221981                      .8227868    .9098386
              var(e.sexorgasm01)|   .8973276   .0220646                      .8551073    .9416325
                 var(e.sexfan02)|   .8081673   .0238924                      .7626699    .8563787
                var(e.sexsatlat)|   .4479178   .0262521                        .39931    .5024426
                 var(e.distract)|   .8467482   .0294712                      .7909118    .9065265
                 var(sexpornB01)|          1          .                             .           .
                 var(sexmastB01)|          1          .                             .           .
                  var(sexcomm01)|          1          .                             .           .
                        var(age)|          1          .                             .           .
                  var(education)|          1          .                             .           .
                   var(stress01)|          1          .                             .           .
               var(healthphys01)|          1          .                             .           .
                   var(bigfiveO)|          1          .                             .           .
             var(coupleduration)|          1          .                             .           .
                     var(couple)|          1          .                             .           .
--------------------------------+----------------------------------------------------------------
      cov(sexpornB01,sexmastB01)|   .4636324   .0252487    18.36   0.000     .4141459    .5131189
       cov(sexpornB01,sexcomm01)|   .0143376   .0326846     0.44   0.661     -.049723    .0783982
             cov(sexpornB01,age)|   .0519299   .0325784     1.59   0.111    -.0119227    .1157824
       cov(sexpornB01,education)|  -.0729823   .0329384    -2.22   0.027    -.1375403   -.0084243
        cov(sexpornB01,stress01)|   .0343712   .0333252     1.03   0.302     -.030945    .0996873
    cov(sexpornB01,healthphys01)|  -.0472336   .0319601    -1.48   0.139    -.1098743    .0154071
        cov(sexpornB01,bigfiveO)|   .0943147   .0329039     2.87   0.004     .0298243    .1588051
  cov(sexpornB01,coupleduration)|    .029584   .0316575     0.93   0.350    -.0324636    .0916316
          cov(sexpornB01,couple)|  -.0469415   .0343404    -1.37   0.172    -.1142475    .0203645
       cov(sexmastB01,sexcomm01)|  -.0406889   .0325414    -1.25   0.211    -.1044689    .0230911
             cov(sexmastB01,age)|   .1092523   .0317028     3.45   0.001     .0471159    .1713887
       cov(sexmastB01,education)|   .0561216   .0316437     1.77   0.076    -.0058988    .1181421
        cov(sexmastB01,stress01)|    .068193   .0332661     2.05   0.040     .0029928    .1333933
    cov(sexmastB01,healthphys01)|  -.0136189   .0321849    -0.42   0.672    -.0767002    .0494623
        cov(sexmastB01,bigfiveO)|   .1191606   .0340552     3.50   0.000     .0524137    .1859075
  cov(sexmastB01,coupleduration)|    .011059   .0283229     0.39   0.696     -.044453    .0665709
          cov(sexmastB01,couple)|   -.023828   .0334434    -0.71   0.476    -.0893759      .04172
              cov(sexcomm01,age)|  -.0191967   .0315395    -0.61   0.543    -.0810129    .0426195
        cov(sexcomm01,education)|  -.0589288   .0326929    -1.80   0.071    -.1230057    .0051481
         cov(sexcomm01,stress01)|  -.0605218    .032798    -1.85   0.065    -.1248047    .0037612
     cov(sexcomm01,healthphys01)|    .048307   .0334636     1.44   0.149    -.0172805    .1138945
         cov(sexcomm01,bigfiveO)|   .0899894   .0327243     2.75   0.006      .025851    .1541278
   cov(sexcomm01,coupleduration)|  -.0245458   .0298311    -0.82   0.411    -.0830136     .033922
           cov(sexcomm01,couple)|   .0611732   .0344627     1.78   0.076    -.0063725    .1287188
              cov(age,education)|   .2072951   .0428395     4.84   0.000     .1233312     .291259
               cov(age,stress01)|  -.0584969   .0346795    -1.69   0.092    -.1264674    .0094736
           cov(age,healthphys01)|  -.0184066   .0307072    -0.60   0.549    -.0785916    .0417785
               cov(age,bigfiveO)|   .0235719   .0322947     0.73   0.465    -.0397246    .0868685
         cov(age,coupleduration)|   .5495392   .0460805    11.93   0.000     .4592232    .6398553
                 cov(age,couple)|  -.0477911   .0332715    -1.44   0.151    -.1130021    .0174199
         cov(education,stress01)|  -.0024552   .0334796    -0.07   0.942     -.068074    .0631635
     cov(education,healthphys01)|    .087919   .0330117     2.66   0.008     .0232172    .1526207
         cov(education,bigfiveO)|  -.0390868   .0329862    -1.18   0.236    -.1037386     .025565
   cov(education,coupleduration)|   .0808566   .0455241     1.78   0.076    -.0083691    .1700822
           cov(education,couple)|   .0937486   .0354808     2.64   0.008     .0242074    .1632898
      cov(stress01,healthphys01)|  -.3203093   .0267421   -11.98   0.000    -.3727229   -.2678957
          cov(stress01,bigfiveO)|   .0406086   .0343135     1.18   0.237    -.0266446    .1078618
    cov(stress01,coupleduration)|  -.0771932   .0279654    -2.76   0.006    -.1320043   -.0223821
            cov(stress01,couple)|  -.1153712   .0339155    -3.40   0.001    -.1818444    -.048898
      cov(healthphys01,bigfiveO)|  -.0289128   .0335996    -0.86   0.390    -.0947669    .0369412
cov(healthphys01,coupleduration)|  -.0113419   .0327201    -0.35   0.729     -.075472    .0527882
        cov(healthphys01,couple)|   .0963591   .0370332     2.60   0.009     .0237755    .1689428
    cov(bigfiveO,coupleduration)|  -.0722888   .0356709    -2.03   0.043    -.1422025   -.0023751
            cov(bigfiveO,couple)|   .0938091   .0390553     2.40   0.016      .017262    .1703561
      cov(coupleduration,couple)|   .0230227   .0298889     0.77   0.441    -.0355586    .0816039
-------------------------------------------------------------------------------------------------
LR test of model vs. saturated: chi2(101) =    186.57, Prob > chi2 = 0.0000
Satorra-Bentler scaled test:    chi2(101) =    174.51, Prob > chi2 = 0.0000

.                                                                                                                                                           
>                                                                                                                                                           
>                                                             #delimit cr
delimiter now cr
. 
. //-----Testen der Modellgüte-----
. estat gof, stats(all)

----------------------------------------------------------------------------
Fit statistic        |      Value   Description
---------------------+------------------------------------------------------
Likelihood ratio     |
        chi2_ms(101) |    186.571   model vs. saturated
            p > chi2 |      0.000
        chi2_bs(174) |   4684.985   baseline vs. saturated
            p > chi2 |      0.000
                     |
  Satorra-Bentler    |
      chi2sb_ms(101) |    174.510   
            p > chi2 |      0.000
      chi2sb_bs(174) |   4337.085   
            p > chi2 |      0.000
---------------------+------------------------------------------------------
Population error     |
               RMSEA |      0.030   Root mean squared error of approximation
 90% CI, lower bound |      0.023
         upper bound |      0.037
              pclose |      1.000   Probability RMSEA <= 0.05
                     |
  Satorra-Bentler    |
            RMSEA_SB |      0.028   Root mean squared error of approximation
---------------------+------------------------------------------------------
Information criteria |
                 AIC |  74028.709   Akaike's information criterion
                 BIC |  74760.918   Bayesian information criterion
---------------------+------------------------------------------------------
Baseline comparison  |
                 CFI |      0.981   Comparative fit index
                 TLI |      0.967   Tucker-Lewis index
                     |
  Satorra-Bentler    |
              CFI_SB |      0.982   Comparative fit index
              TLI_SB |      0.970   Tucker-Lewis index
---------------------+------------------------------------------------------
Size of residuals    |
                SRMR |      0.027   Standardized root mean squared residual
                  CD |      0.931   Coefficient of determination
----------------------------------------------------------------------------

. 
. log close
      name:  <unnamed>
       log:  \log\B2_SEM_full_MLSB_standard
> ized_kids-no.log
  log type:  text
 closed on:  15 May 2022, 18:22:00
------------------------------------------------------------------------------------------------------------------------------------------------------------
