------------------------------------------------------------------------------------------------------------------------------------------------------------
      name:  <unnamed>
       log:  \log\B2_SEM_full_MLSB_standard
> ized_religion-yes.log
  log type:  text
 opened on:  15 May 2022, 18:22:10

. 
. //######## SEM final MLSB standardisiert nicht offen ########
. 
. #delimit ;
delimiter now ;
. sem
> ${gesamtModellPfade}
> ${kontrollVariablenPfade}
> if
> religious == 1
> ,
> latent (sexsatlat distract couple) 
> standardized nocnsreport nocapslatent 
> method(ml)
> vce(sbentler)  
> cov(
> ${gesamtModellKovarianzen}
> ${kontrollVariablenKovarianzen}
> )
> ;
(23 observations with missing values excluded)

Endogenous variables

Observed:     sexquan sexactBalance sexorgasm01 sexfan02
Measurement:  sexsat01 sexsat02 sexsat03 couplebond01 couplebond02 coupleint01 sexnet01 sexnet02
Latent:       sexsatlat distract

Exogenous variables

Observed:     sexpornB01 sexmastB01 sexcomm01 age education stress01 healthphys01 bigfiveO coupleduration
Latent:       couple

Fitting target model:

Iteration 0:   log pseudolikelihood = -29226.559  (not concave)
Iteration 1:   log pseudolikelihood = -28662.311  (not concave)
Iteration 2:   log pseudolikelihood = -27769.933  (not concave)
Iteration 3:   log pseudolikelihood = -27039.024  (not concave)
Iteration 4:   log pseudolikelihood = -25745.008  (not concave)
Iteration 5:   log pseudolikelihood = -25587.352  
Iteration 6:   log pseudolikelihood = -25547.016  (not concave)
Iteration 7:   log pseudolikelihood = -25529.302  
Iteration 8:   log pseudolikelihood = -25524.846  (not concave)
Iteration 9:   log pseudolikelihood = -25521.287  
Iteration 10:  log pseudolikelihood = -25520.987  
Iteration 11:  log pseudolikelihood = -25520.987  

Structural equation model                       Number of obs     =        648
Estimation method  = ml
Log pseudolikelihood= -25520.987

-------------------------------------------------------------------------------------------------
                                |           Satorra-Bentler
                   Standardized |      Coef.   Std. Err.      z    P>|z|     [95% Conf. Interval]
--------------------------------+----------------------------------------------------------------
Structural                      |
  sexquan <-                    |
                  sexactBalance |   .2552337   .0378348     6.75   0.000     .1810788    .3293886
                       sexfan02 |   .0350496   .0365703     0.96   0.338    -.0366269    .1067261
                            age |  -.0578852   .0471161    -1.23   0.219     -.150231    .0344606
                      education |  -.0408609   .0354011    -1.15   0.248    -.1102458     .028524
                       stress01 |   -.012318   .0390533    -0.32   0.752    -.0888611    .0642251
                   healthphys01 |   .0495961    .038874     1.28   0.202    -.0265954    .1257877
                       bigfiveO |   .0394888   .0387067     1.02   0.308     -.036375    .1153526
                 coupleduration |  -.2663364   .0514771    -5.17   0.000    -.3672297   -.1654431
                         couple |   .0971744   .0350893     2.77   0.006     .0284007    .1659481
                          _cons |   3.165257    .334548     9.46   0.000     2.509554    3.820959
  ------------------------------+----------------------------------------------------------------
  sexactBalance <-              |
                       sexfan02 |    .135839   .0413886     3.28   0.001     .0547188    .2169592
                       distract |   -.067725   .0515146    -1.31   0.189    -.1686917    .0332417
                     sexpornB01 |   .1736925   .0419628     4.14   0.000      .091447    .2559381
                      sexcomm01 |   .0433713   .0366523     1.18   0.237    -.0284659    .1152084
                            age |   .0824348   .0487133     1.69   0.091    -.0130414     .177911
                      education |  -.0217502   .0400276    -0.54   0.587    -.1002029    .0567025
                       stress01 |  -.0158965   .0393597    -0.40   0.686      -.09304     .061247
                   healthphys01 |    .064468   .0432886     1.49   0.136    -.0203762    .1493122
                       bigfiveO |   .1399247   .0420915     3.32   0.001     .0574269    .2224225
                 coupleduration |  -.1165826   .0457199    -2.55   0.011    -.2061919   -.0269733
                          _cons |   .5005839   .3726173     1.34   0.179    -.2297326      1.2309
  ------------------------------+----------------------------------------------------------------
  sexorgasm01 <-                |
                  sexactBalance |   .1671607   .0377339     4.43   0.000     .0932036    .2411178
                       distract |   -.232281   .0473985    -4.90   0.000    -.3251803   -.1393817
                            age |  -.0003461   .0468383    -0.01   0.994    -.0921475    .0914554
                      education |  -.0029611   .0378286    -0.08   0.938    -.0771038    .0711817
                       stress01 |   .0309311   .0396091     0.78   0.435    -.0467012    .1085634
                   healthphys01 |   .0235968   .0418479     0.56   0.573    -.0584236    .1056171
                       bigfiveO |   .0174821    .041116     0.43   0.671    -.0631037    .0980679
                 coupleduration |   .0919951   .0440692     2.09   0.037     .0056212    .1783691
                          _cons |   1.370304   .3614194     3.79   0.000      .661935    2.078673
  ------------------------------+----------------------------------------------------------------
  sexfan02 <-                   |
                     sexpornB01 |   .2457833    .039674     6.20   0.000     .1680237    .3235428
                     sexmastB01 |   .2042178   .0406982     5.02   0.000     .1244508    .2839849
                            age |  -.0308706   .0478627    -0.64   0.519    -.1246798    .0629385
                      education |  -.0595239   .0371293    -1.60   0.109    -.1322959    .0132481
                       stress01 |    .060081   .0375573     1.60   0.110    -.0135299    .1336919
                   healthphys01 |  -.0115345   .0380245    -0.30   0.762    -.0860611    .0629921
                       bigfiveO |   .1309329   .0354267     3.70   0.000     .0614978     .200368
                 coupleduration |   -.008164   .0443744    -0.18   0.854    -.0951363    .0788083
                          _cons |   1.096817   .3059821     3.58   0.000     .4971028    1.696531
  ------------------------------+----------------------------------------------------------------
  sexsatlat <-                  |
                        sexquan |   .4593482   .0332552    13.81   0.000     .3941692    .5245272
                  sexactBalance |   .1084306   .0361904     3.00   0.003     .0374987    .1793625
                    sexorgasm01 |   .2279422   .0342237     6.66   0.000     .1608651    .2950194
                       distract |  -.1845609   .0456479    -4.04   0.000    -.2740291   -.0950927
                      sexcomm01 |   .0744391   .0315133     2.36   0.018     .0126742     .136204
                            age |   -.096683   .0407744    -2.37   0.018    -.1765994   -.0167666
                      education |   .0183042   .0318627     0.57   0.566    -.0441455    .0807539
                       stress01 |  -.0456748   .0314411    -1.45   0.146    -.1072983    .0159486
                   healthphys01 |   .0121493   .0343348     0.35   0.723    -.0551456    .0794442
                       bigfiveO |   .0028276   .0351786     0.08   0.936    -.0661211    .0717763
                 coupleduration |  -.0244794   .0408589    -0.60   0.549    -.1045613    .0556026
                         couple |   .2440844    .036266     6.73   0.000     .1730043    .3151646
  ------------------------------+----------------------------------------------------------------
  distract <-                   |
                     sexpornB01 |   .0650838   .0463378     1.40   0.160    -.0257365    .1559042
                      sexcomm01 |  -.1857548   .0476782    -3.90   0.000    -.2792025   -.0923072
                            age |  -.1214098    .057058    -2.13   0.033    -.2332414   -.0095782
                      education |  -.1039796   .0459777    -2.26   0.024    -.1940941    -.013865
                       stress01 |   .0531638   .0514114     1.03   0.301    -.0476008    .1539283
                   healthphys01 |  -.1680609   .0516228    -3.26   0.001    -.2692397   -.0668821
                       bigfiveO |  -.0859855   .0486621    -1.77   0.077    -.1813615    .0093905
                 coupleduration |   .0721275   .0574982     1.25   0.210    -.0405669    .1848219
                         couple |  -.1106222   .0526367    -2.10   0.036    -.2137882   -.0074561
--------------------------------+----------------------------------------------------------------
Measurement                     |
  sexsat01 <-                   |
                      sexsatlat |   .8110567   .0208989    38.81   0.000     .7700955    .8520178
                          _cons |   1.147723    .270826     4.24   0.000     .6169136    1.678532
  ------------------------------+----------------------------------------------------------------
  sexsat02 <-                   |
                      sexsatlat |   .9272199   .0121864    76.09   0.000      .903335    .9511047
                          _cons |    .930263   .3055628     3.04   0.002      .331371    1.529155
  ------------------------------+----------------------------------------------------------------
  sexsat03 <-                   |
                      sexsatlat |   .7574504   .0216614    34.97   0.000     .7149948    .7999059
                          _cons |   .5784043   .2506622     2.31   0.021     .0871154    1.069693
  ------------------------------+----------------------------------------------------------------
  couplebond01 <-               |
                         couple |   .8408245   .0238911    35.19   0.000     .7939987    .8876502
                          _cons |   5.514484    .279444    19.73   0.000     4.966784    6.062184
  ------------------------------+----------------------------------------------------------------
  couplebond02 <-               |
                         couple |   .7294361   .0354345    20.59   0.000     .6599858    .7988865
                          _cons |   4.198747   .1938358    21.66   0.000     3.818836    4.578659
  ------------------------------+----------------------------------------------------------------
  coupleint01 <-                |
                         couple |   .8711998   .0256778    33.93   0.000     .8208723    .9215273
                          _cons |   4.964893   .2221978    22.34   0.000     4.529393    5.400393
  ------------------------------+----------------------------------------------------------------
  sexnet01 <-                   |
                       distract |   .7523371   .0455953    16.50   0.000      .662972    .8417023
                          _cons |   3.066691   .3137912     9.77   0.000     2.451672    3.681711
  ------------------------------+----------------------------------------------------------------
  sexnet02 <-                   |
                       distract |   .6737744   .0450107    14.97   0.000     .5855551    .7619937
                          _cons |    3.37519   .2923325    11.55   0.000     2.802229    3.948151
--------------------------------+----------------------------------------------------------------
                mean(sexpornB01)|   1.588028   .0341537    46.50   0.000     1.521088    1.654967
                mean(sexmastB01)|    2.06044   .0585961    35.16   0.000     1.945593    2.175286
                 mean(sexcomm01)|   2.238223   .0705274    31.74   0.000     2.099992    2.376454
                       mean(age)|   3.681393   .1427472    25.79   0.000     3.401614    3.961173
                 mean(education)|   4.208275   .1087789    38.69   0.000     3.995072    4.421477
                  mean(stress01)|   2.804489   .0938252    29.89   0.000     2.620595    2.988383
              mean(healthphys01)|   2.671946   .0931959    28.67   0.000     2.489286    2.854607
                  mean(bigfiveO)|   4.838451   .1892555    25.57   0.000     4.467517    5.209385
            mean(coupleduration)|   .8486604   .0414334    20.48   0.000     .7674525    .9298684
--------------------------------+----------------------------------------------------------------
                 var(e.sexsat01)|   .3421871   .0339004                      .2817962    .4155201
                 var(e.sexsat02)|   .1402633   .0225989                      .1022823    .1923481
                 var(e.sexsat03)|    .426269   .0328149                      .3665699    .4956905
             var(e.couplebond01)|   .2930142   .0401765                      .2239633    .3833546
             var(e.couplebond02)|   .4679229   .0516944                      .3768224    .5810479
              var(e.coupleint01)|   .2410109    .044741                      .1675023    .3467789
                 var(e.sexnet01)|   .4339888   .0686061                      .3183599    .5916143
                 var(e.sexnet02)|   .5460281   .0606541                      .4391991    .6788416
                  var(e.sexquan)|   .7993481   .0327274                      .7377097    .8661365
            var(e.sexactBalance)|   .8779178   .0245949                      .8310122    .9274709
              var(e.sexorgasm01)|   .9024149   .0246406                      .8553898    .9520252
                 var(e.sexfan02)|   .8010265   .0286079                      .7468734     .859106
                var(e.sexsatlat)|   .4445618   .0317132                      .3865546    .5112736
                 var(e.distract)|   .8720504   .0311597                      .8130681    .9353116
                 var(sexpornB01)|          1          .                             .           .
                 var(sexmastB01)|          1          .                             .           .
                  var(sexcomm01)|          1          .                             .           .
                        var(age)|          1          .                             .           .
                  var(education)|          1          .                             .           .
                   var(stress01)|          1          .                             .           .
               var(healthphys01)|          1          .                             .           .
                   var(bigfiveO)|          1          .                             .           .
             var(coupleduration)|          1          .                             .           .
                     var(couple)|          1          .                             .           .
--------------------------------+----------------------------------------------------------------
      cov(sexpornB01,sexmastB01)|   .4625384   .0308693    14.98   0.000     .4020356    .5230413
       cov(sexpornB01,sexcomm01)|  -.0012043      .0393    -0.03   0.976    -.0782308    .0758222
             cov(sexpornB01,age)|   .0660166   .0406779     1.62   0.105    -.0137107    .1457439
       cov(sexpornB01,education)|  -.0902962   .0415004    -2.18   0.030    -.1716356   -.0089568
        cov(sexpornB01,stress01)|   .0820825   .0384429     2.14   0.033     .0067359    .1574291
    cov(sexpornB01,healthphys01)|   -.055736    .040312    -1.38   0.167    -.1347461    .0232741
        cov(sexpornB01,bigfiveO)|   .0973168   .0412707     2.36   0.018     .0164277     .178206
  cov(sexpornB01,coupleduration)|   .0314781   .0366118     0.86   0.390    -.0402796    .1032358
          cov(sexpornB01,couple)|  -.0608111   .0426277    -1.43   0.154    -.1443599    .0227378
       cov(sexmastB01,sexcomm01)|  -.0930941   .0394453    -2.36   0.018    -.1704055   -.0157827
             cov(sexmastB01,age)|    .117988   .0379379     3.11   0.002      .043631     .192345
       cov(sexmastB01,education)|  -.0029401   .0374391    -0.08   0.937    -.0763194    .0704391
        cov(sexmastB01,stress01)|   .0894694   .0396857     2.25   0.024     .0116869    .1672519
    cov(sexmastB01,healthphys01)|  -.0336002   .0393306    -0.85   0.393    -.1106867    .0434863
        cov(sexmastB01,bigfiveO)|   .1943683   .0381319     5.10   0.000     .1196312    .2691053
  cov(sexmastB01,coupleduration)|    .030722   .0363175     0.85   0.398     -.040459     .101903
          cov(sexmastB01,couple)|  -.0424091   .0428374    -0.99   0.322    -.1263689    .0415507
              cov(sexcomm01,age)|  -.0289241   .0374665    -0.77   0.440    -.1023572    .0445089
        cov(sexcomm01,education)|  -.0747786   .0387037    -1.93   0.053    -.1506364    .0010792
         cov(sexcomm01,stress01)|  -.0762959   .0396349    -1.92   0.054    -.1539788    .0013871
     cov(sexcomm01,healthphys01)|   .0660421   .0404951     1.63   0.103    -.0133269     .145411
         cov(sexcomm01,bigfiveO)|    .056934   .0383254     1.49   0.137    -.0181825    .1320505
   cov(sexcomm01,coupleduration)|  -.0326806   .0366845    -0.89   0.373    -.1045808    .0392196
           cov(sexcomm01,couple)|     .06006   .0422871     1.42   0.156    -.0228213    .1429413
              cov(age,education)|    .131237   .0472976     2.77   0.006     .0385354    .2239386
               cov(age,stress01)|   .0148816   .0399539     0.37   0.710    -.0634266    .0931898
           cov(age,healthphys01)|  -.1146703    .037725    -3.04   0.002    -.1886099   -.0407306
               cov(age,bigfiveO)|   .0088738   .0405445     0.22   0.827     -.070592    .0883395
         cov(age,coupleduration)|   .6119818    .042589    14.37   0.000     .5285088    .6954548
                 cov(age,couple)|  -.0320918   .0407216    -0.79   0.431    -.1119047    .0477211
         cov(education,stress01)|   -.025734     .03883    -0.66   0.508    -.1018394    .0503714
     cov(education,healthphys01)|   .0314916   .0398493     0.79   0.429    -.0466117    .1095949
         cov(education,bigfiveO)|  -.0455903   .0399257    -1.14   0.254    -.1238434    .0326627
   cov(education,coupleduration)|   .0440707   .0515577     0.85   0.393    -.0569805    .1451218
           cov(education,couple)|   .0774856   .0402024     1.93   0.054    -.0013096    .1562808
      cov(stress01,healthphys01)|  -.3002113    .032456    -9.25   0.000    -.3638239   -.2365987
          cov(stress01,bigfiveO)|   .0626407   .0411342     1.52   0.128    -.0179809    .1432624
    cov(stress01,coupleduration)|    -.05001   .0387146    -1.29   0.196    -.1258893    .0258693
            cov(stress01,couple)|  -.1327403   .0424021    -3.13   0.002    -.2158469   -.0496337
      cov(healthphys01,bigfiveO)|  -.0444423   .0404203    -1.10   0.272    -.1236647      .03478
cov(healthphys01,coupleduration)|  -.0747541   .0387174    -1.93   0.054    -.1506388    .0011305
        cov(healthphys01,couple)|   .0458429   .0424663     1.08   0.280    -.0373896    .1290753
    cov(bigfiveO,coupleduration)|  -.0451571   .0425515    -1.06   0.289    -.1285565    .0382424
            cov(bigfiveO,couple)|   .1222685   .0474323     2.58   0.010      .029303    .2152341
      cov(coupleduration,couple)|   .0470547   .0345983     1.36   0.174    -.0207567    .1148661
-------------------------------------------------------------------------------------------------
LR test of model vs. saturated: chi2(101) =    177.73, Prob > chi2 = 0.0000
Satorra-Bentler scaled test:    chi2(101) =    166.40, Prob > chi2 = 0.0000

.                                                                                                                                                           
>                                                                                                                                                           
>                                                             #delimit cr
delimiter now cr
. 
. //-----Testen der Modellgüte-----
. estat gof, stats(all)

----------------------------------------------------------------------------
Fit statistic        |      Value   Description
---------------------+------------------------------------------------------
Likelihood ratio     |
        chi2_ms(101) |    177.728   model vs. saturated
            p > chi2 |      0.000
        chi2_bs(174) |   3273.878   baseline vs. saturated
            p > chi2 |      0.000
                     |
  Satorra-Bentler    |
      chi2sb_ms(101) |    166.404   
            p > chi2 |      0.000
      chi2sb_bs(174) |   3027.321   
            p > chi2 |      0.000
---------------------+------------------------------------------------------
Population error     |
               RMSEA |      0.034   Root mean squared error of approximation
 90% CI, lower bound |      0.026
         upper bound |      0.042
              pclose |      0.999   Probability RMSEA <= 0.05
                     |
  Satorra-Bentler    |
            RMSEA_SB |      0.032   Root mean squared error of approximation
---------------------+------------------------------------------------------
Information criteria |
                 AIC |  51343.973   Akaike's information criterion
                 BIC |  52019.531   Bayesian information criterion
---------------------+------------------------------------------------------
Baseline comparison  |
                 CFI |      0.975   Comparative fit index
                 TLI |      0.957   Tucker-Lewis index
                     |
  Satorra-Bentler    |
              CFI_SB |      0.977   Comparative fit index
              TLI_SB |      0.961   Tucker-Lewis index
---------------------+------------------------------------------------------
Size of residuals    |
                SRMR |      0.031   Standardized root mean squared residual
                  CD |      0.929   Coefficient of determination
----------------------------------------------------------------------------

. 
. log close
      name:  <unnamed>
       log:  \log\B2_SEM_full_MLSB_standard
> ized_religion-yes.log
  log type:  text
 closed on:  15 May 2022, 18:22:12
------------------------------------------------------------------------------------------------------------------------------------------------------------
