------------------------------------------------------------------------------------------------------------------------------------------------------------
      name:  <unnamed>
       log:  \log\B2_SEM_full_MLSB_standard
> ized_openness-yes.log
  log type:  text
 opened on:  15 May 2022, 18:22:02

. 
. //######## SEM final MLSB standardisiert offen ########
. 
. #delimit ;
delimiter now ;
. sem
> ${gesamtModellPfade}
> ${kontrollVariablenPfade}
> if
> bigfiveO > 4
> , 
> latent (sexsatlat distract couple) 
> standardized nocnsreport nocapslatent 
> method(ml)
> vce(sbentler)   
> cov(
> ${gesamtModellKovarianzen}
> ${kontrollVariablenKovarianzen}
> )
> ;
(42 observations with missing values excluded)

Endogenous variables

Observed:     sexquan sexactBalance sexorgasm01 sexfan02
Measurement:  sexsat01 sexsat02 sexsat03 couplebond01 couplebond02 coupleint01 sexnet01 sexnet02
Latent:       sexsatlat distract

Exogenous variables

Observed:     sexpornB01 sexmastB01 sexcomm01 age education stress01 healthphys01 bigfiveO coupleduration
Latent:       couple

Fitting target model:

Iteration 0:   log pseudolikelihood = -50977.983  (not concave)
Iteration 1:   log pseudolikelihood = -49096.874  (not concave)
Iteration 2:   log pseudolikelihood = -45647.831  (not concave)
Iteration 3:   log pseudolikelihood = -44910.874  (not concave)
Iteration 4:   log pseudolikelihood = -43884.483  (not concave)
Iteration 5:   log pseudolikelihood = -43635.143  (not concave)
Iteration 6:   log pseudolikelihood = -43580.845  
Iteration 7:   log pseudolikelihood =  -43563.46  (not concave)
Iteration 8:   log pseudolikelihood = -43547.185  
Iteration 9:   log pseudolikelihood = -43513.117  (not concave)
Iteration 10:  log pseudolikelihood = -43509.782  
Iteration 11:  log pseudolikelihood = -43502.765  
Iteration 12:  log pseudolikelihood = -43502.165  
Iteration 13:  log pseudolikelihood = -43502.155  
Iteration 14:  log pseudolikelihood = -43502.155  

Structural equation model                       Number of obs     =      1,109
Estimation method  = ml
Log pseudolikelihood= -43502.155

-------------------------------------------------------------------------------------------------
                                |           Satorra-Bentler
                   Standardized |      Coef.   Std. Err.      z    P>|z|     [95% Conf. Interval]
--------------------------------+----------------------------------------------------------------
Structural                      |
  sexquan <-                    |
                  sexactBalance |   .2076563   .0301363     6.89   0.000     .1485901    .2667224
                       sexfan02 |   .1060507   .0296041     3.58   0.000     .0480276    .1640737
                            age |  -.0014755   .0341261    -0.04   0.966    -.0683614    .0654104
                      education |  -.0566222   .0274713    -2.06   0.039    -.1104649   -.0027795
                       stress01 |  -.0553996    .029501    -1.88   0.060    -.1132205    .0024212
                   healthphys01 |   .0645294   .0296907     2.17   0.030     .0063367    .1227222
                       bigfiveO |    .010191   .0279652     0.36   0.716    -.0446198    .0650018
                 coupleduration |  -.2803626   .0336681    -8.33   0.000    -.3463508   -.2143743
                         couple |   .1236956   .0303275     4.08   0.000     .0642548    .1831363
                          _cons |   3.182279   .2946217    10.80   0.000     2.604831    3.759727
  ------------------------------+----------------------------------------------------------------
  sexactBalance <-              |
                       sexfan02 |   .1745041   .0306396     5.70   0.000     .1144516    .2345566
                       distract |  -.1789981   .0402839    -4.44   0.000    -.2579532   -.1000431
                     sexpornB01 |   .1500131   .0323447     4.64   0.000     .0866187    .2134075
                      sexcomm01 |   .0376579   .0287301     1.31   0.190     -.018652    .0939678
                            age |   .0257555    .041181     0.63   0.532    -.0549578    .1064689
                      education |  -.0078039   .0315346    -0.25   0.805    -.0696106    .0540028
                       stress01 |  -.0354652   .0320813    -1.11   0.269    -.0983434     .027413
                   healthphys01 |   .0251407   .0310934     0.81   0.419    -.0358012    .0860825
                       bigfiveO |   .0840285   .0308276     2.73   0.006     .0236076    .1444494
                 coupleduration |  -.0552936   .0326759    -1.69   0.091    -.1193373      .00875
                          _cons |   .5584781   .3422918     1.63   0.103    -.1124016    1.229358
  ------------------------------+----------------------------------------------------------------
  sexorgasm01 <-                |
                  sexactBalance |   .1621134   .0297001     5.46   0.000     .1039022    .2203246
                       distract |   -.232921   .0388309    -6.00   0.000    -.3090282   -.1568137
                            age |   .0213051   .0344695     0.62   0.537     -.046254    .0888641
                      education |   .0061243   .0297444     0.21   0.837    -.0521737    .0644224
                       stress01 |   .0385201   .0318179     1.21   0.226    -.0238418     .100882
                   healthphys01 |  -.0297165   .0314196    -0.95   0.344    -.0912978    .0318648
                       bigfiveO |   .0166624   .0294998     0.56   0.572    -.0411561     .074481
                 coupleduration |   .1143909   .0298082     3.84   0.000      .055968    .1728139
                          _cons |   1.134547   .3099452     3.66   0.000     .5270658    1.742029
  ------------------------------+----------------------------------------------------------------
  sexfan02 <-                   |
                     sexpornB01 |   .2232156   .0305101     7.32   0.000      .163417    .2830143
                     sexmastB01 |    .195611    .031653     6.18   0.000     .1335722    .2576499
                            age |   .0285182   .0337027     0.85   0.397    -.0375379    .0945742
                      education |  -.0636999   .0278583    -2.29   0.022    -.1183012   -.0090986
                       stress01 |   .0894709   .0284097     3.15   0.002      .033789    .1451529
                   healthphys01 |   .0063658     .02921     0.22   0.827    -.0508848    .0636164
                       bigfiveO |   .1451485   .0281844     5.15   0.000     .0899081    .2003889
                 coupleduration |  -.0468441   .0332528    -1.41   0.159    -.1120183    .0183301
                          _cons |   .4548643    .287865     1.58   0.114    -.1093407    1.019069
  ------------------------------+----------------------------------------------------------------
  sexsatlat <-                  |
                        sexquan |   .4468764   .0257255    17.37   0.000     .3964554    .4972975
                  sexactBalance |   .1432883    .028523     5.02   0.000     .0873843    .1991923
                    sexorgasm01 |   .2503949   .0256942     9.75   0.000     .2000352    .3007547
                       distract |  -.1204986   .0376114    -3.20   0.001    -.1942155   -.0467817
                      sexcomm01 |   .0618291   .0233978     2.64   0.008     .0159702    .1076879
                            age |  -.0334557    .028578    -1.17   0.242    -.0894676    .0225561
                      education |   .0048706   .0245268     0.20   0.843     -.043201    .0529422
                       stress01 |   -.040795    .024878    -1.64   0.101     -.089555    .0079651
                   healthphys01 |    .032783   .0250094     1.31   0.190    -.0162345    .0818006
                       bigfiveO |  -.0036866    .023594    -0.16   0.876    -.0499299    .0425568
                 coupleduration |  -.0847371   .0280829    -3.02   0.003    -.1397786   -.0296955
                         couple |   .2556036   .0268899     9.51   0.000     .2029004    .3083068
  ------------------------------+----------------------------------------------------------------
  distract <-                   |
                     sexpornB01 |   .0870649   .0363131     2.40   0.017     .0158925    .1582374
                      sexcomm01 |  -.1559811    .037039    -4.21   0.000    -.2285763   -.0833859
                            age |  -.1518847   .0427224    -3.56   0.000    -.2356191   -.0681502
                      education |  -.1428069   .0373798    -3.82   0.000    -.2160699   -.0695438
                       stress01 |    .117525   .0406281     2.89   0.004     .0378953    .1971547
                   healthphys01 |  -.1227038   .0408364    -3.00   0.003    -.2027417   -.0426659
                       bigfiveO |  -.0961146   .0375752    -2.56   0.011    -.1697606   -.0224685
                 coupleduration |   .0352525   .0448779     0.79   0.432    -.0527064    .1232115
                         couple |  -.1247591    .037571    -3.32   0.001    -.1983969   -.0511213
--------------------------------+----------------------------------------------------------------
Measurement                     |
  sexsat01 <-                   |
                      sexsatlat |   .8274666   .0137776    60.06   0.000      .800463    .8544701
                          _cons |   .9987789   .2314148     4.32   0.000     .5452142    1.452344
  ------------------------------+----------------------------------------------------------------
  sexsat02 <-                   |
                      sexsatlat |   .9213245   .0096138    95.83   0.000     .9024819    .9401671
                          _cons |   .8299394   .2491207     3.33   0.001     .3416718    1.318207
  ------------------------------+----------------------------------------------------------------
  sexsat03 <-                   |
                      sexsatlat |   .7665992   .0172638    44.41   0.000     .7327628    .8004356
                          _cons |   .4162237   .2102545     1.98   0.048     .0041326    .8283149
  ------------------------------+----------------------------------------------------------------
  couplebond01 <-               |
                         couple |    .872725   .0166212    52.51   0.000      .840148    .9053019
                          _cons |    5.22932    .195604    26.73   0.000     4.845943    5.612697
  ------------------------------+----------------------------------------------------------------
  couplebond02 <-               |
                         couple |    .751221   .0222872    33.71   0.000     .7075389    .7949031
                          _cons |   3.993815   .1446926    27.60   0.000     3.710222    4.277407
  ------------------------------+----------------------------------------------------------------
  coupleint01 <-                |
                         couple |   .8635983   .0200348    43.10   0.000     .8243308    .9028658
                          _cons |   4.666427   .1659324    28.12   0.000     4.341205    4.991648
  ------------------------------+----------------------------------------------------------------
  sexnet01 <-                   |
                       distract |   .7200568   .0401632    17.93   0.000     .6413384    .7987753
                          _cons |   3.117853   .2924826    10.66   0.000     2.544598    3.691108
  ------------------------------+----------------------------------------------------------------
  sexnet02 <-                   |
                       distract |   .6103751   .0379087    16.10   0.000     .5360754    .6846748
                          _cons |    3.28137   .2572656    12.75   0.000     2.777139    3.785601
--------------------------------+----------------------------------------------------------------
                mean(sexpornB01)|   1.659478   .0282452    58.75   0.000     1.604118    1.714837
                mean(sexmastB01)|   2.229339   .0509846    43.73   0.000     2.129411    2.329267
                 mean(sexcomm01)|   2.306975   .0586671    39.32   0.000      2.19199    2.421961
                       mean(age)|   3.821722   .1147884    33.29   0.000     3.596741    4.046703
                 mean(education)|   4.161616   .0814132    51.12   0.000     4.002049    4.321183
                  mean(stress01)|   2.788456   .0725695    38.42   0.000     2.646223     2.93069
              mean(healthphys01)|   2.537564   .0672671    37.72   0.000     2.405723    2.669405
                  mean(bigfiveO)|   7.498595    .120096    62.44   0.000     7.263211    7.733979
            mean(coupleduration)|   .8512731   .0313366    27.17   0.000     .7898546    .9126916
--------------------------------+----------------------------------------------------------------
                 var(e.sexsat01)|   .3152991    .022801                      .2736325    .3633103
                 var(e.sexsat02)|   .1511612   .0177148                      .1201398    .1901927
                 var(e.sexsat03)|   .4123257   .0264688                      .3635787    .4676085
             var(e.couplebond01)|   .2383511   .0290114                      .1877636    .3025681
             var(e.couplebond02)|    .435667   .0334853                      .3747413    .5064981
              var(e.coupleint01)|   .2541979   .0346041                      .1946693    .3319299
                 var(e.sexnet01)|   .4815181   .0578396                      .3805108     .609338
                 var(e.sexnet02)|   .6274422   .0462771                      .5429918     .725027
                  var(e.sexquan)|   .8160122   .0216623                      .7746404    .8595936
            var(e.sexactBalance)|   .8748291   .0197736                      .8369195     .914456
              var(e.sexorgasm01)|   .8889859   .0200542                      .8505366    .9291733
                 var(e.sexfan02)|   .8133224    .021313                      .7726044    .8561864
                var(e.sexsatlat)|   .4433242   .0236879                      .3992451    .4922699
                 var(e.distract)|   .8440093    .027148                      .7924427    .8989316
                 var(sexpornB01)|          1          .                             .           .
                 var(sexmastB01)|          1          .                             .           .
                  var(sexcomm01)|          1          .                             .           .
                        var(age)|          1          .                             .           .
                  var(education)|          1          .                             .           .
                   var(stress01)|          1          .                             .           .
               var(healthphys01)|          1          .                             .           .
                   var(bigfiveO)|          1          .                             .           .
             var(coupleduration)|          1          .                             .           .
                     var(couple)|          1          .                             .           .
--------------------------------+----------------------------------------------------------------
      cov(sexpornB01,sexmastB01)|   .4577956    .023614    19.39   0.000      .411513    .5040782
       cov(sexpornB01,sexcomm01)|   .0187275   .0301045     0.62   0.534    -.0402762    .0777313
             cov(sexpornB01,age)|   .0366591   .0303734     1.21   0.227    -.0228717    .0961898
       cov(sexpornB01,education)|  -.0874224   .0300648    -2.91   0.004    -.1463483   -.0284964
        cov(sexpornB01,stress01)|   .0561484   .0304381     1.84   0.065    -.0035092    .1158061
    cov(sexpornB01,healthphys01)|  -.0520723   .0301115    -1.73   0.084    -.1110898    .0069451
        cov(sexpornB01,bigfiveO)|   .1142958   .0292971     3.90   0.000     .0568745    .1717172
  cov(sexpornB01,coupleduration)|   .0344703   .0293627     1.17   0.240    -.0230796    .0920201
          cov(sexpornB01,couple)|  -.0506673   .0325364    -1.56   0.119    -.1144375    .0131029
       cov(sexmastB01,sexcomm01)|  -.0480466    .029842    -1.61   0.107    -.1065359    .0104427
             cov(sexmastB01,age)|   .0952608   .0288816     3.30   0.001     .0386538    .1518678
       cov(sexmastB01,education)|   .0197996   .0287325     0.69   0.491    -.0365151    .0761142
        cov(sexmastB01,stress01)|   .0435555   .0306914     1.42   0.156    -.0165985    .1037095
    cov(sexmastB01,healthphys01)|    -.01103    .029513    -0.37   0.709    -.0688743    .0468144
        cov(sexmastB01,bigfiveO)|    .148617   .0298363     4.98   0.000     .0901389     .207095
  cov(sexmastB01,coupleduration)|   .0134563   .0271283     0.50   0.620    -.0397141    .0666268
          cov(sexmastB01,couple)|  -.0293752   .0313966    -0.94   0.349    -.0909114    .0321611
              cov(sexcomm01,age)|  -.0428524   .0295178    -1.45   0.147    -.1007062    .0150013
        cov(sexcomm01,education)|  -.0414279    .029858    -1.39   0.165    -.0999486    .0170928
         cov(sexcomm01,stress01)|  -.0532713   .0302135    -1.76   0.078    -.1124888    .0059462
     cov(sexcomm01,healthphys01)|   .0237855   .0306534     0.78   0.438    -.0362941     .083865
         cov(sexcomm01,bigfiveO)|   .0482909   .0303753     1.59   0.112    -.0112437    .1078255
   cov(sexcomm01,coupleduration)|  -.0683831   .0302893    -2.26   0.024    -.1277491   -.0090171
           cov(sexcomm01,couple)|   .0758203   .0316098     2.40   0.016     .0138663    .1377744
              cov(age,education)|   .1100844   .0340582     3.23   0.001     .0433316    .1768371
               cov(age,stress01)|  -.0315827   .0314736    -1.00   0.316    -.0932699    .0301045
           cov(age,healthphys01)|  -.0679677   .0287182    -2.37   0.018    -.1242543   -.0116812
               cov(age,bigfiveO)|   .0027688   .0295267     0.09   0.925    -.0551025    .0606402
         cov(age,coupleduration)|   .5560483   .0343554    16.19   0.000     .4887129    .6233837
                 cov(age,couple)|  -.0581185   .0312938    -1.86   0.063    -.1194531    .0032162
         cov(education,stress01)|  -.0160106   .0302697    -0.53   0.597    -.0753382     .043317
     cov(education,healthphys01)|   .0800736   .0301071     2.66   0.008     .0210648    .1390824
         cov(education,bigfiveO)|  -.0580266   .0309396    -1.88   0.061    -.1186672    .0026139
   cov(education,coupleduration)|   .0300352   .0379368     0.79   0.429    -.0443196      .10439
           cov(education,couple)|   .0891444   .0329952     2.70   0.007      .024475    .1538137
      cov(stress01,healthphys01)|  -.3097915    .024918   -12.43   0.000    -.3586299   -.2609531
          cov(stress01,bigfiveO)|    .025425   .0303457     0.84   0.402    -.0340515    .0849015
    cov(stress01,coupleduration)|  -.0604237   .0279753    -2.16   0.031    -.1152542   -.0055931
            cov(stress01,couple)|  -.1559275   .0278465    -5.60   0.000    -.2105057   -.1013492
      cov(healthphys01,bigfiveO)|   .0133582   .0299147     0.45   0.655    -.0452735    .0719899
cov(healthphys01,coupleduration)|  -.0344615   .0297087    -1.16   0.246    -.0926894    .0237665
        cov(healthphys01,couple)|   .1233007   .0350529     3.52   0.000     .0545981    .1920032
    cov(bigfiveO,coupleduration)|  -.0190664    .032203    -0.59   0.554    -.0821831    .0440503
            cov(bigfiveO,couple)|   .1042497   .0323725     3.22   0.001     .0408007    .1676986
      cov(coupleduration,couple)|     .01817   .0306547     0.59   0.553    -.0419121    .0782521
-------------------------------------------------------------------------------------------------
LR test of model vs. saturated: chi2(101) =    229.21, Prob > chi2 = 0.0000
Satorra-Bentler scaled test:    chi2(101) =    215.77, Prob > chi2 = 0.0000

.                                                                                                                                                           
>                                                                                                                                                           
>                                                             #delimit cr
delimiter now cr
. 
. //-----Testen der Modellgüte-----
. estat gof, stats(all)

----------------------------------------------------------------------------
Fit statistic        |      Value   Description
---------------------+------------------------------------------------------
Likelihood ratio     |
        chi2_ms(101) |    229.212   model vs. saturated
            p > chi2 |      0.000
        chi2_bs(174) |   5662.022   baseline vs. saturated
            p > chi2 |      0.000
                     |
  Satorra-Bentler    |
      chi2sb_ms(101) |    215.766   
            p > chi2 |      0.000
      chi2sb_bs(174) |   5315.238   
            p > chi2 |      0.000
---------------------+------------------------------------------------------
Population error     |
               RMSEA |      0.034   Root mean squared error of approximation
 90% CI, lower bound |      0.028
         upper bound |      0.040
              pclose |      1.000   Probability RMSEA <= 0.05
                     |
  Satorra-Bentler    |
            RMSEA_SB |      0.032   Root mean squared error of approximation
---------------------+------------------------------------------------------
Information criteria |
                 AIC |  87306.309   Akaike's information criterion
                 BIC |  88063.003   Bayesian information criterion
---------------------+------------------------------------------------------
Baseline comparison  |
                 CFI |      0.977   Comparative fit index
                 TLI |      0.960   Tucker-Lewis index
                     |
  Satorra-Bentler    |
              CFI_SB |      0.978   Comparative fit index
              TLI_SB |      0.962   Tucker-Lewis index
---------------------+------------------------------------------------------
Size of residuals    |
                SRMR |      0.028   Standardized root mean squared residual
                  CD |      0.933   Coefficient of determination
----------------------------------------------------------------------------

. 
. log close
      name:  <unnamed>
       log:  \log\B2_SEM_full_MLSB_standard
> ized_openness-yes.log
  log type:  text
 closed on:  15 May 2022, 18:22:05
------------------------------------------------------------------------------------------------------------------------------------------------------------
