-----------------------------------------------------------------------------------------------------------------------------------------------------------------------
      name:  <unnamed>
       log:  \log\B2_SEM_full_MLSB_standardized_KONTROLL-SHORTREL-n
> okids.log
  log type:  text
 opened on:   1 Jun 2015, 00:14:11

. 
. //------------------------------------------------------------
. //######## SEM final ADF standardisiert ########
. //mit Kontrollvariablen
. //alle Kovarianzen frei
. //kurze Bezdau
. 
. #delimit ;
delimiter now ;
. sem
> ${gesamtModellPfade}
> ${kontrollVariablenPfade}
> if coupledurationCat == 1 & kids == 0
> , 
> latent (sexsatlat distract couple) 
> standardized nocnsreport nocapslatent 
> method(ml)
> vce(sbentler)  
> cov(
> ${kontrollVariablenKovarianzen}
> )
> ;
(13 observations with missing values excluded)

Endogenous variables

Observed:     sexquan sexactBalance sexorgasm01 sexfan02
Measurement:  sexsat01 sexsat02 sexsat03 couplebond01 couplebond02 coupleint01 sexnet01 sexnet02
Latent:       sexsatlat distract

Exogenous variables

Observed:     sexpornB01 sexmastB01 sexcomm01 age education stress01 healthphys01 bigfiveO coupleduration
Latent:       couple

Fitting target model:

Iteration 0:   log pseudolikelihood = -14874.452  (not concave)
Iteration 1:   log pseudolikelihood = -14403.073  (not concave)
Iteration 2:   log pseudolikelihood = -13654.779  (not concave)
Iteration 3:   log pseudolikelihood = -13218.453  (not concave)
Iteration 4:   log pseudolikelihood = -13016.808  (not concave)
Iteration 5:   log pseudolikelihood =  -12964.79  
Iteration 6:   log pseudolikelihood = -12947.293  (not concave)
Iteration 7:   log pseudolikelihood = -12940.498  
Iteration 8:   log pseudolikelihood = -12934.661  
Iteration 9:   log pseudolikelihood = -12931.422  
Iteration 10:  log pseudolikelihood =  -12931.33  
Iteration 11:  log pseudolikelihood =  -12931.11  
Iteration 12:  log pseudolikelihood = -12931.058  
Iteration 13:  log pseudolikelihood =  -12931.05  
Iteration 14:  log pseudolikelihood =  -12931.05  

Structural equation model                       Number of obs     =        359
Estimation method  = ml
Log pseudolikelihood=  -12931.05

-------------------------------------------------------------------------------------------------
                                |           Satorra-Bentler
                   Standardized |      Coef.   Std. Err.      z    P>|z|     [95% Conf. Interval]
--------------------------------+----------------------------------------------------------------
Structural                      |
  sexquan <-                    |
                  sexactBalance |   .2271562   .0547112     4.15   0.000     .1199242    .3343882
                       sexfan02 |   .0483885    .051836     0.93   0.351    -.0532081    .1499852
                            age |  -.0252871   .0529211    -0.48   0.633    -.1290105    .0784364
                      education |  -.0819191    .050276    -1.63   0.103    -.1804582    .0166201
                       stress01 |  -.0696517   .0504258    -1.38   0.167    -.1684846    .0291811
                   healthphys01 |   .0717694   .0527307     1.36   0.173    -.0315808    .1751196
                       bigfiveO |   .0207561   .0478475     0.43   0.664    -.0730234    .1145355
                 coupleduration |  -.2728088   .0467422    -5.84   0.000    -.3644219   -.1811957
                         couple |   .1708941   .0563695     3.03   0.002     .0604119    .2813762
                          _cons |   4.603896   .5135576     8.96   0.000     3.597341     5.61045
  ------------------------------+----------------------------------------------------------------
  sexactBalance <-              |
                       sexfan02 |   .1562514   .0506254     3.09   0.002     .0570274    .2554753
                       distract |  -.1220845    .068413    -1.78   0.074    -.2561714    .0120024
                     sexpornB01 |   .1700879   .0526061     3.23   0.001     .0669818    .2731939
                      sexcomm01 |   .0634099   .0480839     1.32   0.187    -.0308327    .1576526
                            age |  -.0232222   .0537228    -0.43   0.666     -.128517    .0820725
                      education |   .0886723    .057634     1.54   0.124    -.0242883     .201633
                       stress01 |  -.0621724   .0532284    -1.17   0.243    -.1664981    .0421533
                   healthphys01 |   .0694527   .0566154     1.23   0.220    -.0415114    .1804167
                       bigfiveO |   .1379908   .0517751     2.67   0.008     .0365135    .2394681
                 coupleduration |  -.0014956    .052856    -0.03   0.977    -.1050914    .1021002
                          _cons |   .3550107   .6080003     0.58   0.559     -.836648    1.546669
  ------------------------------+----------------------------------------------------------------
  sexorgasm01 <-                |
                  sexactBalance |   .1279484   .0458775     2.79   0.005     .0380301    .2178667
                       distract |  -.1830374   .0637442    -2.87   0.004    -.3079738    -.058101
                            age |  -.0063732   .0510405    -0.12   0.901    -.1064107    .0936642
                      education |    .088181   .0472821     1.86   0.062    -.0044901    .1808521
                       stress01 |   .1320943   .0543587     2.43   0.015     .0255532    .2386355
                   healthphys01 |   .0658363   .0526131     1.25   0.211    -.0372835    .1689562
                       bigfiveO |   .0188383   .0528849     0.36   0.722    -.0848142    .1224907
                 coupleduration |   .0161062   .0486825     0.33   0.741    -.0793098    .1115222
                          _cons |   .5468346   .4673652     1.17   0.242    -.3691844    1.462854
  ------------------------------+----------------------------------------------------------------
  sexfan02 <-                   |
                     sexpornB01 |   .2117086   .0564604     3.75   0.000     .1010483     .322369
                     sexmastB01 |   .2218092   .0545262     4.07   0.000     .1149397    .3286787
                            age |  -.0193696   .0482163    -0.40   0.688    -.1138718    .0751327
                      education |  -.0187679   .0488057    -0.38   0.701    -.1144253    .0768896
                       stress01 |   .0080623   .0514324     0.16   0.875    -.0927432    .1088679
                   healthphys01 |  -.0452764   .0520281    -0.87   0.384    -.1472495    .0566968
                       bigfiveO |   .1438946   .0481271     2.99   0.003     .0495673     .238222
                 coupleduration |   -.069318   .0458868    -1.51   0.131    -.1592545    .0206186
                          _cons |   1.349391   .4752212     2.84   0.005     .4179743    2.280807
  ------------------------------+----------------------------------------------------------------
  sexsatlat <-                  |
                        sexquan |   .3215517   .0520941     6.17   0.000      .219449    .4236543
                  sexactBalance |   .1195123   .0496081     2.41   0.016     .0222823    .2167423
                    sexorgasm01 |   .3199952   .0444747     7.19   0.000     .2328264     .407164
                       distract |  -.1814826   .0636284    -2.85   0.004     -.306192   -.0567732
                      sexcomm01 |   .0923449   .0430663     2.14   0.032     .0079365    .1767534
                            age |  -.0672946   .0425773    -1.58   0.114    -.1507446    .0161554
                      education |   .0133224    .049407     0.27   0.787    -.0835134    .1101583
                       stress01 |  -.0427804   .0447296    -0.96   0.339    -.1304487     .044888
                   healthphys01 |   .0298006   .0458335     0.65   0.516    -.0600315    .1196326
                       bigfiveO |  -.0117617   .0451455    -0.26   0.794    -.1002452    .0767217
                 coupleduration |  -.0483981   .0417608    -1.16   0.246    -.1302479    .0334516
                         couple |   .3308142   .0538489     6.14   0.000     .2252724     .436356
  ------------------------------+----------------------------------------------------------------
  distract <-                   |
                     sexpornB01 |   .0358353    .061931     0.58   0.563    -.0855473    .1572179
                      sexcomm01 |  -.0298441   .0622299    -0.48   0.632    -.1518124    .0921243
                            age |  -.1308455   .0553185    -2.37   0.018    -.2392677   -.0224233
                      education |  -.1297667   .0676016    -1.92   0.055    -.2622635      .00273
                       stress01 |   .1511574   .0701071     2.16   0.031     .0137499    .2885648
                   healthphys01 |  -.0219224   .0680098    -0.32   0.747    -.1552192    .1113744
                       bigfiveO |  -.1174349   .0669428    -1.75   0.079    -.2486404    .0137706
                 coupleduration |  -.0157506   .0619931    -0.25   0.799    -.1372548    .1057536
                         couple |   -.126437   .0649623    -1.95   0.052    -.2537607    .0008867
--------------------------------+----------------------------------------------------------------
Measurement                     |
  sexsat01 <-                   |
                      sexsatlat |   .7711922   .0318628    24.20   0.000     .7087423    .8336421
                          _cons |   2.062622   .4743612     4.35   0.000     1.132891    2.992353
  ------------------------------+----------------------------------------------------------------
  sexsat02 <-                   |
                      sexsatlat |   .8923919   .0229831    38.83   0.000     .8473459    .9374379
                          _cons |   2.009109   .4911839     4.09   0.000     1.046406    2.971812
  ------------------------------+----------------------------------------------------------------
  sexsat03 <-                   |
                      sexsatlat |   .7202915   .0381846    18.86   0.000      .645451    .7951319
                          _cons |   1.094973   .3896135     2.81   0.005     .3313447    1.858602
  ------------------------------+----------------------------------------------------------------
  couplebond01 <-               |
                         couple |   .8529837   .0238042    35.83   0.000     .8063283    .8996392
                          _cons |   5.199135   .3358839    15.48   0.000     4.540814    5.857455
  ------------------------------+----------------------------------------------------------------
  couplebond02 <-               |
                         couple |   .7852542   .0325499    24.12   0.000     .7214576    .8490509
                          _cons |   3.533785    .204464    17.28   0.000     3.133043    3.934527
  ------------------------------+----------------------------------------------------------------
  coupleint01 <-                |
                         couple |   .9096315   .0227633    39.96   0.000     .8650162    .9542468
                          _cons |   4.851842    .280109    17.32   0.000     4.302838    5.400845
  ------------------------------+----------------------------------------------------------------
  sexnet01 <-                   |
                       distract |   .7082675   .0644389    10.99   0.000     .5819695    .8345655
                          _cons |    2.92713   .4479375     6.53   0.000     2.049188    3.805071
  ------------------------------+----------------------------------------------------------------
  sexnet02 <-                   |
                       distract |   .7017821   .0689967    10.17   0.000      .566551    .8370132
                          _cons |   3.405098   .4585923     7.43   0.000     2.506274    4.303922
--------------------------------+----------------------------------------------------------------
                mean(sexpornB01)|   1.560949   .0462991    33.71   0.000     1.470205    1.651694
                mean(sexmastB01)|   2.198779   .0892538    24.64   0.000     2.023844    2.373713
                 mean(sexcomm01)|   2.337096     .10684    21.87   0.000     2.127693    2.546498
                       mean(age)|   5.140856   .3516236    14.62   0.000     4.451686    5.830025
                 mean(education)|   5.114089   .1936135    26.41   0.000     4.734614    5.493565
                  mean(stress01)|   2.840102   .1320855    21.50   0.000     2.581219    3.098985
              mean(healthphys01)|    2.54057    .120717    21.05   0.000     2.303969    2.777171
                  mean(bigfiveO)|   5.872307   .3024948    19.41   0.000     5.279428    6.465186
            mean(coupleduration)|    1.67982   .0569289    29.51   0.000     1.568241    1.791398
--------------------------------+----------------------------------------------------------------
                 var(e.sexsat01)|   .4052627   .0491447                      .3195322    .5139946
                 var(e.sexsat02)|   .2036367   .0410198                      .1372123    .3022171
                 var(e.sexsat03)|   .4811802   .0550081                      .3845911    .6020275
             var(e.couplebond01)|   .2724187   .0406092                      .2033991    .3648588
             var(e.couplebond02)|   .3833758   .0511199                      .2952054    .4978806
              var(e.coupleint01)|   .1725705   .0414125                      .1078202     .276206
                 var(e.sexnet01)|   .4983571     .09128                      .3480431    .7135893
                 var(e.sexnet02)|   .5075019   .0968413                      .3491497    .7376726
                  var(e.sexquan)|   .8045076   .0412077                      .7276638    .8894664
            var(e.sexactBalance)|   .8550826   .0360975                      .7871806    .9288417
              var(e.sexorgasm01)|   .9158566   .0288293                        .86106    .9741404
                 var(e.sexfan02)|    .819294   .0370984                      .7497156    .8953297
                var(e.sexsatlat)|   .4432774   .0435187                      .3656865    .5373314
                 var(e.distract)|   .8864796   .0396381                      .8120974    .9676748
                 var(sexpornB01)|          1          .                             .           .
                 var(sexmastB01)|          1          .                             .           .
                  var(sexcomm01)|          1          .                             .           .
                        var(age)|          1          .                             .           .
                  var(education)|          1          .                             .           .
                   var(stress01)|          1          .                             .           .
               var(healthphys01)|          1          .                             .           .
                   var(bigfiveO)|          1          .                             .           .
             var(coupleduration)|          1          .                             .           .
                     var(couple)|          1          .                             .           .
--------------------------------+----------------------------------------------------------------
      cov(sexpornB01,sexmastB01)|   .4697813   .0397779    11.81   0.000      .391818    .5477446
       cov(sexpornB01,sexcomm01)|   .0248521   .0523505     0.47   0.635     -.077753    .1274573
             cov(sexpornB01,age)|   .0152038    .048046     0.32   0.752    -.0789646    .1093721
       cov(sexpornB01,education)|  -.1149856   .0511397    -2.25   0.025    -.2152177   -.0147536
        cov(sexpornB01,stress01)|   .0150479   .0534042     0.28   0.778    -.0896225    .1197183
    cov(sexpornB01,healthphys01)|   .0522038    .049607     1.05   0.293    -.0450241    .1494317
        cov(sexpornB01,bigfiveO)|   .0611668   .0514708     1.19   0.235    -.0397141    .1620478
  cov(sexpornB01,coupleduration)|  -.0341101   .0508487    -0.67   0.502    -.1337718    .0655516
          cov(sexpornB01,couple)|  -.0433355   .0546971    -0.79   0.428    -.1505399    .0638689
       cov(sexmastB01,sexcomm01)|   .0085238   .0519082     0.16   0.870    -.0932144     .110262
             cov(sexmastB01,age)|   .1333822   .0456272     2.92   0.003     .0439545    .2228099
       cov(sexmastB01,education)|   .1084093   .0491775     2.20   0.027     .0120232    .2047954
        cov(sexmastB01,stress01)|   .0499294    .052522     0.95   0.342    -.0530119    .1528707
    cov(sexmastB01,healthphys01)|   .0293939   .0514781     0.57   0.568    -.0715013     .130289
        cov(sexmastB01,bigfiveO)|   .1151948   .0555252     2.07   0.038     .0063674    .2240222
  cov(sexmastB01,coupleduration)|  -.0709837   .0530259    -1.34   0.181    -.1749125    .0329452
          cov(sexmastB01,couple)|  -.0950244   .0534025    -1.78   0.075    -.1996913    .0096425
              cov(sexcomm01,age)|  -.0283981   .0457879    -0.62   0.535    -.1181408    .0613445
        cov(sexcomm01,education)|  -.0466525   .0505765    -0.92   0.356    -.1457807    .0524756
         cov(sexcomm01,stress01)|  -.0739499   .0517817    -1.43   0.153    -.1754402    .0275403
     cov(sexcomm01,healthphys01)|   .0445458   .0541772     0.82   0.411    -.0616395    .1507311
         cov(sexcomm01,bigfiveO)|   .0695608   .0523215     1.33   0.184    -.0329875    .1721092
   cov(sexcomm01,coupleduration)|  -.0040953   .0522985    -0.08   0.938    -.1065985    .0984079
           cov(sexcomm01,couple)|   .0790272   .0562168     1.41   0.160    -.0311557    .1892101
              cov(age,education)|   .2614961   .0713243     3.67   0.000     .1217031    .4012891
               cov(age,stress01)|  -.0317143   .0486442    -0.65   0.514    -.1270551    .0636266
           cov(age,healthphys01)|   .0498289   .0436566     1.14   0.254    -.0357365    .1353943
               cov(age,bigfiveO)|   .0258199   .0478463     0.54   0.589    -.0679571    .1195969
         cov(age,coupleduration)|  -.0212313   .0467308    -0.45   0.650     -.112822    .0703594
                 cov(age,couple)|  -.0425764    .054875    -0.78   0.438    -.1501294    .0649765
         cov(education,stress01)|  -.0164199   .0545103    -0.30   0.763    -.1232582    .0904184
     cov(education,healthphys01)|   .0998529   .0493601     2.02   0.043     .0031088    .1965969
         cov(education,bigfiveO)|  -.0223862   .0496294    -0.45   0.652    -.1196581    .0748856
   cov(education,coupleduration)|   .0449502    .052272     0.86   0.390     -.057501    .1474014
           cov(education,couple)|   .0476613   .0545421     0.87   0.382    -.0592393    .1545618
      cov(stress01,healthphys01)|  -.2831102   .0457684    -6.19   0.000    -.3728146   -.1934059
          cov(stress01,bigfiveO)|   .0478603    .053612     0.89   0.372    -.0572173    .1529379
    cov(stress01,coupleduration)|  -.0970724   .0515739    -1.88   0.060    -.1981553    .0040106
            cov(stress01,couple)|  -.1709349   .0473526    -3.61   0.000    -.2637443   -.0781256
      cov(healthphys01,bigfiveO)|  -.0014704   .0565088    -0.03   0.979    -.1122257    .1092848
cov(healthphys01,coupleduration)|  -.0356681    .053455    -0.67   0.505    -.1404381    .0691018
        cov(healthphys01,couple)|   .1219654   .0616458     1.98   0.048     .0011418     .242789
    cov(bigfiveO,coupleduration)|  -.0926626   .0528756    -1.75   0.080     -.196297    .0109717
            cov(bigfiveO,couple)|    .071254   .0558029     1.28   0.202    -.0381176    .1806256
      cov(coupleduration,couple)|   .0883369   .0531627     1.66   0.097    -.0158602    .1925339
-------------------------------------------------------------------------------------------------
LR test of model vs. saturated: chi2(101) =    142.09, Prob > chi2 = 0.0044
Satorra-Bentler scaled test:    chi2(101) =    136.51, Prob > chi2 = 0.0107

.                                                                                                                                                                      
>                                                                                                                                                                      
>                                       #delimit cr
delimiter now cr
. 
. //-----Testen der Modellgüte-----
. estat gof, stats(all)

----------------------------------------------------------------------------
Fit statistic        |      Value   Description
---------------------+------------------------------------------------------
Likelihood ratio     |
        chi2_ms(101) |    142.086   model vs. saturated
            p > chi2 |      0.004
        chi2_bs(174) |   1818.419   baseline vs. saturated
            p > chi2 |      0.000
                     |
  Satorra-Bentler    |
      chi2sb_ms(101) |    136.513   
            p > chi2 |      0.011
      chi2sb_bs(174) |   1718.631   
            p > chi2 |      0.000
---------------------+------------------------------------------------------
Population error     |
               RMSEA |      0.034   Root mean squared error of approximation
 90% CI, lower bound |      0.019
         upper bound |      0.046
              pclose |      0.987   Probability RMSEA <= 0.05
                     |
  Satorra-Bentler    |
            RMSEA_SB |      0.031   Root mean squared error of approximation
---------------------+------------------------------------------------------
Information criteria |
                 AIC |  26164.100   Akaike's information criterion
                 BIC |  26750.481   Bayesian information criterion
---------------------+------------------------------------------------------
Baseline comparison  |
                 CFI |      0.975   Comparative fit index
                 TLI |      0.957   Tucker-Lewis index
                     |
  Satorra-Bentler    |
              CFI_SB |      0.977   Comparative fit index
              TLI_SB |      0.960   Tucker-Lewis index
---------------------+------------------------------------------------------
Size of residuals    |
                SRMR |      0.030   Standardized root mean squared residual
                  CD |      0.944   Coefficient of determination
----------------------------------------------------------------------------

.         
. log close
      name:  <unnamed>
       log:  \log\B2_SEM_full_MLSB_standardized_KONTROLL-SHORTREL-n
> okids.log
  log type:  text
 closed on:   1 Jun 2015, 00:14:15
-----------------------------------------------------------------------------------------------------------------------------------------------------------------------
