------------------------------------------------------------------------------------------------------------------------------------------------------------
      name:  <unnamed>
       log:  \log\B2_SEM_full_MLSB_standard
> ized_kids-yes.log
  log type:  text
 opened on:  15 May 2022, 18:22:00

. 
. //######## SEM final MLSB standardisiert mit Kindern ########
. 
. #delimit ;
delimiter now ;
. sem
> ${gesamtModellPfade}
> ${kontrollVariablenPfade}
> if
> kids == 1
> ,
> latent (sexsatlat distract couple) 
> standardized nocnsreport nocapslatent 
> method(ml)
> vce(sbentler)  
> cov(
> ${gesamtModellKovarianzen}
> ${kontrollVariablenKovarianzen}
> )
> ;
(8 observations with missing values excluded)

Endogenous variables

Observed:     sexquan sexactBalance sexorgasm01 sexfan02
Measurement:  sexsat01 sexsat02 sexsat03 couplebond01 couplebond02 coupleint01 sexnet01 sexnet02
Latent:       sexsatlat distract

Exogenous variables

Observed:     sexpornB01 sexmastB01 sexcomm01 age education stress01 healthphys01 bigfiveO coupleduration
Latent:       couple

Fitting target model:

Iteration 0:   log pseudolikelihood = -14186.019  (not concave)
Iteration 1:   log pseudolikelihood = -13322.148  (not concave)
Iteration 2:   log pseudolikelihood = -12464.011  (not concave)
Iteration 3:   log pseudolikelihood = -12350.533  (not concave)
Iteration 4:   log pseudolikelihood = -12330.261  (not concave)
Iteration 5:   log pseudolikelihood = -12326.237  
Iteration 6:   log pseudolikelihood = -12322.289  (backed up)
Iteration 7:   log pseudolikelihood = -12319.076  (not concave)
Iteration 8:   log pseudolikelihood = -12315.871  
Iteration 9:   log pseudolikelihood = -12306.598  
Iteration 10:  log pseudolikelihood = -12305.313  
Iteration 11:  log pseudolikelihood = -12304.095  
Iteration 12:  log pseudolikelihood = -12303.711  
Iteration 13:  log pseudolikelihood = -12303.693  
Iteration 14:  log pseudolikelihood = -12303.693  

Structural equation model                       Number of obs     =        303
Estimation method  = ml
Log pseudolikelihood= -12303.693

-------------------------------------------------------------------------------------------------
                                |           Satorra-Bentler
                   Standardized |      Coef.   Std. Err.      z    P>|z|     [95% Conf. Interval]
--------------------------------+----------------------------------------------------------------
Structural                      |
  sexquan <-                    |
                  sexactBalance |   .2740324   .0484761     5.65   0.000     .1790211    .3690437
                       sexfan02 |   .1112404   .0559497     1.99   0.047      .001581    .2208998
                            age |  -.0066431   .0580397    -0.11   0.909    -.1203989    .1071127
                      education |  -.0663443   .0490845    -1.35   0.176    -.1625481    .0298595
                       stress01 |  -.0811809    .058319    -1.39   0.164     -.195484    .0331223
                   healthphys01 |   -.004394   .0535692    -0.08   0.935    -.1093878    .1005997
                       bigfiveO |   .0179965   .0573103     0.31   0.754    -.0943297    .1303227
                 coupleduration |  -.2455998   .0528712    -4.65   0.000    -.3492254   -.1419742
                         couple |   .0884335    .054112     1.63   0.102    -.0176241    .1944911
                          _cons |   3.024377   .4756302     6.36   0.000     2.092159    3.956595
  ------------------------------+----------------------------------------------------------------
  sexactBalance <-              |
                       sexfan02 |   .1958221   .0550416     3.56   0.000     .0879425    .3037016
                       distract |  -.1219036    .077854    -1.57   0.117    -.2744946    .0306874
                     sexpornB01 |    .162958    .059746     2.73   0.006      .045858     .280058
                      sexcomm01 |   .0643356   .0577768     1.11   0.265    -.0489049    .1775761
                            age |   .0021949    .063583     0.03   0.972    -.1224255    .1268154
                      education |  -.0230765   .0529502    -0.44   0.663     -.126857    .0807041
                       stress01 |  -.0365241   .0547937    -0.67   0.505    -.1439177    .0708695
                   healthphys01 |    .010541   .0579965     0.18   0.856    -.1031301     .124212
                       bigfiveO |   .1869938   .0543866     3.44   0.001      .080398    .2935897
                 coupleduration |  -.0735578    .058332    -1.26   0.207    -.1878863    .0407708
                          _cons |   .1914969   .5061989     0.38   0.705    -.8006346    1.183628
  ------------------------------+----------------------------------------------------------------
  sexorgasm01 <-                |
                  sexactBalance |   .2925357   .0509947     5.74   0.000     .1925879    .3924835
                       distract |  -.1927842   .0702973    -2.74   0.006    -.3305643    -.055004
                            age |    .025947   .0607585     0.43   0.669    -.0931375    .1450315
                      education |   .0688172   .0538994     1.28   0.202    -.0368237    .1744581
                       stress01 |  -.0885582   .0532867    -1.66   0.097    -.1929981    .0158818
                   healthphys01 |  -.0307483   .0599782    -0.51   0.608    -.1483034    .0868068
                       bigfiveO |   .0083282   .0575552     0.14   0.885    -.1044779    .1211344
                 coupleduration |   .1058283   .0517587     2.04   0.041     .0043832    .2072734
                          _cons |   1.077241   .4482218     2.40   0.016     .1987427     1.95574
  ------------------------------+----------------------------------------------------------------
  sexfan02 <-                   |
                     sexpornB01 |   .2372861   .0522753     4.54   0.000     .1348284    .3397438
                     sexmastB01 |   .1831141   .0616617     2.97   0.003     .0622593    .3039689
                            age |   .0513407   .0548389     0.94   0.349    -.0561417     .158823
                      education |  -.1543433   .0499101    -3.09   0.002    -.2521653   -.0565214
                       stress01 |   .1379972   .0499242     2.76   0.006     .0401475    .2358468
                   healthphys01 |   .1107442   .0513131     2.16   0.031     .0101723    .2113161
                       bigfiveO |   .1667033   .0458964     3.63   0.000      .076748    .2566587
                 coupleduration |   .0347329   .0513477     0.68   0.499    -.0659068    .1353725
                          _cons |   .3011133    .400185     0.75   0.452     -.483235    1.085462
  ------------------------------+----------------------------------------------------------------
  sexsatlat <-                  |
                        sexquan |   .4574662   .0443599    10.31   0.000     .3705224    .5444101
                  sexactBalance |   .1187049   .0518011     2.29   0.022     .0171766    .2202332
                    sexorgasm01 |   .2119102   .0494097     4.29   0.000      .115069    .3087514
                       distract |  -.2501146    .071682    -3.49   0.000    -.3906088   -.1096205
                      sexcomm01 |    .097421   .0476626     2.04   0.041      .004004    .1908379
                            age |  -.1120094   .0498568    -2.25   0.025     -.209727   -.0142918
                      education |  -.0585825   .0459833    -1.27   0.203    -.1487081     .031543
                       stress01 |   .0151906   .0429207     0.35   0.723    -.0689325    .0993136
                   healthphys01 |   .0034661   .0484897     0.07   0.943     -.091572    .0985043
                       bigfiveO |  -.0344974   .0438407    -0.79   0.431    -.1204236    .0514289
                 coupleduration |   .0015612   .0488112     0.03   0.974     -.094107    .0972294
                         couple |   .2733646   .0467357     5.85   0.000     .1817643    .3649648
  ------------------------------+----------------------------------------------------------------
  distract <-                   |
                     sexpornB01 |   .1700099   .0672598     2.53   0.011     .0381831    .3018366
                      sexcomm01 |  -.2422718   .0690066    -3.51   0.000    -.3775223   -.1070213
                            age |  -.2167971   .0784635    -2.76   0.006    -.3705828   -.0630114
                      education |  -.1867573   .0622526    -3.00   0.003    -.3087701   -.0647445
                       stress01 |   .0608035   .0749049     0.81   0.417    -.0860074    .2076145
                   healthphys01 |  -.1529776   .0743454    -2.06   0.040    -.2986919   -.0072633
                       bigfiveO |  -.1896494   .0702223    -2.70   0.007    -.3272826   -.0520162
                 coupleduration |    .064133   .0742133     0.86   0.387    -.0813225    .2095885
                         couple |  -.0614029   .0711892    -0.86   0.388    -.2009312    .0781254
--------------------------------+----------------------------------------------------------------
Measurement                     |
  sexsat01 <-                   |
                      sexsatlat |   .8640798   .0205163    42.12   0.000     .8238685    .9042911
                          _cons |   .6291632   .3774819     1.67   0.096    -.1106878    1.369014
  ------------------------------+----------------------------------------------------------------
  sexsat02 <-                   |
                      sexsatlat |   .9335567   .0171969    54.29   0.000     .8998514    .9672621
                          _cons |    .544034   .3984441     1.37   0.172     -.236902     1.32497
  ------------------------------+----------------------------------------------------------------
  sexsat03 <-                   |
                      sexsatlat |   .7727436   .0315299    24.51   0.000     .7109462     .834541
                          _cons |   .3721835   .3284568     1.13   0.257      -.27158    1.015947
  ------------------------------+----------------------------------------------------------------
  couplebond01 <-               |
                         couple |   .8767828   .0280352    31.27   0.000     .8218348    .9317307
                          _cons |   4.336519   .2698569    16.07   0.000      3.80761    4.865429
  ------------------------------+----------------------------------------------------------------
  couplebond02 <-               |
                         couple |   .7710678   .0428782    17.98   0.000     .6870281    .8551074
                          _cons |     3.7253   .2581963    14.43   0.000     3.219245    4.231356
  ------------------------------+----------------------------------------------------------------
  coupleint01 <-                |
                         couple |   .8454072   .0323639    26.12   0.000     .7819752    .9088393
                          _cons |   3.708586   .2289248    16.20   0.000     3.259902    4.157271
  ------------------------------+----------------------------------------------------------------
  sexnet01 <-                   |
                       distract |   .6919833   .0622548    11.12   0.000     .5699662    .8140004
                          _cons |   3.559545   .4676963     7.61   0.000     2.642877    4.476213
  ------------------------------+----------------------------------------------------------------
  sexnet02 <-                   |
                       distract |   .6474962   .0536728    12.06   0.000     .5422994    .7526929
                          _cons |   3.718003   .4394668     8.46   0.000     2.856664    4.579342
--------------------------------+----------------------------------------------------------------
                mean(sexpornB01)|    1.62682    .054735    29.72   0.000     1.519541    1.734099
                mean(sexmastB01)|   2.091162   .0889398    23.51   0.000     1.916843    2.265481
                 mean(sexcomm01)|   2.307334   .1126187    20.49   0.000     2.086606    2.528063
                       mean(age)|   4.260659   .1682007    25.33   0.000     3.930992    4.590326
                 mean(education)|   3.290562    .104327    31.54   0.000     3.086085    3.495039
                  mean(stress01)|   2.788736   .1384408    20.14   0.000     2.517397    3.060075
              mean(healthphys01)|   2.397907   .1108735    21.63   0.000     2.180599    2.615215
                  mean(bigfiveO)|   4.672573   .2583085    18.09   0.000     4.166298    5.178849
            mean(coupleduration)|   1.255789   .0559422    22.45   0.000     1.146144    1.365433
--------------------------------+----------------------------------------------------------------
                 var(e.sexsat01)|   .2533661   .0354555                      .1925898    .3333218
                 var(e.sexsat02)|   .1284718   .0321086                      .0787172    .2096747
                 var(e.sexsat03)|   .4028673    .048729                       .317837    .5106455
             var(e.couplebond01)|    .231252   .0491615                      .1524508    .3507852
             var(e.couplebond02)|   .4054545   .0661239                      .2945256    .5581631
              var(e.coupleint01)|   .2852866   .0547213                      .1958894    .4154817
                 var(e.sexnet01)|   .5211592   .0861585                      .3769198    .7205959
                 var(e.sexnet02)|   .5807487   .0695059                      .4593183    .7342819
                  var(e.sexquan)|   .7978803   .0400331                      .7231515    .8803313
            var(e.sexactBalance)|   .8203608   .0386278                      .7480402    .8996733
              var(e.sexorgasm01)|   .8271549   .0409598                      .7506479    .9114597
                 var(e.sexfan02)|   .7427838    .040664                      .6672107    .8269168
                var(e.sexsatlat)|    .385914   .0396523                      .3155226    .4720093
                 var(e.distract)|   .7543557   .0597929                      .6458132     .881141
                 var(sexpornB01)|          1          .                             .           .
                 var(sexmastB01)|          1          .                             .           .
                  var(sexcomm01)|          1          .                             .           .
                        var(age)|          1          .                             .           .
                  var(education)|          1          .                             .           .
                   var(stress01)|          1          .                             .           .
               var(healthphys01)|          1          .                             .           .
                   var(bigfiveO)|          1          .                             .           .
             var(coupleduration)|          1          .                             .           .
                     var(couple)|          1          .                             .           .
--------------------------------+----------------------------------------------------------------
      cov(sexpornB01,sexmastB01)|   .5079565   .0432704    11.74   0.000      .423148     .592765
       cov(sexpornB01,sexcomm01)|   .0153414   .0554147     0.28   0.782    -.0932695    .1239522
             cov(sexpornB01,age)|   .0401872   .0576783     0.70   0.486    -.0728601    .1532345
       cov(sexpornB01,education)|  -.1422929   .0534954    -2.66   0.008    -.2471418   -.0374439
        cov(sexpornB01,stress01)|   .1151809   .0535261     2.15   0.031     .0102716    .2200902
    cov(sexpornB01,healthphys01)|  -.0653897   .0577504    -1.13   0.258    -.1785783    .0477989
        cov(sexpornB01,bigfiveO)|   .1125713   .0581987     1.93   0.053     -.001496    .2266387
  cov(sexpornB01,coupleduration)|   .0483791   .0536709     0.90   0.367    -.0568141    .1535722
          cov(sexpornB01,couple)|  -.0593668    .063464    -0.94   0.350    -.1837539    .0650203
       cov(sexmastB01,sexcomm01)|  -.0773054   .0561139    -1.38   0.168    -.1872866    .0326758
             cov(sexmastB01,age)|   .1072437    .057556     1.86   0.062     -.005564    .2200514
       cov(sexmastB01,education)|  -.0592862    .052805    -1.12   0.262     -.162782    .0442097
        cov(sexmastB01,stress01)|   .0377315   .0572284     0.66   0.510    -.0744342    .1498971
    cov(sexmastB01,healthphys01)|  -.0100426   .0557909    -0.18   0.857    -.1193908    .0993057
        cov(sexmastB01,bigfiveO)|   .2642205    .053881     4.90   0.000     .1586156    .3698254
  cov(sexmastB01,coupleduration)|    .020796    .054553     0.38   0.703    -.0861258    .1277179
          cov(sexmastB01,couple)|  -.0973756   .0604973    -1.61   0.107    -.2159482     .021197
              cov(sexcomm01,age)|  -.1306713   .0557872    -2.34   0.019    -.2400122   -.0213305
        cov(sexcomm01,education)|  -.0397759   .0551983    -0.72   0.471    -.1479627    .0684108
         cov(sexcomm01,stress01)|   -.110603   .0535724    -2.06   0.039    -.2156029    -.005603
     cov(sexcomm01,healthphys01)|  -.0347143   .0562289    -0.62   0.537    -.1449209    .0754922
         cov(sexcomm01,bigfiveO)|   .0574795   .0598187     0.96   0.337    -.0597629    .1747219
   cov(sexcomm01,coupleduration)|  -.1838946   .0590925    -3.11   0.002    -.2997138   -.0680753
           cov(sexcomm01,couple)|   .1053748   .0569235     1.85   0.064    -.0061932    .2169429
              cov(age,education)|    .092644   .0523923     1.77   0.077    -.0100431     .195331
               cov(age,stress01)|  -.0006154   .0585162    -0.01   0.992    -.1153051    .1140743
           cov(age,healthphys01)|  -.1334415   .0546344    -2.44   0.015    -.2405229   -.0263601
               cov(age,bigfiveO)|  -.0034948   .0608918    -0.06   0.954    -.1228406     .115851
         cov(age,coupleduration)|   .4553534   .0491968     9.26   0.000     .3589295    .5517773
                 cov(age,couple)|  -.0106387   .0587859    -0.18   0.856     -.125857    .1045795
         cov(education,stress01)|  -.0305998   .0529393    -0.58   0.563    -.1343589    .0731593
     cov(education,healthphys01)|   .0560627   .0547852     1.02   0.306    -.0513144    .1634397
         cov(education,bigfiveO)|   .0037757   .0537529     0.07   0.944     -.101578    .1091295
   cov(education,coupleduration)|    .088319   .0555088     1.59   0.112    -.0204763    .1971142
           cov(education,couple)|   .0542238   .0574338     0.94   0.345    -.0583443     .166792
      cov(stress01,healthphys01)|  -.3238299   .0459669    -7.04   0.000    -.4139234   -.2337363
          cov(stress01,bigfiveO)|   .0339898    .055956     0.61   0.544    -.0756819    .1436615
    cov(stress01,coupleduration)|  -.0660418   .0553282    -1.19   0.233    -.1744831    .0423994
            cov(stress01,couple)|  -.2227827   .0522145    -4.27   0.000    -.3251212   -.1204441
      cov(healthphys01,bigfiveO)|   .0163061   .0573517     0.28   0.776    -.0961011    .1287134
cov(healthphys01,coupleduration)|  -.0001513   .0581915    -0.00   0.998    -.1142045    .1139019
        cov(healthphys01,couple)|   .1795292   .0671872     2.67   0.008     .0478447    .3112137
    cov(bigfiveO,coupleduration)|  -.0385444   .0632336    -0.61   0.542    -.1624799    .0853911
            cov(bigfiveO,couple)|   .0877714   .0626059     1.40   0.161    -.0349339    .2104767
      cov(coupleduration,couple)|   .0409117   .0596428     0.69   0.493     -.075986    .1578095
-------------------------------------------------------------------------------------------------
LR test of model vs. saturated: chi2(101) =    169.02, Prob > chi2 = 0.0000
Satorra-Bentler scaled test:    chi2(101) =    160.52, Prob > chi2 = 0.0002

.                                                                                                                                                           
>                                                                                                                                                           
>                                                             #delimit cr
delimiter now cr
. 
. //-----Testen der Modellgüte-----
. estat gof, stats(all)

----------------------------------------------------------------------------
Fit statistic        |      Value   Description
---------------------+------------------------------------------------------
Likelihood ratio     |
        chi2_ms(101) |    169.022   model vs. saturated
            p > chi2 |      0.000
        chi2_bs(174) |   1870.913   baseline vs. saturated
            p > chi2 |      0.000
                     |
  Satorra-Bentler    |
      chi2sb_ms(101) |    160.519   
            p > chi2 |      0.000
      chi2sb_bs(174) |   1798.938   
            p > chi2 |      0.000
---------------------+------------------------------------------------------
Population error     |
               RMSEA |      0.047   Root mean squared error of approximation
 90% CI, lower bound |      0.034
         upper bound |      0.059
              pclose |      0.634   Probability RMSEA <= 0.05
                     |
  Satorra-Bentler    |
            RMSEA_SB |      0.044   Root mean squared error of approximation
---------------------+------------------------------------------------------
Information criteria |
                 AIC |  24909.387   Akaike's information criterion
                 BIC |  25470.160   Bayesian information criterion
---------------------+------------------------------------------------------
Baseline comparison  |
                 CFI |      0.960   Comparative fit index
                 TLI |      0.931   Tucker-Lewis index
                     |
  Satorra-Bentler    |
              CFI_SB |      0.963   Comparative fit index
              TLI_SB |      0.937   Tucker-Lewis index
---------------------+------------------------------------------------------
Size of residuals    |
                SRMR |      0.040   Standardized root mean squared residual
                  CD |      0.948   Coefficient of determination
----------------------------------------------------------------------------

. 
. log close
      name:  <unnamed>
       log:  \log\B2_SEM_full_MLSB_standard
> ized_kids-yes.log
  log type:  text
 closed on:  15 May 2022, 18:22:02
------------------------------------------------------------------------------------------------------------------------------------------------------------
