------------------------------------------------------------------------------------------------------------------------------------------------------------
      name:  <unnamed>
       log:  \log\B2_SEM_full_MLSB_standard
> ized_partner-mono.log
  log type:  text
 opened on:  15 May 2022, 18:21:46

. 
. //######## SEM final MLSB standardisiert nur ein Partner ########
. 
. #delimit ;
delimiter now ;
. sem
> ${gesamtModellPfade}
> ${kontrollVariablenPfade}
> if
> coupletype == 2
> , 
> latent (sexsatlat distract couple) 
> standardized nocnsreport nocapslatent 
> method(ml)
> vce(sbentler)  
> cov(
> ${gesamtModellKovarianzen}
> ${kontrollVariablenKovarianzen}
> )
> ;
(40 observations with missing values excluded)

Endogenous variables

Observed:     sexquan sexactBalance sexorgasm01 sexfan02
Measurement:  sexsat01 sexsat02 sexsat03 couplebond01 couplebond02 coupleint01 sexnet01 sexnet02
Latent:       sexsatlat distract

Exogenous variables

Observed:     sexpornB01 sexmastB01 sexcomm01 age education stress01 healthphys01 bigfiveO coupleduration
Latent:       couple

Fitting target model:

Iteration 0:   log pseudolikelihood = -51035.765  (not concave)
Iteration 1:   log pseudolikelihood = -49247.156  (not concave)
Iteration 2:   log pseudolikelihood = -46922.231  (not concave)
Iteration 3:   log pseudolikelihood = -45620.649  (not concave)
Iteration 4:   log pseudolikelihood =   -45072.1  (not concave)
Iteration 5:   log pseudolikelihood = -44964.337  (not concave)
Iteration 6:   log pseudolikelihood = -44950.668  
Iteration 7:   log pseudolikelihood = -44921.722  (not concave)
Iteration 8:   log pseudolikelihood = -44892.849  
Iteration 9:   log pseudolikelihood = -44888.691  
Iteration 10:  log pseudolikelihood =  -44884.78  
Iteration 11:  log pseudolikelihood = -44883.821  
Iteration 12:  log pseudolikelihood =  -44883.81  
Iteration 13:  log pseudolikelihood =  -44883.81  

Structural equation model                       Number of obs     =      1,138
Estimation method  = ml
Log pseudolikelihood=  -44883.81

-------------------------------------------------------------------------------------------------
                                |           Satorra-Bentler
                   Standardized |      Coef.   Std. Err.      z    P>|z|     [95% Conf. Interval]
--------------------------------+----------------------------------------------------------------
Structural                      |
  sexquan <-                    |
                  sexactBalance |   .2013973   .0299631     6.72   0.000     .1426706    .2601239
                       sexfan02 |   .0845641   .0286817     2.95   0.003      .028349    .1407791
                            age |  -.0104655   .0332492    -0.31   0.753    -.0756328    .0547017
                      education |  -.0694002   .0269191    -2.58   0.010    -.1221606   -.0166398
                       stress01 |  -.0754019   .0293525    -2.57   0.010    -.1329318    -.017872
                   healthphys01 |   .0595075   .0297574     2.00   0.046      .001184    .1178311
                       bigfiveO |    .020104   .0285697     0.70   0.482    -.0358917    .0760996
                 coupleduration |  -.2766195   .0354247    -7.81   0.000    -.3460506   -.2071883
                         couple |   .1304143   .0292618     4.46   0.000     .0730623    .1877664
                          _cons |   3.330081   .2636366    12.63   0.000     2.813363    3.846799
  ------------------------------+----------------------------------------------------------------
  sexactBalance <-              |
                       sexfan02 |   .1595473   .0289963     5.50   0.000     .1027157    .2163789
                       distract |  -.1429522   .0391598    -3.65   0.000    -.2197039   -.0662004
                     sexpornB01 |   .1556231   .0308674     5.04   0.000     .0951242    .2161221
                      sexcomm01 |   .0465378   .0278043     1.67   0.094    -.0079576    .1010332
                            age |   .0304805   .0428367     0.71   0.477    -.0534779    .1144388
                      education |  -.0006097   .0303248    -0.02   0.984    -.0600453    .0588258
                       stress01 |  -.0299606   .0312799    -0.96   0.338    -.0912681    .0313468
                   healthphys01 |   .0392005   .0307125     1.28   0.202    -.0209948    .0993958
                       bigfiveO |   .1515711   .0302529     5.01   0.000     .0922765    .2108657
                 coupleduration |  -.0763667   .0331618    -2.30   0.021    -.1413625   -.0113708
                          _cons |   .3399573   .2912834     1.17   0.243    -.2309477    .9108623
  ------------------------------+----------------------------------------------------------------
  sexorgasm01 <-                |
                  sexactBalance |   .1673355   .0287468     5.82   0.000     .1109929    .2236781
                       distract |  -.2330638   .0375197    -6.21   0.000     -.306601   -.1595266
                            age |   .0130934   .0329892     0.40   0.691    -.0515641     .077751
                      education |   .0418066   .0288699     1.45   0.148    -.0147774    .0983906
                       stress01 |   .0495828   .0311668     1.59   0.112    -.0115031    .1106686
                   healthphys01 |  -.0015697   .0312086    -0.05   0.960    -.0627374     .059598
                       bigfiveO |    .041668   .0309324     1.35   0.178    -.0189584    .1022944
                 coupleduration |   .0995241   .0311986     3.19   0.001     .0383759    .1606723
                          _cons |    .868133   .2579489     3.37   0.001     .3625625    1.373703
  ------------------------------+----------------------------------------------------------------
  sexfan02 <-                   |
                     sexpornB01 |   .1932719   .0308864     6.26   0.000     .1327357    .2538081
                     sexmastB01 |   .2252302    .031587     7.13   0.000     .1633207    .2871397
                            age |  -.0159798   .0348501    -0.46   0.647    -.0842848    .0523253
                      education |  -.0633249   .0276591    -2.29   0.022    -.1175357   -.0091142
                       stress01 |   .0816857   .0285134     2.86   0.004     .0258005    .1375709
                   healthphys01 |   .0057014   .0293391     0.19   0.846    -.0518022     .063205
                       bigfiveO |   .1401457   .0266982     5.25   0.000     .0878183    .1924732
                 coupleduration |  -.0024613   .0342881    -0.07   0.943    -.0696647    .0647421
                          _cons |   .9503999   .2397766     3.96   0.000     .4804464    1.420353
  ------------------------------+----------------------------------------------------------------
  sexsatlat <-                  |
                        sexquan |   .4551685   .0251875    18.07   0.000     .4058019     .504535
                  sexactBalance |   .1293371   .0277383     4.66   0.000      .074971    .1837032
                    sexorgasm01 |   .2379201    .024844     9.58   0.000     .1892268    .2866134
                       distract |  -.1535399   .0355719    -4.32   0.000    -.2232594   -.0838203
                      sexcomm01 |   .0789773   .0230526     3.43   0.001     .0337951    .1241596
                            age |  -.0479967   .0277332    -1.73   0.084    -.1023528    .0063593
                      education |  -.0179921   .0233572    -0.77   0.441    -.0637715    .0277873
                       stress01 |  -.0426914   .0242322    -1.76   0.078    -.0901856    .0048028
                   healthphys01 |   .0177928   .0247169     0.72   0.472    -.0306515    .0662371
                       bigfiveO |  -.0065519   .0250896    -0.26   0.794    -.0557265    .0426228
                 coupleduration |  -.0571129   .0281119    -2.03   0.042    -.1122111   -.0020146
                         couple |   .2521859    .026481     9.52   0.000     .2002841    .3040877
  ------------------------------+----------------------------------------------------------------
  distract <-                   |
                     sexpornB01 |   .0855479   .0353103     2.42   0.015     .0163411    .1547548
                      sexcomm01 |  -.1773185   .0359499    -4.93   0.000    -.2477791   -.1068579
                            age |  -.1457548   .0424245    -3.44   0.001    -.2289054   -.0626043
                      education |  -.1351934   .0361676    -3.74   0.000    -.2060806   -.0643062
                       stress01 |   .1417012   .0391691     3.62   0.000     .0649313    .2184712
                   healthphys01 |  -.1438794   .0392324    -3.67   0.000    -.2207735   -.0669853
                       bigfiveO |   -.092866   .0369181    -2.52   0.012    -.1652243   -.0205078
                 coupleduration |   .0577644   .0449738     1.28   0.199    -.0303828    .1459115
                         couple |  -.1049303   .0360176    -2.91   0.004    -.1755235    -.034337
--------------------------------+----------------------------------------------------------------
Measurement                     |
  sexsat01 <-                   |
                      sexsatlat |   .8340581   .0137836    60.51   0.000     .8070427    .8610734
                          _cons |   1.028745   .2000592     5.14   0.000     .6366361    1.420854
  ------------------------------+----------------------------------------------------------------
  sexsat02 <-                   |
                      sexsatlat |   .9191547   .0097751    94.03   0.000     .8999958    .9383136
                          _cons |   .8606672   .2144469     4.01   0.000      .440359    1.280975
  ------------------------------+----------------------------------------------------------------
  sexsat03 <-                   |
                      sexsatlat |   .7763485   .0160098    48.49   0.000     .7449698    .8077272
                          _cons |   .5179515   .1797372     2.88   0.004     .1656731      .87023
  ------------------------------+----------------------------------------------------------------
  couplebond01 <-               |
                         couple |    .871932   .0163361    53.37   0.000     .8399138    .9039501
                          _cons |   5.399741   .2020806    26.72   0.000      5.00367    5.795812
  ------------------------------+----------------------------------------------------------------
  couplebond02 <-               |
                         couple |   .7642216   .0224216    34.08   0.000     .7202761    .8081671
                          _cons |   4.446875   .1651995    26.92   0.000      4.12309     4.77066
  ------------------------------+----------------------------------------------------------------
  coupleint01 <-                |
                         couple |   .8606928   .0183972    46.78   0.000     .8246349    .8967508
                          _cons |   4.870632   .1695923    28.72   0.000     4.538238    5.203027
  ------------------------------+----------------------------------------------------------------
  sexnet01 <-                   |
                       distract |   .7375501   .0363077    20.31   0.000     .6663884    .8087118
                          _cons |    2.95944   .2463388    12.01   0.000     2.476624    3.442255
  ------------------------------+----------------------------------------------------------------
  sexnet02 <-                   |
                       distract |   .6326634   .0345562    18.31   0.000     .5649345    .7003924
                          _cons |   3.164672   .2174253    14.56   0.000     2.738526    3.590818
--------------------------------+----------------------------------------------------------------
                mean(sexpornB01)|   1.630874   .0271228    60.13   0.000     1.577714    1.684033
                mean(sexmastB01)|   2.125412   .0464672    45.74   0.000     2.034338    2.216486
                 mean(sexcomm01)|   2.298319   .0562801    40.84   0.000     2.188012    2.408626
                       mean(age)|   3.870313   .1193344    32.43   0.000     3.636422    4.104204
                 mean(education)|   4.090646    .078962    51.81   0.000     3.935884    4.245409
                  mean(stress01)|    2.72024   .0683087    39.82   0.000     2.586357    2.854123
              mean(healthphys01)|   2.548093   .0668508    38.12   0.000     2.417068    2.679118
                  mean(bigfiveO)|   4.965399    .144321    34.41   0.000     4.682535    5.248263
            mean(coupleduration)|   .8775759   .0327864    26.77   0.000     .8133158     .941836
--------------------------------+----------------------------------------------------------------
                 var(e.sexsat01)|   .3043471   .0229926                        .26246    .3529192
                 var(e.sexsat02)|   .1551546   .0179697                      .1236461    .1946925
                 var(e.sexsat03)|    .397283   .0248584                      .3514305    .4491181
             var(e.couplebond01)|   .2397346   .0284879                      .1899248    .3026077
             var(e.couplebond02)|   .4159653   .0342701                      .3539397    .4888606
              var(e.coupleint01)|   .2592078   .0316688                      .2040105    .3293395
                 var(e.sexnet01)|   .4560199   .0535574                      .3622547    .5740549
                 var(e.sexnet02)|    .599737   .0437249                      .5198791    .6918616
                  var(e.sexquan)|    .810943   .0235966                      .7659885    .8585357
            var(e.sexactBalance)|   .8632093   .0195527                       .825725    .9023953
              var(e.sexorgasm01)|   .8875669   .0194971                      .8501642    .9266152
                 var(e.sexfan02)|   .8198588   .0209963                      .7797225     .862061
                var(e.sexsatlat)|   .4231808   .0231944                      .3800773    .4711725
                 var(e.distract)|   .8283717   .0267837                      .7775054    .8825657
                 var(sexpornB01)|          1          .                             .           .
                 var(sexmastB01)|          1          .                             .           .
                  var(sexcomm01)|          1          .                             .           .
                        var(age)|          1          .                             .           .
                  var(education)|          1          .                             .           .
                   var(stress01)|          1          .                             .           .
               var(healthphys01)|          1          .                             .           .
                   var(bigfiveO)|          1          .                             .           .
             var(coupleduration)|          1          .                             .           .
                     var(couple)|          1          .                             .           .
--------------------------------+----------------------------------------------------------------
      cov(sexpornB01,sexmastB01)|   .4710246   .0232819    20.23   0.000     .4253928    .5166564
       cov(sexpornB01,sexcomm01)|  -.0037702   .0296728    -0.13   0.899    -.0619278    .0543874
             cov(sexpornB01,age)|   .0388386   .0288694     1.35   0.179    -.0177444    .0954215
       cov(sexpornB01,education)|  -.1140814   .0292483    -3.90   0.000     -.171407   -.0567559
        cov(sexpornB01,stress01)|   .0582573   .0296595     1.96   0.050     .0001258    .1163888
    cov(sexpornB01,healthphys01)|  -.0532054   .0296407    -1.80   0.073    -.1113002    .0048893
        cov(sexpornB01,bigfiveO)|    .083067   .0303862     2.73   0.006     .0235111    .1426228
  cov(sexpornB01,coupleduration)|   .0392822   .0286457     1.37   0.170    -.0168623    .0954267
          cov(sexpornB01,couple)|  -.0455754   .0313128    -1.46   0.146    -.1069473    .0157964
       cov(sexmastB01,sexcomm01)|  -.0581676    .029731    -1.96   0.050    -.1164393    .0001041
             cov(sexmastB01,age)|    .089545   .0284914     3.14   0.002     .0337029    .1453872
       cov(sexmastB01,education)|   .0061193    .028366     0.22   0.829    -.0494771    .0617157
        cov(sexmastB01,stress01)|   .0650622   .0301606     2.16   0.031     .0059484    .1241759
    cov(sexmastB01,healthphys01)|   -.001005   .0292962    -0.03   0.973    -.0584246    .0564145
        cov(sexmastB01,bigfiveO)|   .1396531   .0304658     4.58   0.000     .0799411    .1993651
  cov(sexmastB01,coupleduration)|   .0051596   .0271363     0.19   0.849    -.0480265    .0583457
          cov(sexmastB01,couple)|  -.0421854   .0307352    -1.37   0.170    -.1024252    .0180544
              cov(sexcomm01,age)|  -.0576308   .0295945    -1.95   0.051     -.115635    .0003734
        cov(sexcomm01,education)|  -.0537607   .0299418    -1.80   0.073    -.1124456    .0049242
         cov(sexcomm01,stress01)|  -.0710889   .0297858    -2.39   0.017    -.1294679   -.0127098
     cov(sexcomm01,healthphys01)|    .028998   .0303631     0.96   0.340    -.0305126    .0885086
         cov(sexcomm01,bigfiveO)|   .0821853   .0303781     2.71   0.007     .0226453    .1417252
   cov(sexcomm01,coupleduration)|    -.05838   .0296353    -1.97   0.049    -.1164641   -.0002959
           cov(sexcomm01,couple)|   .0792644   .0314609     2.52   0.012     .0176022    .1409266
              cov(age,education)|   .0965083    .034272     2.82   0.005     .0293364    .1636801
               cov(age,stress01)|  -.0413327   .0316018    -1.31   0.191    -.1032711    .0206057
           cov(age,healthphys01)|  -.0656233    .028327    -2.32   0.021    -.1211433   -.0101033
               cov(age,bigfiveO)|  -.0273701   .0310146    -0.88   0.378    -.0881576    .0334173
         cov(age,coupleduration)|   .5793891   .0333648    17.37   0.000     .5139953    .6447829
                 cov(age,couple)|  -.0666203   .0302439    -2.20   0.028    -.1258973   -.0073433
         cov(education,stress01)|   -.002111   .0294886    -0.07   0.943    -.0599077    .0556857
     cov(education,healthphys01)|   .0807449   .0298558     2.70   0.007     .0222286    .1392612
         cov(education,bigfiveO)|  -.0239714   .0307593    -0.78   0.436    -.0842585    .0363157
   cov(education,coupleduration)|   .0220224    .037016     0.59   0.552    -.0505276    .0945725
           cov(education,couple)|   .1061987    .032415     3.28   0.001     .0426663     .169731
      cov(stress01,healthphys01)|  -.3321114   .0241963   -13.73   0.000    -.3795353   -.2846874
          cov(stress01,bigfiveO)|   .0293362   .0302778     0.97   0.333    -.0300072    .0886796
    cov(stress01,coupleduration)|  -.0670909   .0273252    -2.46   0.014    -.1206473   -.0135345
            cov(stress01,couple)|  -.1368087   .0305363    -4.48   0.000    -.1966587   -.0769587
      cov(healthphys01,bigfiveO)|   -.012013   .0305822    -0.39   0.694    -.0719529     .047927
cov(healthphys01,coupleduration)|  -.0102739   .0287031    -0.36   0.720    -.0665309     .045983
        cov(healthphys01,couple)|   .1379865   .0350945     3.93   0.000     .0692026    .2067704
    cov(bigfiveO,coupleduration)|   -.091666   .0325102    -2.82   0.005    -.1553849   -.0279471
            cov(bigfiveO,couple)|   .1261041   .0346856     3.64   0.000     .0581215    .1940867
      cov(coupleduration,couple)|  -.0118321   .0280309    -0.42   0.673    -.0667717    .0431074
-------------------------------------------------------------------------------------------------
LR test of model vs. saturated: chi2(101) =    270.54, Prob > chi2 = 0.0000
Satorra-Bentler scaled test:    chi2(101) =    251.10, Prob > chi2 = 0.0000

.                                                                                                                                                           
>                                                                                                                                                           
>                                                             #delimit cr
delimiter now cr
. 
. //-----Testen der Modellgüte-----
. estat gof, stats(all)

----------------------------------------------------------------------------
Fit statistic        |      Value   Description
---------------------+------------------------------------------------------
Likelihood ratio     |
        chi2_ms(101) |    270.544   model vs. saturated
            p > chi2 |      0.000
        chi2_bs(174) |   6057.855   baseline vs. saturated
            p > chi2 |      0.000
                     |
  Satorra-Bentler    |
      chi2sb_ms(101) |    251.096   
            p > chi2 |      0.000
      chi2sb_bs(174) |   5608.382   
            p > chi2 |      0.000
---------------------+------------------------------------------------------
Population error     |
               RMSEA |      0.038   Root mean squared error of approximation
 90% CI, lower bound |      0.033
         upper bound |      0.044
              pclose |      1.000   Probability RMSEA <= 0.05
                     |
  Satorra-Bentler    |
            RMSEA_SB |      0.036   Root mean squared error of approximation
---------------------+------------------------------------------------------
Information criteria |
                 AIC |  90069.621   Akaike's information criterion
                 BIC |  90830.212   Bayesian information criterion
---------------------+------------------------------------------------------
Baseline comparison  |
                 CFI |      0.971   Comparative fit index
                 TLI |      0.950   Tucker-Lewis index
                     |
  Satorra-Bentler    |
              CFI_SB |      0.972   Comparative fit index
              TLI_SB |      0.952   Tucker-Lewis index
---------------------+------------------------------------------------------
Size of residuals    |
                SRMR |      0.032   Standardized root mean squared residual
                  CD |      0.935   Coefficient of determination
----------------------------------------------------------------------------

. 
. log close
      name:  <unnamed>
       log:  \log\B2_SEM_full_MLSB_standard
> ized_partner-mono.log
  log type:  text
 closed on:  15 May 2022, 18:21:49
------------------------------------------------------------------------------------------------------------------------------------------------------------
