------------------------------------------------------------------------------------------------------------------------------------------------------------
      name:  <unnamed>
       log:  \log\B2_SEM_full_MLSB_standard
> ized_religion-no.log
  log type:  text
 opened on:  15 May 2022, 18:22:07

. 
. //######## SEM final MLSB standardisiert offen ########
. 
. #delimit ;
delimiter now ;
. sem
> ${gesamtModellPfade}
> ${kontrollVariablenPfade}
> if
> religious == 0
> , 
> latent (sexsatlat distract couple) 
> standardized nocnsreport nocapslatent 
> method(ml)
> vce(sbentler)   
> cov(
> ${gesamtModellKovarianzen}
> ${kontrollVariablenKovarianzen}
> )
> ;
(25 observations with missing values excluded)

Endogenous variables

Observed:     sexquan sexactBalance sexorgasm01 sexfan02
Measurement:  sexsat01 sexsat02 sexsat03 couplebond01 couplebond02 coupleint01 sexnet01 sexnet02
Latent:       sexsatlat distract

Exogenous variables

Observed:     sexpornB01 sexmastB01 sexcomm01 age education stress01 healthphys01 bigfiveO coupleduration
Latent:       couple

Fitting target model:

Iteration 0:   log pseudolikelihood =  -27639.91  (not concave)
Iteration 1:   log pseudolikelihood =  -26600.56  (not concave)
Iteration 2:   log pseudolikelihood = -24650.192  (not concave)
Iteration 3:   log pseudolikelihood = -24052.363  (not concave)
Iteration 4:   log pseudolikelihood = -23906.302  (not concave)
Iteration 5:   log pseudolikelihood = -23853.442  (not concave)
Iteration 6:   log pseudolikelihood = -23838.016  (not concave)
Iteration 7:   log pseudolikelihood = -23834.474  
Iteration 8:   log pseudolikelihood = -23803.428  (not concave)
Iteration 9:   log pseudolikelihood = -23800.914  
Iteration 10:  log pseudolikelihood =  -23795.94  
Iteration 11:  log pseudolikelihood = -23795.688  
Iteration 12:  log pseudolikelihood = -23795.687  

Structural equation model                       Number of obs     =        598
Estimation method  = ml
Log pseudolikelihood= -23795.687

-------------------------------------------------------------------------------------------------
                                |           Satorra-Bentler
                   Standardized |      Coef.   Std. Err.      z    P>|z|     [95% Conf. Interval]
--------------------------------+----------------------------------------------------------------
Structural                      |
  sexquan <-                    |
                  sexactBalance |   .1503957   .0415881     3.62   0.000     .0688845    .2319069
                       sexfan02 |   .1491311   .0388896     3.83   0.000     .0729088    .2253534
                            age |   .0354516   .0428566     0.83   0.408    -.0485457    .1194489
                      education |   -.075288   .0364058    -2.07   0.039     -.146642   -.0039339
                       stress01 |  -.1312533   .0392725    -3.34   0.001    -.2082259   -.0542807
                   healthphys01 |   .0638382   .0404612     1.58   0.115    -.0154642    .1431407
                       bigfiveO |   .0339074   .0387228     0.88   0.381    -.0419879    .1098027
                 coupleduration |  -.2499206   .0442845    -5.64   0.000    -.3367167   -.1631245
                         couple |   .1473024    .043651     3.37   0.001      .061748    .2328568
                          _cons |   3.139814   .3545198     8.86   0.000     2.444968     3.83466
  ------------------------------+----------------------------------------------------------------
  sexactBalance <-              |
                       sexfan02 |   .1952884   .0382875     5.10   0.000     .1202462    .2703306
                       distract |  -.2548075   .0606377    -4.20   0.000    -.3736552   -.1359599
                     sexpornB01 |   .1416728   .0422727     3.35   0.001     .0588198    .2245259
                      sexcomm01 |   .0329003    .039529     0.83   0.405    -.0445751    .1103758
                            age |  -.0114817   .0575357    -0.20   0.842    -.1242496    .1012862
                      education |   .0002792   .0415456     0.01   0.995    -.0811487    .0817072
                       stress01 |  -.0163732   .0474048    -0.35   0.730    -.1092848    .0765384
                   healthphys01 |  -.0177593   .0390819    -0.45   0.650    -.0943585    .0588399
                       bigfiveO |   .1754284   .0409258     4.29   0.000     .0952153    .2556414
                 coupleduration |  -.0299016   .0436213    -0.69   0.493    -.1153978    .0555947
                          _cons |   .1215032   .3910092     0.31   0.756    -.6448609    .8878672
  ------------------------------+----------------------------------------------------------------
  sexorgasm01 <-                |
                  sexactBalance |   .1637513   .0405157     4.04   0.000     .0843421    .2431606
                       distract |   -.264268   .0601192    -4.40   0.000    -.3820994   -.1464366
                            age |   .0301222   .0431286     0.70   0.485    -.0544084    .1146527
                      education |   .0505677   .0424536     1.19   0.234    -.0326399    .1337752
                       stress01 |   .0698589   .0485929     1.44   0.151    -.0253814    .1650993
                   healthphys01 |  -.0561204   .0417224    -1.35   0.179    -.1378949    .0256541
                       bigfiveO |   .0437568   .0431086     1.02   0.310    -.0407345    .1282481
                 coupleduration |   .1131701   .0400804     2.82   0.005     .0346139    .1917264
                          _cons |   .5914418     .34233     1.73   0.084    -.0795127    1.262396
  ------------------------------+----------------------------------------------------------------
  sexfan02 <-                   |
                     sexpornB01 |   .1922588   .0409353     4.70   0.000     .1120271    .2724905
                     sexmastB01 |   .2294133   .0421243     5.45   0.000     .1468512    .3119755
                            age |   .0531873   .0426003     1.25   0.212    -.0303077    .1366824
                      education |  -.0662408   .0368545    -1.80   0.072    -.1384742    .0059926
                       stress01 |   .1106997   .0377686     2.93   0.003     .0366745    .1847249
                   healthphys01 |   .0326189   .0389196     0.84   0.402    -.0436622       .1089
                       bigfiveO |   .1791275   .0354276     5.06   0.000     .1096907    .2485644
                 coupleduration |  -.0335387   .0435786    -0.77   0.442    -.1189512    .0518738
                          _cons |   .3193518   .3281879     0.97   0.331    -.3238847    .9625882
  ------------------------------+----------------------------------------------------------------
  sexsatlat <-                  |
                        sexquan |   .4438522   .0338315    13.12   0.000     .3775437    .5101607
                  sexactBalance |   .1645111   .0381074     4.32   0.000     .0898219    .2392003
                    sexorgasm01 |   .2488929   .0343661     7.24   0.000     .1815364    .3162493
                       distract |  -.1146254   .0581619    -1.97   0.049    -.2286207   -.0006302
                      sexcomm01 |    .074851   .0302754     2.47   0.013     .0155123    .1341897
                            age |   .0249933   .0355555     0.70   0.482    -.0446942    .0946809
                      education |  -.0335852   .0333618    -1.01   0.314    -.0989731    .0318027
                       stress01 |  -.0298609     .03639    -0.82   0.412    -.1011841    .0414622
                   healthphys01 |   .0409038   .0325866     1.26   0.209    -.0229647    .1047723
                       bigfiveO |  -.0133585   .0337832    -0.40   0.693    -.0795724    .0528554
                 coupleduration |  -.1042369   .0358109    -2.91   0.004    -.1744251   -.0340488
                         couple |   .2561218     .03501     7.32   0.000     .1875034    .3247402
  ------------------------------+----------------------------------------------------------------
  distract <-                   |
                     sexpornB01 |    .136616    .049652     2.75   0.006     .0392998    .2339322
                      sexcomm01 |  -.1499864   .0498531    -3.01   0.003    -.2476968    -.052276
                            age |  -.1470038   .0582267    -2.52   0.012    -.2611261   -.0328816
                      education |  -.2020388   .0542314    -3.73   0.000    -.3083304   -.0957472
                       stress01 |   .2429943   .0569206     4.27   0.000      .131432    .3545565
                   healthphys01 |  -.0812151   .0567209    -1.43   0.152    -.1923861    .0299558
                       bigfiveO |  -.1378998   .0531242    -2.60   0.009    -.2420213   -.0337784
                 coupleduration |  -.0415377   .0632721    -0.66   0.512    -.1655488    .0824733
                         couple |  -.1211068   .0480588    -2.52   0.012    -.2153002   -.0269133
--------------------------------+----------------------------------------------------------------
Measurement                     |
  sexsat01 <-                   |
                      sexsatlat |   .8440331   .0167116    50.51   0.000     .8112789    .8767873
                          _cons |   .7760465    .273251     2.84   0.005     .2404843    1.311609
  ------------------------------+----------------------------------------------------------------
  sexsat02 <-                   |
                      sexsatlat |   .9152668   .0132764    68.94   0.000     .8892455     .941288
                          _cons |   .6357888   .2781814     2.29   0.022     .0905633    1.181014
  ------------------------------+----------------------------------------------------------------
  sexsat03 <-                   |
                      sexsatlat |   .7860009   .0215916    36.40   0.000     .7436821    .8283196
                          _cons |   .2712937   .2353682     1.15   0.249    -.1900196    .7326069
  ------------------------------+----------------------------------------------------------------
  couplebond01 <-               |
                         couple |   .8958309   .0195372    45.85   0.000     .8575387    .9341231
                          _cons |   4.863539    .233199    20.86   0.000     4.406477    5.320601
  ------------------------------+----------------------------------------------------------------
  couplebond02 <-               |
                         couple |   .7639638    .028292    27.00   0.000     .7085125    .8194151
                          _cons |   3.829183   .1909263    20.06   0.000     3.454975    4.203392
  ------------------------------+----------------------------------------------------------------
  coupleint01 <-                |
                         couple |   .8509498   .0265794    32.02   0.000     .7988552    .9030445
                          _cons |   4.266594   .1995929    21.38   0.000     3.875399    4.657789
  ------------------------------+----------------------------------------------------------------
  sexnet01 <-                   |
                       distract |   .6672994   .0479198    13.93   0.000     .5733782    .7612205
                          _cons |   2.824641   .3446626     8.20   0.000     2.149115    3.500168
  ------------------------------+----------------------------------------------------------------
  sexnet02 <-                   |
                       distract |   .5626344   .0466979    12.05   0.000     .4711081    .6541606
                          _cons |   2.993101     .29353    10.20   0.000     2.417792    3.568409
--------------------------------+----------------------------------------------------------------
                mean(sexpornB01)|   1.716252   .0412935    41.56   0.000     1.635319    1.797186
                mean(sexmastB01)|   2.319637   .0742376    31.25   0.000     2.174134     2.46514
                 mean(sexcomm01)|   2.343752    .082685    28.35   0.000     2.181692    2.505811
                       mean(age)|   3.982356   .1594179    24.98   0.000     3.669902    4.294809
                 mean(education)|   4.028164   .1042889    38.63   0.000     3.823761    4.232567
                  mean(stress01)|   2.729096    .097085    28.11   0.000     2.538813    2.919379
              mean(healthphys01)|    2.45637   .0896794    27.39   0.000     2.280601    2.632138
                  mean(bigfiveO)|   5.313063   .2070541    25.66   0.000     4.907245    5.718882
            mean(coupleduration)|   .9136739   .0397344    22.99   0.000     .8357958    .9915519
--------------------------------+----------------------------------------------------------------
                 var(e.sexsat01)|   .2876081   .0282104                      .2373068    .3485718
                 var(e.sexsat02)|   .1622868   .0243029                      .1210078    .2176472
                 var(e.sexsat03)|   .3822026    .033942                      .3211453    .4548684
             var(e.couplebond01)|    .197487   .0350041                      .1395293    .2795194
             var(e.couplebond02)|   .4163593   .0432281                       .339698     .510321
              var(e.coupleint01)|   .2758844   .0452355                      .2000597    .3804474
                 var(e.sexnet01)|   .5547115   .0639538                      .4425176    .6953506
                 var(e.sexnet02)|   .6834426   .0525477                      .5878356    .7945993
                  var(e.sexquan)|   .8153968   .0303088                      .7581048    .8770184
            var(e.sexactBalance)|    .804325   .0323274                      .7433958    .8702479
              var(e.sexorgasm01)|    .852278   .0313069                      .7930744    .9159012
                 var(e.sexfan02)|   .8010076   .0295134                      .7452016    .8609926
                var(e.sexsatlat)|   .4117682   .0301546                      .3567119     .475322
                 var(e.distract)|   .7324919   .0473018                      .6454092    .8313243
                 var(sexpornB01)|          1          .                             .           .
                 var(sexmastB01)|          1          .                             .           .
                  var(sexcomm01)|          1          .                             .           .
                        var(age)|          1          .                             .           .
                  var(education)|          1          .                             .           .
                   var(stress01)|          1          .                             .           .
               var(healthphys01)|          1          .                             .           .
                   var(bigfiveO)|          1          .                             .           .
             var(coupleduration)|          1          .                             .           .
                     var(couple)|          1          .                             .           .
--------------------------------+----------------------------------------------------------------
      cov(sexpornB01,sexmastB01)|   .4748643    .031588    15.03   0.000      .412953    .5367757
       cov(sexpornB01,sexcomm01)|   .0214045    .041022     0.52   0.602    -.0589971    .1018061
             cov(sexpornB01,age)|   .0222897   .0397201     0.56   0.575    -.0555602    .1001397
       cov(sexpornB01,education)|   -.086358   .0385851    -2.24   0.025    -.1619835   -.0107325
        cov(sexpornB01,stress01)|   .0259874   .0412491     0.63   0.529    -.0548592    .1068341
    cov(sexpornB01,healthphys01)|  -.0435124   .0393865    -1.10   0.269    -.1207085    .0336837
        cov(sexpornB01,bigfiveO)|   .0890323   .0401711     2.22   0.027     .0102983    .1677663
  cov(sexpornB01,coupleduration)|   .0569029   .0416231     1.37   0.172    -.0246769    .1384827
          cov(sexpornB01,couple)|  -.0290853   .0420705    -0.69   0.489    -.1115419    .0533714
       cov(sexmastB01,sexcomm01)|  -.0090161   .0400023    -0.23   0.822    -.0874192    .0693871
             cov(sexmastB01,age)|   .0712488   .0401153     1.78   0.076    -.0073757    .1498732
       cov(sexmastB01,education)|    .063416   .0384917     1.65   0.099    -.0120263    .1388584
        cov(sexmastB01,stress01)|   .0261815   .0412725     0.63   0.526     -.054711    .1070741
    cov(sexmastB01,healthphys01)|   .0158687   .0399702     0.40   0.691    -.0624715    .0942088
        cov(sexmastB01,bigfiveO)|   .1065058   .0442359     2.41   0.016      .019805    .1932066
  cov(sexmastB01,coupleduration)|  -.0087043   .0363273    -0.24   0.811    -.0799046     .062496
          cov(sexmastB01,couple)|  -.0341619   .0407216    -0.84   0.402    -.1139748     .045651
              cov(sexcomm01,age)|  -.0672009   .0418588    -1.61   0.108    -.1492426    .0148409
        cov(sexcomm01,education)|   -.025844   .0413818    -0.62   0.532    -.1069508    .0552628
         cov(sexcomm01,stress01)|  -.0700273   .0404175    -1.73   0.083    -.1492441    .0091895
     cov(sexcomm01,healthphys01)|  -.0103213   .0408627    -0.25   0.801    -.0904108    .0697682
         cov(sexcomm01,bigfiveO)|   .1070498   .0436194     2.45   0.014     .0215573    .1925422
   cov(sexcomm01,coupleduration)|  -.1060748   .0430129    -2.47   0.014    -.1903784   -.0217711
           cov(sexcomm01,couple)|   .0877886   .0424536     2.07   0.039     .0045811    .1709961
              cov(age,education)|   .0740805   .0431701     1.72   0.086    -.0105314    .1586924
               cov(age,stress01)|  -.0866838    .045327    -1.91   0.056    -.1755231    .0021556
           cov(age,healthphys01)|   -.006853   .0386861    -0.18   0.859    -.0826764    .0689705
               cov(age,bigfiveO)|  -.0209668   .0415156    -0.51   0.614    -.1023359    .0604023
         cov(age,coupleduration)|   .5033874    .044878    11.22   0.000     .4154281    .5913467
                 cov(age,couple)|   -.095121   .0425229    -2.24   0.025    -.1784642   -.0117777
         cov(education,stress01)|  -.0056981   .0416063    -0.14   0.891    -.0872449    .0758487
     cov(education,healthphys01)|   .1430424   .0399441     3.58   0.000     .0647534    .2213313
         cov(education,bigfiveO)|   .0283807    .041318     0.69   0.492     -.052601    .1093624
   cov(education,coupleduration)|  -.0244828   .0443295    -0.55   0.581    -.1113669    .0624014
           cov(education,couple)|   .1126465   .0464697     2.42   0.015     .0215676    .2037255
      cov(stress01,healthphys01)|   -.343386   .0326354   -10.52   0.000    -.4073502   -.2794218
          cov(stress01,bigfiveO)|   .0067606   .0401116     0.17   0.866    -.0718566    .0853778
    cov(stress01,coupleduration)|  -.0736786   .0365365    -2.02   0.044    -.1452887   -.0020684
            cov(stress01,couple)|  -.1631971   .0384537    -4.24   0.000     -.238565   -.0878292
      cov(healthphys01,bigfiveO)|   .0232521   .0416946     0.56   0.577    -.0584679     .104972
cov(healthphys01,coupleduration)|   .0313036   .0406714     0.77   0.441     -.048411    .1110182
        cov(healthphys01,couple)|   .1947015   .0486418     4.00   0.000     .0993654    .2900376
    cov(bigfiveO,coupleduration)|  -.1183566   .0448116    -2.64   0.008    -.2061857   -.0305276
            cov(bigfiveO,couple)|    .078434   .0435608     1.80   0.072    -.0069436    .1638115
      cov(coupleduration,couple)|  -.0690664    .046029    -1.50   0.133    -.1592816    .0211487
-------------------------------------------------------------------------------------------------
LR test of model vs. saturated: chi2(101) =    202.89, Prob > chi2 = 0.0000
Satorra-Bentler scaled test:    chi2(101) =    189.35, Prob > chi2 = 0.0000

.                                                                                                                                                           
>                                                                                                                                                           
>                                                             #delimit cr
delimiter now cr
. 
. //-----Testen der Modellgüte-----
. estat gof, stats(all)

----------------------------------------------------------------------------
Fit statistic        |      Value   Description
---------------------+------------------------------------------------------
Likelihood ratio     |
        chi2_ms(101) |    202.892   model vs. saturated
            p > chi2 |      0.000
        chi2_bs(174) |   3361.429   baseline vs. saturated
            p > chi2 |      0.000
                     |
  Satorra-Bentler    |
      chi2sb_ms(101) |    189.354   
            p > chi2 |      0.000
      chi2sb_bs(174) |   3157.824   
            p > chi2 |      0.000
---------------------+------------------------------------------------------
Population error     |
               RMSEA |      0.041   Root mean squared error of approximation
 90% CI, lower bound |      0.033
         upper bound |      0.049
              pclose |      0.964   Probability RMSEA <= 0.05
                     |
  Satorra-Bentler    |
            RMSEA_SB |      0.038   Root mean squared error of approximation
---------------------+------------------------------------------------------
Information criteria |
                 AIC |  47893.375   Akaike's information criterion
                 BIC |  48556.807   Bayesian information criterion
---------------------+------------------------------------------------------
Baseline comparison  |
                 CFI |      0.968   Comparative fit index
                 TLI |      0.945   Tucker-Lewis index
                     |
  Satorra-Bentler    |
              CFI_SB |      0.970   Comparative fit index
              TLI_SB |      0.949   Tucker-Lewis index
---------------------+------------------------------------------------------
Size of residuals    |
                SRMR |      0.033   Standardized root mean squared residual
                  CD |      0.948   Coefficient of determination
----------------------------------------------------------------------------

. 
. log close
      name:  <unnamed>
       log:  \log\B2_SEM_full_MLSB_standard
> ized_religion-no.log
  log type:  text
 closed on:  15 May 2022, 18:22:10
------------------------------------------------------------------------------------------------------------------------------------------------------------
