-----------------------------------------------------------------------------------------------------------------------------------------------------------------------
      name:  <unnamed>
       log:  \log\B2_SEM_full_MLSB_standardized_KONTROLL-LONGREL-no
> kids.log
  log type:  text
 opened on:   1 Jun 2015, 00:14:18

. 
. //------------------------------------------------------------
. //######## SEM final ADF standardisiert ########
. //mit Kontrollvariablen
. //alle Kovarianzen frei
. //lange Bezdau
. 
. #delimit ;
delimiter now ;
. sem
> ${gesamtModellPfade}
> ${kontrollVariablenPfade}
> if coupledurationCat == 3 & kids == 0
> , 
> latent (sexsatlat distract couple) 
> standardized nocnsreport nocapslatent 
> method(ml)
> vce(sbentler)  
> cov(
> ${kontrollVariablenKovarianzen}
> )
> ;
(13 observations with missing values excluded)

Endogenous variables

Observed:     sexquan sexactBalance sexorgasm01 sexfan02
Measurement:  sexsat01 sexsat02 sexsat03 couplebond01 couplebond02 coupleint01 sexnet01 sexnet02
Latent:       sexsatlat distract

Exogenous variables

Observed:     sexpornB01 sexmastB01 sexcomm01 age education stress01 healthphys01 bigfiveO coupleduration
Latent:       couple

Fitting target model:

Iteration 0:   log pseudolikelihood = -10885.058  (not concave)
Iteration 1:   log pseudolikelihood = -10466.996  (not concave)
Iteration 2:   log pseudolikelihood = -9704.8037  (not concave)
Iteration 3:   log pseudolikelihood = -9646.4302  (not concave)
Iteration 4:   log pseudolikelihood = -9631.9447  (not concave)
Iteration 5:   log pseudolikelihood = -9627.6935  
Iteration 6:   log pseudolikelihood =  -9624.361  (not concave)
Iteration 7:   log pseudolikelihood = -9621.1169  
Iteration 8:   log pseudolikelihood = -9617.5607  
Iteration 9:   log pseudolikelihood = -9615.7053  (not concave)
Iteration 10:  log pseudolikelihood = -9613.9708  
Iteration 11:  log pseudolikelihood = -9613.4795  
Iteration 12:  log pseudolikelihood = -9613.4527  
Iteration 13:  log pseudolikelihood = -9613.4526  

Structural equation model                       Number of obs     =        244
Estimation method  = ml
Log pseudolikelihood= -9613.4526

-------------------------------------------------------------------------------------------------
                                |           Satorra-Bentler
                   Standardized |      Coef.   Std. Err.      z    P>|z|     [95% Conf. Interval]
--------------------------------+----------------------------------------------------------------
Structural                      |
  sexquan <-                    |
                  sexactBalance |   .1476768   .0661657     2.23   0.026     .0179944    .2773592
                       sexfan02 |   .0255253   .0583121     0.44   0.662    -.0887642    .1398149
                            age |  -.0588799   .0916602    -0.64   0.521    -.2385306    .1207708
                      education |  -.0598046   .0590053    -1.01   0.311    -.1754528    .0558436
                       stress01 |  -.1229613   .0702055    -1.75   0.080    -.2605616     .014639
                   healthphys01 |   .1032289   .0642143     1.61   0.108    -.0226288    .2290865
                       bigfiveO |  -.0078599   .0627798    -0.13   0.900    -.1309061    .1151863
                 coupleduration |   -.041436   .0988552    -0.42   0.675    -.2351887    .1523167
                         couple |    .186592   .0641243     2.91   0.004     .0609106    .3122734
                          _cons |   3.527941   .5314461     6.64   0.000     2.486326    4.569557
  ------------------------------+----------------------------------------------------------------
  sexactBalance <-              |
                       sexfan02 |   .1335052   .0649359     2.06   0.040     .0062332    .2607772
                       distract |  -.1434883   .0818081    -1.75   0.079    -.3038292    .0168526
                     sexpornB01 |   .1376881   .0640524     2.15   0.032     .0121477    .2632284
                      sexcomm01 |   .0311058    .057638     0.54   0.589    -.0818625    .1440742
                            age |   .1357488   .1199128     1.13   0.258     -.099276    .3707736
                      education |  -.0399426   .0691559    -0.58   0.564    -.1754857    .0956004
                       stress01 |   .0813878   .0700553     1.16   0.245    -.0559181    .2186937
                   healthphys01 |   .0545496   .0643376     0.85   0.397    -.0715497     .180649
                       bigfiveO |   .1830649   .0719093     2.55   0.011     .0421252    .3240046
                 coupleduration |  -.1046643   .0799971    -1.31   0.191    -.2614557     .052127
                          _cons |  -.1660967   .5003624    -0.33   0.740    -1.146789    .8145956
  ------------------------------+----------------------------------------------------------------
  sexorgasm01 <-                |
                  sexactBalance |   .1066136   .0621791     1.71   0.086    -.0152553    .2284824
                       distract |  -.1955507     .08196    -2.39   0.017    -.3561893   -.0349121
                            age |  -.0026994   .0788928    -0.03   0.973    -.1573264    .1519275
                      education |  -.0555911   .0613091    -0.91   0.365    -.1757548    .0645726
                       stress01 |  -.0409474   .0694655    -0.59   0.556    -.1770972    .0952024
                   healthphys01 |  -.0149576   .0657877    -0.23   0.820    -.1438992    .1139839
                       bigfiveO |   .0481642   .0678305     0.71   0.478    -.0847811    .1811096
                 coupleduration |   .1216352   .0751341     1.62   0.105     -.025625    .2688954
                          _cons |    1.76801   .5497853     3.22   0.001     .6904509     2.84557
  ------------------------------+----------------------------------------------------------------
  sexfan02 <-                   |
                     sexpornB01 |   .3013986   .0628442     4.80   0.000     .1782262    .4245711
                     sexmastB01 |   .2509955   .0608813     4.12   0.000     .1316703    .3703206
                            age |   .0112692   .0852228     0.13   0.895    -.1557645    .1783029
                      education |  -.0802096   .0554489    -1.45   0.148    -.1888875    .0284683
                       stress01 |   .0160795   .0530134     0.30   0.762    -.0878248    .1199839
                   healthphys01 |   .0256694   .0576639     0.45   0.656    -.0873498    .1386886
                       bigfiveO |   .1714152   .0552733     3.10   0.002     .0630816    .2797489
                 coupleduration |  -.0239407   .0789204    -0.30   0.762    -.1786219    .1307405
                          _cons |   .6026149   .4795945     1.26   0.209    -.3373731    1.542603
  ------------------------------+----------------------------------------------------------------
  sexsatlat <-                  |
                        sexquan |   .4659404    .051501     9.05   0.000     .3650004    .5668804
                  sexactBalance |   .1581688   .0656313     2.41   0.016     .0295337    .2868038
                    sexorgasm01 |   .1811128   .0536447     3.38   0.001     .0759711    .2862545
                       distract |  -.1841322   .0784885    -2.35   0.019     -.337967   -.0302975
                      sexcomm01 |   .0764991   .0531943     1.44   0.150    -.0277598    .1807581
                            age |  -.0102121   .0749397    -0.14   0.892    -.1570912     .136667
                      education |  -.0288556   .0560375    -0.51   0.607    -.1386871    .0809759
                       stress01 |  -.0652334   .0587948    -1.11   0.267    -.1804691    .0500022
                   healthphys01 |    .023253   .0546122     0.43   0.670    -.0837849     .130291
                       bigfiveO |   -.068048   .0636363    -1.07   0.285     -.192773    .0566769
                 coupleduration |   -.037318   .0639875    -0.58   0.560    -.1627312    .0880952
                         couple |   .2148028   .0561686     3.82   0.000     .1047142    .3248913
  ------------------------------+----------------------------------------------------------------
  distract <-                   |
                     sexpornB01 |   .0168074    .072075     0.23   0.816     -.124457    .1580718
                      sexcomm01 |  -.2388232   .0738034    -3.24   0.001    -.3834752   -.0941713
                            age |   -.167322   .0980437    -1.71   0.088    -.3594841    .0248401
                      education |  -.2353011   .0792657    -2.97   0.003    -.3906591   -.0799431
                       stress01 |   .2294841   .0769414     2.98   0.003     .0786818    .3802864
                   healthphys01 |  -.1710387   .0860367    -1.99   0.047    -.3396674   -.0024099
                       bigfiveO |   -.068732    .067766    -1.01   0.310     -.201551     .064087
                 coupleduration |   .1364116   .1092163     1.25   0.212    -.0776485    .3504716
                         couple |  -.0064209    .068098    -0.09   0.925    -.1398905    .1270487
--------------------------------+----------------------------------------------------------------
Measurement                     |
  sexsat01 <-                   |
                      sexsatlat |   .8134511   .0283023    28.74   0.000     .7579796    .8689225
                          _cons |   1.054439   .4093198     2.58   0.010     .2521871    1.856691
  ------------------------------+----------------------------------------------------------------
  sexsat02 <-                   |
                      sexsatlat |    .906369   .0204948    44.22   0.000     .8661999    .9465381
                          _cons |   .9356695   .4362653     2.14   0.032     .0806053    1.790734
  ------------------------------+----------------------------------------------------------------
  sexsat03 <-                   |
                      sexsatlat |   .7822677   .0311661    25.10   0.000     .7211831    .8433522
                          _cons |   .5698537   .3787588     1.50   0.132    -.1724999    1.312207
  ------------------------------+----------------------------------------------------------------
  couplebond01 <-               |
                         couple |   .8675812   .0331949    26.14   0.000     .8025204     .932642
                          _cons |   5.528909    .418752    13.20   0.000      4.70817    6.349648
  ------------------------------+----------------------------------------------------------------
  couplebond02 <-               |
                         couple |   .7920086   .0340462    23.26   0.000     .7252793    .8587379
                          _cons |    4.69762   .3264523    14.39   0.000     4.057786    5.337455
  ------------------------------+----------------------------------------------------------------
  coupleint01 <-                |
                         couple |   .8939725    .028453    31.42   0.000     .8382057    .9497394
                          _cons |   4.904401    .331417    14.80   0.000     4.254836    5.553966
  ------------------------------+----------------------------------------------------------------
  sexnet01 <-                   |
                       distract |   .7748321   .0656014    11.81   0.000     .6462557    .9034086
                          _cons |    3.26912   .5054925     6.47   0.000     2.278373    4.259867
  ------------------------------+----------------------------------------------------------------
  sexnet02 <-                   |
                       distract |   .6222861   .0680612     9.14   0.000     .4888886    .7556837
                          _cons |   3.293173   .4208651     7.82   0.000     2.468293    4.118054
--------------------------------+----------------------------------------------------------------
                mean(sexpornB01)|   1.732842   .0656647    26.39   0.000     1.604141    1.861542
                mean(sexmastB01)|   2.213106   .1077024    20.55   0.000     2.002014    2.424199
                 mean(sexcomm01)|   2.301978    .115746    19.89   0.000      2.07512    2.528836
                       mean(age)|   3.317645   .1677564    19.78   0.000     2.988848    3.646441
                 mean(education)|   4.217129   .1833024    23.01   0.000     3.857863    4.576395
                  mean(stress01)|   2.546304   .1303928    19.53   0.000     2.290739    2.801869
              mean(healthphys01)|   2.643183   .1472912    17.95   0.000     2.354497    2.931868
                  mean(bigfiveO)|   4.845483   .3141952    15.42   0.000     4.229672    5.461295
            mean(coupleduration)|   1.386422   .0992358    13.97   0.000     1.191924    1.580921
--------------------------------+----------------------------------------------------------------
                 var(e.sexsat01)|   .3382974    .046045                      .2590855    .4417272
                 var(e.sexsat02)|   .1784953   .0371517                      .1187023    .2684074
                 var(e.sexsat03)|   .3880573   .0487605                      .3033471    .4964229
             var(e.couplebond01)|   .2473028   .0575985                      .1566673     .390373
             var(e.couplebond02)|   .3727224   .0539297                       .280688    .4949337
              var(e.coupleint01)|   .2008131   .0508724                      .1222237    .3299352
                 var(e.sexnet01)|   .3996352   .1016602                      .2427353    .6579524
                 var(e.sexnet02)|     .61276   .0847071                      .4673276    .8034509
                  var(e.sexquan)|   .8915312   .0358803                      .8239092    .9647033
            var(e.sexactBalance)|   .8515216   .0476236                       .763115      .95017
              var(e.sexorgasm01)|   .9233897   .0339137                      .8592562    .9923101
                 var(e.sexfan02)|   .7144348   .0484009                      .6255992    .8158851
                var(e.sexsatlat)|   .4708681    .049185                       .383695    .5778463
                 var(e.distract)|    .743315   .0677177                      .6217653    .8886266
                 var(sexpornB01)|          1          .                             .           .
                 var(sexmastB01)|          1          .                             .           .
                  var(sexcomm01)|          1          .                             .           .
                        var(age)|          1          .                             .           .
                  var(education)|          1          .                             .           .
                   var(stress01)|          1          .                             .           .
               var(healthphys01)|          1          .                             .           .
                   var(bigfiveO)|          1          .                             .           .
             var(coupleduration)|          1          .                             .           .
                     var(couple)|          1          .                             .           .
--------------------------------+----------------------------------------------------------------
      cov(sexpornB01,sexmastB01)|   .5323617   .0453141    11.75   0.000     .4435476    .6211757
       cov(sexpornB01,sexcomm01)|  -.0513632    .065344    -0.79   0.432     -.179435    .0767086
             cov(sexpornB01,age)|   .0908734   .0657707     1.38   0.167    -.0380349    .2197816
       cov(sexpornB01,education)|  -.0762257   .0651405    -1.17   0.242    -.2038987    .0514474
        cov(sexpornB01,stress01)|   .0918366   .0634414     1.45   0.148    -.0325062    .2161795
    cov(sexpornB01,healthphys01)|  -.1191198   .0647912    -1.84   0.066    -.2461083    .0078686
        cov(sexpornB01,bigfiveO)|   .0278679   .0669572     0.42   0.677    -.1033657    .1591015
  cov(sexpornB01,coupleduration)|   .0485702   .0648447     0.75   0.454    -.0785232    .1756635
          cov(sexpornB01,couple)|  -.0910574   .0623045    -1.46   0.144    -.2131719    .0310571
       cov(sexmastB01,sexcomm01)|  -.0845058   .0636342    -1.33   0.184    -.2092265    .0402148
             cov(sexmastB01,age)|   .1020885   .0635914     1.61   0.108    -.0225484    .2267254
       cov(sexmastB01,education)|   .0097868   .0625193     0.16   0.876    -.1127487    .1323223
        cov(sexmastB01,stress01)|   .1519487   .0643032     2.36   0.018     .0259166    .2779807
    cov(sexmastB01,healthphys01)|  -.0589355   .0601903    -0.98   0.328    -.1769064    .0590354
        cov(sexmastB01,bigfiveO)|   .1183975   .0627165     1.89   0.059    -.0045246    .2413196
  cov(sexmastB01,coupleduration)|   .0785102   .0564583     1.39   0.164    -.0321461    .1891665
          cov(sexmastB01,couple)|  -.0212995   .0628232    -0.34   0.735    -.1444306    .1018316
              cov(sexcomm01,age)|   .0509031   .0585816     0.87   0.385    -.0639148    .1657209
        cov(sexcomm01,education)|  -.0573872   .0666427    -0.86   0.389    -.1880045    .0732301
         cov(sexcomm01,stress01)|  -.0154403   .0649541    -0.24   0.812    -.1427479    .1118673
     cov(sexcomm01,healthphys01)|  -.0121319   .0637485    -0.19   0.849    -.1370768    .1128129
         cov(sexcomm01,bigfiveO)|    .100987   .0644173     1.57   0.117    -.0252686    .2272426
   cov(sexcomm01,coupleduration)|  -.0128391   .0612431    -0.21   0.834    -.1328734    .1071951
           cov(sexcomm01,couple)|   .1572291   .0651113     2.41   0.016     .0296133     .284845
              cov(age,education)|   .0997656    .072169     1.38   0.167     -.041683    .2412142
               cov(age,stress01)|  -.0451223   .0631844    -0.71   0.475    -.1689613    .0787168
           cov(age,healthphys01)|  -.0593194    .059508    -1.00   0.319     -.175953    .0573142
               cov(age,bigfiveO)|    .068028   .0607519     1.12   0.263    -.0510436    .1870996
         cov(age,coupleduration)|   .6882479   .0495061    13.90   0.000     .5912178     .785278
                 cov(age,couple)|  -.0744623   .0561371    -1.33   0.185    -.1844889    .0355644
         cov(education,stress01)|  -.0022004   .0679983    -0.03   0.974    -.1354746    .1310738
     cov(education,healthphys01)|   .0690977   .0663202     1.04   0.297    -.0608874    .1990829
         cov(education,bigfiveO)|    .010907   .0640011     0.17   0.865    -.1145328    .1363469
   cov(education,coupleduration)|  -.0531049   .0807715    -0.66   0.511    -.2114141    .1052044
           cov(education,couple)|    .118805   .0668856     1.78   0.076    -.0122883    .2498984
      cov(stress01,healthphys01)|  -.3345464   .0522868    -6.40   0.000    -.4370266   -.2320662
          cov(stress01,bigfiveO)|   .1011733   .0687059     1.47   0.141    -.0334878    .2358344
    cov(stress01,coupleduration)|  -.0770671    .049455    -1.56   0.119     -.173997    .0198629
            cov(stress01,couple)|  -.1181135   .0726936    -1.62   0.104    -.2605903    .0243633
      cov(healthphys01,bigfiveO)|  -.1307676   .0529057    -2.47   0.013    -.2344609   -.0270744
cov(healthphys01,coupleduration)|  -.0312579   .0623777    -0.50   0.616     -.153516    .0910002
        cov(healthphys01,couple)|   .0789488   .0662947     1.19   0.234    -.0509864    .2088841
    cov(bigfiveO,coupleduration)|  -.0262445   .0678659    -0.39   0.699    -.1592593    .1067702
            cov(bigfiveO,couple)|   .1558174   .0817253     1.91   0.057    -.0043612     .315996
      cov(coupleduration,couple)|  -.0396002   .0496339    -0.80   0.425     -.136881    .0576805
-------------------------------------------------------------------------------------------------
LR test of model vs. saturated: chi2(101) =    141.13, Prob > chi2 = 0.0052
Satorra-Bentler scaled test:    chi2(101) =    129.40, Prob > chi2 = 0.0299

.                                                                                                                                                                      
>                                                                                                                                                                      
>                                       #delimit cr
delimiter now cr
. 
. //-----Testen der Modellgüte-----
. estat gof, stats(all)

----------------------------------------------------------------------------
Fit statistic        |      Value   Description
---------------------+------------------------------------------------------
Likelihood ratio     |
        chi2_ms(101) |    141.131   model vs. saturated
            p > chi2 |      0.005
        chi2_bs(174) |   1407.198   baseline vs. saturated
            p > chi2 |      0.000
                     |
  Satorra-Bentler    |
      chi2sb_ms(101) |    129.399   
            p > chi2 |      0.030
      chi2sb_bs(174) |   1290.933   
            p > chi2 |      0.000
---------------------+------------------------------------------------------
Population error     |
               RMSEA |      0.040   Root mean squared error of approximation
 90% CI, lower bound |      0.023
         upper bound |      0.055
              pclose |      0.846   Probability RMSEA <= 0.05
                     |
  Satorra-Bentler    |
            RMSEA_SB |      0.034   Root mean squared error of approximation
---------------------+------------------------------------------------------
Information criteria |
                 AIC |  19528.905   Akaike's information criterion
                 BIC |  20056.978   Bayesian information criterion
---------------------+------------------------------------------------------
Baseline comparison  |
                 CFI |      0.967   Comparative fit index
                 TLI |      0.944   Tucker-Lewis index
                     |
  Satorra-Bentler    |
              CFI_SB |      0.975   Comparative fit index
              TLI_SB |      0.956   Tucker-Lewis index
---------------------+------------------------------------------------------
Size of residuals    |
                SRMR |      0.037   Standardized root mean squared residual
                  CD |      0.954   Coefficient of determination
----------------------------------------------------------------------------

.         
. log close
      name:  <unnamed>
       log:  \log\B2_SEM_full_MLSB_standardized_KONTROLL-LONGREL-no
> kids.log
  log type:  text
 closed on:   1 Jun 2015, 00:14:21
-----------------------------------------------------------------------------------------------------------------------------------------------------------------------
