------------------------------------------------------------------------------------------------------------------------------------------------------------
      name:  <unnamed>
       log:  \log\B2_SEM_full_MLSB_standard
> ized_healthment-yes.log
  log type:  text
 opened on:  15 May 2022, 18:22:18

. 
. //######## SEM final MLSB standardisiert keine Pornos ########
. 
. #delimit ;
delimiter now ;
. sem
> ${gesamtModellPfade}
> ${kontrollVariablenPfade}
> if
> healthment > 4
> , 
> latent (sexsatlat distract couple) 
> standardized nocnsreport nocapslatent 
> method(ml)
> vce(sbentler)  
> cov(
> ${gesamtModellKovarianzen}
> ${kontrollVariablenKovarianzen}
> )
> ;
(24 observations with missing values excluded)

Endogenous variables

Observed:     sexquan sexactBalance sexorgasm01 sexfan02
Measurement:  sexsat01 sexsat02 sexsat03 couplebond01 couplebond02 coupleint01 sexnet01 sexnet02
Latent:       sexsatlat distract

Exogenous variables

Observed:     sexpornB01 sexmastB01 sexcomm01 age education stress01 healthphys01 bigfiveO coupleduration
Latent:       couple

Fitting target model:

Iteration 0:   log pseudolikelihood = -30908.256  (not concave)
Iteration 1:   log pseudolikelihood = -29799.307  (not concave)
Iteration 2:   log pseudolikelihood = -28531.271  (not concave)
Iteration 3:   log pseudolikelihood = -27591.063  (not concave)
Iteration 4:   log pseudolikelihood = -27061.955  (not concave)
Iteration 5:   log pseudolikelihood = -26942.384  (not concave)
Iteration 6:   log pseudolikelihood =  -26922.39  (not concave)
Iteration 7:   log pseudolikelihood = -26918.257  
Iteration 8:   log pseudolikelihood = -26887.599  (not concave)
Iteration 9:   log pseudolikelihood = -26884.031  
Iteration 10:  log pseudolikelihood = -26882.228  (not concave)
Iteration 11:  log pseudolikelihood = -26878.525  
Iteration 12:  log pseudolikelihood = -26877.884  
Iteration 13:  log pseudolikelihood = -26877.465  
Iteration 14:  log pseudolikelihood = -26877.383  
Iteration 15:  log pseudolikelihood = -26877.381  

Structural equation model                       Number of obs     =        688
Estimation method  = ml
Log pseudolikelihood= -26877.381

-------------------------------------------------------------------------------------------------
                                |           Satorra-Bentler
                   Standardized |      Coef.   Std. Err.      z    P>|z|     [95% Conf. Interval]
--------------------------------+----------------------------------------------------------------
Structural                      |
  sexquan <-                    |
                  sexactBalance |   .2196521   .0370847     5.92   0.000     .1469674    .2923367
                       sexfan02 |    .083818   .0352023     2.38   0.017     .0148226    .1528133
                            age |    .017961   .0451166     0.40   0.691    -.0704659     .106388
                      education |  -.0681875    .033673    -2.02   0.043    -.1341853   -.0021897
                       stress01 |  -.0389155   .0363436    -1.07   0.284    -.1101476    .0323166
                   healthphys01 |   .0329363   .0346525     0.95   0.342    -.0349812    .1008539
                       bigfiveO |   .0177767   .0358523     0.50   0.620    -.0524925    .0880459
                 coupleduration |  -.2748104   .0494571    -5.56   0.000    -.3717444   -.1778764
                         couple |   .1444055   .0373434     3.87   0.000     .0712139    .2175972
                          _cons |   3.253353   .3261259     9.98   0.000     2.614158    3.892548
  ------------------------------+----------------------------------------------------------------
  sexactBalance <-              |
                       sexfan02 |   .1341682   .0388632     3.45   0.001     .0579977    .2103388
                       distract |  -.1316076   .0493394    -2.67   0.008     -.228311   -.0349043
                     sexpornB01 |   .1784838    .040476     4.41   0.000     .0991522    .2578154
                      sexcomm01 |   .0274296   .0369545     0.74   0.458    -.0449998    .0998589
                            age |   .0462135   .0537875     0.86   0.390     -.059208     .151635
                      education |  -.0156043   .0376584    -0.41   0.679    -.0894134    .0582048
                       stress01 |   .0296174   .0383308     0.77   0.440    -.0455096    .1047443
                   healthphys01 |  -.0033585   .0346163    -0.10   0.923    -.0712052    .0644881
                       bigfiveO |   .1565959    .037757     4.15   0.000     .0825937    .2305982
                 coupleduration |  -.1195614    .041405    -2.89   0.004    -.2007137   -.0384091
                          _cons |    .483226   .3568476     1.35   0.176    -.2161825    1.182634
  ------------------------------+----------------------------------------------------------------
  sexorgasm01 <-                |
                  sexactBalance |    .168306   .0373698     4.50   0.000     .0950625    .2415495
                       distract |  -.1887402   .0475452    -3.97   0.000    -.2819271   -.0955533
                            age |   .0619664    .044944     1.38   0.168    -.0261222    .1500551
                      education |   .0142435   .0372621     0.38   0.702    -.0587888    .0872759
                       stress01 |    .017011    .037749     0.45   0.652    -.0569757    .0909978
                   healthphys01 |   .0232749   .0379869     0.61   0.540    -.0511781    .0977279
                       bigfiveO |  -.0177087   .0396801    -0.45   0.655    -.0954803    .0600628
                 coupleduration |   .0723917   .0410854     1.76   0.078    -.0081342    .1529175
                          _cons |   1.210252   .3370391     3.59   0.000     .5496675    1.870836
  ------------------------------+----------------------------------------------------------------
  sexfan02 <-                   |
                     sexpornB01 |   .2810946   .0386844     7.27   0.000     .2052745    .3569147
                     sexmastB01 |   .1868888   .0405961     4.60   0.000     .1073218    .2664557
                            age |  -.0034004   .0415109    -0.08   0.935    -.0847602    .0779594
                      education |  -.0577971   .0356862    -1.62   0.105    -.1277407    .0121464
                       stress01 |    .066556    .035168     1.89   0.058    -.0023719     .135484
                   healthphys01 |  -.0178225   .0356697    -0.50   0.617    -.0877339    .0520889
                       bigfiveO |   .1381049   .0349128     3.96   0.000      .069677    .2065328
                 coupleduration |  -.0106893   .0417884    -0.26   0.798     -.092593    .0712145
                          _cons |   .9352448   .3142966     2.98   0.003     .3192349    1.551255
  ------------------------------+----------------------------------------------------------------
  sexsatlat <-                  |
                        sexquan |   .4600134   .0320064    14.37   0.000     .3972821    .5227448
                  sexactBalance |   .1182587   .0355934     3.32   0.001     .0484968    .1880206
                    sexorgasm01 |   .2788987   .0322599     8.65   0.000     .2156705     .342127
                       distract |  -.1454282   .0445723    -3.26   0.001    -.2327883   -.0580681
                      sexcomm01 |    .077226   .0288641     2.68   0.007     .0206533    .1337986
                            age |  -.0602402   .0353752    -1.70   0.089    -.1295744    .0090939
                      education |  -.0584081    .030621    -1.91   0.056     -.118424    .0016079
                       stress01 |  -.0236814   .0303043    -0.78   0.435    -.0830767    .0357139
                   healthphys01 |  -.0199935   .0297982    -0.67   0.502    -.0783968    .0384099
                       bigfiveO |  -.0278594   .0335358    -0.83   0.406    -.0935884    .0378696
                 coupleduration |  -.0549731   .0356041    -1.54   0.123    -.1247558    .0148096
                         couple |   .2668588   .0346478     7.70   0.000     .1989505    .3347672
  ------------------------------+----------------------------------------------------------------
  distract <-                   |
                     sexpornB01 |   .0754792   .0456124     1.65   0.098    -.0139195    .1648779
                      sexcomm01 |   -.164352   .0479785    -3.43   0.001    -.2583881   -.0703158
                            age |  -.1755328   .0546408    -3.21   0.001    -.2826268   -.0684388
                      education |  -.1813687    .048329    -3.75   0.000    -.2760919   -.0866455
                       stress01 |   .0629292   .0511529     1.23   0.219    -.0373286    .1631871
                   healthphys01 |  -.0872805   .0466667    -1.87   0.061    -.1787455    .0041845
                       bigfiveO |  -.0940494   .0499315    -1.88   0.060    -.1919133    .0038145
                 coupleduration |   .0449919    .060526     0.74   0.457    -.0736368    .1636206
                         couple |  -.1409442   .0484588    -2.91   0.004    -.2359217   -.0459666
--------------------------------+----------------------------------------------------------------
Measurement                     |
  sexsat01 <-                   |
                      sexsatlat |   .8315784   .0192656    43.16   0.000     .7938186    .8693383
                          _cons |   1.615939   .2784517     5.80   0.000     1.070183    2.161694
  ------------------------------+----------------------------------------------------------------
  sexsat02 <-                   |
                      sexsatlat |   .9261909   .0121704    76.10   0.000     .9023374    .9500444
                          _cons |   1.335178   .2941423     4.54   0.000     .7586697    1.911686
  ------------------------------+----------------------------------------------------------------
  sexsat03 <-                   |
                      sexsatlat |   .7835648   .0196863    39.80   0.000     .7449804    .8221492
                          _cons |   .8674834   .2430864     3.57   0.000     .3910427    1.343924
  ------------------------------+----------------------------------------------------------------
  couplebond01 <-               |
                         couple |   .8603265   .0237518    36.22   0.000     .8137738    .9068791
                          _cons |   5.677958   .2972044    19.10   0.000     5.095448    6.260468
  ------------------------------+----------------------------------------------------------------
  couplebond02 <-               |
                         couple |   .7600511   .0335243    22.67   0.000     .6943448    .8257575
                          _cons |   4.332923   .2163403    20.03   0.000     3.908903    4.756942
  ------------------------------+----------------------------------------------------------------
  coupleint01 <-                |
                         couple |   .8630337   .0252315    34.20   0.000     .8135808    .9124865
                          _cons |   5.156794   .2473535    20.85   0.000      4.67199    5.641598
  ------------------------------+----------------------------------------------------------------
  sexnet01 <-                   |
                       distract |   .7030498   .0514814    13.66   0.000      .602148    .8039515
                          _cons |   3.108658   .3125178     9.95   0.000     2.496134    3.721181
  ------------------------------+----------------------------------------------------------------
  sexnet02 <-                   |
                       distract |   .6428737    .050271    12.79   0.000     .5443443    .7414031
                          _cons |   3.337416   .2978954    11.20   0.000     2.753552     3.92128
--------------------------------+----------------------------------------------------------------
                mean(sexpornB01)|   1.578451   .0320682    49.22   0.000     1.515598    1.641303
                mean(sexmastB01)|   2.024899   .0555662    36.44   0.000     1.915991    2.133807
                 mean(sexcomm01)|   2.383495   .0790726    30.14   0.000     2.228516    2.538474
                       mean(age)|   3.612077   .1189553    30.36   0.000     3.378929    3.845225
                 mean(education)|   4.144137   .1008158    41.11   0.000     3.946541    4.341732
                  mean(stress01)|   2.326647   .0646447    35.99   0.000     2.199946    2.453349
              mean(healthphys01)|   3.695993   .1595607    23.16   0.000      3.38326    4.008726
                  mean(bigfiveO)|   4.894644   .1783228    27.45   0.000     4.545138     5.24415
            mean(coupleduration)|   .9085475   .0334602    27.15   0.000     .8429666    .9741284
--------------------------------+----------------------------------------------------------------
                 var(e.sexsat01)|   .3084773   .0320417                      .2516568    .3781272
                 var(e.sexsat02)|   .1421704   .0225442                      .1041916    .1939927
                 var(e.sexsat03)|   .3860262    .030851                      .3300573     .451486
             var(e.couplebond01)|   .2598384   .0408686                      .1909073    .3536585
             var(e.couplebond02)|   .4223222   .0509603                      .3333743    .5350025
              var(e.coupleint01)|   .2551729   .0435513                      .1826236    .3565433
                 var(e.sexnet01)|    .505721    .072388                      .3820072    .6694998
                 var(e.sexnet02)|   .5867135   .0646358                       .472773    .7281141
                  var(e.sexquan)|   .8169301   .0315772                      .7573262    .8812251
            var(e.sexactBalance)|   .8544485    .025023                      .8067852    .9049276
              var(e.sexorgasm01)|   .9100248   .0229863                      .8660696     .956211
                 var(e.sexfan02)|   .7890338   .0277359                      .7365027    .8453116
                var(e.sexsatlat)|   .4278648   .0302065                      .3725747    .4913601
                 var(e.distract)|   .8539973   .0333918                      .7909955    .9220171
                 var(sexpornB01)|          1          .                             .           .
                 var(sexmastB01)|          1          .                             .           .
                  var(sexcomm01)|          1          .                             .           .
                        var(age)|          1          .                             .           .
                  var(education)|          1          .                             .           .
                   var(stress01)|          1          .                             .           .
               var(healthphys01)|          1          .                             .           .
                   var(bigfiveO)|          1          .                             .           .
             var(coupleduration)|          1          .                             .           .
                     var(couple)|          1          .                             .           .
--------------------------------+----------------------------------------------------------------
      cov(sexpornB01,sexmastB01)|   .4900267   .0293112    16.72   0.000     .4325777    .5474756
       cov(sexpornB01,sexcomm01)|   .0012973    .038793     0.03   0.973    -.0747356    .0773303
             cov(sexpornB01,age)|   .0778264   .0385019     2.02   0.043     .0023641    .1532888
       cov(sexpornB01,education)|  -.0195927   .0389877    -0.50   0.615    -.0960071    .0568217
        cov(sexpornB01,stress01)|  -.0192991    .038979    -0.50   0.621    -.0956965    .0570984
    cov(sexpornB01,healthphys01)|   .0031665   .0354933     0.09   0.929    -.0663991     .072732
        cov(sexpornB01,bigfiveO)|   .1205895   .0390028     3.09   0.002     .0441455    .1970335
  cov(sexpornB01,coupleduration)|   .0116868   .0385558     0.30   0.762    -.0638812    .0872548
          cov(sexpornB01,couple)|  -.0146863   .0382652    -0.38   0.701    -.0896848    .0603121
       cov(sexmastB01,sexcomm01)|  -.0841666   .0377443    -2.23   0.026    -.1581439   -.0101892
             cov(sexmastB01,age)|   .1180115   .0368293     3.20   0.001     .0458274    .1901956
       cov(sexmastB01,education)|    .059428   .0365571     1.63   0.104    -.0122226    .1310785
        cov(sexmastB01,stress01)|  -.0031386   .0395503    -0.08   0.937    -.0806558    .0743787
    cov(sexmastB01,healthphys01)|   .0301922   .0373533     0.81   0.419    -.0430189    .1034034
        cov(sexmastB01,bigfiveO)|   .2019556   .0381266     5.30   0.000     .1272287    .2766824
  cov(sexmastB01,coupleduration)|   .0280514   .0348701     0.80   0.421    -.0402927    .0963955
          cov(sexmastB01,couple)|  -.0300967   .0387112    -0.78   0.437    -.1059692    .0457759
              cov(sexcomm01,age)|  -.0194852   .0357633    -0.54   0.586      -.08958    .0506096
        cov(sexcomm01,education)|  -.0441526   .0380842    -1.16   0.246    -.1187962     .030491
         cov(sexcomm01,stress01)|  -.0831975   .0380286    -2.19   0.029    -.1577322   -.0086629
     cov(sexcomm01,healthphys01)|   .0677263    .038797     1.75   0.081    -.0083143     .143767
         cov(sexcomm01,bigfiveO)|   .0645001   .0392006     1.65   0.100    -.0123315    .1413318
   cov(sexcomm01,coupleduration)|  -.0851906   .0355003    -2.40   0.016    -.1547699   -.0156113
           cov(sexcomm01,couple)|   .0854343   .0381832     2.24   0.025     .0105966    .1602721
              cov(age,education)|   .1103655   .0431499     2.56   0.011     .0257933    .1949376
               cov(age,stress01)|  -.0293939   .0399792    -0.74   0.462    -.1077517    .0489638
           cov(age,healthphys01)|  -.0827595   .0382414    -2.16   0.030    -.1577113   -.0078076
               cov(age,bigfiveO)|   .0337727   .0386572     0.87   0.382    -.0419941    .1095395
         cov(age,coupleduration)|    .579315   .0357685    16.20   0.000       .50921      .64942
                 cov(age,couple)|  -.0280411    .039174    -0.72   0.474    -.1048208    .0487387
         cov(education,stress01)|   .0470316    .038545     1.22   0.222    -.0285153    .1225785
     cov(education,healthphys01)|   .0031979   .0390704     0.08   0.935    -.0733786    .0797744
         cov(education,bigfiveO)|  -.0263397   .0378396    -0.70   0.486    -.1005041    .0478246
   cov(education,coupleduration)|   .0354898   .0457068     0.78   0.437    -.0540939    .1250735
           cov(education,couple)|   .0349344   .0417807     0.84   0.403    -.0469543     .116823
      cov(stress01,healthphys01)|  -.1930799    .034521    -5.59   0.000      -.26074   -.1254199
          cov(stress01,bigfiveO)|  -.0052056   .0396966    -0.13   0.896    -.0830095    .0725983
    cov(stress01,coupleduration)|  -.0143472   .0349222    -0.41   0.681    -.0827935    .0540992
            cov(stress01,couple)|  -.1101082   .0413787    -2.66   0.008    -.1912088   -.0290075
      cov(healthphys01,bigfiveO)|   .0185527   .0423389     0.44   0.661      -.06443    .1015354
cov(healthphys01,coupleduration)|  -.0543352   .0423635    -1.28   0.200    -.1373661    .0286957
        cov(healthphys01,couple)|   .0331595   .0395198     0.84   0.401     -.044298    .1106169
    cov(bigfiveO,coupleduration)|  -.0640626   .0414421    -1.55   0.122    -.1452876    .0171623
            cov(bigfiveO,couple)|   .0838883   .0449988     1.86   0.062    -.0043077    .1720844
      cov(coupleduration,couple)|   .0128607   .0352914     0.36   0.716    -.0563091    .0820306
-------------------------------------------------------------------------------------------------
LR test of model vs. saturated: chi2(101) =    196.51, Prob > chi2 = 0.0000
Satorra-Bentler scaled test:    chi2(101) =    182.19, Prob > chi2 = 0.0000

.                                                                                                                                                           
>                                                                                                                                                           
>                                                             #delimit cr
delimiter now cr
. 
. //-----Testen der Modellgüte-----
. estat gof, stats(all)

----------------------------------------------------------------------------
Fit statistic        |      Value   Description
---------------------+------------------------------------------------------
Likelihood ratio     |
        chi2_ms(101) |    196.509   model vs. saturated
            p > chi2 |      0.000
        chi2_bs(174) |   3663.233   baseline vs. saturated
            p > chi2 |      0.000
                     |
  Satorra-Bentler    |
      chi2sb_ms(101) |    182.186   
            p > chi2 |      0.000
      chi2sb_bs(174) |   3340.081   
            p > chi2 |      0.000
---------------------+------------------------------------------------------
Population error     |
               RMSEA |      0.037   Root mean squared error of approximation
 90% CI, lower bound |      0.029
         upper bound |      0.045
              pclose |      0.998   Probability RMSEA <= 0.05
                     |
  Satorra-Bentler    |
            RMSEA_SB |      0.034   Root mean squared error of approximation
---------------------+------------------------------------------------------
Information criteria |
                 AIC |  54056.762   Akaike's information criterion
                 BIC |  54741.364   Bayesian information criterion
---------------------+------------------------------------------------------
Baseline comparison  |
                 CFI |      0.973   Comparative fit index
                 TLI |      0.953   Tucker-Lewis index
                     |
  Satorra-Bentler    |
              CFI_SB |      0.974   Comparative fit index
              TLI_SB |      0.956   Tucker-Lewis index
---------------------+------------------------------------------------------
Size of residuals    |
                SRMR |      0.030   Standardized root mean squared residual
                  CD |      0.934   Coefficient of determination
----------------------------------------------------------------------------

. 
. log close
      name:  <unnamed>
       log:  \log\B2_SEM_full_MLSB_standard
> ized_healthment-yes.log
  log type:  text
 closed on:  15 May 2022, 18:22:21
------------------------------------------------------------------------------------------------------------------------------------------------------------
