------------------------------------------------------------------------------------------------------------------------------------------------------------
      name:  <unnamed>
       log:  \log\B2_SEM_full_MLSB_standard
> ized_porn-no.log
  log type:  text
 opened on:  15 May 2022, 18:22:12

. 
. //######## SEM final MLSB standardisiert keine Pornos ########
. 
. #delimit ;
delimiter now ;
. sem
> ${gesamtModellPfade}
> ${kontrollVariablenPfade}
> if
> consumesporn == 0
> , 
> latent (sexsatlat distract couple) 
> standardized nocnsreport nocapslatent 
> method(ml)
> vce(sbentler)  
> cov(
> ${gesamtModellKovarianzen}
> ${kontrollVariablenKovarianzen}
> )
> ;
(25 observations with missing values excluded)

Endogenous variables

Observed:     sexquan sexactBalance sexorgasm01 sexfan02
Measurement:  sexsat01 sexsat02 sexsat03 couplebond01 couplebond02 coupleint01 sexnet01 sexnet02
Latent:       sexsatlat distract

Exogenous variables

Observed:     sexpornB01 sexmastB01 sexcomm01 age education stress01 healthphys01 bigfiveO coupleduration
Latent:       couple

Fitting target model:

Iteration 0:   log pseudolikelihood = -34366.307  (not concave)
Iteration 1:   log pseudolikelihood = -33082.299  (not concave)
Iteration 2:   log pseudolikelihood = -30440.172  (not concave)
Iteration 3:   log pseudolikelihood = -29744.296  (not concave)
Iteration 4:   log pseudolikelihood =  -29609.71  (not concave)
Iteration 5:   log pseudolikelihood = -29529.555  (not concave)
Iteration 6:   log pseudolikelihood = -29491.703  (not concave)
Iteration 7:   log pseudolikelihood = -29482.289  
Iteration 8:   log pseudolikelihood = -29463.979  (not concave)
Iteration 9:   log pseudolikelihood = -29450.824  
Iteration 10:  log pseudolikelihood = -29446.298  (not concave)
Iteration 11:  log pseudolikelihood = -29436.941  
Iteration 12:  log pseudolikelihood =  -29433.81  
Iteration 13:  log pseudolikelihood = -29432.743  (not concave)
Iteration 14:  log pseudolikelihood = -29430.791  
Iteration 15:  log pseudolikelihood = -29430.461  
Iteration 16:  log pseudolikelihood = -29430.455  
Iteration 17:  log pseudolikelihood = -29430.455  

Structural equation model                       Number of obs     =        764
Estimation method  = ml
Log pseudolikelihood= -29430.455

-------------------------------------------------------------------------------------------------
                                |           Satorra-Bentler
                   Standardized |      Coef.   Std. Err.      z    P>|z|     [95% Conf. Interval]
--------------------------------+----------------------------------------------------------------
Structural                      |
  sexquan <-                    |
                  sexactBalance |   .1883572   .0352224     5.35   0.000     .1193226    .2573918
                       sexfan02 |   .0981678   .0347498     2.82   0.005     .0300595    .1662761
                            age |   .0460539   .0423057     1.09   0.276    -.0368637    .1289715
                      education |  -.0758343   .0341562    -2.22   0.026    -.1427791   -.0088894
                       stress01 |   -.099053   .0372396    -2.66   0.008    -.1720413   -.0260648
                   healthphys01 |   .0275975   .0350919     0.79   0.432    -.0411813    .0963763
                       bigfiveO |   .0477456   .0338527     1.41   0.158    -.0186044    .1140957
                 coupleduration |  -.2548201   .0465871    -5.47   0.000    -.3461291    -.163511
                         couple |   .1496155   .0357887     4.18   0.000     .0794708    .2197601
                          _cons |   3.223726   .3265785     9.87   0.000     2.583644    3.863808
  ------------------------------+----------------------------------------------------------------
  sexactBalance <-              |
                       sexfan02 |   .1859687   .0342946     5.42   0.000     .1187525    .2531848
                       distract |  -.1214096   .0487089    -2.49   0.013    -.2168773    -.025942
                     sexpornB01 |   .0914063   .0349352     2.62   0.009     .0229346     .159878
                      sexcomm01 |   .0721257   .0339762     2.12   0.034     .0055335    .1387179
                            age |   .0340586   .0560661     0.61   0.544    -.0758289    .1439461
                      education |   .0018626   .0377393     0.05   0.961     -.072105    .0758303
                       stress01 |  -.0068609   .0371585    -0.18   0.854    -.0796901    .0659683
                   healthphys01 |   .0417529   .0385349     1.08   0.279     -.033774    .1172799
                       bigfiveO |   .1852737   .0367763     5.04   0.000     .1131935    .2573539
                 coupleduration |  -.0916034   .0408692    -2.24   0.025    -.1717055   -.0115013
                          _cons |   .0195821   .3583598     0.05   0.956    -.6827901    .7219544
  ------------------------------+----------------------------------------------------------------
  sexorgasm01 <-                |
                  sexactBalance |   .1363935   .0356217     3.83   0.000     .0665763    .2062107
                       distract |  -.2172475   .0478693    -4.54   0.000    -.3110697   -.1234254
                            age |   .0068512   .0455395     0.15   0.880    -.0824047    .0961071
                      education |   .0316251   .0364403     0.87   0.385    -.0397965    .1030468
                       stress01 |   .0252255   .0380078     0.66   0.507    -.0492685    .0997195
                   healthphys01 |  -.0116127   .0395837    -0.29   0.769    -.0891953      .06597
                       bigfiveO |   .0138658   .0372755     0.37   0.710    -.0591928    .0869245
                 coupleduration |   .1067681   .0403466     2.65   0.008     .0276903     .185846
                          _cons |   1.334325   .3240934     4.12   0.000     .6991133    1.969536
  ------------------------------+----------------------------------------------------------------
  sexfan02 <-                   |
                     sexpornB01 |   .1162093   .0339538     3.42   0.001     .0496611    .1827576
                     sexmastB01 |   .2516576   .0358192     7.03   0.000     .1814531     .321862
                            age |  -.0530524    .045871    -1.16   0.247    -.1429579     .036853
                      education |  -.0791751   .0356721    -2.22   0.026    -.1490912   -.0092591
                       stress01 |   .0742565   .0344446     2.16   0.031     .0067463    .1417666
                   healthphys01 |  -.0439282   .0353064    -1.24   0.213    -.1131275    .0252711
                       bigfiveO |   .1266914   .0330033     3.84   0.000     .0620061    .1913767
                 coupleduration |  -.0447502   .0412055    -1.09   0.277    -.1255115    .0360112
                          _cons |   1.355464    .306657     4.42   0.000     .7544278    1.956501
  ------------------------------+----------------------------------------------------------------
  sexsatlat <-                  |
                        sexquan |   .4795852   .0295134    16.25   0.000       .42174    .5374304
                  sexactBalance |   .1385973     .03256     4.26   0.000     .0747809    .2024138
                    sexorgasm01 |   .2703198   .0311257     8.68   0.000     .2093146    .3313251
                       distract |    -.14676    .045698    -3.21   0.001    -.2363264   -.0571936
                      sexcomm01 |   .0525965   .0279908     1.88   0.060    -.0022645    .1074576
                            age |  -.0308519   .0354596    -0.87   0.384    -.1003515    .0386478
                      education |  -.0547585   .0282243    -1.94   0.052     -.110077    .0005601
                       stress01 |  -.0060934   .0289277    -0.21   0.833    -.0627906    .0506038
                   healthphys01 |   .0242924    .030913     0.79   0.432     -.036296    .0848808
                       bigfiveO |   .0084847   .0305727     0.28   0.781    -.0514366     .068406
                 coupleduration |  -.0584358   .0345538    -1.69   0.091    -.1261601    .0092885
                         couple |   .2375647   .0314801     7.55   0.000     .1758648    .2992646
  ------------------------------+----------------------------------------------------------------
  distract <-                   |
                     sexpornB01 |   .0397294   .0451358     0.88   0.379    -.0487351    .1281939
                      sexcomm01 |  -.1841814   .0464625    -3.96   0.000    -.2752463   -.0931166
                            age |  -.1511492   .0568885    -2.66   0.008    -.2626486   -.0396498
                      education |  -.1032274   .0447305    -2.31   0.021    -.1908976   -.0155572
                       stress01 |   .1131227   .0498132     2.27   0.023     .0154906    .2107549
                   healthphys01 |  -.1716929   .0485705    -3.53   0.000    -.2668893   -.0764964
                       bigfiveO |  -.0928794   .0470747    -1.97   0.048    -.1851442   -.0006147
                 coupleduration |   .0247275    .059014     0.42   0.675    -.0909379    .1403928
                         couple |  -.1100676   .0463813    -2.37   0.018    -.2009734   -.0191619
--------------------------------+----------------------------------------------------------------
Measurement                     |
  sexsat01 <-                   |
                      sexsatlat |   .8209672   .0182495    44.99   0.000     .7851988    .8567357
                          _cons |   .9967286   .2423763     4.11   0.000     .5216797    1.471777
  ------------------------------+----------------------------------------------------------------
  sexsat02 <-                   |
                      sexsatlat |   .9074264   .0130144    69.72   0.000     .8819186    .9329342
                          _cons |   .8486879   .2615931     3.24   0.001     .3359748    1.361401
  ------------------------------+----------------------------------------------------------------
  sexsat03 <-                   |
                      sexsatlat |   .7542812   .0208744    36.13   0.000     .7133682    .7951942
                          _cons |   .4709182   .2153745     2.19   0.029     .0487919    .8930445
  ------------------------------+----------------------------------------------------------------
  couplebond01 <-               |
                         couple |   .8646631   .0199511    43.34   0.000     .8255596    .9037666
                          _cons |   5.238871   .2460504    21.29   0.000     4.756621    5.721121
  ------------------------------+----------------------------------------------------------------
  couplebond02 <-               |
                         couple |   .7371925   .0304571    24.20   0.000     .6774978    .7968873
                          _cons |   4.044135   .1833597    22.06   0.000     3.684757    4.403513
  ------------------------------+----------------------------------------------------------------
  coupleint01 <-                |
                         couple |   .8977476   .0200269    44.83   0.000     .8584955    .9369996
                          _cons |   4.748251   .2036152    23.32   0.000     4.349172    5.147329
  ------------------------------+----------------------------------------------------------------
  sexnet01 <-                   |
                       distract |   .6570016   .0466002    14.10   0.000     .5656669    .7483362
                          _cons |   2.883504   .2946574     9.79   0.000     2.305986    3.461022
  ------------------------------+----------------------------------------------------------------
  sexnet02 <-                   |
                       distract |   .6585378   .0469632    14.02   0.000     .5664916    .7505839
                          _cons |   3.357701   .2926485    11.47   0.000      2.78412    3.931281
--------------------------------+----------------------------------------------------------------
                mean(sexpornB01)|     2.3472   .0404172    58.07   0.000     2.267984    2.426416
                mean(sexmastB01)|   1.882351   .0444538    42.34   0.000     1.795223    1.969479
                 mean(sexcomm01)|   2.298166    .067908    33.84   0.000     2.165069    2.431263
                       mean(age)|   3.745438   .1481155    25.29   0.000     3.455137    4.035739
                 mean(education)|   4.372507   .0988608    44.23   0.000     4.178743    4.566271
                  mean(stress01)|    2.72753   .0847014    32.20   0.000     2.561518    2.893541
              mean(healthphys01)|   2.610822   .0847865    30.79   0.000     2.444643       2.777
                  mean(bigfiveO)|   5.025654   .1694889    29.65   0.000     4.693462    5.357847
            mean(coupleduration)|   .8398488   .0402928    20.84   0.000     .7608765    .9188212
--------------------------------+----------------------------------------------------------------
                 var(e.sexsat01)|   .3260128   .0299645                      .2722694    .3903646
                 var(e.sexsat02)|   .1765774   .0236193                      .1358554    .2295055
                 var(e.sexsat03)|   .4310599   .0314903                      .3735551    .4974169
             var(e.couplebond01)|   .2523577    .034502                      .1930374    .3299071
             var(e.couplebond02)|   .4565472   .0449054                      .3764978    .5536162
              var(e.coupleint01)|   .1940493   .0359582                      .1349524    .2790254
                 var(e.sexnet01)|    .568349   .0612328                      .4601594    .7019753
                 var(e.sexnet02)|    .566328   .0618541                      .4571937    .7015132
                  var(e.sexquan)|   .8275398   .0280614                      .7743282    .8844081
            var(e.sexactBalance)|   .8656637    .023721                      .8203978    .9134271
              var(e.sexorgasm01)|   .9114998   .0223277                      .8687722    .9563287
                 var(e.sexfan02)|   .8561365   .0242088                       .809979    .9049244
                var(e.sexsatlat)|   .4093051   .0278443                      .3582131    .4676843
                 var(e.distract)|   .8405629   .0329604                      .7783817    .9077114
                 var(sexpornB01)|          1          .                             .           .
                 var(sexmastB01)|          1          .                             .           .
                  var(sexcomm01)|          1          .                             .           .
                        var(age)|          1          .                             .           .
                  var(education)|          1          .                             .           .
                   var(stress01)|          1          .                             .           .
               var(healthphys01)|          1          .                             .           .
                   var(bigfiveO)|          1          .                             .           .
             var(coupleduration)|          1          .                             .           .
                     var(couple)|          1          .                             .           .
--------------------------------+----------------------------------------------------------------
      cov(sexpornB01,sexmastB01)|   .2235738   .0337042     6.63   0.000     .1575148    .2896328
       cov(sexpornB01,sexcomm01)|  -.0307427   .0362337    -0.85   0.396    -.1017594     .040274
             cov(sexpornB01,age)|   .0018742   .0334246     0.06   0.955    -.0636367    .0673852
       cov(sexpornB01,education)|   -.019844   .0364929    -0.54   0.587    -.0913688    .0516807
        cov(sexpornB01,stress01)|   .0480394   .0360022     1.33   0.182    -.0225236    .1186025
    cov(sexpornB01,healthphys01)|  -.1151986   .0360594    -3.19   0.001    -.1858736   -.0445235
        cov(sexpornB01,bigfiveO)|    .032693   .0352682     0.93   0.354    -.0364315    .1018175
  cov(sexpornB01,coupleduration)|    .038072   .0330842     1.15   0.250    -.0267718    .1029158
          cov(sexpornB01,couple)|  -.0130728   .0375122    -0.35   0.727    -.0865954    .0604498
       cov(sexmastB01,sexcomm01)|  -.1120736   .0365563    -3.07   0.002    -.1837227   -.0404244
             cov(sexmastB01,age)|   .0890195   .0342921     2.60   0.009     .0218083    .1562308
       cov(sexmastB01,education)|   .0824956   .0342622     2.41   0.016      .015343    .1496482
        cov(sexmastB01,stress01)|   .0743231   .0369905     2.01   0.045     .0018231    .1468231
    cov(sexmastB01,healthphys01)|  -.0102051   .0357321    -0.29   0.775    -.0802386    .0598284
        cov(sexmastB01,bigfiveO)|   .1516702   .0359081     4.22   0.000     .0812915    .2220488
  cov(sexmastB01,coupleduration)|  -.0043046   .0325667    -0.13   0.895    -.0681342    .0595249
          cov(sexmastB01,couple)|  -.0470854   .0380539    -1.24   0.216    -.1216697    .0274989
              cov(sexcomm01,age)|  -.0613274   .0363249    -1.69   0.091     -.132523    .0098681
        cov(sexcomm01,education)|  -.0715613    .035639    -2.01   0.045    -.1414125   -.0017102
         cov(sexcomm01,stress01)|  -.0655296   .0361668    -1.81   0.070    -.1364153     .005356
     cov(sexcomm01,healthphys01)|   .0142075   .0374146     0.38   0.704    -.0591238    .0875388
         cov(sexcomm01,bigfiveO)|   .0446164    .036616     1.22   0.223    -.0271497    .1163824
   cov(sexcomm01,coupleduration)|  -.0759404    .035727    -2.13   0.034     -.145964   -.0059168
           cov(sexcomm01,couple)|   .0699127   .0386194     1.81   0.070    -.0057799    .1456053
              cov(age,education)|   .1568655    .042303     3.71   0.000     .0739532    .2397778
               cov(age,stress01)|  -.0453466   .0409921    -1.11   0.269    -.1256896    .0349963
           cov(age,healthphys01)|  -.0603353   .0359324    -1.68   0.093    -.1307616    .0100909
               cov(age,bigfiveO)|  -.0052809   .0364312    -0.14   0.885    -.0766847    .0661228
         cov(age,coupleduration)|   .5870993   .0417914    14.05   0.000     .5051896    .6690089
                 cov(age,couple)|  -.0642951   .0380375    -1.69   0.091    -.1388473     .010257
         cov(education,stress01)|   .0162499   .0362615     0.45   0.654    -.0548214    .0873211
     cov(education,healthphys01)|   .0630896   .0365543     1.73   0.084    -.0085555    .1347347
         cov(education,bigfiveO)|  -.0360523   .0366053    -0.98   0.325    -.1077973    .0356927
   cov(education,coupleduration)|   .0402022   .0444121     0.91   0.365    -.0468439    .1272484
           cov(education,couple)|    .098672   .0381728     2.58   0.010     .0238546    .1734894
      cov(stress01,healthphys01)|  -.3058405    .029538   -10.35   0.000    -.3637338   -.2479472
          cov(stress01,bigfiveO)|   .0286726   .0382854     0.75   0.454    -.0463654    .1037107
    cov(stress01,coupleduration)|  -.0750806   .0357314    -2.10   0.036    -.1451129   -.0050483
            cov(stress01,couple)|  -.1349447   .0368055    -3.67   0.000    -.2070823   -.0628072
      cov(healthphys01,bigfiveO)|  -.0048106   .0377349    -0.13   0.899    -.0787697    .0691484
cov(healthphys01,coupleduration)|  -.0277015   .0381103    -0.73   0.467    -.1023964    .0469933
        cov(healthphys01,couple)|   .1335253   .0433947     3.08   0.002     .0484733    .2185773
    cov(bigfiveO,coupleduration)|  -.0760393   .0387393    -1.96   0.050    -.1519669   -.0001117
            cov(bigfiveO,couple)|   .1069359   .0417893     2.56   0.010     .0250304    .1888413
      cov(coupleduration,couple)|   .0008686   .0378252     0.02   0.982    -.0732673    .0750045
-------------------------------------------------------------------------------------------------
LR test of model vs. saturated: chi2(101) =    211.09, Prob > chi2 = 0.0000
Satorra-Bentler scaled test:    chi2(101) =    197.72, Prob > chi2 = 0.0000

.                                                                                                                                                           
>                                                                                                                                                           
>                                                             #delimit cr
delimiter now cr
. 
. //-----Testen der Modellgüte-----
. estat gof, stats(all)

----------------------------------------------------------------------------
Fit statistic        |      Value   Description
---------------------+------------------------------------------------------
Likelihood ratio     |
        chi2_ms(101) |    211.085   model vs. saturated
            p > chi2 |      0.000
        chi2_bs(174) |   3894.064   baseline vs. saturated
            p > chi2 |      0.000
                     |
  Satorra-Bentler    |
      chi2sb_ms(101) |    197.721   
            p > chi2 |      0.000
      chi2sb_bs(174) |   3598.946   
            p > chi2 |      0.000
---------------------+------------------------------------------------------
Population error     |
               RMSEA |      0.038   Root mean squared error of approximation
 90% CI, lower bound |      0.031
         upper bound |      0.045
              pclose |      0.998   Probability RMSEA <= 0.05
                     |
  Satorra-Bentler    |
            RMSEA_SB |      0.035   Root mean squared error of approximation
---------------------+------------------------------------------------------
Information criteria |
                 AIC |  59162.911   Akaike's information criterion
                 BIC |  59863.335   Bayesian information criterion
---------------------+------------------------------------------------------
Baseline comparison  |
                 CFI |      0.970   Comparative fit index
                 TLI |      0.949   Tucker-Lewis index
                     |
  Satorra-Bentler    |
              CFI_SB |      0.972   Comparative fit index
              TLI_SB |      0.951   Tucker-Lewis index
---------------------+------------------------------------------------------
Size of residuals    |
                SRMR |      0.029   Standardized root mean squared residual
                  CD |      0.935   Coefficient of determination
----------------------------------------------------------------------------

. 
. log close
      name:  <unnamed>
       log:  \log\B2_SEM_full_MLSB_standard
> ized_porn-no.log
  log type:  text
 closed on:  15 May 2022, 18:22:16
------------------------------------------------------------------------------------------------------------------------------------------------------------
