------------------------------------------------------------------------------------------------------------------------------------------------------------
      name:  <unnamed>
       log:  \log\B2_SEM_full_MLSB_standard
> ized_porn-yes.log
  log type:  text
 opened on:  15 May 2022, 18:22:16

. 
. //######## SEM final MLSB standardisiert Pornos ########
. 
. #delimit ;
delimiter now ;
. sem
> ${gesamtModellPfade}
> ${kontrollVariablenPfade}
> if
> consumesporn == 1
> ,
> latent (sexsatlat distract couple) 
> standardized nocnsreport nocapslatent 
> method(ml)
> vce(sbentler)   
> cov(
> ${gesamtModellKovarianzen}
> ${kontrollVariablenKovarianzen}
> )
> ;
(14 observations with missing values excluded)

Endogenous variables

Observed:     sexquan sexactBalance sexorgasm01 sexfan02
Measurement:  sexsat01 sexsat02 sexsat03 couplebond01 couplebond02 coupleint01 sexnet01 sexnet02
Latent:       sexsatlat distract

Exogenous variables

Observed:     sexpornB01 sexmastB01 sexcomm01 age education stress01 healthphys01 bigfiveO coupleduration
Latent:       couple

Fitting target model:

Iteration 0:   log pseudolikelihood = -14520.696  (not concave)
Iteration 1:   log pseudolikelihood = -14094.448  (not concave)
Iteration 2:   log pseudolikelihood = -13927.841  (not concave)
Iteration 3:   log pseudolikelihood = -13160.575  (not concave)
Iteration 4:   log pseudolikelihood = -12967.766  (not concave)
Iteration 5:   log pseudolikelihood = -12855.454  (not concave)
Iteration 6:   log pseudolikelihood = -12826.582  (not concave)
Iteration 7:   log pseudolikelihood = -12820.798  (not concave)
Iteration 8:   log pseudolikelihood = -12819.386  (not concave)
Iteration 9:   log pseudolikelihood = -12818.465  
Iteration 10:  log pseudolikelihood =  -12816.07  
Iteration 11:  log pseudolikelihood = -12806.172  (not concave)
Iteration 12:  log pseudolikelihood = -12805.176  
Iteration 13:  log pseudolikelihood = -12802.858  
Iteration 14:  log pseudolikelihood = -12802.823  
Iteration 15:  log pseudolikelihood = -12802.822  

Structural equation model                       Number of obs     =        328
Estimation method  = ml
Log pseudolikelihood= -12802.822

-------------------------------------------------------------------------------------------------
                                |           Satorra-Bentler
                   Standardized |      Coef.   Std. Err.      z    P>|z|     [95% Conf. Interval]
--------------------------------+----------------------------------------------------------------
Structural                      |
  sexquan <-                    |
                  sexactBalance |   .2141514   .0540847     3.96   0.000     .1081473    .3201555
                       sexfan02 |   .1337385   .0492787     2.71   0.007      .037154    .2303229
                            age |   -.047516   .0559544    -0.85   0.396    -.1571847    .0621527
                      education |   -.102584   .0479731    -2.14   0.032    -.1966096   -.0085585
                       stress01 |   -.019918   .0503882    -0.40   0.693     -.118677    .0788411
                   healthphys01 |   .1721046   .0578111     2.98   0.003     .0587969    .2854124
                       bigfiveO |   .0228632    .053451     0.43   0.669    -.0818987    .1276252
                 coupleduration |  -.2687528   .0576862    -4.66   0.000    -.3818157   -.1556898
                         couple |   .0729189   .0543573     1.34   0.180    -.0336194    .1794572
                          _cons |   2.846722   .4346473     6.55   0.000     1.994829    3.698615
  ------------------------------+----------------------------------------------------------------
  sexactBalance <-              |
                       sexfan02 |    .142545   .0512713     2.78   0.005     .0420552    .2430349
                       distract |  -.1565951   .0736701    -2.13   0.034    -.3009859   -.0122043
                     sexpornB01 |   .0949044   .0543922     1.74   0.081    -.0117025    .2015112
                      sexcomm01 |  -.0322683   .0541665    -0.60   0.551    -.1384328    .0738962
                            age |   .1393954   .0641322     2.17   0.030     .0136986    .2650921
                      education |  -.0552074   .0546972    -1.01   0.313    -.1624119    .0519971
                       stress01 |  -.0531819   .0616377    -0.86   0.388    -.1739896    .0676259
                   healthphys01 |   .0472147   .0568015     0.83   0.406    -.0641141    .1585436
                       bigfiveO |   .1387031   .0510835     2.72   0.007     .0385812     .238825
                 coupleduration |   -.084875   .0616214    -1.38   0.168    -.2056507    .0359008
                          _cons |    .407193   .6143088     0.66   0.507    -.7968302    1.611216
  ------------------------------+----------------------------------------------------------------
  sexorgasm01 <-                |
                  sexactBalance |   .2386157    .055728     4.28   0.000     .1293909    .3478406
                       distract |  -.1805389   .0673114    -2.68   0.007    -.3124669   -.0486109
                            age |   .0129288   .0562259     0.23   0.818     -.097272    .1231296
                      education |   .0718044   .0489757     1.47   0.143    -.0241863     .167795
                       stress01 |   .1088917   .0572626     1.90   0.057     -.003341    .2211245
                   healthphys01 |   .0237602   .0548482     0.43   0.665    -.0837402    .1312607
                       bigfiveO |   .0672277   .0568311     1.18   0.237    -.0441592    .1786146
                 coupleduration |   .1177986    .053724     2.19   0.028     .0125014    .2230957
                          _cons |   .1279965   .4688608     0.27   0.785    -.7909539    1.046947
  ------------------------------+----------------------------------------------------------------
  sexfan02 <-                   |
                     sexpornB01 |   .1809424   .0558322     3.24   0.001     .0715133    .2903714
                     sexmastB01 |   .0802283    .052375     1.53   0.126    -.0224247    .1828814
                            age |   .0984171   .0582288     1.69   0.091    -.0157093    .2125435
                      education |   .0181948   .0509118     0.36   0.721    -.0815904      .11798
                       stress01 |   .0890214   .0553508     1.61   0.108    -.0194642     .197507
                   healthphys01 |   .0378853   .0565949     0.67   0.503    -.0730387    .1488093
                       bigfiveO |   .1336047   .0476925     2.80   0.005     .0401292    .2270802
                 coupleduration |  -.0052649   .0593034    -0.09   0.929    -.1214974    .1109677
                          _cons |  -.1260124   .5431949    -0.23   0.817    -1.190655      .93863
  ------------------------------+----------------------------------------------------------------
  sexsatlat <-                  |
                        sexquan |   .3804343   .0491252     7.74   0.000     .2841507    .4767178
                  sexactBalance |      .1797   .0554259     3.24   0.001     .0710672    .2883328
                    sexorgasm01 |    .182235   .0434825     4.19   0.000     .0970109     .267459
                       distract |  -.1465756   .0618142    -2.37   0.018    -.2677291   -.0254221
                      sexcomm01 |   .0901169   .0434693     2.07   0.038     .0049187    .1753151
                            age |   -.053022   .0502566    -1.06   0.291    -.1515231    .0454791
                      education |   .0729505   .0455643     1.60   0.109     -.016354    .1622549
                       stress01 |  -.0949109   .0493877    -1.92   0.055    -.1917091    .0018872
                   healthphys01 |   .0017859    .046012     0.04   0.969    -.0883961    .0919678
                       bigfiveO |  -.0009589   .0487434    -0.02   0.984    -.0964943    .0945765
                 coupleduration |  -.0719662   .0506955    -1.42   0.156    -.1713276    .0273952
                         couple |   .2791341   .0473574     5.89   0.000     .1863153    .3719528
  ------------------------------+----------------------------------------------------------------
  distract <-                   |
                     sexpornB01 |    .045362   .0562055     0.81   0.420    -.0647987    .1555227
                      sexcomm01 |  -.1346774   .0561009    -2.40   0.016    -.2446332   -.0247217
                            age |   -.113363   .0628292    -1.80   0.071     -.236506      .00978
                      education |  -.2036021   .0606439    -3.36   0.001     -.322462   -.0847423
                       stress01 |   .2024866   .0638214     3.17   0.002     .0773989    .3275743
                   healthphys01 |  -.0744686   .0654014    -1.14   0.255    -.2026529    .0537157
                       bigfiveO |   -.141755   .0585391    -2.42   0.015    -.2564896   -.0270204
                 coupleduration |   .0741978     .07414     1.00   0.317     -.071114    .2195096
                         couple |  -.0220477   .0633579    -0.35   0.728    -.1462269    .1021315
--------------------------------+----------------------------------------------------------------
Measurement                     |
  sexsat01 <-                   |
                      sexsatlat |   .8179809    .024688    33.13   0.000     .7695933    .8663685
                          _cons |   1.089414   .3979558     2.74   0.006     .3094348    1.869393
  ------------------------------+----------------------------------------------------------------
  sexsat02 <-                   |
                      sexsatlat |    .922859   .0149453    61.75   0.000     .8935667    .9521512
                          _cons |   .8873014   .4203588     2.11   0.035     .0634132     1.71119
  ------------------------------+----------------------------------------------------------------
  sexsat03 <-                   |
                      sexsatlat |   .8215469   .0220352    37.28   0.000     .7783586    .8647351
                          _cons |   .3332219   .3625344     0.92   0.358    -.3773324    1.043776
  ------------------------------+----------------------------------------------------------------
  couplebond01 <-               |
                         couple |    .877141   .0283304    30.96   0.000     .8216143    .9326676
                          _cons |   5.041646   .3214934    15.68   0.000     4.411531    5.671762
  ------------------------------+----------------------------------------------------------------
  couplebond02 <-               |
                         couple |   .7519438   .0367826    20.44   0.000     .6798511    .8240364
                          _cons |   3.983071   .2372274    16.79   0.000     3.518114    4.448029
  ------------------------------+----------------------------------------------------------------
  coupleint01 <-                |
                         couple |   .7821807   .0426712    18.33   0.000     .6985467    .8658148
                          _cons |   4.338024   .2505688    17.31   0.000     3.846919     4.82913
  ------------------------------+----------------------------------------------------------------
  sexnet01 <-                   |
                       distract |   .8770442   .0740623    11.84   0.000     .7318848    1.022204
                          _cons |   2.956805   .5498174     5.38   0.000     1.879182    4.034427
  ------------------------------+----------------------------------------------------------------
  sexnet02 <-                   |
                       distract |    .523413   .0611837     8.55   0.000     .4034951    .6433308
                          _cons |   2.823534   .3606069     7.83   0.000     2.116758    3.530311
--------------------------------+----------------------------------------------------------------
                mean(sexpornB01)|   6.909444   .1302259    53.06   0.000     6.654206    7.164682
                mean(sexmastB01)|   3.868904   .2195436    17.62   0.000     3.438607    4.299202
                 mean(sexcomm01)|   2.290653   .1056986    21.67   0.000     2.083488    2.497819
                       mean(age)|   3.896716   .1761043    22.13   0.000     3.551558    4.241874
                 mean(education)|   3.763641   .1289644    29.18   0.000     3.510876    4.016407
                  mean(stress01)|   2.795333   .1340049    20.86   0.000     2.532688    3.057977
              mean(healthphys01)|   2.458734   .1154104    21.30   0.000     2.232534    2.684934
                  mean(bigfiveO)|   5.062089    .292589    17.30   0.000     4.488625    5.635553
            mean(coupleduration)|   .9045985   .0455129    19.88   0.000     .8153948    .9938022
--------------------------------+----------------------------------------------------------------
                 var(e.sexsat01)|   .3309073   .0403886                      .2605035    .4203384
                 var(e.sexsat02)|   .1483313   .0275848                      .1030237    .2135644
                 var(e.sexsat03)|   .3250608   .0362059                        .26131    .4043646
             var(e.couplebond01)|   .2306237   .0496996                      .1511713    .3518346
             var(e.couplebond02)|   .4345806   .0553169                      .3386277    .5577224
              var(e.coupleint01)|   .3881933   .0667532                      .2771255    .5437754
                 var(e.sexnet01)|   .2307935   .1299118                      .0765754    .6955975
                 var(e.sexnet02)|   .7260389   .0640487                      .6107589    .8630778
                  var(e.sexquan)|   .7769943   .0364145                      .7088031    .8517459
            var(e.sexactBalance)|   .8754845   .0366937                       .806441    .9504393
              var(e.sexorgasm01)|   .8563067   .0368107                      .7871147     .931581
                 var(e.sexfan02)|   .9088169   .0286178                       .854423    .9666737
                var(e.sexsatlat)|   .4673396    .044638                      .3875519    .5635536
                 var(e.distract)|   .8184094   .0512179                      .7239365    .9252108
                 var(sexpornB01)|          1          .                             .           .
                 var(sexmastB01)|          1          .                             .           .
                  var(sexcomm01)|          1          .                             .           .
                        var(age)|          1          .                             .           .
                  var(education)|          1          .                             .           .
                   var(stress01)|          1          .                             .           .
               var(healthphys01)|          1          .                             .           .
                   var(bigfiveO)|          1          .                             .           .
             var(coupleduration)|          1          .                             .           .
                     var(couple)|          1          .                             .           .
--------------------------------+----------------------------------------------------------------
      cov(sexpornB01,sexmastB01)|    .303487   .0486056     6.24   0.000     .2082218    .3987523
       cov(sexpornB01,sexcomm01)|   .0403914    .053631     0.75   0.451    -.0647234    .1455063
             cov(sexpornB01,age)|   .0152089   .0583505     0.26   0.794    -.0991561    .1295738
       cov(sexpornB01,education)|   .0015033   .0542128     0.03   0.978    -.1047519    .1077585
        cov(sexpornB01,stress01)|   .0014886   .0561541     0.03   0.979    -.1085714    .1115486
    cov(sexpornB01,healthphys01)|    .027285   .0550142     0.50   0.620    -.0805409    .1351108
        cov(sexpornB01,bigfiveO)|   .0854663   .0516429     1.65   0.098    -.0157519    .1866845
  cov(sexpornB01,coupleduration)|  -.0692838   .0542262    -1.28   0.201    -.1755653    .0369977
          cov(sexpornB01,couple)|   .0215399   .0552999     0.39   0.697    -.0868459    .1299257
       cov(sexmastB01,sexcomm01)|   -.005937   .0535907    -0.11   0.912    -.1109728    .0990989
             cov(sexmastB01,age)|   .1247872   .0502971     2.48   0.013     .0262067    .2233677
       cov(sexmastB01,education)|   .0549886   .0510402     1.08   0.281    -.0450483    .1550255
        cov(sexmastB01,stress01)|   .0032942   .0511728     0.06   0.949    -.0970026    .1035909
    cov(sexmastB01,healthphys01)|    -.00684   .0533636    -0.13   0.898    -.1114308    .0977507
        cov(sexmastB01,bigfiveO)|   .0827875   .0516937     1.60   0.109    -.0185303    .1841053
  cov(sexmastB01,coupleduration)|   .0049245   .0445724     0.11   0.912    -.0824357    .0922847
          cov(sexmastB01,couple)|   .0057135   .0575555     0.10   0.921    -.1070931    .1185201
              cov(sexcomm01,age)|  -.0128611   .0511496    -0.25   0.801    -.1131125    .0873903
        cov(sexcomm01,education)|  -.0124048    .052718    -0.24   0.814    -.1157302    .0909207
         cov(sexcomm01,stress01)|  -.0961409   .0536761    -1.79   0.073    -.2013441    .0090622
     cov(sexcomm01,healthphys01)|   .0748596   .0539577     1.39   0.165    -.0308956    .1806148
         cov(sexcomm01,bigfiveO)|   .1150025   .0553718     2.08   0.038     .0064757    .2235292
   cov(sexcomm01,coupleduration)|  -.0631681   .0575894    -1.10   0.273    -.1760412    .0497049
           cov(sexcomm01,couple)|   .0688976   .0563988     1.22   0.222    -.0416421    .1794372
              cov(age,education)|   .0982176   .0552244     1.78   0.075    -.0100203    .2064554
               cov(age,stress01)|   -.027328   .0529991    -0.52   0.606    -.1312043    .0765483
           cov(age,healthphys01)|  -.0543335   .0511412    -1.06   0.288    -.1545684    .0459013
               cov(age,bigfiveO)|  -.0065873   .0525987    -0.13   0.900    -.1096788    .0965041
         cov(age,coupleduration)|   .5421971   .0532719    10.18   0.000     .4377861    .6466081
                 cov(age,couple)|  -.0369341    .053017    -0.70   0.486    -.1408456    .0669773
         cov(education,stress01)|  -.1220072   .0530514    -2.30   0.021    -.2259861   -.0180283
     cov(education,healthphys01)|    .155387    .053878     2.88   0.004     .0497881    .2609859
         cov(education,bigfiveO)|   .0410115   .0570688     0.72   0.472    -.0708414    .1528644
   cov(education,coupleduration)|   .0457251   .0632169     0.72   0.469    -.0781776    .1696279
           cov(education,couple)|   .0984017   .0598219     1.64   0.100    -.0188471    .2156504
      cov(stress01,healthphys01)|  -.3777792   .0409744    -9.22   0.000    -.4580876   -.2974709
          cov(stress01,bigfiveO)|   .0178596     .05053     0.35   0.724    -.0811775    .1168966
    cov(stress01,coupleduration)|  -.0494778   .0481831    -1.03   0.304    -.1439149    .0449593
            cov(stress01,couple)|  -.1515171   .0526898    -2.88   0.004    -.2547872    -.048247
      cov(healthphys01,bigfiveO)|  -.0001041   .0531698    -0.00   0.998    -.1043151    .1041068
cov(healthphys01,coupleduration)|   -.029446   .0525759    -0.56   0.575    -.1324928    .0736009
        cov(healthphys01,couple)|   .1267261   .0616586     2.06   0.040     .0058776    .2475747
    cov(bigfiveO,coupleduration)|  -.0845967   .0571229    -1.48   0.139    -.1965555    .0273621
            cov(bigfiveO,couple)|   .0672091   .0609571     1.10   0.270    -.0522647    .1866829
      cov(coupleduration,couple)|   .0004622   .0539944     0.01   0.993    -.1053649    .1062892
-------------------------------------------------------------------------------------------------
LR test of model vs. saturated: chi2(101) =    146.07, Prob > chi2 = 0.0023
Satorra-Bentler scaled test:    chi2(101) =    138.82, Prob > chi2 = 0.0075

.                                                                                                                                                           
>                                                                                                                                                           
>                                                             #delimit cr
delimiter now cr
. 
. //-----Testen der Modellgüte-----
. estat gof, stats(all)

----------------------------------------------------------------------------
Fit statistic        |      Value   Description
---------------------+------------------------------------------------------
Likelihood ratio     |
        chi2_ms(101) |    146.067   model vs. saturated
            p > chi2 |      0.002
        chi2_bs(174) |   1723.618   baseline vs. saturated
            p > chi2 |      0.000
                     |
  Satorra-Bentler    |
      chi2sb_ms(101) |    138.818   
            p > chi2 |      0.008
      chi2sb_bs(174) |   1660.918   
            p > chi2 |      0.000
---------------------+------------------------------------------------------
Population error     |
               RMSEA |      0.037   Root mean squared error of approximation
 90% CI, lower bound |      0.023
         upper bound |      0.050
              pclose |      0.956   Probability RMSEA <= 0.05
                     |
  Satorra-Bentler    |
            RMSEA_SB |      0.034   Root mean squared error of approximation
---------------------+------------------------------------------------------
Information criteria |
                 AIC |  25907.645   Akaike's information criterion
                 BIC |  26480.390   Bayesian information criterion
---------------------+------------------------------------------------------
Baseline comparison  |
                 CFI |      0.971   Comparative fit index
                 TLI |      0.950   Tucker-Lewis index
                     |
  Satorra-Bentler    |
              CFI_SB |      0.975   Comparative fit index
              TLI_SB |      0.956   Tucker-Lewis index
---------------------+------------------------------------------------------
Size of residuals    |
                SRMR |      0.033   Standardized root mean squared residual
                  CD |      0.926   Coefficient of determination
----------------------------------------------------------------------------

. 
. log close
      name:  <unnamed>
       log:  \log\B2_SEM_full_MLSB_standard
> ized_porn-yes.log
  log type:  text
 closed on:  15 May 2022, 18:22:18
------------------------------------------------------------------------------------------------------------------------------------------------------------
