-----------------------------------------------------------------------------------------------------------------------------------------------------------------------
      name:  <unnamed>
       log:  \log\B2_SEM_full_MLSB_standardized_KONTROLL-MEDIUMREL-
> nokids.log
  log type:  text
 opened on:   1 Jun 2015, 00:14:15

. 
. //------------------------------------------------------------
. //######## SEM final ADF standardisiert ########
. //mit Kontrollvariablen
. //alle Kovarianzen frei
. //mittle Bezdau
. 
. #delimit ;
delimiter now ;
. sem
> ${gesamtModellPfade}
> ${kontrollVariablenPfade}
> if coupledurationCat == 2 & kids == 0
> , 
> latent (sexsatlat distract couple) 
> standardized nocnsreport nocapslatent 
> method(ml)
> vce(sbentler)  
> cov(
> ${kontrollVariablenKovarianzen}
> )
> ;
(14 observations with missing values excluded)

Endogenous variables

Observed:     sexquan sexactBalance sexorgasm01 sexfan02
Measurement:  sexsat01 sexsat02 sexsat03 couplebond01 couplebond02 coupleint01 sexnet01 sexnet02
Latent:       sexsatlat distract

Exogenous variables

Observed:     sexpornB01 sexmastB01 sexcomm01 age education stress01 healthphys01 bigfiveO coupleduration
Latent:       couple

Fitting target model:

Iteration 0:   log pseudolikelihood = -15160.596  (not concave)
Iteration 1:   log pseudolikelihood = -15044.531  (not concave)
Iteration 2:   log pseudolikelihood = -13146.933  (not concave)
Iteration 3:   log pseudolikelihood = -12911.287  (not concave)
Iteration 4:   log pseudolikelihood = -12781.953  (not concave)
Iteration 5:   log pseudolikelihood = -12737.641  (not concave)
Iteration 6:   log pseudolikelihood = -12729.595  
Iteration 7:   log pseudolikelihood = -12716.999  (not concave)
Iteration 8:   log pseudolikelihood = -12710.338  (not concave)
Iteration 9:   log pseudolikelihood = -12708.994  
Iteration 10:  log pseudolikelihood = -12707.867  (not concave)
Iteration 11:  log pseudolikelihood = -12706.766  
Iteration 12:  log pseudolikelihood = -12706.622  
Iteration 13:  log pseudolikelihood = -12706.618  
Iteration 14:  log pseudolikelihood = -12706.618  

Structural equation model                       Number of obs     =        340
Estimation method  = ml
Log pseudolikelihood= -12706.618

-------------------------------------------------------------------------------------------------
                                |           Satorra-Bentler
                   Standardized |      Coef.   Std. Err.      z    P>|z|     [95% Conf. Interval]
--------------------------------+----------------------------------------------------------------
Structural                      |
  sexquan <-                    |
                  sexactBalance |   .1865772   .0555932     3.36   0.001     .0776164    .2955379
                       sexfan02 |   .0919726    .050573     1.82   0.069    -.0071485    .1910938
                            age |  -.0024376   .0486719    -0.05   0.960    -.0978328    .0929575
                      education |  -.0272997   .0515587    -0.53   0.596     -.128353    .0737535
                       stress01 |  -.0323511   .0519931    -0.62   0.534    -.1342556    .0695534
                   healthphys01 |   .0974854   .0572273     1.70   0.088     -.014678    .2096489
                       bigfiveO |   .0383335   .0559243     0.69   0.493     -.071276     .147943
                 coupleduration |  -.1147307   .0523613    -2.19   0.028    -.2173569   -.0121045
                         couple |   .1517936   .0505946     3.00   0.003     .0526299    .2509573
                          _cons |   3.250892   .5638965     5.77   0.000     2.145675    4.356109
  ------------------------------+----------------------------------------------------------------
  sexactBalance <-              |
                       sexfan02 |   .1429184   .0509801     2.80   0.005     .0429993    .2428375
                       distract |  -.2416894   .0748292    -3.23   0.001     -.388352   -.0950268
                     sexpornB01 |   .1573017   .0571131     2.75   0.006      .045362    .2692414
                      sexcomm01 |  -.0161943   .0525841    -0.31   0.758    -.1192573    .0868686
                            age |   .0160042   .0607211     0.26   0.792     -.103007    .1350154
                      education |   .0142756   .0554286     0.26   0.797    -.0943623    .1229136
                       stress01 |  -.0666941   .0605629    -1.10   0.271    -.1853952     .052007
                   healthphys01 |   -.047103    .052039    -0.91   0.365    -.1490975    .0548915
                       bigfiveO |   .1239298    .054604     2.27   0.023      .016908    .2309517
                 coupleduration |  -.0415699   .0485831    -0.86   0.392    -.1367911    .0536513
                          _cons |   .9831752   .5589213     1.76   0.079    -.1122904    2.078641
  ------------------------------+----------------------------------------------------------------
  sexorgasm01 <-                |
                  sexactBalance |   .1233345   .0561177     2.20   0.028     .0133459    .2333231
                       distract |  -.3864294   .0713997    -5.41   0.000    -.5263703   -.2464886
                            age |   .0028435   .0520059     0.05   0.956    -.0990862    .1047731
                      education |   .0640194   .0543374     1.18   0.239      -.04248    .1705187
                       stress01 |   .1193279   .0582621     2.05   0.041     .0051362    .2335195
                   healthphys01 |  -.1045986   .0537918    -1.94   0.052    -.2100286    .0008314
                       bigfiveO |   .0426956    .057257     0.75   0.456     -.069526    .1549173
                 coupleduration |   .0091807   .0510265     0.18   0.857    -.0908293    .1091907
                          _cons |   .8513198   .5445941     1.56   0.118    -.2160651    1.918705
  ------------------------------+----------------------------------------------------------------
  sexfan02 <-                   |
                     sexpornB01 |   .1839552   .0556712     3.30   0.001     .0748417    .2930687
                     sexmastB01 |   .1901368    .056169     3.39   0.001     .0800475     .300226
                            age |  -.0284472   .0556141    -0.51   0.609    -.1374488    .0805545
                      education |   .0800135   .0522157     1.53   0.125    -.0223275    .1823545
                       stress01 |    .126102    .050287     2.51   0.012     .0275413    .2246626
                   healthphys01 |  -.0349905   .0531314    -0.66   0.510    -.1391261     .069145
                       bigfiveO |   .1460402   .0494513     2.95   0.003     .0491174    .2429631
                 coupleduration |  -.0144296   .0512341    -0.28   0.778    -.1148466    .0859875
                          _cons |   .4098533    .466996     0.88   0.380    -.5054421    1.325149
  ------------------------------+----------------------------------------------------------------
  sexsatlat <-                  |
                        sexquan |   .4432316    .040111    11.05   0.000     .3646155    .5218478
                  sexactBalance |   .1380127     .04781     2.89   0.004     .0443068    .2317187
                    sexorgasm01 |   .2792052   .0482707     5.78   0.000     .1845965     .373814
                       distract |  -.0073408   .0733556    -0.10   0.920    -.1511152    .1364336
                      sexcomm01 |   .0393384   .0422873     0.93   0.352    -.0435431    .1222199
                            age |   .0059811   .0420483     0.14   0.887     -.076432    .0883942
                      education |   .0508659   .0410781     1.24   0.216    -.0296456    .1313775
                       stress01 |  -.0941804   .0410793    -2.29   0.022    -.1746944   -.0136665
                   healthphys01 |   .0580299   .0443362     1.31   0.191    -.0288676    .1449273
                       bigfiveO |   .0599061   .0430182     1.39   0.164    -.0244081    .1442203
                 coupleduration |  -.0153101   .0407343    -0.38   0.707    -.0951479    .0645278
                         couple |    .281779   .0448307     6.29   0.000     .1939126    .3696455
  ------------------------------+----------------------------------------------------------------
  distract <-                   |
                     sexpornB01 |   .1080585   .0621703     1.74   0.082    -.0137931    .2299101
                      sexcomm01 |  -.2173568   .0686057    -3.17   0.002    -.3518214   -.0828922
                            age |  -.0371236   .0766846    -0.48   0.628    -.1874227    .1131754
                      education |   .0075537   .0720289     0.10   0.916    -.1336204    .1487279
                       stress01 |   .1139431   .0786878     1.45   0.148    -.0402821    .2681682
                   healthphys01 |  -.2423662   .0706701    -3.43   0.001     -.380877   -.1038554
                       bigfiveO |  -.0750217    .073312    -1.02   0.306    -.2187106    .0686673
                 coupleduration |  -.0043069   .0698385    -0.06   0.951    -.1411878     .132574
                         couple |  -.2032253    .063344    -3.21   0.001    -.3273772   -.0790735
--------------------------------+----------------------------------------------------------------
Measurement                     |
  sexsat01 <-                   |
                      sexsatlat |    .814965    .029074    28.03   0.000     .7579809     .871949
                          _cons |   .7171225   .3629774     1.98   0.048     .0056998    1.428545
  ------------------------------+----------------------------------------------------------------
  sexsat02 <-                   |
                      sexsatlat |   .9202454    .016087    57.20   0.000     .8887154    .9517754
                          _cons |   .3281693   .3949709     0.83   0.406    -.4459595    1.102298
  ------------------------------+----------------------------------------------------------------
  sexsat03 <-                   |
                      sexsatlat |   .8067543   .0218592    36.91   0.000      .763911    .8495975
                          _cons |  -.0772524   .3516516    -0.22   0.826    -.7664769    .6119722
  ------------------------------+----------------------------------------------------------------
  couplebond01 <-               |
                         couple |   .8720718   .0342313    25.48   0.000     .8049797    .9391638
                          _cons |   6.110779   .4443039    13.75   0.000     5.239959    6.981599
  ------------------------------+----------------------------------------------------------------
  couplebond02 <-               |
                         couple |   .6552104   .0511707    12.80   0.000     .5549176    .7555031
                          _cons |   4.650772   .3135247    14.83   0.000     4.036274    5.265269
  ------------------------------+----------------------------------------------------------------
  coupleint01 <-                |
                         couple |   .7851308   .0495526    15.84   0.000     .6880094    .8822521
                          _cons |   5.405183   .3475237    15.55   0.000     4.724049    6.086317
  ------------------------------+----------------------------------------------------------------
  sexnet01 <-                   |
                       distract |   .6972088   .0595344    11.71   0.000     .5805235    .8138942
                          _cons |   2.391341     .51063     4.68   0.000     1.390524    3.392157
  ------------------------------+----------------------------------------------------------------
  sexnet02 <-                   |
                       distract |   .5458388   .0577842     9.45   0.000     .4325837    .6590938
                          _cons |   2.718903   .4004297     6.79   0.000     1.934075    3.503731
--------------------------------+----------------------------------------------------------------
                mean(sexpornB01)|    1.66365   .0495039    33.61   0.000     1.566624    1.760676
                mean(sexmastB01)|   2.192802   .0885786    24.76   0.000     2.019191    2.366413
                 mean(sexcomm01)|   2.212789   .0957753    23.10   0.000     2.025073    2.400506
                       mean(age)|    4.54529   .3535807    12.86   0.000     3.852284    5.238295
                 mean(education)|   4.635061   .1698809    27.28   0.000       4.3021    4.968021
                  mean(stress01)|   2.860732   .1343555    21.29   0.000       2.5974    3.124064
              mean(healthphys01)|   2.707522   .1419494    19.07   0.000     2.429307    2.985738
                  mean(bigfiveO)|   4.918065   .2361773    20.82   0.000     4.455166    5.380964
            mean(coupleduration)|   3.569594   .0945071    37.77   0.000     3.384363    3.754824
--------------------------------+----------------------------------------------------------------
                 var(e.sexsat01)|   .3358321   .0473886                      .2546894    .4428265
                 var(e.sexsat02)|   .1531484    .029608                      .1048457    .2237042
                 var(e.sexsat03)|   .3491476     .03527                      .2864328    .4255938
             var(e.couplebond01)|   .2394908   .0597043                      .1469221    .3903827
             var(e.couplebond02)|   .5706994   .0670551                      .4533089    .7184897
              var(e.coupleint01)|   .3835697   .0778106                      .2577332     .570845
                 var(e.sexnet01)|   .5138998   .0830159                      .3744334    .7053138
                 var(e.sexnet02)|   .7020601   .0630817                       .588697     .837253
                  var(e.sexquan)|   .8817496   .0326198                      .8200787    .9480582
            var(e.sexactBalance)|   .8524539   .0395537                      .7783506    .9336122
              var(e.sexorgasm01)|   .8197731   .0497105                      .7279096      .92323
                 var(e.sexfan02)|   .8352398    .036346                      .7669562    .9096028
                var(e.sexsatlat)|    .429698   .0413666                      .3558107    .5189287
                 var(e.distract)|   .7749058   .0586147                      .6681333    .8987414
                 var(sexpornB01)|          1          .                             .           .
                 var(sexmastB01)|          1          .                             .           .
                  var(sexcomm01)|          1          .                             .           .
                        var(age)|          1          .                             .           .
                  var(education)|          1          .                             .           .
                   var(stress01)|          1          .                             .           .
               var(healthphys01)|          1          .                             .           .
                   var(bigfiveO)|          1          .                             .           .
             var(coupleduration)|          1          .                             .           .
                     var(couple)|          1          .                             .           .
--------------------------------+----------------------------------------------------------------
      cov(sexpornB01,sexmastB01)|   .4129763   .0432108     9.56   0.000     .3282847    .4976678
       cov(sexpornB01,sexcomm01)|   .0504157   .0524201     0.96   0.336    -.0523258    .1531572
             cov(sexpornB01,age)|   .0339307   .0565241     0.60   0.548    -.0768546    .1447159
       cov(sexpornB01,education)|  -.0433752   .0556113    -0.78   0.435    -.1523712    .0656209
        cov(sexpornB01,stress01)|   .0156985   .0559344     0.28   0.779    -.0939309    .1253279
    cov(sexpornB01,healthphys01)|  -.1109162   .0513674    -2.16   0.031    -.2115945    -.010238
        cov(sexpornB01,bigfiveO)|    .181534   .0515859     3.52   0.000     .0804276    .2826404
  cov(sexpornB01,coupleduration)|   -.063345   .0554591    -1.14   0.253    -.1720428    .0453528
          cov(sexpornB01,couple)|  -.0179238   .0562691    -0.32   0.750    -.1282092    .0923615
       cov(sexmastB01,sexcomm01)|  -.0650961   .0535687    -1.22   0.224    -.1700887    .0398966
             cov(sexmastB01,age)|   .1415343   .0491079     2.88   0.004     .0452845    .2377841
       cov(sexmastB01,education)|   .0527785   .0522761     1.01   0.313    -.0496808    .1552379
        cov(sexmastB01,stress01)|    .024012   .0554934     0.43   0.665    -.0847531    .1327772
    cov(sexmastB01,healthphys01)|  -.0277673   .0543745    -0.51   0.610    -.1343394    .0788048
        cov(sexmastB01,bigfiveO)|   .1206382   .0567909     2.12   0.034       .00933    .2319464
  cov(sexmastB01,coupleduration)|  -.0504369    .054498    -0.93   0.355     -.157251    .0563773
          cov(sexmastB01,couple)|   .0764909   .0526706     1.45   0.146    -.0267415    .1797233
              cov(sexcomm01,age)|  -.0673713   .0600126    -1.12   0.262    -.1849938    .0502511
        cov(sexcomm01,education)|  -.0639483   .0543749    -1.18   0.240    -.1705211    .0426246
         cov(sexcomm01,stress01)|  -.0826471   .0536517    -1.54   0.123    -.1878025    .0225082
     cov(sexcomm01,healthphys01)|   .0963371   .0568167     1.70   0.090    -.0150215    .2076957
         cov(sexcomm01,bigfiveO)|   .0936954   .0532322     1.76   0.078    -.0106379    .1980287
   cov(sexcomm01,coupleduration)|   .0026813   .0526284     0.05   0.959    -.1004685    .1058311
           cov(sexcomm01,couple)|  -.0308554   .0515514    -0.60   0.549    -.1318942    .0701834
              cov(age,education)|   .2076359   .0742694     2.80   0.005     .0620705    .3532013
               cov(age,stress01)|  -.0513749   .0649981    -0.79   0.429    -.1787688     .076019
           cov(age,healthphys01)|  -.0336434   .0541653    -0.62   0.535    -.1398053    .0725186
               cov(age,bigfiveO)|   .0377184   .0490385     0.77   0.442    -.0583953    .1338321
         cov(age,coupleduration)|   .0555874   .0511952     1.09   0.278    -.0447532    .1559281
                 cov(age,couple)|  -.0926072   .0727882    -1.27   0.203    -.2352695    .0500551
         cov(education,stress01)|   .0345032   .0517995     0.67   0.505     -.067022    .1360283
     cov(education,healthphys01)|   .0989232   .0560455     1.77   0.078     -.010924    .2087704
         cov(education,bigfiveO)|  -.0724638   .0555791    -1.30   0.192    -.1813969    .0364693
   cov(education,coupleduration)|   .0335286   .0538655     0.62   0.534    -.0720458     .139103
           cov(education,couple)|   .1141318    .067399     1.69   0.090    -.0179678    .2462314
      cov(stress01,healthphys01)|  -.3565701   .0410542    -8.69   0.000    -.4370348   -.2761054
          cov(stress01,bigfiveO)|  -.0179135   .0536955    -0.33   0.739    -.1231547    .0873277
    cov(stress01,coupleduration)|  -.0826008   .0562379    -1.47   0.142     -.192825    .0276234
            cov(stress01,couple)|  -.0449806   .0594227    -0.76   0.449    -.1614469    .0714857
      cov(healthphys01,bigfiveO)|   .0228195   .0574587     0.40   0.691    -.0897975    .1354365
cov(healthphys01,coupleduration)|   .0462904   .0500503     0.92   0.355    -.0518064    .1443872
        cov(healthphys01,couple)|   .0713716   .0584095     1.22   0.222     -.043109    .1858521
    cov(bigfiveO,coupleduration)|  -.1800453    .052117    -3.45   0.001    -.2821927    -.077898
            cov(bigfiveO,couple)|   .1003151   .0600214     1.67   0.095    -.0173247    .2179549
      cov(coupleduration,couple)|  -.0325279   .0618539    -0.53   0.599    -.1537593    .0887036
-------------------------------------------------------------------------------------------------
LR test of model vs. saturated: chi2(101) =    141.44, Prob > chi2 = 0.0049
Satorra-Bentler scaled test:    chi2(101) =    137.08, Prob > chi2 = 0.0098

.                                                                                                                                                                      
>                                                                                                                                                                      
>                                       #delimit cr
delimiter now cr
. 
. //-----Testen der Modellgüte-----
. estat gof, stats(all)

----------------------------------------------------------------------------
Fit statistic        |      Value   Description
---------------------+------------------------------------------------------
Likelihood ratio     |
        chi2_ms(101) |    141.443   model vs. saturated
            p > chi2 |      0.005
        chi2_bs(174) |   1700.290   baseline vs. saturated
            p > chi2 |      0.000
                     |
  Satorra-Bentler    |
      chi2sb_ms(101) |    137.076   
            p > chi2 |      0.010
      chi2sb_bs(174) |   1641.635   
            p > chi2 |      0.000
---------------------+------------------------------------------------------
Population error     |
               RMSEA |      0.034   Root mean squared error of approximation
 90% CI, lower bound |      0.019
         upper bound |      0.047
              pclose |      0.981   Probability RMSEA <= 0.05
                     |
  Satorra-Bentler    |
            RMSEA_SB |      0.032   Root mean squared error of approximation
---------------------+------------------------------------------------------
Information criteria |
                 AIC |  25715.237   Akaike's information criterion
                 BIC |  26293.408   Bayesian information criterion
---------------------+------------------------------------------------------
Baseline comparison  |
                 CFI |      0.974   Comparative fit index
                 TLI |      0.954   Tucker-Lewis index
                     |
  Satorra-Bentler    |
              CFI_SB |      0.975   Comparative fit index
              TLI_SB |      0.958   Tucker-Lewis index
---------------------+------------------------------------------------------
Size of residuals    |
                SRMR |      0.040   Standardized root mean squared residual
                  CD |      0.916   Coefficient of determination
----------------------------------------------------------------------------

.         
. log close
      name:  <unnamed>
       log:  \log\B2_SEM_full_MLSB_standardized_KONTROLL-MEDIUMREL-
> nokids.log
  log type:  text
 closed on:   1 Jun 2015, 00:14:18
-----------------------------------------------------------------------------------------------------------------------------------------------------------------------
